8.958044052124023438e-01
9.066592454910278320e-01
2.131363451480865479e-01
7.663672566413879395e-01
2.116524875164031982e-01
2.131363451480865479e-01
8.966940045356750488e-01
9.271415472030639648e-01
9.679440259933471680e-01
3.582468628883361816e-01
6.543774604797363281e-01
9.191569089889526367e-01
2.131363451480865479e-01
9.205115437507629395e-01
2.089911401271820068e-01
9.679530858993530273e-01
2.053483128547668457e-01
2.131363451480865479e-01
2.131363451480865479e-01
2.783653736114501953e-01
2.131363451480865479e-01
4.929763376712799072e-01
2.131363451480865479e-01
3.987483382225036621e-01
8.714702725410461426e-01
8.488572835922241211e-01
3.202028870582580566e-01
2.131363451480865479e-01
9.686894416809082031e-01
2.199983000755310059e-01
6.180512309074401855e-01
2.131363451480865479e-01
2.131363451480865479e-01
2.131363451480865479e-01
1.539357602596282959e-01
9.120687246322631836e-01
8.841438293457031250e-01
8.496634960174560547e-01
2.131363451480865479e-01
2.131363451480865479e-01
5.720143318176269531e-01
2.131363451480865479e-01
9.574844241142272949e-01
9.328876137733459473e-01
2.068924903869628906e-01
8.213505744934082031e-01
9.391981363296508789e-01
9.752094745635986328e-01
2.830090522766113281e-01
9.158591032028198242e-01
9.315907955169677734e-01
9.523895382881164551e-01
2.131363451480865479e-01
2.131363451480865479e-01
2.131363451480865479e-01
9.751818180084228516e-01
2.131363451480865479e-01
9.413397908210754395e-01
2.995125651359558105e-01
9.500117301940917969e-01
9.301977157592773438e-01
9.575381875038146973e-01
2.974445819854736328e-01
2.061332464218139648e-01
9.295785427093505859e-01
2.038265466690063477e-01
2.131363451480865479e-01
2.131363451480865479e-01
2.131363451480865479e-01
9.304388165473937988e-01
9.535403251647949219e-01
9.039787054061889648e-01
4.241488277912139893e-01
2.928235530853271484e-01
9.242931604385375977e-01
2.124288678169250488e-01
9.460633993148803711e-01
1.994354128837585449e-01
2.131363451480865479e-01
9.358892440795898438e-01
2.131363451480865479e-01
4.854372143745422363e-01
9.503123164176940918e-01
2.131363451480865479e-01
8.817291259765625000e-01
9.204912781715393066e-01
4.861643016338348389e-01
2.028726935386657715e-01
1.780890524387359619e-01
2.501224279403686523e-01
2.131363451480865479e-01
2.203092575073242188e-01
9.056470394134521484e-01
2.131363451480865479e-01
7.950655221939086914e-01
2.131363451480865479e-01
9.644027948379516602e-01
2.131363451480865479e-01
9.133441448211669922e-01
2.131363451480865479e-01
4.961897730827331543e-01
1.659418344497680664e-01
9.550762176513671875e-01
9.645334482192993164e-01
9.190845489501953125e-01
2.131363451480865479e-01
1.942633986473083496e-01
2.947393655776977539e-01
2.131363451480865479e-01
2.131363451480865479e-01
2.131363451480865479e-01
2.131363451480865479e-01
9.616193771362304688e-01
2.131363451480865479e-01
9.358950257301330566e-01
5.141345858573913574e-01
2.131363451480865479e-01
2.131363451480865479e-01
2.131363451480865479e-01
2.131363451480865479e-01
9.578758478164672852e-01
2.131363451480865479e-01
9.491620063781738281e-01
9.719171524047851562e-01
9.037528038024902344e-01
2.131363451480865479e-01
2.131363451480865479e-01
2.131363451480865479e-01
8.520832657814025879e-01
9.038672447204589844e-01
8.633781671524047852e-01
9.480549097061157227e-01
2.001651525497436523e-01
9.474127292633056641e-01
2.131363451480865479e-01
9.579592347145080566e-01
2.131363451480865479e-01
1.762966513633728027e-01
2.131363451480865479e-01
2.131363451480865479e-01
9.030163288116455078e-01
2.131363451480865479e-01
3.579110801219940186e-01
9.021745920181274414e-01
2.131363451480865479e-01
7.866722345352172852e-01
2.678316235542297363e-01
2.131363451480865479e-01
2.843588888645172119e-01
5.062090158462524414e-01
9.087854027748107910e-01
3.634711503982543945e-01
8.960235714912414551e-01
4.401554167270660400e-01
2.131363451480865479e-01
2.131363451480865479e-01
9.495940804481506348e-01
2.131363451480865479e-01
9.099715948104858398e-01
2.498165667057037354e-01
2.959464788436889648e-01
2.131363451480865479e-01
2.131363451480865479e-01
9.037437438964843750e-01
8.920709490776062012e-01
9.715514183044433594e-01
9.690458774566650391e-01
2.131363451480865479e-01
2.131363451480865479e-01
9.166243076324462891e-01
9.322017431259155273e-01
2.709112763404846191e-01
2.131363451480865479e-01
9.434924125671386719e-01
2.131363451480865479e-01
2.131363451480865479e-01
2.131363451480865479e-01
2.140056788921356201e-01
9.387030601501464844e-01
2.061330676078796387e-01
9.498820304870605469e-01
9.284784197807312012e-01
9.351813197135925293e-01
1.999131739139556885e-01
2.131363451480865479e-01
9.177279472351074219e-01
9.476497769355773926e-01
9.723535776138305664e-01
2.131363451480865479e-01
9.778800606727600098e-01
8.074666857719421387e-01
9.293657541275024414e-01
9.027634859085083008e-01
9.221149682998657227e-01
9.035022854804992676e-01
4.535194039344787598e-01
2.131363451480865479e-01
2.189315259456634521e-01
9.666959643363952637e-01
2.131363451480865479e-01
2.131363451480865479e-01
2.012568414211273193e-01
2.131363451480865479e-01
2.131363451480865479e-01
2.131363451480865479e-01
2.131363451480865479e-01
2.131363451480865479e-01
2.131363451480865479e-01
2.131363451480865479e-01
2.060515880584716797e-01
2.131363451480865479e-01
2.131363451480865479e-01
2.131363451480865479e-01
1.650321781635284424e-01
1.969759166240692139e-01
2.131363451480865479e-01
2.084723412990570068e-01
2.131363451480865479e-01
2.131363451480865479e-01
2.131363451480865479e-01
2.386368513107299805e-01
2.131363451480865479e-01
1.670318245887756348e-01
2.052318751811981201e-01
2.131363451480865479e-01
2.697211503982543945e-01
2.131363451480865479e-01
2.326670885086059570e-01
2.131363451480865479e-01
2.131363451480865479e-01
1.974474489688873291e-01
2.131363451480865479e-01
2.131363451480865479e-01
1.662363409996032715e-01
2.131363451480865479e-01
2.131363451480865479e-01
2.131363451480865479e-01
2.131363451480865479e-01
2.131363451480865479e-01
2.131363451480865479e-01
2.131363451480865479e-01
2.131363451480865479e-01
2.043164074420928955e-01
2.088750302791595459e-01
1.616086959838867188e-01
2.131363451480865479e-01
5.196714401245117188e-01
1.963529586791992188e-01
2.131363451480865479e-01
1.523514389991760254e-01
1.988331675529479980e-01
2.131363451480865479e-01
2.131363451480865479e-01
2.053208947181701660e-01
2.131363451480865479e-01
2.131363451480865479e-01
2.131363451480865479e-01
2.131363451480865479e-01
2.845820784568786621e-01
2.131363451480865479e-01
2.131363451480865479e-01
1.611923873424530029e-01
2.131363451480865479e-01
2.131363451480865479e-01
2.131363451480865479e-01
2.131363451480865479e-01
2.071247398853302002e-01
2.131363451480865479e-01
2.131363451480865479e-01
1.516587436199188232e-01
2.131363451480865479e-01
2.067774236202239990e-01
3.781402409076690674e-01
2.131363451480865479e-01
2.131363451480865479e-01
2.014029026031494141e-01
2.087677419185638428e-01
2.131363451480865479e-01
1.980231702327728271e-01
2.131363451480865479e-01
2.488335371017456055e-01
2.192414999008178711e-01
2.131363451480865479e-01
2.131363451480865479e-01
2.131363451480865479e-01
2.131363451480865479e-01
2.131363451480865479e-01
2.131363451480865479e-01
2.131363451480865479e-01
2.131363451480865479e-01
2.131363451480865479e-01
2.131363451480865479e-01
4.018402695655822754e-01
2.118465900421142578e-01
2.131363451480865479e-01
2.131363451480865479e-01
1.687556207180023193e-01
1.971484124660491943e-01
2.043981850147247314e-01
2.131363451480865479e-01
2.131363451480865479e-01
2.131363451480865479e-01
1.597486734390258789e-01
2.131363451480865479e-01
2.131363451480865479e-01
2.131363451480865479e-01
2.847039103507995605e-01
2.131363451480865479e-01
1.969527304172515869e-01
2.131363451480865479e-01
1.733393669128417969e-01
2.131363451480865479e-01
2.131363451480865479e-01
1.995140016078948975e-01
2.131363451480865479e-01
2.131363451480865479e-01
2.485408186912536621e-01
2.131363451480865479e-01
2.131363451480865479e-01
1.637531220912933350e-01
2.131363451480865479e-01
2.131363451480865479e-01
2.131363451480865479e-01
2.057103216648101807e-01
2.081397473812103271e-01
2.131363451480865479e-01
2.131363451480865479e-01
1.546355485916137695e-01
2.131363451480865479e-01
1.701598167419433594e-01
1.713473498821258545e-01
2.110440731048583984e-01
2.131363451480865479e-01
2.131363451480865479e-01
2.131363451480865479e-01
2.053917348384857178e-01
2.696756720542907715e-01
2.131363451480865479e-01
2.064730525016784668e-01
2.131363451480865479e-01
2.131363451480865479e-01
2.131363451480865479e-01
2.804864346981048584e-01
2.080633640289306641e-01
2.131363451480865479e-01
2.082154750823974609e-01
2.004883289337158203e-01
2.131363451480865479e-01
2.756822705268859863e-01
2.131363451480865479e-01
2.131363451480865479e-01
2.131363451480865479e-01
2.131363451480865479e-01
2.131363451480865479e-01
2.131363451480865479e-01
1.994446218013763428e-01
2.171307504177093506e-01
2.131363451480865479e-01
2.131363451480865479e-01
2.131363451480865479e-01
3.442388176918029785e-01
2.131363451480865479e-01
2.131363451480865479e-01
1.919694244861602783e-01
2.131363451480865479e-01
2.131363451480865479e-01
2.131363451480865479e-01
2.131363451480865479e-01
1.517520844936370850e-01
2.131363451480865479e-01
1.583760380744934082e-01
2.131363451480865479e-01
2.131363451480865479e-01
2.131363451480865479e-01
2.131363451480865479e-01
2.131363451480865479e-01
2.131363451480865479e-01
2.131363451480865479e-01
2.131363451480865479e-01
2.046791911125183105e-01
2.131363451480865479e-01
2.106478810310363770e-01
2.131363451480865479e-01
2.028675675392150879e-01
2.131363451480865479e-01
2.131363451480865479e-01
2.131363451480865479e-01
2.131363451480865479e-01
2.131363451480865479e-01
2.131363451480865479e-01
2.131363451480865479e-01
2.131363451480865479e-01
2.312274277210235596e-01
2.131363451480865479e-01
2.131363451480865479e-01
2.131363451480865479e-01
1.702371537685394287e-01
2.131363451480865479e-01
2.131363451480865479e-01
2.131363451480865479e-01
2.131363451480865479e-01
2.131363451480865479e-01
2.131363451480865479e-01
2.131363451480865479e-01
2.131363451480865479e-01
2.131363451480865479e-01
2.058882713317871094e-01
1.692495346069335938e-01
2.043302357196807861e-01
2.131363451480865479e-01
1.605162918567657471e-01
4.420693814754486084e-01
2.793086767196655273e-01
2.131363451480865479e-01
2.131363451480865479e-01
2.131363451480865479e-01
2.131363451480865479e-01
2.131363451480865479e-01
2.131363451480865479e-01
2.131363451480865479e-01
2.131363451480865479e-01
2.131363451480865479e-01
1.931861937046051025e-01
2.131363451480865479e-01
2.131363451480865479e-01
1.578071117401123047e-01
2.131363451480865479e-01
1.757151186466217041e-01
2.131363451480865479e-01
2.131363451480865479e-01
2.131363451480865479e-01
2.205678522586822510e-01
2.131363451480865479e-01
1.613897085189819336e-01
2.131363451480865479e-01
2.131363451480865479e-01
2.131363451480865479e-01
2.131363451480865479e-01
2.131363451480865479e-01
2.131363451480865479e-01
2.131363451480865479e-01
1.573381721973419189e-01
2.131363451480865479e-01
2.131363451480865479e-01
2.806414067745208740e-01
2.131363451480865479e-01
2.064914703369140625e-01
2.131363451480865479e-01
2.131363451480865479e-01
1.799073517322540283e-01
2.131363451480865479e-01
2.063489854335784912e-01
2.131363451480865479e-01
2.131363451480865479e-01
1.754662990570068359e-01
2.131363451480865479e-01
1.808156073093414307e-01
2.221308648586273193e-01
2.131363451480865479e-01
2.096595466136932373e-01
2.131363451480865479e-01
1.551546752452850342e-01
2.131363451480865479e-01
1.706508398056030273e-01
2.131363451480865479e-01
2.483458220958709717e-01
2.131363451480865479e-01
2.131363451480865479e-01
2.131363451480865479e-01
1.687036752700805664e-01
2.131363451480865479e-01
2.131363451480865479e-01
1.581204533576965332e-01
2.131363451480865479e-01
2.056078612804412842e-01
2.131363451480865479e-01
2.131363451480865479e-01
2.131363451480865479e-01
2.131363451480865479e-01
2.131363451480865479e-01
2.131363451480865479e-01
2.043676078319549561e-01
2.131363451480865479e-01
2.131363451480865479e-01
1.635776758193969727e-01
2.131363451480865479e-01
1.879331469535827637e-01
2.131363451480865479e-01
2.562517523765563965e-01
1.560603380203247070e-01
2.044122219085693359e-01
1.702505052089691162e-01
2.131363451480865479e-01
2.131363451480865479e-01
2.752136886119842529e-01
2.131363451480865479e-01
2.131363451480865479e-01
2.131363451480865479e-01
2.131363451480865479e-01
2.131363451480865479e-01
2.131363451480865479e-01
2.131363451480865479e-01
2.131363451480865479e-01
2.131363451480865479e-01
2.131363451480865479e-01
2.131363451480865479e-01
1.711829304695129395e-01
1.998298466205596924e-01
2.131363451480865479e-01
2.131363451480865479e-01
2.131363451480865479e-01
2.131363451480865479e-01
2.131363451480865479e-01
2.010857462882995605e-01
2.131363451480865479e-01
2.131363451480865479e-01
2.131363451480865479e-01
2.131363451480865479e-01
2.131363451480865479e-01
2.131363451480865479e-01
2.131363451480865479e-01
2.131363451480865479e-01
2.131363451480865479e-01
2.102323770523071289e-01
2.044530212879180908e-01
1.586440801620483398e-01
2.131363451480865479e-01
2.131363451480865479e-01
2.050872445106506348e-01
2.096590399742126465e-01
2.131363451480865479e-01
2.131363451480865479e-01
2.131363451480865479e-01
2.131363451480865479e-01
2.131363451480865479e-01
2.131363451480865479e-01
2.131363451480865479e-01
2.098811268806457520e-01
2.131363451480865479e-01
1.820959448814392090e-01
2.131363451480865479e-01
2.131363451480865479e-01
2.131363451480865479e-01
2.131363451480865479e-01
2.131363451480865479e-01
2.131363451480865479e-01
2.131363451480865479e-01
2.131363451480865479e-01
2.131363451480865479e-01
2.131363451480865479e-01
2.131363451480865479e-01
2.131363451480865479e-01
2.131363451480865479e-01
2.131363451480865479e-01
2.131363451480865479e-01
2.131363451480865479e-01
2.131363451480865479e-01
2.131363451480865479e-01
2.050469219684600830e-01
2.719311118125915527e-01
2.066538035869598389e-01
2.131363451480865479e-01
2.131363451480865479e-01
2.131363451480865479e-01
2.208690047264099121e-01
2.131363451480865479e-01
1.910800039768218994e-01
2.131363451480865479e-01
2.131363451480865479e-01
2.131363451480865479e-01
1.787544488906860352e-01
2.131363451480865479e-01
2.131363451480865479e-01
2.131363451480865479e-01
2.067909836769104004e-01
2.131363451480865479e-01
2.131363451480865479e-01
2.131363451480865479e-01
2.131363451480865479e-01
2.131363451480865479e-01
2.131363451480865479e-01
2.131363451480865479e-01
2.131363451480865479e-01
2.131363451480865479e-01
2.131363451480865479e-01
2.131363451480865479e-01
2.131363451480865479e-01
2.131363451480865479e-01
2.131363451480865479e-01
2.131363451480865479e-01
2.131363451480865479e-01
2.353481650352478027e-01
2.131363451480865479e-01
2.131363451480865479e-01
2.131363451480865479e-01
2.131363451480865479e-01
4.395859241485595703e-01
2.321639358997344971e-01
1.525396108627319336e-01
2.131363451480865479e-01
2.131363451480865479e-01
2.131363451480865479e-01
2.052809894084930420e-01
2.131363451480865479e-01
2.131363451480865479e-01
2.131363451480865479e-01
2.131363451480865479e-01
2.131363451480865479e-01
2.131363451480865479e-01
2.131363451480865479e-01
2.131363451480865479e-01
2.131363451480865479e-01
1.793468594551086426e-01
2.131363451480865479e-01
2.131363451480865479e-01
2.131363451480865479e-01
2.131363451480865479e-01
2.131363451480865479e-01
2.035619020462036133e-01
2.131363451480865479e-01
2.131363451480865479e-01
2.131363451480865479e-01
2.131363451480865479e-01
2.131363451480865479e-01
2.131363451480865479e-01
2.131363451480865479e-01
2.131363451480865479e-01
2.131363451480865479e-01
2.561126351356506348e-01
2.131363451480865479e-01
2.131363451480865479e-01
2.062950730323791504e-01
2.131363451480865479e-01
1.698642969131469727e-01
2.131363451480865479e-01
2.131363451480865479e-01
2.058804035186767578e-01
2.131363451480865479e-01
2.131363451480865479e-01
2.131363451480865479e-01
2.131363451480865479e-01
1.737585663795471191e-01
2.131363451480865479e-01
1.576632261276245117e-01
2.131363451480865479e-01
2.131363451480865479e-01
2.131363451480865479e-01
2.131363451480865479e-01
2.131363451480865479e-01
1.776852309703826904e-01
2.027798593044281006e-01
2.131363451480865479e-01
2.906412184238433838e-01
2.131363451480865479e-01
2.131363451480865479e-01
2.060587704181671143e-01
1.997662782669067383e-01
2.131363451480865479e-01
2.042371034622192383e-01
2.131363451480865479e-01
2.131363451480865479e-01
2.131363451480865479e-01
2.131363451480865479e-01
2.131363451480865479e-01
2.131363451480865479e-01
2.143198847770690918e-01
2.050313651561737061e-01
2.689289748668670654e-01
2.131363451480865479e-01
2.669609189033508301e-01
1.598837077617645264e-01
2.131363451480865479e-01
1.801358759403228760e-01
2.131363451480865479e-01
2.731489539146423340e-01
2.131363451480865479e-01
2.131363451480865479e-01
2.050886154174804688e-01
2.021212279796600342e-01
2.131363451480865479e-01
2.131363451480865479e-01
2.131363451480865479e-01
2.509264349937438965e-01
1.741156280040740967e-01
2.131363451480865479e-01
2.131363451480865479e-01
2.131363451480865479e-01
2.131363451480865479e-01
2.131363451480865479e-01
2.131363451480865479e-01
2.131363451480865479e-01
2.131363451480865479e-01
2.131363451480865479e-01
2.039050161838531494e-01
1.943929493427276611e-01
2.131363451480865479e-01
2.131363451480865479e-01
2.131363451480865479e-01
1.709203720092773438e-01
2.176746726036071777e-01
2.131363451480865479e-01
1.648109257221221924e-01
2.131363451480865479e-01
2.131363451480865479e-01
1.555566787719726562e-01
2.131363451480865479e-01
2.066525816917419434e-01
2.131363451480865479e-01
2.131363451480865479e-01
1.816074550151824951e-01
2.032816410064697266e-01
1.965822279453277588e-01
2.131363451480865479e-01
2.131363451480865479e-01
1.986057758331298828e-01
2.131363451480865479e-01
2.044872939586639404e-01
2.131363451480865479e-01
2.131363451480865479e-01
2.059282958507537842e-01
2.131363451480865479e-01
1.569102406501770020e-01
2.131363451480865479e-01
2.170754373073577881e-01
2.131363451480865479e-01
2.131363451480865479e-01
2.002541720867156982e-01
2.131363451480865479e-01
2.131363451480865479e-01
1.693399846553802490e-01
2.131363451480865479e-01
2.131363451480865479e-01
2.131363451480865479e-01
2.131363451480865479e-01
2.131363451480865479e-01
1.534367203712463379e-01
1.907661557197570801e-01
2.131363451480865479e-01
2.131363451480865479e-01
2.061480283737182617e-01
1.610177159309387207e-01
2.131363451480865479e-01
2.131363451480865479e-01
2.040446102619171143e-01
2.131363451480865479e-01
2.660057544708251953e-01
2.131363451480865479e-01
2.131363451480865479e-01
2.131363451480865479e-01
2.131363451480865479e-01
3.520517647266387939e-01
2.131363451480865479e-01
1.986576020717620850e-01
2.131363451480865479e-01
1.944746375083923340e-01
2.849389910697937012e-01
2.131363451480865479e-01
2.131363451480865479e-01
2.131363451480865479e-01
2.131363451480865479e-01
2.131363451480865479e-01
2.131363451480865479e-01
2.131363451480865479e-01
2.131363451480865479e-01
2.131363451480865479e-01
2.131363451480865479e-01
2.131363451480865479e-01
2.131363451480865479e-01
2.131363451480865479e-01
2.131363451480865479e-01
2.131363451480865479e-01
2.131363451480865479e-01
2.131363451480865479e-01
2.131363451480865479e-01
2.131363451480865479e-01
1.927683651447296143e-01
2.131363451480865479e-01
1.649540364742279053e-01
1.671266257762908936e-01
2.131363451480865479e-01
2.131363451480865479e-01
1.734331250190734863e-01
1.641022861003875732e-01
2.131363451480865479e-01
1.832366287708282471e-01
2.131363451480865479e-01
1.551094055175781250e-01
2.131363451480865479e-01
2.131363451480865479e-01
2.131363451480865479e-01
2.131363451480865479e-01
1.906960606575012207e-01
1.948287189006805420e-01
2.046966254711151123e-01
2.010254561901092529e-01
1.628963053226470947e-01
2.736905217170715332e-01
2.131363451480865479e-01
2.131363451480865479e-01
2.131363451480865479e-01
2.131363451480865479e-01
2.131363451480865479e-01
1.997697949409484863e-01
2.131363451480865479e-01
2.131363451480865479e-01
2.131363451480865479e-01
2.131363451480865479e-01
2.131363451480865479e-01
2.131363451480865479e-01
2.131363451480865479e-01
2.131363451480865479e-01
2.131363451480865479e-01
2.131363451480865479e-01
2.070190608501434326e-01
2.131363451480865479e-01
2.082474827766418457e-01
2.131363451480865479e-01
2.131363451480865479e-01
2.131363451480865479e-01
2.131363451480865479e-01
2.131363451480865479e-01
2.131363451480865479e-01
2.131363451480865479e-01
2.131363451480865479e-01
2.131363451480865479e-01
2.131363451480865479e-01
2.617776393890380859e-01
1.910052597522735596e-01
2.418138980865478516e-01
2.131363451480865479e-01
2.131363451480865479e-01
2.131363451480865479e-01
2.131363451480865479e-01
2.131363451480865479e-01
2.131363451480865479e-01
1.491053104400634766e-01
2.108344137668609619e-01
2.131363451480865479e-01
2.131363451480865479e-01
2.131363451480865479e-01
2.131363451480865479e-01
1.747355461120605469e-01
2.131363451480865479e-01
2.131363451480865479e-01
2.131363451480865479e-01
2.131363451480865479e-01
2.131363451480865479e-01
2.131363451480865479e-01
2.131363451480865479e-01
2.131363451480865479e-01
2.131363451480865479e-01
2.008989751338958740e-01
2.053441405296325684e-01
2.131363451480865479e-01
2.085632681846618652e-01
2.131363451480865479e-01
2.131363451480865479e-01
1.684943437576293945e-01
2.131363451480865479e-01
2.131363451480865479e-01
2.214384675025939941e-01
2.131363451480865479e-01
2.131363451480865479e-01
1.541931331157684326e-01
3.123230934143066406e-01
2.131363451480865479e-01
2.131363451480865479e-01
2.131363451480865479e-01
2.131363451480865479e-01
2.694332003593444824e-01
2.131363451480865479e-01
2.131363451480865479e-01
2.131363451480865479e-01
2.024362981319427490e-01
2.131363451480865479e-01
2.054623365402221680e-01
2.131363451480865479e-01
2.133615612983703613e-01
1.535668671131134033e-01
2.071679830551147461e-01
1.953461468219757080e-01
2.063701450824737549e-01
1.622976362705230713e-01
1.641752123832702637e-01
2.131363451480865479e-01
2.131363451480865479e-01
2.054061591625213623e-01
2.131363451480865479e-01
2.131363451480865479e-01
1.917500793933868408e-01
1.997060775756835938e-01
2.131363451480865479e-01
2.131363451480865479e-01
1.759585440158843994e-01
2.131363451480865479e-01
2.131363451480865479e-01
2.131363451480865479e-01
2.131363451480865479e-01
2.050044536590576172e-01
2.131363451480865479e-01
2.131363451480865479e-01
2.053594589233398438e-01
2.131363451480865479e-01
2.131363451480865479e-01
2.131363451480865479e-01
2.602151036262512207e-01
2.131363451480865479e-01
2.131363451480865479e-01
2.131363451480865479e-01
2.131363451480865479e-01
1.895729899406433105e-01
1.973934471607208252e-01
1.988229155540466309e-01
2.131363451480865479e-01
2.131363451480865479e-01
2.131363451480865479e-01
1.599634885787963867e-01
2.131363451480865479e-01
2.131363451480865479e-01
1.928487420082092285e-01
2.131363451480865479e-01
2.131363451480865479e-01
2.131363451480865479e-01
2.131363451480865479e-01
2.131363451480865479e-01
2.131363451480865479e-01
2.131363451480865479e-01
1.920753121376037598e-01
2.767435908317565918e-01
2.131363451480865479e-01
2.131363451480865479e-01
1.708055138587951660e-01
2.131363451480865479e-01
2.077730596065521240e-01
2.131363451480865479e-01
2.605902254581451416e-01
2.131363451480865479e-01
2.131363451480865479e-01
2.131363451480865479e-01
2.131363451480865479e-01
2.131363451480865479e-01
2.131363451480865479e-01
3.153466582298278809e-01
2.131363451480865479e-01
2.131363451480865479e-01
2.131363451480865479e-01
2.229904234409332275e-01
2.056402266025543213e-01
2.084598839282989502e-01
2.131363451480865479e-01
2.131363451480865479e-01
2.802546620368957520e-01
2.131363451480865479e-01
2.131363451480865479e-01
1.766062974929809570e-01
2.131363451480865479e-01
2.308034896850585938e-01
1.995484232902526855e-01
2.131363451480865479e-01
1.759704649448394775e-01
2.131363451480865479e-01
2.131363451480865479e-01
2.131363451480865479e-01
2.131363451480865479e-01
4.556169807910919189e-01
2.746087908744812012e-01
2.131363451480865479e-01
1.991676390171051025e-01
2.131363451480865479e-01
2.131363451480865479e-01
2.049725055694580078e-01
2.131363451480865479e-01
2.234453856945037842e-01
2.131363451480865479e-01
2.131363451480865479e-01
2.131363451480865479e-01
2.131363451480865479e-01
2.131363451480865479e-01
2.131363451480865479e-01
2.131363451480865479e-01
2.014444172382354736e-01
2.131363451480865479e-01
2.027720510959625244e-01
1.572575271129608154e-01
2.131363451480865479e-01
2.131363451480865479e-01
2.131363451480865479e-01
1.990177035331726074e-01
2.131363451480865479e-01
2.056091725826263428e-01
1.682596802711486816e-01
2.100148499011993408e-01
2.131363451480865479e-01
2.131363451480865479e-01
2.131363451480865479e-01
2.131363451480865479e-01
2.131363451480865479e-01
2.131363451480865479e-01
2.131363451480865479e-01
1.857415139675140381e-01
2.131363451480865479e-01
2.080526053905487061e-01
2.131363451480865479e-01
2.131363451480865479e-01
2.006261348724365234e-01
2.131363451480865479e-01
2.131363451480865479e-01
2.131363451480865479e-01
2.131363451480865479e-01
2.131363451480865479e-01
2.131363451480865479e-01
2.131363451480865479e-01
2.131363451480865479e-01
2.131363451480865479e-01
2.131363451480865479e-01
1.712282299995422363e-01
2.131363451480865479e-01
2.131363451480865479e-01
2.039889693260192871e-01
2.131363451480865479e-01
2.131363451480865479e-01
2.131363451480865479e-01
2.047577798366546631e-01
1.988492310047149658e-01
2.131363451480865479e-01
2.712389230728149414e-01
2.131363451480865479e-01
2.131363451480865479e-01
2.131363451480865479e-01
2.131363451480865479e-01
2.131363451480865479e-01
2.131363451480865479e-01
2.131363451480865479e-01
1.553969979286193848e-01
1.695442199707031250e-01
2.131363451480865479e-01
2.131363451480865479e-01
1.625898182392120361e-01
2.003866732120513916e-01
1.520656645298004150e-01
2.131363451480865479e-01
2.137091457843780518e-01
1.601735651493072510e-01
2.131363451480865479e-01
2.131363451480865479e-01
2.131363451480865479e-01
2.131363451480865479e-01
2.131363451480865479e-01
2.131363451480865479e-01
2.131363451480865479e-01
2.719548940658569336e-01
2.131363451480865479e-01
2.131363451480865479e-01
2.131363451480865479e-01
2.131363451480865479e-01
2.131363451480865479e-01
1.984443366527557373e-01
2.131363451480865479e-01
2.131363451480865479e-01
2.000761628150939941e-01
2.062563896179199219e-01
2.131363451480865479e-01
2.131363451480865479e-01
2.131363451480865479e-01
2.131363451480865479e-01
2.049578428268432617e-01
2.131363451480865479e-01
2.131363451480865479e-01
3.482590615749359131e-01
2.131363451480865479e-01
3.498027622699737549e-01
2.131363451480865479e-01
1.514410674571990967e-01
2.131363451480865479e-01
2.131363451480865479e-01
2.131363451480865479e-01
2.131363451480865479e-01
2.131363451480865479e-01
2.131363451480865479e-01
2.131363451480865479e-01
2.813892662525177002e-01
2.828834056854248047e-01
2.131363451480865479e-01
2.131363451480865479e-01
1.758415997028350830e-01
2.131363451480865479e-01
2.131363451480865479e-01
1.519210338592529297e-01
2.131363451480865479e-01
2.131363451480865479e-01
2.131363451480865479e-01
2.131363451480865479e-01
2.131363451480865479e-01
2.064610421657562256e-01
2.131363451480865479e-01
2.131363451480865479e-01
2.131363451480865479e-01
2.131363451480865479e-01
2.131363451480865479e-01
2.131363451480865479e-01
2.131363451480865479e-01
2.131363451480865479e-01
1.975902616977691650e-01
2.131363451480865479e-01
2.131363451480865479e-01
2.131363451480865479e-01
2.131363451480865479e-01
2.131363451480865479e-01
2.038734257221221924e-01
2.041249573230743408e-01
1.968086361885070801e-01
2.088377773761749268e-01
1.997044086456298828e-01
2.061603963375091553e-01
2.131363451480865479e-01
2.131363451480865479e-01
2.131363451480865479e-01
2.081727683544158936e-01
2.131363451480865479e-01
2.131363451480865479e-01
2.131363451480865479e-01
2.747039794921875000e-01
2.131363451480865479e-01
2.131363451480865479e-01
2.131363451480865479e-01
2.131363451480865479e-01
2.131363451480865479e-01
2.080354690551757812e-01
3.070060014724731445e-01
1.572077870368957520e-01
1.670608222484588623e-01
2.131363451480865479e-01
2.131363451480865479e-01
2.054356634616851807e-01
2.131363451480865479e-01
2.131363451480865479e-01
2.131363451480865479e-01
2.646130621433258057e-01
1.779069006443023682e-01
2.131363451480865479e-01
2.131363451480865479e-01
2.131363451480865479e-01
2.131363451480865479e-01
2.131363451480865479e-01
2.131363451480865479e-01
2.131363451480865479e-01
2.068585455417633057e-01
2.131363451480865479e-01
2.001286149024963379e-01
2.131363451480865479e-01
2.131363451480865479e-01
1.998013854026794434e-01
2.131363451480865479e-01
2.131363451480865479e-01
2.131363451480865479e-01
2.131363451480865479e-01
2.131363451480865479e-01
2.131363451480865479e-01
2.131363451480865479e-01
2.131363451480865479e-01
2.131363451480865479e-01
2.131363451480865479e-01
2.131363451480865479e-01
2.131363451480865479e-01
2.042620182037353516e-01
2.131363451480865479e-01
2.294746637344360352e-01
1.751406788825988770e-01
2.131363451480865479e-01
2.131363451480865479e-01
2.131363451480865479e-01
2.131363451480865479e-01
2.131363451480865479e-01
2.131363451480865479e-01
2.818897068500518799e-01
2.131363451480865479e-01
2.131363451480865479e-01
2.131363451480865479e-01
2.040424644947052002e-01
2.131363451480865479e-01
1.709885597229003906e-01
2.131363451480865479e-01
1.910234987735748291e-01
1.529673039913177490e-01
1.641446352005004883e-01
2.131363451480865479e-01
2.131363451480865479e-01
2.131363451480865479e-01
2.131363451480865479e-01
2.131363451480865479e-01
2.131363451480865479e-01
2.131363451480865479e-01
2.131363451480865479e-01
1.599794328212738037e-01
2.131363451480865479e-01
2.131363451480865479e-01
2.131363451480865479e-01
2.131363451480865479e-01
2.131363451480865479e-01
1.581278145313262939e-01
