8.582996723311397957e-02
2.308144028548669291e-01
3.997408910060878395e-01
1.276177108571544538e-01
5.247282499593873828e-01
2.849368249100328043e-01
8.995745835068295893e-02
1.011059449995251186e-01
3.347693879079237100e-01
5.362548437699125869e-02
2.649837901764951487e-01
1.464030245977863964e-01
3.105264311094952379e-01
1.687892504843324371e-01
1.689716232921056605e-01
3.470484216869914595e-01
1.479983991797478582e-01
2.719010005611560699e-01
1.666688898469173286e-01
9.480375946497494599e-01
3.190041431221724011e-01
5.198310726837713364e-02
1.388635209144203353e-01
8.332974828479082496e-02
5.199256655677122335e-02
3.335117121661066997e-01
9.434526892189032399e-01
1.118178509170782153e-01
7.179478657187760016e-01
2.619289978978622258e-01
2.958948013741149463e-01
5.678480623036905595e-01
2.480217814950358979e-01
7.474953230319116848e-01
4.113758323734229699e-02
1.879288251545840338e-01
2.330777228917445543e-01
4.363166107453227832e-02
8.114864957415469648e-01
3.329886353783367281e-01
1.755669036306436170e-01
2.266695241138534933e-01
8.771872475878274289e-02
2.367876767181721354e-01
3.116446058563555610e-01
5.186164911751743878e-01
2.986032219479151650e-01
7.080341823444008531e-01
7.198337726299555150e-01
7.258411988216294519e-01
8.419099250000089407e-02
9.441061466492990661e-02
1.786713933158279588e-01
8.745165920763486866e-02
1.847377339556281473e-01
4.577145487181901728e-01
2.059499961053527783e-01
2.017786935171615725e-01
1.707671785233357553e-01
1.967507742379842606e-01
9.885401867436692525e-02
9.645630231035189073e-02
2.419114174532596973e-01
1.243966128991148279e-01
5.492880489341220862e-01
7.732153970484043626e-01
1.939544983325835192e-01
5.818664932189822059e-01
2.440706972732484270e-02
3.703529640250401433e-01
1.964292485437653946e-01
1.295807865984247575e-01
6.739345097163175202e-01
1.197444426849960525e-01
6.516771805135868068e-02
4.026114268512226979e-01
1.885249976026452390e-01
5.504122532872537388e-01
9.236831049870504184e-01
1.518659468827698589e-01
1.186888927238404640e-01
2.131702151143450297e-01
6.244932069984924228e-01
3.023125528469351453e-01
4.615452122301784421e-02
6.491938689553924946e-02
7.853392550034081765e-01
5.242142824581708105e-01
1.525897519394386614e-01
9.626192321311560773e-02
6.070072912456032643e-01
2.893427583058128527e-01
1.942624422551440244e-01
2.729462520460466668e-01
6.273891620866942076e-02
7.993639568008725771e-01
4.463633304410874469e-01
5.029811218911570125e-02
5.334545573865493440e-01
2.000840721296095193e-01
1.336514162991598309e-01
2.319226512899075499e-01
2.412463477981936499e-01
7.729316898507959666e-02
4.932888566033252209e-01
7.219902443471273301e-01
4.423840127769438357e-01
2.529298450349574123e-01
2.646031646655794822e-01
2.444975256874170333e-01
2.637673095081804475e-01
2.676572697205329421e-01
4.947689130349290365e-01
2.799468181101291697e-01
7.908638011300249682e-01
1.926043504775062087e-01
1.100026817860436379e-01
2.269654732668816288e-01
8.561278745140528390e-02
3.138672092372701283e-01
2.997462546669124595e-01
2.143054434014107779e-01
7.601319385184297506e-01
2.792762733191105351e-01
2.895795637079283114e-01
5.215674886433767643e-01
3.229663742248580216e-01
5.069296885292447902e-02
1.247922833858591263e-01
6.709168646857478491e-01
2.132209484587142823e-01
2.444098772141196363e-01
2.364121588431089549e-01
1.281311295655674087e-01
4.733083306355131969e-01
5.871383978174698343e-02
3.221325310657314200e-01
1.453569641891198916e-01
6.693212096983475190e-01
5.973314806409995015e-01
2.016142402513282084e-01
2.082341852228965784e-01
2.333973302455846222e-01
2.174379857581728026e-01
2.386510384555207143e-01
6.237995691925102282e-02
6.199900263316217991e-02
4.991320064649378274e-01
1.915101427828636016e-02
1.253714807917459539e-01
1.772219297583154524e-02
1.456575416459522931e-01
1.331032128824707061e-01
6.843401934396873276e-01
5.095162032117026563e-01
2.925267257666808174e-02
3.798969479687683282e-01
4.151823905597368802e-01
2.385761304103110603e-01
6.662346265713210425e-01
3.420155871781923040e-01
1.712218614310191400e-01
3.740346347352739853e-01
6.146358460894066900e-01
1.061805251111538478e-01
1.088217400064635243e-01
4.936253252262562397e-01
4.292749065007169657e-02
6.454052380127609512e-01
2.964786793538917720e-01
1.506136140217588792e-01
8.209385536503448488e-01
3.489613191696464556e-01
5.060019629226969462e-01
2.445745565985538716e-01
6.165024530915085704e-02
1.204100373841560517e-01
8.913252562874534046e-01
5.648705578807807770e-01
7.755471983887892717e-01
4.729737763945619511e-01
3.238261644758410052e-01
5.080693241416059935e-01
1.274987767988087772e-01
4.376167408035214201e-02
1.101203278706221027e-02
5.728720228954949922e-01
6.105736532670504868e-01
5.687502448910222164e-01
8.630742527503911798e-01
6.919779343836299224e-02
6.436095875382623344e-02
3.065754220560673593e-01
2.063412804124930278e-01
4.728920073858272621e-01
9.408524311937663254e-02
3.260247532413227955e-01
5.247282499593873828e-01
9.482611544442474949e-02
2.845822176126722725e-01
5.885252184126248814e-02
3.654111298881349001e-01
8.507678513540262166e-02
2.797745280634323373e-01
8.043904250795952393e-02
4.247544010444326279e-02
7.591035612636344576e-02
3.353780085485203455e-01
1.925932068058613597e-02
4.152587284890225106e-01
4.929879352118041874e-02
8.402768831186890885e-02
2.228675225117758008e-01
3.286831946569211682e-02
4.361209792499397275e-02
1.480034141807055371e-02
4.527131310317122903e-02
4.017513665419936847e-02
1.118430723177368663e-01
9.483360830091025484e-02
1.536064618287653893e-01
1.091608535114540202e-01
1.239034856748073565e-01
2.903773775462636583e-02
7.990501776351542906e-01
2.105437174723712168e-02
2.658598238079438320e-02
8.208082087411530670e-02
2.807089526159117776e-02
5.101185160439263705e-02
5.814388375607411341e-02
6.018401347695005732e-02
7.879111195218667374e-02
6.435112911143779646e-02
1.239174263294566952e-01
9.585718793705583218e-02
1.371630699153483790e-01
7.798634356190543848e-02
5.127326035379247554e-02
2.501200600131158261e-02
2.972897967493309465e-02
6.796940967888852325e-02
1.587797934466742000e-02
9.278321411156784104e-02
5.960923658534823810e-02
1.720416015750771133e-02
1.851171092449353447e-02
8.351474576737062672e-02
1.479101314836284153e-01
4.248825168390853863e-02
6.761607626520305114e-02
4.195505575290045530e-01
3.811964288386848060e-02
4.566777506992142355e-02
1.273586251280557635e-01
2.001678058511398642e-02
6.158055686650677762e-02
9.650748678185797069e-02
4.164560476803713142e-03
1.256632855914856794e-01
4.720253479363677174e-02
6.974605938947781025e-02
3.862536706777797146e-02
1.633143247869305384e-02
4.100942514280732365e-02
6.778255239297004131e-02
2.802856594676695484e-02
1.540637994485884350e-02
1.444664292218037493e-01
4.540910276068715196e-02
7.664405587140164788e-02
3.466290475279832362e-01
1.477240550859513016e-02
1.029886476930349237e-01
3.908728509246585381e-02
1.462867472366208635e-02
4.371292894880882129e-02
8.599482715125870980e-02
1.874762519824952484e-02
1.575547035994811218e-01
3.111620572185078148e-02
4.060578387654267124e-02
3.078076845233710529e-02
1.681726314944286538e-01
9.222927353177824347e-03
5.247282499593873828e-01
1.089125071800726013e-01
1.395322040184680812e-02
5.851252233105244671e-02
5.474494288308209833e-02
2.411274958515356448e-01
8.113209168790937176e-02
1.186675405604773088e-02
3.819925826603901564e-01
8.088362538467236407e-02
3.815138737339286712e-02
1.433097582644703681e-02
6.169379555110040408e-02
3.367230413085866431e-02
8.607900265989343325e-02
3.693588410602857697e-02
4.729524865464036776e-02
1.231620594384415512e-01
4.029420857822003238e-02
1.261078414523222613e-01
1.461294480505370141e-01
6.512911206647689633e-02
1.893487566032226177e-01
5.310522590925187414e-02
5.355845592926405246e-02
9.264717370194022750e-02
9.698716103752429152e-02
1.040658464803319860e-01
1.099631067969663312e-01
3.161056087308890261e-02
6.518684554160191977e-03
1.454120910517343046e-01
1.286516312520115668e-01
8.587197603087889930e-02
1.058762058497633302e-01
6.756802326873580233e-02
1.822621877928309181e-02
8.599631748245885332e-02
3.332295892546843774e-02
4.262523651239374378e-01
2.808247145750182930e-02
2.412251568965983334e-02
9.909655843734224701e-02
1.463245496661650935e-01
1.685841651026085200e-02
1.978012017757189434e-01
1.056002287723776800e-01
1.451188612427568338e-02
3.749148409673378618e-02
1.876426852182501784e-02
6.349543673410555922e-01
4.571521141978536484e-02
1.828309041560274573e-01
8.608140726581868518e-02
3.692613964701687429e-02
5.312867194561714940e-02
1.212292001418208282e-01
4.196648747744052138e-02
1.049763205694271007e-01
1.729254161267951978e-02
1.166784524879612914e-02
4.947387805007113365e-02
1.296867591092138172e-01
3.158324572339503422e-02
4.446713304884198498e-02
5.446160295773976728e-02
8.571047118824089150e-02
1.470890041090876232e-01
1.147840567078047859e-02
2.776828432747584230e-02
6.600965676079112443e-02
1.369518580907906902e-01
8.600350464060772804e-02
4.113968597756269968e-02
6.304131464590505274e-02
1.173451091943429059e-01
1.223038759316642382e-01
9.457328726121176643e-02
1.442163002314430231e-01
1.700658211022575139e-01
1.421699908016314517e-01
1.098564901867424837e-01
5.506170568812691207e-02
6.491173960750429295e-02
1.718737828430576264e-02
1.215075600976201764e-01
1.572812284334886360e-02
3.841377385259770599e-02
1.428897807470546621e-01
8.570316689113616215e-02
1.613127167396968820e-02
2.747845689655953327e-01
3.515210157802795693e-02
8.905417131694723376e-02
4.802707172399458407e-02
4.159970027417589367e-02
3.068042371156349049e-02
2.689831639087018195e-02
1.400156716817100577e-01
8.598972973214304150e-02
7.301412181770085275e-02
2.293246935445845958e-01
8.177799626006854172e-02
8.591849147187723135e-02
2.256765592510897797e-02
8.593046054948377810e-02
1.382120414468962222e-01
4.242824384941596416e-01
1.558234090217836161e-02
1.245095181149645791e-01
8.619081189513333463e-02
6.272261189301055195e-02
7.628011755978479635e-02
8.585508057426846640e-02
9.749828354022530008e-02
4.718525847084314995e-02
8.617369083469146596e-02
2.824751923892123914e-02
3.499860905321963006e-02
9.087766747430925038e-03
1.527313608069070378e-02
2.407134510313406819e-02
8.814861624192697753e-02
1.566150640859108323e-01
1.654821246499645071e-02
1.273156088336056535e-01
2.139617675887129644e-01
1.185040814594240551e-02
6.285071021106101996e-02
3.498926965541684919e-02
1.644481890651089129e-01
8.506097040304480550e-02
8.615336090459228824e-02
2.951192498343241377e-02
8.596024018274585343e-02
5.780177480408814350e-02
6.089341482840451153e-02
2.962983087927561349e-02
4.994836146590169584e-02
4.201838420787305101e-02
2.817557332506859802e-01
9.698519759382446745e-03
5.247282499593873828e-01
2.262646414342800796e-02
2.434352972122367786e-01
8.614451282380836128e-02
2.784580646126251155e-02
2.633526511080478555e-02
9.192285358135381113e-02
3.961229617668349939e-02
6.352368453710477425e-02
8.578095560714271706e-02
5.747412316280688625e-03
6.013499656259879700e-02
5.019844963175507102e-02
1.660583579457793890e-01
9.483981378988694255e-02
8.565256991723300961e-02
1.962777640649495531e-02
2.047511777986791778e-02
1.301199174456529051e-01
1.078117923087107688e-01
8.611737384687072339e-02
3.084015567515063783e-01
2.994396810359246930e-02
1.208503670384969766e-02
1.332153639546811152e-01
1.034505980118656104e-01
1.141178726644722224e-01
7.497481264960947911e-02
2.380895892559565796e-01
4.574558911243721271e-01
4.609864452473235591e-02
8.555342191542253394e-02
2.953243468886595016e-02
3.955401758666418632e-02
7.854623747581973570e-02
2.140866546368506984e-02
6.760177194079244889e-02
2.106347772075386690e-02
5.582268084077990355e-02
2.011692991517531962e-02
3.592143075577913618e-03
7.016594256062484714e-02
4.478442710300156726e-02
1.983591292880332868e-01
8.593524860348968064e-02
8.930116425802313296e-02
3.432914063097658453e-02
3.305762835851611819e-02
2.671596290321425968e-02
8.596797344204931690e-02
1.231703439544427348e-01
3.778772650851295462e-02
2.184735231172655473e-02
3.967597229608155890e-02
8.365729320112600190e-03
9.478578699925430118e-02
8.155529550525255633e-01
1.042661490104663038e-02
2.466409412264838341e-01
8.842116784184352041e-02
8.589650222938140234e-02
2.016150886703629574e-01
1.086995298635160846e-02
2.418319353864908233e-02
7.192629322260470082e-02
1.476608244180445118e-01
9.585979019007613566e-02
4.995836266124072805e-02
2.003105017655250342e-02
2.580387659331646877e-02
1.076804965705033812e-01
6.315365973093231555e-02
1.588413335252711681e-02
4.876157919351491177e-02
5.028451256191505958e-02
6.613756117175337290e-02
1.047150117765693195e-01
1.359851615514153234e-01
4.503666412944417052e-01
4.433227291596780750e-02
3.744655638783009888e-01
8.614616240356541554e-02
2.037583202406598876e-02
2.863749188855907110e-02
2.622396949102091465e-02
7.844141032659869561e-02
4.294778426622756357e-02
1.708864547064385328e-02
2.748266835833441599e-02
1.733954135805805541e-02
1.365101828486121015e-02
2.606569899246791167e-01
1.359843769955593751e-01
1.795585726418496841e-01
4.077348203839913782e-02
4.874777186015400408e-03
4.734718506617313083e-01
1.095590386535165855e-01
8.687113509820945656e-02
8.588812671638915153e-02
3.335579079000305924e-02
8.066828386037634691e-02
2.555579296385866728e-02
2.131373336353754172e-02
1.717110301689726490e-02
6.119105152781959683e-02
6.767351589181951343e-01
4.877560831922798240e-02
1.572826587702513823e-01
8.593764272113231517e-02
1.936705862026004699e-01
7.311497295410503972e-01
8.184459987409466175e-02
9.716300106885623900e-02
4.668551549223476926e-01
6.726349801956413299e-02
3.996531709233026169e-02
6.168313874555257648e-02
3.850656051217127285e-02
2.812545445405728942e-02
5.239648158094266372e-02
1.647389666426565813e-01
5.183767486507100397e-01
3.458156795531747152e-02
1.718592675099899492e-01
1.305838746013491744e-02
4.495655946492521648e-02
6.554622822516739111e-01
6.993181704317810721e-02
3.335462923578559891e-01
8.628873408286752422e-02
7.923264141751650003e-02
1.382347202384853202e-01
5.339437662352065211e-02
8.178952867196559451e-02
3.335686308918334869e-02
2.277914625573700669e-01
3.345453324446050203e-02
9.132683965269805526e-02
1.435945258739053099e-01
1.503956422195794167e-02
2.895021310611190640e-02
6.626627144978633477e-02
8.348399901214154095e-02
2.154662436746051374e-02
3.934038335781786522e-02
8.183088802636884207e-02
5.463614104324000798e-02
1.406065414564738880e-01
4.491355227581505377e-02
5.907416454405111511e-02
8.608020152503383093e-02
1.553111008643644382e-02
8.194752473555425021e-02
6.681654785414478659e-02
1.095916949828383696e-01
3.783474688467908936e-02
3.037701457903825217e-02
3.410451556173180188e-01
2.882242234517181853e-02
8.476137337227256097e-02
1.641826672354603778e-01
7.759532219014898813e-02
9.864791606029608972e-02
6.096293558077001129e-02
8.122982099515757559e-01
3.026179001164455706e-01
2.607268443355445497e-02
9.779787815615106905e-02
4.590728756587600379e-02
3.903229729469383236e-02
8.224713186610346782e-02
1.572361431457429681e-01
2.396272397168699719e-01
9.767530194351619829e-03
5.030732966804055822e-02
2.475186621020205452e-02
1.792625147878157757e-02
6.934310555771783235e-02
3.777983689345729840e-02
2.580586191734052237e-02
8.598434009466465744e-02
7.744151405897480023e-02
1.371581677383992282e-01
3.338278619842619671e-02
3.124259322974168307e-01
7.285335626214710369e-02
6.745229638788279025e-02
3.297051538054886904e-02
8.770515380938806449e-02
8.591744424945402248e-02
1.082854919892416862e-02
1.234018467278464454e-01
1.792191997805498913e-02
8.572334295364693324e-02
9.718177326754898204e-02
2.660436650790479196e-02
8.583833760716962080e-02
1.290226328495155429e-02
3.227523403898123755e-01
8.603225871495449872e-02
2.481650295907077836e-02
1.027198631677754201e-02
2.827133677859653416e-01
4.023013082485393105e-02
1.583952470043229616e-02
2.771768139909617790e-01
5.241580782310872877e-02
6.555226189269759418e-01
2.765714718069780739e-02
6.267939464092953106e-02
3.434986613914685349e-02
1.004719212213712881e-01
1.094630571327797758e-01
1.478614082430856069e-01
7.865196675833907580e-02
7.088817547500608773e-02
2.990110086117037450e-02
1.599254322450865615e-02
8.614451282380836128e-02
8.969086363856945687e-02
1.438499913088914228e-01
2.257066641769202298e-02
1.086923356733159318e-01
5.711336794643487313e-02
9.471878900717681238e-02
1.367406989149038687e-01
1.262708306265923064e-01
2.778425810244358196e-01
4.859706146790609277e-02
1.865174379602757837e-01
3.821312282390129655e-01
8.605023443348805423e-02
1.510691607181041951e-01
1.148761478253600976e-01
6.853342150417705836e-02
6.163227374653498097e-02
3.746293527851252136e-02
9.549255538665540888e-02
3.048997138389554842e-02
1.919663908808029451e-01
2.924570213802459295e-01
2.840490150249742884e-02
9.094902709735938617e-02
2.291761014127003879e-02
1.544611269306341017e-01
4.511454010253493352e-02
7.004291443402109463e-02
6.506850019593839185e-02
9.269027397721026074e-02
9.724160178938993926e-02
1.221980311889082071e-01
7.398313607060393038e-02
2.525818894197882081e-01
4.063345793270789486e-02
3.872680236708770513e-02
8.291467740586036528e-02
4.307226002937928483e-02
7.812727911882029475e-02
2.616230234953534350e-02
2.405675990170426035e-02
5.511883327366719904e-02
5.003555957863780046e-01
4.972163263688095941e-02
5.835312930651311847e-01
1.301678042594717200e-02
5.601376194710356443e-02
2.152457430340237385e-02
1.238959242328320082e-01
1.294155646678229465e-01
5.247282499593873828e-01
1.039020271895893938e-01
6.601348288702627021e-02
8.612097193985053523e-02
1.371398086846650488e-01
2.918501311786557140e-01
1.835006479680207150e-02
1.241985383853240338e-01
1.485037326380136691e-01
1.764811943253706897e-02
4.694687162917633716e-02
3.712525535020542722e-01
4.703857122587211115e-01
1.161001170838581592e-01
9.967492861758624201e-02
3.324227392261743241e-01
1.924496701266781851e-01
4.867902555272440868e-02
8.402944606113146864e-02
3.751419532030606657e-02
4.703217893868352761e-01
4.014590920589104078e-02
2.132799659506851853e-01
1.780717789867488840e-02
7.046414098706271778e-02
4.920718291360515195e-02
7.348092092990494983e-02
3.554318597627420528e-02
1.880227569706360014e-01
2.983984364815780999e-01
4.360251848190467849e-01
4.847979262614460910e-02
1.283381082184739952e-01
4.536494720453500273e-02
7.348340743181589266e-03
8.090141349582166685e-02
2.375884549048424416e-02
4.033847768385576127e-02
5.759378233256515212e-02
1.359935957403229922e-01
1.898199893062867405e-01
1.799640686158074376e-02
4.571884692839354170e-01
5.596277564344588340e-01
9.192741789801338326e-02
1.192147502326618980e-01
7.368660794600662145e-02
8.504710298156566151e-02
3.419169766185178871e-02
2.218543313404503503e-01
2.692093739318287410e-02
6.077900109269140927e-02
8.722683955947783951e-02
3.276758697093802297e-01
2.809360002526890832e-02
2.427352494954405637e-01
1.172984947351282253e-01
6.059638629651330488e-01
2.585899428059090094e-02
8.599511967566778048e-02
6.613701898763260645e-02
1.244077108404727239e-01
1.206198679481715746e-01
1.136663448110576506e-02
8.569136581827051236e-02
9.103626455191908551e-02
5.308463801088137562e-02
1.763406612675932905e-01
4.225626605424902260e-02
3.724233718189909337e-02
8.164193410648694360e-02
4.091277562144415847e-01
5.043683173484703880e-02
9.088463101295463087e-02
3.292556157559117097e-02
1.585733249320414595e-01
3.415350874214094501e-02
1.933535044172374900e-02
7.377653655629273777e-02
6.729690793390337433e-02
3.753091194595311458e-02
7.256419291250273962e-02
8.601348770741744365e-02
9.127630399745197132e-02
1.500514078866958811e-01
2.721705928666595664e-01
2.869462733902855556e-02
1.839171858663485870e-01
2.187970673227991603e-01
6.510319901701630552e-02
2.937350835832567772e-02
3.888580322247848359e-02
9.402947102867348361e-02
1.605919640154239159e-01
1.821742670303876099e-02
2.223815032554635751e-01
3.866331113257230612e-02
8.127529326284873776e-03
5.180719568205135461e-01
7.331241951302117088e-02
1.305989876478838851e-01
1.675668166777424528e-01
9.532557484299296335e-02
1.877564752107047444e-02
9.624625059173955166e-02
4.010253307393552707e-02
1.791673270971747001e-01
2.335952205897451062e-01
2.136086141089189178e-02
1.751797944973836896e-01
9.744502887062722607e-02
5.270798035468866188e-02
4.014889921666114914e-02
1.997633962356799298e-01
5.692227588648450520e-02
1.286205446765372601e-02
3.160982668008734120e-02
4.241080382699559392e-02
4.098066398770901925e-02
5.674622467034198814e-02
1.055433804531957509e-01
8.606356862206891722e-02
9.176971434358652258e-02
2.216966185389876096e-02
8.592088516655659036e-02
5.247282499593873828e-01
1.287517880378038493e-01
1.781410299715330964e-02
8.584416741173642174e-02
4.334985809417851721e-01
1.107418951196451617e-01
2.193012183320730835e-01
1.189917450937368233e-02
4.146736757241371585e-01
5.128306608793078286e-02
6.250377282709944360e-02
1.151617330544611045e-01
7.721503489866185510e-02
9.016237294992754392e-02
1.326957752649986499e-01
1.771688041055269058e-01
8.025996487507588983e-02
4.919286330777186689e-02
8.583833760716962080e-02
1.577870299100150309e-01
8.042235879451910610e-03
7.983080983514483087e-02
2.516260392237070626e-02
4.822969718086606711e-02
4.071049105238901816e-02
2.344418466645734403e-02
2.518974704079064361e-02
6.343376565376705918e-03
4.006077501988356687e-02
1.194714633360716982e-01
7.572754474963439009e-02
8.586464931253733057e-02
3.684672551666291762e-02
4.428566491717023795e-02
8.595107750208082209e-02
3.428246086453053815e-02
1.474039610990912075e-01
1.127706010316245483e-01
1.028141837382599844e-01
8.604738805137214508e-02
3.028561496200694175e-03
4.919932875120930360e-02
2.043844742217542920e-01
4.965688348218277315e-01
7.522703962133606669e-03
2.661990007439327816e-02
9.352683260590957670e-02
8.818020442855843688e-02
1.987985024568617864e-01
2.779919196583847604e-02
9.027706768376175112e-03
2.506847165295665938e-02
1.006746842965659389e-01
8.463337262454932730e-02
1.534525044771462843e-01
1.923368981313500203e-02
1.037249155370739973e-01
2.524282065614032455e-01
1.498876580201796427e-01
5.469895539150129715e-02
2.842704921348863240e-02
2.161973453601582704e-02
5.550473010174390709e-02
9.991947999499196931e-02
1.169084110005070287e-01
1.201404258820157056e-01
7.069553501160630304e-02
1.157301354903539636e-01
3.100698081680189691e-02
2.631769174795016084e-02
1.113693740995890524e-01
1.316146024859700114e-01
9.027352126036967961e-02
5.418796771170820981e-02
9.623640531612093207e-02
2.899539559818245169e-02
4.126473820423055827e-02
9.049168049844849571e-02
2.432317574065460258e-02
2.766334830722316437e-02
1.018639689291186284e-01
1.342030925908725414e-01
2.006081091262020000e-02
3.014336768113851095e-02
7.403478142240140468e-03
8.592208203655377075e-02
8.592986205972770464e-02
5.988493402983128405e-02
2.577863092052739002e-01
4.832347657579386807e-02
9.649366111027421131e-03
4.049080297787618909e-02
1.750275826143820324e-01
3.130270480212927336e-02
5.643830637156607016e-02
2.293326040173312708e-01
2.165197059893596565e-01
5.029187190927399964e-01
8.606701484030310212e-02
6.842784264445976594e-02
7.407530173181246791e-02
8.580007907721708127e-02
7.987125370566669491e-02
5.001652894997724030e-02
3.991168691581054723e-02
6.071355858105743908e-02
3.444766949969404468e-01
2.004731666096225273e-02
5.810100087943420588e-02
4.221205591685225911e-02
1.372855518124776741e-01
3.870763304507600366e-02
1.304102691303626015e-02
4.144709470254123729e-02
5.964736269053790702e-02
5.039732088869570276e-02
5.016287765654236369e-02
2.066593875517841461e-01
4.950473187603413733e-02
1.248268238454510598e-01
6.255411837926938556e-02
8.778560823824718695e-02
1.994537304717149823e-02
2.168066823021686657e-02
6.096434048654127136e-02
2.817851388596054329e-01
1.634887993766338810e-01
9.889597300494962218e-02
1.302952049825308219e-02
1.810934516175299602e-01
3.994102478372090620e-02
6.869004978729966598e-03
1.959363171058326192e-01
5.191713369288993019e-02
8.982561067245373732e-01
2.768168020365064513e-02
1.326427682658681481e-02
1.003554749147374803e-01
3.731192517383981333e-02
5.739445799869995202e-02
1.712754744976251464e-01
5.247282499593873828e-01
1.573865493941328519e-01
8.111108522247070240e-01
3.299598991333727027e-02
9.737153347765135913e-02
6.795920223473472799e-02
8.606626565179299748e-02
1.355214946307347901e-01
1.755470088419698940e-02
9.149426829137700945e-02
1.604919361736477715e-02
1.619292872245160497e-01
6.355458676519197547e-02
4.699697408077037342e-02
1.211232967490396967e-01
3.749313726656611223e-02
7.792781472512852470e-02
6.180246667946093231e-02
1.724825892710342770e-02
1.749898788038291020e-01
4.211353399113917234e-02
2.101892908402983387e-02
4.079368322121239981e-02
9.145915620031579152e-02
4.720899411765800552e-02
7.810287035261151423e-02
1.734017877683213249e-01
1.819649389005286166e-01
4.292110382094486976e-02
2.941506353580269212e-02
2.945253548903338861e-02
7.600173249868537317e-02
1.032956984399506228e-01
4.779907772903150415e-02
6.003908575395074977e-03
5.312272435054828795e-03
6.370758204675788794e-02
2.676386643655721126e-02
5.730035574783325786e-02
1.452834746182634917e-01
8.618322717088128249e-02
2.327126876113181919e-01
6.717578576057565976e-02
1.045310454514074144e-01
1.002642860643782469e-01
2.419148255713125459e-02
6.735966402646371975e-02
3.156782190870777161e-02
3.540980756002758134e-02
1.857062650834209738e-01
1.321886371959827278e-01
9.793136300877839165e-03
1.243308577616779320e-01
1.585767628786264802e-02
2.849849969713886058e-02
1.475130519619644032e-02
1.576430618025514707e-01
1.122719071521743467e-01
8.572987903081186190e-02
6.599332019237832969e-02
1.193373840705042911e-02
8.598434009466465744e-02
1.243298068281722402e-01
8.987469180044639627e-02
1.444344479504501393e-02
2.347939728404431492e-01
1.209111808664180832e-01
2.769957281734322652e-02
1.023697820936537439e-01
1.056849911791621181e-02
3.316809754469393634e-02
5.179554144165646884e-02
8.606941228323340687e-02
5.247282499593873828e-01
8.602264964769897049e-02
2.305449300299218518e-02
3.560333114108681085e-02
6.834918857142930140e-03
8.542464401222077397e-02
4.166467689410443750e-03
1.681714896791317027e-01
8.904362984529132219e-02
8.548473752249759194e-02
8.147697075366040764e-02
7.186956706449372512e-02
7.524329606682546301e-02
1.194595733266623494e-01
3.299749001399655129e-02
9.267723092913533744e-02
1.092184615702044698e-01
1.167254822960164529e-01
4.305658657059646122e-01
1.042575921438348291e-02
3.139522899894623548e-02
1.216296709999656195e-01
3.296842291270789954e-02
7.032581595745858449e-02
8.596517941758280434e-02
2.549846880013741796e-02
4.312164662789103736e-02
5.896504653776001026e-02
2.098647731880463538e-02
4.765554870700006856e-02
8.577976051851506079e-02
3.455911124090833009e-01
1.303293375464331660e-01
1.207682583838046858e-01
1.611301026170932835e-02
2.590689086651895567e-01
7.967543645887624482e-02
2.839461218982490889e-02
3.336411268405454766e-01
7.082718969714875412e-02
2.839103215286578955e-02
2.205001759722105825e-01
5.590855323488985729e-02
2.057168443574255434e-01
1.251406182286848301e-01
1.537116212748618205e-01
1.025409546035666308e-01
2.431951754413115216e-02
5.388875554912522098e-02
3.127631543968229649e-02
5.727121615691369710e-02
4.633441447891104015e-02
5.247282499593873828e-01
8.405968289136193927e-02
3.527470526718481242e-02
1.336920425578080329e-01
6.927695845562646670e-02
8.664889198247457958e-02
7.638412278200656935e-02
8.585986482262313035e-02
3.884483169536711439e-02
1.181832867845868523e-01
5.456118423486870650e-02
2.717182944035167469e-01
8.607780380987738178e-02
5.644883292063755942e-01
2.538901794307478824e-02
1.728783210772588952e-01
8.585986482262313035e-02
1.762435975024869914e-02
7.102381370217676626e-02
1.233118042827915373e-01
2.190455643031464228e-01
1.156950445595580634e-01
5.857157375125765508e-02
1.792228552768047045e-01
3.807843534658241630e-02
2.291471027321216047e-01
8.596038985275128441e-02
3.488464980700248241e-02
4.274170297694512149e-02
3.605705398097282244e-02
1.373595682394612993e-01
2.806642942884833916e-02
1.129909703716597408e-01
5.247282499593873828e-01
8.801784837823956043e-02
8.287668032102162019e-02
6.121745815938008095e-02
1.807224380635849559e-02
4.516801967923500527e-02
1.168057629624011801e-01
1.059792569387744098e-02
2.645757915948117323e-02
2.590165931605248884e-01
1.604277006062265476e-01
3.556990525158953975e-02
3.762591174255113663e-02
8.594482543663309326e-02
5.221914579708032689e-02
4.715771132383404091e-02
3.152469829736750245e-02
1.135855660429538339e-01
1.206690977634732875e-01
5.926715783091671130e-02
2.614939778875940424e-01
1.259632988446503787e-01
6.559250154979720526e-02
1.249376396924129634e-01
6.218449666977021728e-02
1.367952946916790036e-01
5.247282499593873828e-01
1.608193270915871387e-01
3.730914282865788190e-02
3.935504333215768952e-02
3.021283164258132259e-01
6.664372812006146007e-02
3.253068317532331610e-02
8.274419069462475573e-02
4.666238434559833587e-02
4.702935834540837579e-02
4.973112038799364087e-02
3.108852178643004560e-01
9.103241172741700915e-02
2.447388563818558849e-01
5.338904378931295241e-02
1.428133142008919387e-01
1.440440521879360058e-01
6.820542672876189760e-02
2.032472079771074566e-02
2.446248474737992562e-01
1.321043655736095224e-01
1.597875433930373915e-02
2.446512943711590463e-02
8.027827278098328620e-03
6.845135865373929152e-01
5.420277358515698286e-03
4.462501657654732723e-02
1.618581071136188931e-01
4.143929755833432316e-02
1.290318324151842715e-02
4.350210676053928999e-02
2.229389619770513753e-02
5.130262184380670470e-02
1.127094397846110929e-01
7.580640104106524391e-02
1.062415882061590183e-01
1.162300259537756009e-01
1.314767972662912454e-01
8.673691404608213640e-01
1.613189452176137517e-01
5.506992585163588555e-02
8.594063545316259212e-02
8.619416270210061848e-02
9.466533744515469306e-03
1.906959876290876821e-01
1.166045149103720063e-01
8.408015006197991359e-02
2.368696151703552841e-02
9.011703884930451214e-02
1.326352356008256017e-01
8.536415286097574773e-02
8.000471643786677411e-02
5.373865320194202988e-02
