2.290913157566314140e-01
2.579121118323002837e-01
6.623180818302425166e-02
6.099671821844603742e-02
2.579121118323002837e-01
2.579121118323002837e-01
1.174487138682419191e-01
2.579121118323002837e-01
1.999578673234952975e-01
2.450268734526029127e-02
2.579121118323002837e-01
4.409316285668585245e-01
2.579121118323002837e-01
1.223235794563830858e-01
2.579121118323002837e-01
2.579121118323002837e-01
2.579121118323002837e-01
2.579121118323002837e-01
2.426400436127497395e-01
2.480590433190311694e-01
2.579121118323002837e-01
2.579121118323002837e-01
7.065957157939026234e-02
2.579121118323002837e-01
1.252322035555035740e-01
2.509126708074600476e-01
5.408637699937498405e-02
1.467424670776361628e-01
2.579121118323002837e-01
6.966115993656636363e-01
1.542205332916378735e-01
2.929845644558739387e-02
2.579121118323002837e-01
2.556299287724406871e-02
1.709072113803962456e-01
1.517016120453292261e-01
2.579121118323002837e-01
3.698430686281394819e-01
2.579121118323002837e-01
3.912863225747358759e-02
2.579121118323002837e-01
5.009400158255215008e-01
5.609430482572512477e-02
1.018123904971391519e-01
2.043340723292776939e-01
4.996229080456091737e-02
1.845702270305777937e-01
3.989373352383211724e-02
2.678771937495367794e-01
2.579121118322999506e-01
9.116245458120758594e-02
1.803522999639710911e-01
2.579121118323002837e-01
6.720507302577810593e-02
5.034537488746666789e-02
2.579121118323002837e-01
1.314078366558354971e-01
3.644073559019458605e-03
2.579121118323002837e-01
7.881560943492890714e-02
2.410483948997440007e-01
2.579121118323002837e-01
2.986391925103644776e-02
2.579121118323002837e-01
9.891842818758059264e-02
2.091895047063753732e-01
2.579121118323002837e-01
2.579121118323002837e-01
2.579121118323002837e-01
2.579121118323002837e-01
2.579121118323002837e-01
3.514103895782997866e-01
4.358206589746956711e-02
2.579121118323002837e-01
2.410501226757844062e-01
8.846342037400729830e-02
1.608910669187602616e-01
1.663286874929444936e-01
2.960079740207864907e-01
3.566417455226295607e-01
2.579121118323002837e-01
2.579121118323002837e-01
2.119136875656975338e-01
2.579121118323002837e-01
2.579121118323002837e-01
2.724934754909851820e-01
2.579121118323002837e-01
1.887532453090133011e-01
3.323836129624425234e-02
2.579121118323002837e-01
1.842811531791086477e-01
1.687690092003344133e-01
2.209845895639127866e-01
2.579121118323002837e-01
2.579121118323002837e-01
2.579121118323002837e-01
2.579121118323002837e-01
2.579121118323002837e-01
2.579121118322999506e-01
1.419365499633289951e-01
1.097637768834675009e-01
2.579121118323002837e-01
2.514500700728046212e-01
2.477120483897492231e-01
2.579121118323002837e-01
2.198469167686555037e-01
1.871517531347669794e-01
2.579121118323002837e-01
2.890581012318008125e-01
2.579121118323002837e-01
2.455847340166895099e-01
1.851594039342969455e-01
1.624018233340149275e-01
1.227895372380123917e-01
1.751847013222674332e-01
2.579121118323002837e-01
2.579121118323002837e-01
2.579121118323002837e-01
2.579121118323002837e-01
1.085927836518342238e-01
6.740705653087655791e-02
2.579121118323002837e-01
1.692591079616942162e-01
2.579121118323002837e-01
9.239970902335299663e-02
1.882059808368881371e-01
1.486756606426894722e-01
1.616383589652450881e-01
2.096026555306572114e-01
8.416822759866425530e-02
2.802994963969102082e-01
2.579121118323002837e-01
2.579121118323002837e-01
1.560291427148881582e-01
2.755519645098348236e-01
1.372576047796502940e-01
2.313690263368496647e-01
2.714982906534943452e-01
2.153917895277721872e-01
2.579121118323002837e-01
2.579121118323002837e-01
2.579121118323002837e-01
1.811925244857788275e-01
2.579121118323002837e-01
2.397456896339983934e-01
1.005976169638413964e-01
2.579121118323002837e-01
6.123708935113813395e-02
2.579121118322999506e-01
2.579121118322999506e-01
2.579121118323002837e-01
1.808817811703969103e-01
2.579121118323002837e-01
2.579121118323002837e-01
1.808697497873878179e-01
3.738566520476415134e-01
2.579121118323002837e-01
2.945708071351201690e-02
2.579121118323002837e-01
1.299531180399325914e-01
1.527301081613084976e-01
1.556504969147184947e-01
4.884777842567904205e-02
2.676888818338986342e-02
2.997998673421243265e-01
2.579121118323002837e-01
2.683389316634052571e-02
2.964543050865436902e-02
2.579121118323002837e-01
2.579121118323002837e-01
1.989811199484403381e-01
4.002003811196609417e-01
5.497233010151635069e-02
1.163210168733073008e-01
3.418295041882795093e-01
2.327813066527878796e-02
2.579121118323002837e-01
2.579121118323002837e-01
6.790033881323471673e-03
2.579121118323002837e-01
2.235337146499837557e-01
1.689788949443367383e-01
7.142744958450078507e-02
5.119514456334982311e-02
1.273456551314521012e-01
2.579121118323002837e-01
4.162190608628558719e-01
3.548289960044666569e-01
7.452970563733764264e-02
2.579121118323002837e-01
2.579121118323002837e-01
2.579121118323002837e-01
4.253767231319201259e-02
1.658397133020358405e-01
2.579121118323002837e-01
2.579121118323002837e-01
1.345820804448780716e-01
2.345378432703759952e-01
1.111982995515391620e-01
2.525591551620450792e-01
5.608405427723330700e-02
4.733395734630710394e-02
2.579121118323002837e-01
1.722941203325625559e-01
9.707051194124262372e-02
5.208349588517355300e-02
2.579121118323002837e-01
2.411591243235352289e-01
1.207312239060410498e-02
2.114850447395825450e-01
4.983388850842258161e-02
2.579121118323002837e-01
2.033171682519626655e-01
7.703412170418076632e-02
6.608444662745507903e-02
1.794750614129130561e-01
2.579121118323002837e-01
6.184961567341906025e-02
2.579121118323002837e-01
2.579121118323002837e-01
2.136665733947817891e-01
2.455337244978023914e-01
1.850715265042376101e-01
4.526840801180585100e-02
4.133345146678670673e-02
1.147563820316482297e-01
2.579121118323002837e-01
1.737653186957732188e-01
2.742413463078775537e-01
1.929854986920897797e-01
3.961325188483444393e-02
1.655300902751599135e-01
1.672967730076679177e-02
1.746085381860972285e-01
2.020667173034811082e-01
1.682888885551219182e-01
4.255442075057108003e-02
5.224914525482295957e-01
2.027783808918080244e-01
3.385926250614124805e-02
6.859588149931520988e-03
1.009214580612983192e-01
2.088851532405937017e-01
1.338046335090800620e-01
2.579121118323002837e-01
2.499350895415898555e-02
1.627026773313637598e-01
4.628478184278115443e-02
2.579121118322999506e-01
4.518380672842706169e-02
7.398151560865079412e-02
1.242807063195177225e-01
2.002232466743544825e-02
1.628971944363870883e-01
3.339685589764709167e-02
1.697632636757181179e-01
1.307137324215636338e-02
2.579121118323002837e-01
2.579121118323002837e-01
2.579121118323002837e-01
3.196882743182033471e-02
4.921484170474135084e-02
2.676610284149101293e-01
2.579121118323002837e-01
8.396324287570268441e-02
1.553431536954402725e-01
2.322065713926790009e-01
5.896935299291609228e-02
2.002496847188744988e-01
1.685979519020542328e-01
5.998149775471021961e-02
5.714196108296812869e-03
2.579121118323002837e-01
3.886800444800444371e-02
1.203983712724485955e-01
2.579121118323002837e-01
2.407298414336586090e-01
1.128251693638819553e-01
1.655192967167774254e-01
4.679727754746114410e-02
1.142694647798959545e-01
2.579121118323002837e-01
1.106856773268093397e-01
1.246225224973995793e-01
2.022223668175744948e-01
1.923127253293577810e-01
3.928503369516417321e-02
2.579121118323002837e-01
6.663617570591712225e-02
2.346640395685749558e-01
8.424399573897428661e-02
1.706416424750289984e-01
2.579121118323002837e-01
1.292015543476792566e-02
9.940703953197124049e-03
3.211059249625218548e-02
1.939170504131177211e-02
2.579121118323002837e-01
1.733927743950988004e-02
7.772421689328731960e-03
3.225331930805850900e-01
1.170924937700084517e-01
2.579121118323002837e-01
3.132081523308749560e-02
7.747323492193390615e-02
1.695580722980860253e-02
3.468651753136954841e-01
1.528131939147272245e-01
6.416381757159360377e-02
8.130351916449812810e-02
1.233700428914602173e-02
1.063755475021076029e-02
1.591143999811703291e-01
2.020760875958305669e-01
5.104192407564554779e-02
7.378766050648129238e-02
2.579121118323002837e-01
3.411360555587643340e-02
4.850546716917181200e-02
1.759327210308376244e-01
4.985097141966035594e-02
5.014151214687512237e-02
1.892484978167620346e-02
1.006866350099062252e-01
2.113017805347274514e-01
2.579121118323002837e-01
1.681600408969328442e-01
3.939951173898859071e-02
2.076075692051236599e-01
1.059550385312350990e-01
2.579121118323002837e-01
7.752006292137791910e-02
2.579121118323002837e-01
3.274226078606223833e-02
3.941761643915708130e-02
2.362298325694190543e-02
4.609105455400441809e-02
1.002687683997416021e-02
3.878867596619634678e-02
1.291267832279574812e-01
2.579121118323002837e-01
1.917858793108435655e-01
2.579121118323002837e-01
6.813665004972756234e-02
2.579121118323002837e-01
5.574925075020668169e-02
3.908723321688723495e-01
4.226057027598120047e-02
2.579121118322999506e-01
1.691406365083980567e-01
2.579121118323002837e-01
2.091272532776152770e-01
9.017684568764325337e-02
2.045646573639346988e-01
1.484668038723487536e-02
2.194947002430190988e-02
6.239310060210225689e-02
1.475722145939325491e-01
2.579121118323002837e-01
3.885940301572854416e-02
1.145018494921033192e-01
4.740027021663516249e-02
7.425374947019985905e-02
1.645141135124635612e-01
3.941359248312108904e-02
2.263424200448281853e-01
1.157475093204076710e-01
3.519257411876541841e-02
2.141529281299596812e-02
1.096314431437227233e-01
2.557109914222812849e-02
2.579121118323002837e-01
1.834396379355880957e-01
1.228153944164598887e-01
7.096147564787960715e-02
2.665580427299096486e-02
3.976001419951203514e-02
2.195986720700082717e-02
2.579121118323002837e-01
3.953811487667915903e-02
6.058165079989354107e-02
2.579121118323002837e-01
1.188266486745132577e-01
1.834253240244465566e-01
1.774850169992009952e-01
5.674930627689906554e-02
1.487593330905700728e-01
1.718594854165867714e-01
2.233264035473319850e-02
2.579121118323002837e-01
2.991115030351129342e-02
5.013085329508908811e-02
2.579121118323002837e-01
2.065103596473953917e-01
1.643797006272902303e-02
1.682703765246406497e-02
1.217991409514690426e-01
1.070144542181616087e-01
5.653072011727656998e-02
2.923359658932447314e-01
3.975095307846548270e-02
2.154912419010089272e-02
2.579121118323002837e-01
2.291282927691775939e-01
1.196432476436700039e-02
2.579121118323002837e-01
2.579121118323002837e-01
4.714850260579563773e-02
2.082272713186398005e-01
2.579121118323002837e-01
1.166139582306639950e-02
4.013091467023346959e-02
2.260491168843746790e-01
8.812510611525052606e-02
1.880418795524431697e-01
1.902480408927404998e-01
4.050926783190302721e-02
4.056012232636874854e-02
3.621530019767695008e-02
2.146595625290802223e-01
2.579121118323002837e-01
2.579121118323002837e-01
3.296971174842137919e-02
2.288609216471258062e-02
4.162428562686819322e-02
4.261844276434553214e-01
1.626870394808671572e-01
1.280653431767277417e-01
4.852804973044743536e-02
1.504509506514365991e-01
1.960985808026132204e-01
3.884467368193244424e-02
2.579121118323002837e-01
3.873587665456706963e-02
1.946270369124845079e-01
7.328242409548893499e-02
4.354102959459547062e-01
6.878045955935234435e-02
1.808367599151205762e-01
2.522095683640022123e-01
2.579121118323002837e-01
3.186112705937107353e-02
2.579121118323002837e-01
3.212585473605850117e-02
2.579121118323002837e-01
3.826508072347178935e-02
1.423934658395621944e-01
1.761070945990344250e-01
7.224062401268623035e-02
1.680747086857317107e-01
2.579121118323002837e-01
2.313733285764023873e-01
2.839018010485410137e-01
8.983624425197662966e-02
1.182851368006633819e-01
2.579121118323002837e-01
2.832686149851303958e-01
2.551998572672655591e-02
1.576164682897592817e-01
1.500472829120827190e-01
6.194516482414111347e-02
1.454122111533075710e-02
2.579121118323002837e-01
2.579121118323002837e-01
1.851489678226471980e-01
9.741040072586974741e-02
4.023877315576974978e-02
3.907099730466211118e-02
6.230588357852463038e-02
2.454411484181167821e-02
3.676407453201024356e-01
1.513890679010996276e-01
2.938266158612785617e-01
1.285548933343409229e-02
8.458345331446708026e-02
2.579121118323002837e-01
2.579121118323002837e-01
2.579121118323002837e-01
1.406590641378468176e-01
4.699816632619510659e-02
3.343709710460428253e-02
3.313585395176808779e-02
1.717632604897664783e-01
2.146037424947181207e-02
2.579121118323002837e-01
1.008216062746154218e-01
2.494147145618049177e-01
9.078801302519605432e-02
2.079705847972358052e-02
4.298843603941406022e-02
2.579121118323002837e-01
5.976987939413797718e-02
1.923800015781884989e-02
2.579121118323002837e-01
1.973177710963205378e-01
3.241171306908909727e-02
2.579121118323002837e-01
1.964884468138665963e-01
1.630612109371372964e-01
3.578454392221136482e-02
2.114951916973291379e-01
8.750333225462597619e-02
2.145124616162761427e-02
3.243118378273716906e-02
2.890843600348696335e-02
9.163418901124259844e-03
2.375837515956361057e-01
1.657033075722525450e-01
3.860560810520579506e-02
1.279544648742908693e-02
3.511091721149044859e-02
1.343433635740315032e-02
2.064617210337823389e-02
1.251355022197902511e-01
3.437626953428294524e-02
1.903539606628439074e-01
3.513393398971596526e-01
1.601777948707194532e-01
3.255721128261208214e-02
3.487386702071662570e-02
5.608273559028238708e-02
5.698920907598955393e-02
3.945384977627196255e-02
5.538324009187711033e-02
2.430514358731203639e-01
3.056098463090507478e-01
1.457222234514974138e-02
5.417251507906081093e-02
1.768895728085596170e-02
2.579121118323002837e-01
4.046348976480770160e-02
7.120432318620219247e-02
2.579121118323002837e-01
5.216235729504580670e-02
1.629746602108682052e-01
2.691654923194532548e-02
7.920484049193246556e-02
1.569102358708873712e-01
2.126920339406930191e-02
2.579121118323002837e-01
1.114588888242049568e-02
2.579121118323002837e-01
2.579121118323002837e-01
4.220547323315892996e-02
9.976161592785401377e-02
2.428899187222291201e-01
4.999802511718909326e-02
1.856752252436812828e-02
5.435984574965019300e-02
5.586844808054776401e-02
1.137284340032682084e-01
2.637280215581692608e-02
4.019933619886766757e-02
5.093601305263263657e-02
2.811911970306913422e-01
1.207418510587010899e-02
2.856714489714096486e-02
1.881360788234413134e-02
1.645874718503399781e-02
2.949040510999780679e-02
2.579121118323002837e-01
2.579121118323002837e-01
1.858721740402741185e-01
2.063602540146057263e-01
8.154334461058264372e-02
4.259776561899807079e-02
2.107527312529846042e-01
4.686713433839474058e-02
1.332908187921238823e-02
2.579121118323002837e-01
2.499927063414336958e-01
1.094816027864763675e-01
3.365210084829019510e-01
3.530321041626402478e-02
1.127006082031710016e-01
3.945720632997323091e-02
2.323284501409842717e-01
8.329020836690405674e-03
1.199431861010787428e-02
1.573263952678071731e-01
2.381171467756976190e-02
6.889401327624686266e-02
1.787736654328518637e-02
4.928665443781806571e-02
3.919568218363121692e-02
6.081904730508375101e-02
2.208569167786152143e-02
3.004754575102194444e-02
2.579121118323002837e-01
3.601131309593359059e-02
3.103087053429288283e-02
1.567847189797426377e-01
1.171310897103449850e-01
1.979041067435996157e-02
2.579121118323002837e-01
1.958234562159736347e-01
5.188131940877772214e-02
1.420795404132664808e-01
3.418414770537598398e-03
2.775044863021199348e-01
2.394342048698989978e-01
1.817745794603221332e-01
3.917065344359772772e-02
1.639202353443481031e-01
5.260290581259110393e-02
1.783746520850232331e-02
7.521201613263826802e-02
2.579121118323002837e-01
2.579121118323002837e-01
2.148730455426145491e-01
2.579121118323002837e-01
3.788508895787995323e-02
2.579121118323002837e-01
1.713655866348408885e-01
2.271654072627784723e-02
1.394776266095515971e-01
1.835594519453862261e-01
3.110052394366219844e-02
1.692078300405996383e-01
1.950374167696869165e-01
5.119466924287308096e-02
1.201880340601253067e-01
6.059981310394431109e-01
3.387483829706469662e-02
1.630955771180588321e-01
1.814687571003751609e-01
5.058895108729467155e-02
2.339629278300347365e-02
9.200898521940397909e-03
2.579121118323002837e-01
2.034704856215071300e-01
2.578810034035387833e-02
5.049741190617738906e-02
2.579121118323002837e-01
3.968366526505483216e-02
1.212603188699333673e-01
3.789596347776398068e-03
2.867981392514318828e-01
1.357307819252987491e-01
1.993587565511917570e-01
1.311016693214230380e-02
2.579121118323002837e-01
3.148465206223983182e-01
1.346765748479622216e-01
1.913613838513483489e-01
1.636584071979792568e-02
8.433726415470585991e-01
3.911691053230011150e-02
7.132736028958022723e-02
2.579121118322999506e-01
2.160859207878731633e-02
1.011621264786554120e-01
1.133204664059616201e-01
2.380048164936994781e-01
1.688473256343352991e-01
3.410766219865367099e-01
3.243540375081776367e-02
1.459105761258809586e-01
4.346913643334897326e-02
3.124116548315638009e-01
7.121578857751033331e-02
3.862046461783766316e-02
2.417503340665860534e-01
1.208305037237840524e-01
1.724633937920797278e-01
1.771573043179414941e-01
2.579121118323002837e-01
3.968609545153985174e-02
2.579121118323002837e-01
2.579121118323002837e-01
1.701732610578374216e-02
2.579121118323002837e-01
2.579121118323002837e-01
2.579121118323002837e-01
4.524481104850907459e-02
2.657166094217647614e-02
1.948030631410226088e-01
5.583937568100497822e-02
2.579121118323002837e-01
1.983913704991239757e-01
1.936523190027766017e-01
3.672994121342981061e-02
2.320250355688111554e-01
3.925215529462165731e-02
4.150636587195394994e-02
3.610373273701071584e-02
1.290741065812884558e-01
2.579121118323002837e-01
2.579121118323002837e-01
4.474061659539195213e-01
7.827588060412014881e-02
1.391080821813037438e-01
5.780962356305903785e-03
3.801923075895816823e-02
8.120011141670720189e-02
5.175845648953551759e-02
1.889162534283252148e-01
1.290198838313602082e-02
1.341915588930538417e-01
1.441974130382442723e-02
2.663985721698730602e-01
2.206072816392726788e-01
6.155708693403613707e-02
1.876075433580039198e-01
1.842136176340094522e-01
2.579121118323002837e-01
1.485076264420261971e-01
3.230762470607308479e-01
1.718768284281392833e-01
2.579121118323002837e-01
3.453188729237711280e-02
1.157606074144634928e-01
3.970431062102035280e-02
1.612856764647322694e-01
1.697938296403335157e-01
2.071811027127562765e-01
3.917687513800908322e-02
2.579121118323002837e-01
3.927162951368760868e-02
1.838796548324592856e-02
2.579121118323002837e-01
6.848694119382768564e-02
1.541245232719911651e-01
1.833798000351105073e-01
3.877811058165818447e-02
2.579121118323002837e-01
1.955069888153569413e-01
3.108969933333390334e-01
8.365427714378081969e-02
2.586182158460873654e-02
2.416047394538064497e-01
2.579121118323002837e-01
1.045318021359265270e-01
2.443187059234382397e-01
6.157768195652157245e-02
2.575476641034580780e-02
3.915647728535039812e-02
2.579121118323002837e-01
1.873945408417358460e-01
2.579121118323002837e-01
2.579121118323002837e-01
2.758341387672921252e-01
2.338496704667121229e-01
5.416802935094095633e-02
1.557776752876815357e-02
2.579121118323002837e-01
3.949334017682430698e-02
3.215259209293249709e-01
7.997017196740517642e-02
3.892770346460163594e-02
4.654986656397313433e-02
6.785821600246411123e-02
2.579121118323002837e-01
4.282353028776246517e-02
8.285163335581509358e-02
3.160794788940188976e-02
2.579121118323002837e-01
3.136883560390624770e-01
2.579121118323002837e-01
2.579121118323002837e-01
4.396679094265695809e-02
9.269926079349471992e-02
5.178122252570463435e-02
1.686584189264306033e-01
5.242093970261033770e-02
5.546869894694483882e-02
1.638153499290670445e-02
7.723068076750197464e-02
1.338041386104341646e-01
6.123680877973813885e-02
1.819234260827927996e-01
4.346351382141697139e-02
2.579121118323002837e-01
1.637476379902672863e-01
3.296261476254921247e-02
2.508592725588161890e-02
4.655350761235861334e-01
1.866087324990325924e-01
3.332313383995905848e-02
5.892640729248194847e-02
3.555460344830823627e-01
9.190319269022435844e-02
2.496472244340648128e-01
2.579121118323002837e-01
5.880076093716121721e-02
2.579121118323002837e-01
2.579121118323002837e-01
2.521211923753439721e-01
1.533250080173636787e-01
3.924694528959524892e-02
6.595001999342443855e-02
3.935729844562559782e-02
2.297216182046258603e-01
2.117214842594747348e-02
2.437466217494360932e-01
2.016307479982669057e-02
1.945544307297971676e-01
3.841710366498529011e-02
2.579121118322999506e-01
3.918087591200433012e-02
3.092547302177910962e-01
2.187182610822057116e-01
5.413897840206651629e-02
4.635742510487976531e-02
1.860679694250313987e-02
1.268470042627433125e-01
2.560905143324358410e-02
2.579121118323002837e-01
2.579121118323002837e-01
6.637450749077380974e-02
1.111627495155449452e-01
2.579121118323002837e-01
3.166234342620313086e-02
6.894430132159902469e-02
1.840481251249753702e-02
1.764116855496819514e-01
3.190557459492809889e-01
3.122934782770729611e-02
2.395094067766649279e-02
5.542572993789501856e-02
6.035380632069611839e-02
2.133003763568570160e-02
3.814461139655892508e-01
2.579121118323002837e-01
1.543475535102702689e-01
3.274152516245935896e-02
1.652068876414556908e-01
4.113848163940561631e-02
3.106855223561884316e-02
1.598486014893409912e-01
2.579121118323002837e-01
2.579121118323002837e-01
1.920488231581302385e-01
2.579121118323002837e-01
4.600937612668414278e-01
1.375389940439371295e-01
3.055631371847629049e-02
1.838325930466679428e-02
7.105128009305886061e-02
1.522616373677300461e-01
2.963922584733469368e-02
1.395076711880719189e-01
1.230919219426234307e-01
1.293142757466479199e-02
2.326049790310552867e-01
1.262820978212850220e-01
2.864504036391977287e-02
5.026537326201240691e-02
5.635070518575954063e-02
2.198907599336616669e-01
5.703060081945190291e-02
1.525681331348469894e-01
6.511578676444891578e-02
1.132341778428436023e-02
1.688442342321875775e-02
2.033699462959911164e-01
1.296663801995977076e-02
1.489948594494071576e-01
2.002491767450509941e-01
2.579121118323002837e-01
6.341599647627890746e-02
1.507789507822747399e-02
7.246422867738466778e-02
2.054087615507181885e-01
2.579121118323002837e-01
3.583678511785296505e-01
5.996740343300857590e-02
2.201224141123867828e-01
1.334263634610743376e-01
1.084286941350520728e-01
2.579121118323002837e-01
2.579121118323002837e-01
3.042671302477108902e-02
3.949616236959103271e-02
1.349011873269601869e-01
3.476951792632999166e-02
4.065919993650111974e-02
1.067801692212895226e-01
2.579121118323002837e-01
1.645470533825896253e-02
1.612657594068487577e-01
1.797942023631874525e-02
1.430089910487293281e-01
1.112703686572652367e-01
3.305734066380221492e-01
2.006421910105155582e-01
1.827712627613629209e-02
1.687450953768637046e-02
1.704927285601880518e-02
2.579121118323002837e-01
2.097392767116262324e-01
8.555115199918980617e-02
1.435282428988475523e-01
2.579121118323002837e-01
8.383985430610937581e-03
2.574372607079551400e-01
2.579121118323002837e-01
1.209611182282113381e-02
3.483449766324950292e-02
2.579121118322999506e-01
2.579121118323002837e-01
1.386562747822217834e-01
3.465622085456875057e-02
1.678557945290006514e-01
1.653233471695827669e-02
1.107685324583509018e-01
3.960314486662875472e-02
2.579121118323002837e-01
3.933520403453913405e-02
5.092221713509480219e-02
2.579121118323002837e-01
1.343892206502352027e-01
4.819865430093993319e-02
3.889858740039127405e-02
1.855718312312530649e-01
7.031212414210351314e-02
6.105677564245705347e-02
3.980372470455999234e-02
2.579121118323002837e-01
1.634500763621945379e-02
3.982673036752689549e-02
1.973177710963205378e-01
2.579121118323002837e-01
3.899127132771542520e-02
2.258131039159154418e-01
6.669729540010040092e-02
2.640969378080877950e-01
2.579121118323002837e-01
7.684899505014775034e-02
2.579121118323002837e-01
2.579121118323002837e-01
1.212807808851115374e-02
1.218862163952626372e-02
4.390440416059038231e-02
1.636536288613069656e-01
5.215970867320932070e-02
2.076729948044334639e-01
2.579121118323002837e-01
2.579121118323002837e-01
2.771865893818979409e-01
6.866273236119221912e-02
2.526589086571414677e-01
8.006996179802237934e-02
2.621862159870806952e-01
7.402074421207673061e-02
2.225192977109410886e-02
8.903845649802942866e-03
7.611449823016486205e-02
1.578403460493974508e-01
2.097053531990105135e-01
6.007093468528222624e-02
1.920016292706567401e-02
2.579121118323002837e-01
1.589698323471085695e-01
2.579121118323002837e-01
1.093968868502659814e-01
1.758718293264979471e-01
3.209161728153659965e-01
3.240713881208042713e-01
2.148741331873875726e-01
7.155982827994250388e-03
7.749522511818222881e-02
1.496139094749317500e-01
2.579121118323002837e-01
3.126705410423017417e-01
3.658707027072001516e-02
2.579121118323002837e-01
5.629262307039902685e-02
2.579121118323002837e-01
3.142130522619232535e-01
6.582452306525344091e-03
5.236697486878595653e-02
2.579121118323002837e-01
2.579121118323002837e-01
2.579121118323002837e-01
3.560839597011947188e-02
1.941637499226718869e-02
2.168035312651826751e-01
4.368212745315062928e-02
2.193667479898794154e-02
1.013122151761637058e-01
3.873125999784723245e-02
3.858078306779776784e-02
1.059874167724512289e-01
9.216791671015771292e-02
2.579121118323002837e-01
2.579121118323002837e-01
1.593401479776045127e-02
5.657243146950754337e-02
3.898609454511076100e-02
2.213157675220455145e-01
7.672352982449828773e-02
4.378007397065079853e-02
5.678743411735966834e-02
2.507063437721447352e-01
9.303546258901521093e-02
2.579121118323002837e-01
2.742311271333231285e-02
1.456640203915722520e-01
2.066014041980114568e-01
6.290811092508212521e-02
1.271944284198196773e-01
4.098359064762707171e-01
4.812832887052567732e-02
1.230600590988089119e-02
1.409860517424484649e-01
2.579121118323002837e-01
8.511226395748335005e-02
3.303851929351278582e-01
1.796422813609181435e-01
2.579121118323002837e-01
2.686549502580792143e-02
2.426310968322665379e-02
2.579121118323002837e-01
2.234247245826882500e-01
3.572973813899761597e-02
3.922370873181716538e-02
1.353124532191010421e-01
2.547814411215597666e-02
3.039365688876398686e-01
1.978164255939275362e-01
2.579121118323002837e-01
3.900456593340791145e-02
2.579121118323002837e-01
2.015257650492570940e-01
1.889047770462166376e-01
6.150238848666291641e-02
2.997956841533743269e-02
1.667122481287372782e-01
2.424938658733251373e-01
2.579121118323002837e-01
4.367967030257653704e-02
2.579121118323002837e-01
1.708312623127358765e-01
1.621565468885543052e-02
2.189084256055495725e-02
1.806955429387431811e-01
2.664748852585421129e-02
7.486678705284831488e-03
4.424539691531880620e-02
1.366169572790376305e-02
5.965673814163555133e-02
5.946187641648309485e-03
5.418354643467033771e-01
1.978164255939275362e-01
2.736200167407157671e-02
2.579121118323002837e-01
2.548589589417863954e-01
2.001494704221822366e-02
2.579121118322999506e-01
2.428152875376625164e-01
1.363787844311545143e-02
7.065190311349184293e-02
1.806091301940816463e-01
2.042195539804605164e-01
9.105494580043106689e-02
2.610054069267057908e-02
1.362897076065227864e-01
7.604767153804072033e-02
3.523205547138261728e-01
1.461309479450417226e-01
1.803081219625763953e-01
2.579121118323002837e-01
1.696679723572521586e-02
2.187271215943720759e-01
3.364226090141119174e-01
1.321512606310216997e-01
2.579121118323002837e-01
2.527435424908829886e-01
1.662044452056909705e-01
2.579121118323002837e-01
2.284056554149739571e-01
2.127137414372503033e-01
5.044591664309299589e-02
2.579121118323002837e-01
2.123494166468166411e-02
2.579121118323002837e-01
1.653623484568450541e-01
3.913622284010782187e-02
2.579121118323002837e-01
2.092194542352159015e-01
7.795614421431248595e-03
4.441079253134863625e-02
1.413736467746992687e-01
1.123317366528453903e-01
8.175378261887389364e-02
4.000527811159709096e-02
9.494775686636418299e-03
4.883871826653844728e-02
3.566448797572480817e-02
2.635755307602772116e-02
3.976515422268058625e-02
2.082272713186398005e-01
3.897852966440063655e-02
1.259995467468621733e-01
4.161647296095948023e-02
7.214377190040023591e-02
7.400396810417105009e-02
5.190208653230476976e-02
4.060550048931577810e-02
5.099549930355164185e-02
3.950422684310238297e-02
1.223501345128914647e-01
2.550912961013520816e-02
3.936292437763026092e-02
3.992347767135506070e-02
1.811861548376314801e-01
2.579121118323002837e-01
1.921869664495548802e-01
8.343522668028295619e-02
2.495400034212146290e-01
3.879858352303011682e-02
1.772970333956808420e-01
1.817236437787654868e-01
1.136731440490945794e-01
2.579121118323002837e-01
1.155270568173964035e-02
1.614135154624310453e-01
7.685289286721563862e-02
1.072717138636240658e-01
2.579121118323002837e-01
3.927300194913786041e-02
7.611276538273063774e-02
1.222606855303398909e-01
9.845286598336389083e-02
1.628125558028287179e-01
3.774007236606376908e-02
1.268522186419636030e-02
2.579121118323002837e-01
4.316175896924166061e-02
2.855926210779821117e-01
4.075185462754304933e-02
2.882822790539749103e-01
2.525925307527433425e-02
2.102526974995876374e-01
2.603746457462757791e-01
5.918446253922406142e-02
1.224276470130928468e-01
2.010134768896424118e-01
8.735521511991908850e-02
1.533983895183597679e-01
1.958999012762319691e-01
3.301730199494487539e-01
3.955049364268587581e-02
1.486774001806344947e-01
2.579121118323002837e-01
1.134639140918547728e-01
2.579121118323002837e-01
2.579121118322999506e-01
2.579121118322999506e-01
8.068453067971347037e-02
1.942781837438260426e-02
2.456766215736492717e-02
1.922029160055456834e-02
3.342374845368843023e-02
2.041917067994351298e-01
2.579121118323002837e-01
5.154250678681777248e-02
1.052677845346949720e-01
3.393006882351507630e-02
2.579121118323002837e-01
2.792471056122618894e-02
1.500645352767172591e-01
2.579121118323002837e-01
2.579121118323002837e-01
2.322352894281301261e-01
1.806062503902357633e-02
2.736698044312793621e-02
3.221026646731076082e-02
2.579121118323002837e-01
1.244437704276867146e-01
2.039400345324490216e-01
1.700101287059378463e-01
2.579121118323002837e-01
3.942164078916138292e-02
1.074060333694407260e-01
3.878075166885153885e-02
2.135854878641595955e-01
1.208231849014670400e-01
9.506900378209152958e-02
2.734826314295179528e-01
1.902270191217003414e-01
1.192860500735634099e-01
2.105427420164623642e-01
1.610378575208471497e-01
2.246040060922967554e-02
3.891766377984976627e-02
8.432789067256910021e-02
4.745658480904034471e-02
3.384098352261239590e-02
1.111948406222735275e-01
3.197445044891365495e-01
1.020781952862038870e-02
2.579121118323002837e-01
1.992687670838022562e-01
2.579121118323002837e-01
4.810703467076857254e-02
6.362380692990156350e-02
2.800668440768965262e-01
1.042403678700111885e-01
