3.604394793510437012e-01
4.345105886459350586e-01
4.027214050292968750e-01
3.602917194366455078e-01
6.350948810577392578e-01
6.359549164772033691e-01
4.340910017490386963e-01
3.973457217216491699e-01
4.656642675399780273e-01
2.827748656272888184e-01
4.733157455921173096e-01
4.066736996173858643e-01
7.326356768608093262e-01
5.017691254615783691e-01
4.597149789333343506e-01
3.840954303741455078e-01
3.956353068351745605e-01
7.237102985382080078e-01
3.828364014625549316e-01
7.193350791931152344e-01
7.162246704101562500e-01
3.592300713062286377e-01
3.696970343589782715e-01
3.550590276718139648e-01
2.464825809001922607e-01
4.637776613235473633e-01
7.206386923789978027e-01
4.096586704254150391e-01
3.938827216625213623e-01
5.274420976638793945e-01
5.158614516258239746e-01
4.632883965969085693e-01
6.228345632553100586e-01
7.598372697830200195e-01
3.105975389480590820e-01
4.294673800468444824e-01
4.841268062591552734e-01
3.215880393981933594e-01
7.254053950309753418e-01
4.102042913436889648e-01
4.404403567314147949e-01
7.215079069137573242e-01
3.996337950229644775e-01
4.938441216945648193e-01
5.391495227813720703e-01
5.702106952667236328e-01
5.564890503883361816e-01
5.734012126922607422e-01
7.184739112854003906e-01
6.517249345779418945e-01
3.497741818428039551e-01
3.303351104259490967e-01
4.762926399707794189e-01
3.327463269233703613e-01
3.803331255912780762e-01
5.840940475463867188e-01
3.629710078239440918e-01
4.431155622005462646e-01
2.877996265888214111e-01
4.106938540935516357e-01
3.734571933746337891e-01
3.394665718078613281e-01
4.569314122200012207e-01
3.039404153823852539e-01
4.568314254283905029e-01
7.255381345748901367e-01
4.224736094474792480e-01
7.229313254356384277e-01
3.328388929367065430e-01
4.076145291328430176e-01
4.454758167266845703e-01
1.999586224555969238e-01
5.120077729225158691e-01
2.092426419258117676e-01
2.528201341629028320e-01
5.017864108085632324e-01
4.457353949546813965e-01
7.104445099830627441e-01
5.285573601722717285e-01
5.065061450004577637e-01
4.382548928260803223e-01
4.506620764732360840e-01
6.078097820281982422e-01
7.312793731689453125e-01
4.044624269008636475e-01
3.066290616989135742e-01
6.094231605529785156e-01
6.137559413909912109e-01
5.285024642944335938e-01
3.798012733459472656e-01
7.587410211563110352e-01
5.448042154312133789e-01
3.925969302654266357e-01
6.226116418838500977e-01
2.371352016925811768e-01
7.525414824485778809e-01
5.116652250289916992e-01
3.929353654384613037e-01
5.244871377944946289e-01
4.658704698085784912e-01
3.515455722808837891e-01
4.189842045307159424e-01
3.759729266166687012e-01
4.193670749664306641e-01
5.979952812194824219e-01
7.441872954368591309e-01
5.942023992538452148e-01
4.449873268604278564e-01
3.996459245681762695e-01
4.476319551467895508e-01
7.292010784149169922e-01
7.147405147552490234e-01
5.087597370147705078e-01
6.279288530349731445e-01
5.863233804702758789e-01
3.925752937793731689e-01
3.975957036018371582e-01
6.186513900756835938e-01
3.337029218673706055e-01
6.377469301223754883e-01
3.880562484264373779e-01
6.238221526145935059e-01
4.132386445999145508e-01
4.854509830474853516e-01
5.326071977615356445e-01
7.383522391319274902e-01
5.019558668136596680e-01
3.358571529388427734e-01
4.907090961933135986e-01
5.442839860916137695e-01
5.215669870376586914e-01
3.672725558280944824e-01
3.978415131568908691e-01
4.242066740989685059e-01
7.385693788528442383e-01
3.774032294750213623e-01
4.171036779880523682e-01
4.692515134811401367e-01
4.267157614231109619e-01
7.422496676445007324e-01
4.712816774845123291e-01
4.023452699184417725e-01
3.565351366996765137e-01
4.353160858154296875e-01
3.944021761417388916e-01
4.228290915489196777e-01
2.646911442279815674e-01
6.378481388092041016e-01
3.017329275608062744e-01
4.666844308376312256e-01
2.139449119567871094e-01
3.528505861759185791e-01
4.750385582447052002e-01
6.064902544021606445e-01
6.396518945693969727e-01
2.849454879760742188e-01
5.133159160614013672e-01
3.869003057479858398e-01
4.381524622440338135e-01
7.256175279617309570e-01
5.646493434906005859e-01
4.370914995670318604e-01
7.369762063026428223e-01
4.744420945644378662e-01
4.650003910064697266e-01
4.736247956752777100e-01
4.819866716861724854e-01
2.753879129886627197e-01
4.750713706016540527e-01
4.462670385837554932e-01
3.590947985649108887e-01
6.596822738647460938e-01
4.853824079036712646e-01
5.300141572952270508e-01
5.503073334693908691e-01
3.403583765029907227e-01
3.246927559375762939e-01
5.684098005294799805e-01
4.861080944538116455e-01
5.028735995292663574e-01
5.411242842674255371e-01
5.610387325286865234e-01
5.645596385002136230e-01
3.824959397315979004e-01
5.575554966926574707e-01
2.162428498268127441e-01
5.846014022827148438e-01
3.666706681251525879e-01
7.500275969505310059e-01
6.401895284652709961e-01
3.818159997463226318e-01
4.089267253875732422e-01
4.258922338485717773e-01
4.074114859104156494e-01
5.052484273910522461e-01
3.642378449440002441e-01
5.666663050651550293e-01
6.350948810577392578e-01
4.304172992706298828e-01
6.348074674606323242e-01
4.045206904411315918e-01
4.168059825897216797e-01
3.880764544010162354e-01
4.320780634880065918e-01
3.622766733169555664e-01
2.955633401870727539e-01
3.130784034729003906e-01
3.831081688404083252e-01
3.083456158638000488e-01
4.353024661540985107e-01
2.826250195503234863e-01
3.223101198673248291e-01
3.997693955898284912e-01
2.498196363449096680e-01
3.874641358852386475e-01
2.286231815814971924e-01
2.998362779617309570e-01
3.705033361911773682e-01
3.969738483428955078e-01
3.889296352863311768e-01
3.904915750026702881e-01
3.471707999706268311e-01
4.312588572502136230e-01
2.312419414520263672e-01
5.024179816246032715e-01
3.241469264030456543e-01
3.307450413703918457e-01
4.132893979549407959e-01
2.697181105613708496e-01
4.056596755981445312e-01
4.189060032367706299e-01
3.241736292839050293e-01
4.319281280040740967e-01
3.605510592460632324e-01
3.260771036148071289e-01
3.367379307746887207e-01
4.128149747848510742e-01
3.209183216094970703e-01
2.796322703361511230e-01
2.292893826961517334e-01
2.967083156108856201e-01
4.004153609275817871e-01
2.330055832862854004e-01
3.118041157722473145e-01
3.482993841171264648e-01
2.208569049835205078e-01
2.204404473304748535e-01
2.998956441879272461e-01
3.718903958797454834e-01
3.207580745220184326e-01
3.832342624664306641e-01
4.236240684986114502e-01
2.950554490089416504e-01
2.715716958045959473e-01
2.916370034217834473e-01
3.078512549400329590e-01
4.246329069137573242e-01
3.332801461219787598e-01
1.659816801548004150e-01
4.059055149555206299e-01
3.877892494201660156e-01
3.989101350307464600e-01
3.374287188053131104e-01
3.659264445304870605e-01
2.859302759170532227e-01
2.586521506309509277e-01
2.272625565528869629e-01
2.570853829383850098e-01
3.940580487251281738e-01
3.693202733993530273e-01
4.347555935382843018e-01
3.780684173107147217e-01
2.095089554786682129e-01
3.511701524257659912e-01
2.668772041797637939e-01
2.063739895820617676e-01
2.629336118698120117e-01
2.606269717216491699e-01
1.912116408348083496e-01
3.756980001926422119e-01
2.923732697963714600e-01
3.879561722278594971e-01
2.830886244773864746e-01
4.377458691596984863e-01
2.185617685317993164e-01
6.350948810577392578e-01
3.271151781082153320e-01
1.966688930988311768e-01
3.197228610515594482e-01
3.184378147125244141e-01
4.005798697471618652e-01
2.958673536777496338e-01
2.448086738586425781e-01
6.181070804595947266e-01
2.706842422485351562e-01
2.549360990524291992e-01
2.732583582401275635e-01
3.047601282596588135e-01
2.799306511878967285e-01
3.666613698005676270e-01
3.161944150924682617e-01
2.555802464485168457e-01
4.288138449192047119e-01
2.788932323455810547e-01
3.730674982070922852e-01
2.953369021415710449e-01
3.382402658462524414e-01
3.770214915275573730e-01
3.349664807319641113e-01
3.303677141666412354e-01
4.191442728042602539e-01
3.044206500053405762e-01
3.924768865108489990e-01
4.562537968158721924e-01
3.042850494384765625e-01
1.871815323829650879e-01
3.825514912605285645e-01
3.194358348846435547e-01
3.630237579345703125e-01
4.578331708908081055e-01
3.198597431182861328e-01
2.791863679885864258e-01
3.646073937416076660e-01
2.206079363822937012e-01
5.360832810401916504e-01
2.101804912090301514e-01
2.245545089244842529e-01
2.991589307785034180e-01
3.796811699867248535e-01
2.014878690242767334e-01
4.607339799404144287e-01
3.858197927474975586e-01
2.814598679542541504e-01
2.648844122886657715e-01
2.836973071098327637e-01
5.206384062767028809e-01
2.711083889007568359e-01
3.538793325424194336e-01
3.808995485305786133e-01
2.788403630256652832e-01
2.667407989501953125e-01
4.097127020359039307e-01
3.897534012794494629e-01
3.332709968090057373e-01
2.026760578155517578e-01
2.486788332462310791e-01
2.730796933174133301e-01
4.334778189659118652e-01
2.070396840572357178e-01
2.725358605384826660e-01
2.984541654586791992e-01
3.582095205783843994e-01
4.424477815628051758e-01
2.700365483760833740e-01
3.181073367595672607e-01
2.700253725051879883e-01
4.108701348304748535e-01
3.646292686462402344e-01
2.571624815464019775e-01
2.562508881092071533e-01
4.109729826450347900e-01
3.887585103511810303e-01
2.913954854011535645e-01
3.458441495895385742e-01
4.599069654941558838e-01
4.346244931221008301e-01
3.212704360485076904e-01
3.199694156646728516e-01
3.982614874839782715e-01
2.081893980503082275e-01
3.990263640880584717e-01
2.491611540317535400e-01
3.115036487579345703e-01
3.978527188301086426e-01
2.946204543113708496e-01
2.311151325702667236e-01
3.545423746109008789e-01
2.284575104713439941e-01
4.203056395053863525e-01
3.339451849460601807e-01
3.198129534721374512e-01
3.862176537513732910e-01
2.088636159896850586e-01
3.865607976913452148e-01
3.648117184638977051e-01
3.616983890533447266e-01
4.567863643169403076e-01
3.862531781196594238e-01
3.627013266086578369e-01
2.416863441467285156e-01
3.628119230270385742e-01
3.723437786102294922e-01
4.112602174282073975e-01
1.907345652580261230e-01
3.030407428741455078e-01
3.690605759620666504e-01
2.598668634891510010e-01
3.738812208175659180e-01
3.616325259208679199e-01
3.393318653106689453e-01
4.599909186363220215e-01
3.214539289474487305e-01
2.245782613754272461e-01
2.830444574356079102e-01
1.585583984851837158e-01
1.856780052185058594e-01
1.934584975242614746e-01
4.681149721145629883e-01
3.957255482673645020e-01
2.377109527587890625e-01
4.031147956848144531e-01
3.722698688507080078e-01
2.202291190624237061e-01
3.744345903396606445e-01
3.900131583213806152e-01
3.824431002140045166e-01
3.638744950294494629e-01
3.681814372539520264e-01
2.403393983840942383e-01
3.635697960853576660e-01
3.402290642261505127e-01
3.321353197097778320e-01
2.630543708801269531e-01
2.392124831676483154e-01
3.406674265861511230e-01
5.109815001487731934e-01
2.040635049343109131e-01
6.350948810577392578e-01
3.242719173431396484e-01
3.540725111961364746e-01
3.681217432022094727e-01
2.966771125793457031e-01
2.795298099517822266e-01
3.792369365692138672e-01
1.995030343532562256e-01
3.760646581649780273e-01
3.592642843723297119e-01
1.787669956684112549e-01
2.712165117263793945e-01
3.094240128993988037e-01
3.659911155700683594e-01
2.921229302883148193e-01
3.567166924476623535e-01
2.373246252536773682e-01
1.707391738891601562e-01
3.347097635269165039e-01
3.820762038230895996e-01
3.672063052654266357e-01
4.643719196319580078e-01
3.398159146308898926e-01
2.727484107017517090e-01
3.691517710685729980e-01
3.889167010784149170e-01
3.141173124313354492e-01
2.633075714111328125e-01
4.681736826896667480e-01
4.782398045063018799e-01
3.861089050769805908e-01
2.803366780281066895e-01
3.253463506698608398e-01
3.125588297843933105e-01
3.116985559463500977e-01
2.519558668136596680e-01
3.820801079273223877e-01
2.757131755352020264e-01
3.892520666122436523e-01
3.939206600189208984e-01
2.741671204566955566e-01
3.691694140434265137e-01
2.430532872676849365e-01
4.130483865737915039e-01
3.635810017585754395e-01
3.622649312019348145e-01
3.066781163215637207e-01
2.644118666648864746e-01
2.907046675682067871e-01
3.644731640815734863e-01
3.112550377845764160e-01
2.363975644111633301e-01
2.308253645896911621e-01
3.042958676815032959e-01
1.786110699176788330e-01
3.450481295585632324e-01
6.702052354812622070e-01
2.524775862693786621e-01
3.327401876449584961e-01
3.837567865848541260e-01
3.620099425315856934e-01
3.860715627670288086e-01
3.051598370075225830e-01
2.669762372970581055e-01
4.121131598949432373e-01
3.056744635105133057e-01
4.256989657878875732e-01
3.508133888244628906e-01
1.880203783512115479e-01
2.527530193328857422e-01
3.221394717693328857e-01
2.796531915664672852e-01
2.575101256370544434e-01
2.438685595989227295e-01
3.430035114288330078e-01
2.881485819816589355e-01
3.616241812705993652e-01
3.316514492034912109e-01
7.006173133850097656e-01
3.208131790161132812e-01
5.462847352027893066e-01
3.687896132469177246e-01
2.616192698478698730e-01
2.942123413085937500e-01
3.396224379539489746e-01
3.621314465999603271e-01
2.155884802341461182e-01
1.898945271968841553e-01
4.550046622753143311e-01
2.231990098953247070e-01
2.124336063861846924e-01
3.948462307453155518e-01
3.565881848335266113e-01
4.248926043510437012e-01
3.119514584541320801e-01
1.687446236610412598e-01
5.563448071479797363e-01
3.898254930973052979e-01
3.561175465583801270e-01
3.611457347869873047e-01
4.302585422992706299e-01
3.957586586475372314e-01
2.012909054756164551e-01
3.584415912628173828e-01
1.978765428066253662e-01
3.074285089969635010e-01
4.681236743927001953e-01
3.049409389495849609e-01
3.423902988433837891e-01
3.625684678554534912e-01
4.231651425361633301e-01
5.943957567214965820e-01
3.541496992111206055e-01
4.605666697025299072e-01
4.778523743152618408e-01
3.526652157306671143e-01
3.117845952510833740e-01
3.014826774597167969e-01
4.153578877449035645e-01
2.341309785842895508e-01
4.310699999332427979e-01
4.373452067375183105e-01
5.225625634193420410e-01
3.120624721050262451e-01
4.317539334297180176e-01
1.869085729122161865e-01
2.883559167385101318e-01
4.656295180320739746e-01
4.319446086883544922e-01
3.858794867992401123e-01
3.729323744773864746e-01
2.718771994113922119e-01
4.139448106288909912e-01
3.714891076087951660e-01
4.387577176094055176e-01
3.103766739368438721e-01
4.341036677360534668e-01
2.822898626327514648e-01
3.115794062614440918e-01
4.302261471748352051e-01
2.360574901103973389e-01
2.639191150665283203e-01
4.468136131763458252e-01
3.187721967697143555e-01
1.932949423789978027e-01
2.931300997734069824e-01
3.787707984447479248e-01
3.748820424079895020e-01
3.665716052055358887e-01
3.055284023284912109e-01
3.565599322319030762e-01
3.661364018917083740e-01
1.987499594688415527e-01
2.813830971717834473e-01
3.370704352855682373e-01
2.908815443515777588e-01
3.280979990959167480e-01
2.716515064239501953e-01
4.746916294097900391e-01
2.014812231063842773e-01
2.516677379608154297e-01
3.267690837383270264e-01
3.661289811134338379e-01
3.142051696777343750e-01
2.223100364208221436e-01
5.242938995361328125e-01
3.742340207099914551e-01
2.269099056720733643e-01
4.613483250141143799e-01
2.864096462726593018e-01
3.232430815696716309e-01
3.916297554969787598e-01
4.048515260219573975e-01
2.239252328872680664e-01
1.701518595218658447e-01
3.144658803939819336e-01
2.595147490501403809e-01
2.728860974311828613e-01
3.441731631755828857e-01
3.216493129730224609e-01
3.125917911529541016e-01
3.645163774490356445e-01
2.698495388031005859e-01
3.356345891952514648e-01
3.552808165550231934e-01
4.002621173858642578e-01
3.181853294372558594e-01
3.608223199844360352e-01
2.593697607517242432e-01
2.160474658012390137e-01
3.628122210502624512e-01
2.395935356616973877e-01
2.772089838981628418e-01
2.267944514751434326e-01
3.583844304084777832e-01
3.282510042190551758e-01
3.413577079772949219e-01
3.605581820011138916e-01
3.248354196548461914e-01
4.263735413551330566e-01
3.654814958572387695e-01
2.854171991348266602e-01
1.943379044532775879e-01
3.476154804229736328e-01
3.411231935024261475e-01
1.842310428619384766e-01
4.320274293422698975e-01
2.747388184070587158e-01
4.495617449283599854e-01
2.920709848403930664e-01
2.594230771064758301e-01
3.736441731452941895e-01
3.913199603557586670e-01
3.320218324661254883e-01
3.959119319915771484e-01
3.227827548980712891e-01
2.686364054679870605e-01
2.830705046653747559e-01
2.252537012100219727e-01
3.686945736408233643e-01
3.394168317317962646e-01
3.339207768440246582e-01
2.252418398857116699e-01
3.202028870582580566e-01
3.352542817592620850e-01
3.337203264236450195e-01
4.196605384349822998e-01
4.049366712570190430e-01
4.264029860496520996e-01
3.724764585494995117e-01
3.885949552059173584e-01
5.801059603691101074e-01
3.652989268302917480e-01
3.909853100776672363e-01
3.337230682373046875e-01
2.960051298141479492e-01
3.612114191055297852e-01
4.079535603523254395e-01
3.923998475074768066e-01
2.867786884307861328e-01
3.518789112567901611e-01
4.712727665901184082e-01
1.904932558536529541e-01
3.291526436805725098e-01
1.992091834545135498e-01
3.897352516651153564e-01
2.670969367027282715e-01
3.599373698234558105e-01
2.640475034713745117e-01
3.638830780982971191e-01
3.094270825386047363e-01
3.355551362037658691e-01
3.595742583274841309e-01
4.616588950157165527e-01
1.884926855564117432e-01
3.392146229743957520e-01
4.956219792366027832e-01
4.213048815727233887e-01
2.574091553688049316e-01
2.878649830818176270e-01
2.412284314632415771e-01
3.232771754264831543e-01
5.285617113113403320e-01
2.966763675212860107e-01
5.772535204887390137e-01
2.279151678085327148e-01
3.295626640319824219e-01
2.190288901329040527e-01
3.348019719123840332e-01
4.666153192520141602e-01
6.350948810577392578e-01
3.095297813415527344e-01
3.619991838932037354e-01
3.674984574317932129e-01
3.821844160556793213e-01
3.761263489723205566e-01
1.974682807922363281e-01
3.544704318046569824e-01
4.108701348304748535e-01
2.112435698509216309e-01
4.089814722537994385e-01
5.606839060783386230e-01
3.647018074989318848e-01
3.448568880558013916e-01
3.897906541824340820e-01
4.704848825931549072e-01
4.397116601467132568e-01
3.545565009117126465e-01
3.812671601772308350e-01
2.751512527465820312e-01
4.746875464916229248e-01
3.041280508041381836e-01
5.475898385047912598e-01
3.171464502811431885e-01
3.990088999271392822e-01
3.128289580345153809e-01
3.015513420104980469e-01
2.407076358795166016e-01
3.593111038208007812e-01
5.406516194343566895e-01
5.160092711448669434e-01
2.817959487438201904e-01
3.337223231792449951e-01
2.474301159381866455e-01
3.093116283416748047e-01
3.328611850738525391e-01
2.450304925441741943e-01
2.463697791099548340e-01
4.231199026107788086e-01
3.842592239379882812e-01
4.364070296287536621e-01
2.433597743511199951e-01
6.117101311683654785e-01
6.236283183097839355e-01
4.655202627182006836e-01
4.480541348457336426e-01
2.554804384708404541e-01
3.246865868568420410e-01
2.384986281394958496e-01
4.208312630653381348e-01
3.518393337726593018e-01
3.008817732334136963e-01
3.570339083671569824e-01
3.952897191047668457e-01
2.973812222480773926e-01
3.475500941276550293e-01
4.686720371246337891e-01
6.174712181091308594e-01
2.318088710308074951e-01
3.651282191276550293e-01
2.426654994487762451e-01
4.145984947681427002e-01
3.400806188583374023e-01
1.853519678115844727e-01
3.577341735363006592e-01
3.461645245552062988e-01
2.608205974102020264e-01
4.087405800819396973e-01
3.322953581809997559e-01
3.353130817413330078e-01
4.137302041053771973e-01
4.036283195018768311e-01
2.929793894290924072e-01
3.799595236778259277e-01
2.628064751625061035e-01
4.622118771076202393e-01
2.465488612651824951e-01
2.828833758831024170e-01
4.884310960769653320e-01
2.034536898136138916e-01
2.283246517181396484e-01
3.432469367980957031e-01
3.661733865737915039e-01
3.211494684219360352e-01
3.831999003887176514e-01
3.874182999134063721e-01
3.322551250457763672e-01
3.170266747474670410e-01
3.636513948440551758e-01
3.989180028438568115e-01
2.830460071563720703e-01
3.510902225971221924e-01
4.198027551174163818e-01
3.501013517379760742e-01
2.619777619838714600e-01
3.200804591178894043e-01
2.411247193813323975e-01
2.382934093475341797e-01
4.280551075935363770e-01
3.269878923892974854e-01
4.290888905525207520e-01
5.233898758888244629e-01
4.334720969200134277e-01
1.829512417316436768e-01
3.683042526245117188e-01
2.524953484535217285e-01
3.438566625118255615e-01
4.842700660228729248e-01
2.476677596569061279e-01
4.460720717906951904e-01
3.215974271297454834e-01
3.563546538352966309e-01
2.689755260944366455e-01
6.074384450912475586e-01
3.481554985046386719e-01
2.674264907836914062e-01
2.320143878459930420e-01
2.168820202350616455e-01
2.785514593124389648e-01
2.664392292499542236e-01
3.484613895416259766e-01
3.663111627101898193e-01
2.826339602470397949e-01
2.036477625370025635e-01
3.629412651062011719e-01
6.350948810577392578e-01
4.170091748237609863e-01
2.656333446502685547e-01
3.603942990303039551e-01
5.205206274986267090e-01
4.232763051986694336e-01
4.228103160858154297e-01
2.387818396091461182e-01
5.285658240318298340e-01
4.180552661418914795e-01
3.381987512111663818e-01
4.569146037101745605e-01
3.032379150390625000e-01
3.138011395931243896e-01
4.195016026496887207e-01
4.005348384380340576e-01
3.659359812736511230e-01
2.862957715988159180e-01
3.607608675956726074e-01
3.652842938899993896e-01
1.674216687679290771e-01
3.486256003379821777e-01
2.602179646492004395e-01
3.182389736175537109e-01
2.711040973663330078e-01
2.527392804622650146e-01
2.526103258132934570e-01
2.412864863872528076e-01
3.845972418785095215e-01
3.812490999698638916e-01
3.254208564758300781e-01
3.622228503227233887e-01
2.597348690032958984e-01
2.748702466487884521e-01
3.633142113685607910e-01
3.143438994884490967e-01
6.490604877471923828e-01
4.060927033424377441e-01
3.449018001556396484e-01
3.659944534301757812e-01
1.534531712532043457e-01
3.464559912681579590e-01
4.372959434986114502e-01
5.436726808547973633e-01
1.984112560749053955e-01
2.209654748439788818e-01
4.394840896129608154e-01
3.518003225326538086e-01
5.082619190216064453e-01
2.637601494789123535e-01
2.265915274620056152e-01
2.230472862720489502e-01
3.689706027507781982e-01
3.684175014495849609e-01
3.519287705421447754e-01
2.361812889575958252e-01
3.606009483337402344e-01
4.408881664276123047e-01
3.149438202381134033e-01
3.684094548225402832e-01
1.926681101322174072e-01
1.802194714546203613e-01
4.088512063026428223e-01
2.931429147720336914e-01
3.694475889205932617e-01
3.768949210643768311e-01
3.317637741565704346e-01
4.212511777877807617e-01
3.209667205810546875e-01
2.373500466346740723e-01
4.061636328697204590e-01
3.775984644889831543e-01
2.542530000209808350e-01
3.238276839256286621e-01
4.282540678977966309e-01
4.102368950843811035e-01
2.264468073844909668e-01
4.302109181880950928e-01
3.224082589149475098e-01
3.109441399574279785e-01
4.400514960289001465e-01
4.124040305614471436e-01
2.316090762615203857e-01
2.655230164527893066e-01
2.177217006683349609e-01
3.632887601852416992e-01
3.629366159439086914e-01
3.081672787666320801e-01
3.607215881347656250e-01
2.844767570495605469e-01
2.713336050510406494e-01
3.370374441146850586e-01
3.433401882648468018e-01
3.762739300727844238e-01
3.466824293136596680e-01
4.056892991065979004e-01
3.691737651824951172e-01
5.430115461349487305e-01
3.669623136520385742e-01
3.333865702152252197e-01
4.028520584106445312e-01
3.602010011672973633e-01
3.697708249092102051e-01
1.983395814895629883e-01
2.800936102867126465e-01
3.885647952556610107e-01
4.525645673274993896e-01
2.242037951946258545e-01
3.243145644664764404e-01
4.681555330753326416e-01
4.609150886535644531e-01
3.293064832687377930e-01
2.515109777450561523e-01
2.658775448799133301e-01
3.641425967216491699e-01
3.235484659671783447e-01
3.866954743862152100e-01
3.855311274528503418e-01
3.847970664501190186e-01
4.322416782379150391e-01
3.242448866367340088e-01
4.386717081069946289e-01
3.032641708850860596e-01
2.233698070049285889e-01
3.072836399078369141e-01
4.578069448471069336e-01
3.905824124813079834e-01
2.621817886829376221e-01
2.085648179054260254e-01
3.379015326499938965e-01
2.978687584400177002e-01
2.721796631813049316e-01
5.090141296386718750e-01
3.327463865280151367e-01
5.951334834098815918e-01
2.165913283824920654e-01
2.429845929145812988e-01
2.167172133922576904e-01
3.301368951797485352e-01
3.485209345817565918e-01
3.995195925235748291e-01
6.350948810577392578e-01
3.482117652893066406e-01
4.599567949771881104e-01
2.875688076019287109e-01
4.608995616436004639e-01
3.367974758148193359e-01
3.665965199470520020e-01
3.964629769325256348e-01
1.990099847316741943e-01
4.019961059093475342e-01
3.809507489204406738e-01
4.212664365768432617e-01
3.164936900138854980e-01
2.609690427780151367e-01
3.172733187675476074e-01
2.720345258712768555e-01
3.142639994621276855e-01
2.588359117507934570e-01
1.916981339454650879e-01
4.940577745437622070e-01
3.043833971023559570e-01
2.547554373741149902e-01
2.882379293441772461e-01
3.837541639804840088e-01
3.109483122825622559e-01
3.974889516830444336e-01
3.157807886600494385e-01
4.424381852149963379e-01
3.199114203453063965e-01
1.973018348217010498e-01
2.924665808677673340e-01
3.606411814689636230e-01
4.080853462219238281e-01
2.837624549865722656e-01
1.565237045288085938e-01
2.572892606258392334e-01
3.685157895088195801e-01
2.151781916618347168e-01
3.749877810478210449e-01
3.783944249153137207e-01
3.699229955673217773e-01
4.109356105327606201e-01
3.660638630390167236e-01
3.737705349922180176e-01
3.948759138584136963e-01
2.761686444282531738e-01
3.064154684543609619e-01
3.630537390708923340e-01
3.965370059013366699e-01
4.306405484676361084e-01
4.476705491542816162e-01
1.985704004764556885e-01
3.807941079139709473e-01
1.704445481300354004e-01
3.314028382301330566e-01
3.638595342636108398e-01
4.158266186714172363e-01
4.640801846981048584e-01
3.585623502731323242e-01
3.269353508949279785e-01
2.237147092819213867e-01
3.634686470031738281e-01
4.115011096000671387e-01
3.145151734352111816e-01
3.148782849311828613e-01
3.087405562400817871e-01
4.263310432434082031e-01
2.640219926834106445e-01
4.344095587730407715e-01
4.229293763637542725e-01
2.853449583053588867e-01
3.584999442100524902e-01
3.665416240692138672e-01
6.350948810577392578e-01
4.254454672336578369e-01
2.482745051383972168e-01
3.484649360179901123e-01
1.645582318305969238e-01
3.936191201210021973e-01
2.536057233810424805e-01
3.411393165588378906e-01
2.773466706275939941e-01
3.534232974052429199e-01
3.925855755805969238e-01
2.999597191810607910e-01
2.657906711101531982e-01
5.036789178848266602e-01
2.315605282783508301e-01
2.976659536361694336e-01
4.214437305927276611e-01
4.194678068161010742e-01
5.284101366996765137e-01
2.038863003253936768e-01
2.526568174362182617e-01
3.734155595302581787e-01
3.241307139396667480e-01
2.869476079940795898e-01
3.639088273048400879e-01
3.664403855800628662e-01
2.438964545726776123e-01
3.289901614189147949e-01
2.964309751987457275e-01
4.273929893970489502e-01
3.595297634601593018e-01
4.673474133014678955e-01
4.013734757900238037e-01
4.595309495925903320e-01
1.738702952861785889e-01
4.966660141944885254e-01
4.193546772003173828e-01
3.359544575214385986e-01
7.100355625152587891e-01
3.117817640304565430e-01
2.401934564113616943e-01
5.218160152435302734e-01
2.909801900386810303e-01
4.007513523101806641e-01
3.236657679080963135e-01
4.233745038509368896e-01
2.421654462814331055e-01
2.334937751293182373e-01
3.976246416568756104e-01
2.514798641204833984e-01
3.575008809566497803e-01
3.887608051300048828e-01
6.350948810577392578e-01
2.965651154518127441e-01
3.223183751106262207e-01
3.968710899353027344e-01
3.066772222518920898e-01
3.099924921989440918e-01
3.241448998451232910e-01
3.615359663963317871e-01
2.704864740371704102e-01
4.117244184017181396e-01
4.057644009590148926e-01
5.496935844421386719e-01
3.673272728919982910e-01
6.572921872138977051e-01
1.961041092872619629e-01
6.687225103378295898e-01
3.613926768302917480e-01
1.732023358345031738e-01
4.738813042640686035e-01
3.558594584465026855e-01
4.711690247058868408e-01
4.197766482830047607e-01
2.955514788627624512e-01
4.670613408088684082e-01
2.932531833648681641e-01
3.678204417228698730e-01
3.637571930885314941e-01
2.966300249099731445e-01
2.291722893714904785e-01
2.939682006835937500e-01
4.133662879467010498e-01
3.372466564178466797e-01
4.737071692943572998e-01
6.350948810577392578e-01
3.623651266098022461e-01
3.791801929473876953e-01
3.115096092224121094e-01
2.136690914630889893e-01
2.268601357936859131e-01
3.519003391265869141e-01
1.719860732555389404e-01
2.981965541839599609e-01
4.059445858001708984e-01
3.345957398414611816e-01
2.783454656600952148e-01
2.689169049263000488e-01
3.640502691268920898e-01
3.042049407958984375e-01
3.228994011878967285e-01
3.265404701232910156e-01
3.768602013587951660e-01
3.042131066322326660e-01
3.605275154113769531e-01
4.412841796875000000e-01
3.078702092170715332e-01
3.086267411708831787e-01
3.095262348651885986e-01
4.166832864284515381e-01
4.200871586799621582e-01
6.350948810577392578e-01
4.478780329227447510e-01
2.109470963478088379e-01
3.864651322364807129e-01
7.075716257095336914e-01
3.221552968025207520e-01
2.690661847591400146e-01
3.497481346130371094e-01
3.324655890464782715e-01
2.656040489673614502e-01
3.655431568622589111e-01
4.299321174621582031e-01
3.127130270004272461e-01
4.665296375751495361e-01
3.816837370395660400e-01
4.249859750270843506e-01
3.454139232635498047e-01
3.630035519599914551e-01
3.003790080547332764e-01
4.540773332118988037e-01
2.926337420940399170e-01
2.259700596332550049e-01
2.555293440818786621e-01
2.005640566349029541e-01
5.009686350822448730e-01
1.867271363735198975e-01
4.404238462448120117e-01
3.757872283458709717e-01
2.808985114097595215e-01
2.276820540428161621e-01
2.726681232452392578e-01
1.911277472972869873e-01
3.086971044540405273e-01
4.017284512519836426e-01
3.975356221199035645e-01
3.123328685760498047e-01
4.173371195793151855e-01
3.659557104110717773e-01
6.477578878402709961e-01
3.291890025138854980e-01
3.339348435401916504e-01
3.633280992507934570e-01
3.695997297763824463e-01
2.578023374080657959e-01
4.846743643283843994e-01
3.077666163444519043e-01
3.961132466793060303e-01
2.202056348323822021e-01
3.815906345844268799e-01
4.270796775817871094e-01
3.750317692756652832e-01
4.280021786689758301e-01
3.378022909164428711e-01
