2.544202804565429688e-01
2.647380530834197998e-01
2.349219322204589844e-01
2.300117015838623047e-01
3.530541658401489258e-01
4.060272872447967529e-01
2.935549020767211914e-01
1.875990331172943115e-01
4.218341410160064697e-01
2.119657397270202637e-01
3.720583915710449219e-01
2.556419372558593750e-01
6.678322553634643555e-01
2.602608203887939453e-01
2.587984800338745117e-01
3.200375437736511230e-01
2.144660353660583496e-01
6.557718515396118164e-01
2.612195909023284912e-01
5.206993818283081055e-01
6.595234274864196777e-01
2.145298123359680176e-01
2.121900022029876709e-01
2.025415301322937012e-01
2.101097404956817627e-01
2.935842275619506836e-01
5.274182558059692383e-01
2.121872305870056152e-01
4.548360407352447510e-01
2.940195798873901367e-01
4.323435723781585693e-01
4.700050950050354004e-01
4.049009084701538086e-01
6.809946298599243164e-01
2.150230705738067627e-01
2.557658255100250244e-01
3.748215436935424805e-01
2.076400816440582275e-01
6.231330633163452148e-01
3.329591751098632812e-01
3.088842034339904785e-01
6.508057117462158203e-01
1.614250540733337402e-01
3.013045489788055420e-01
2.626855969429016113e-01
3.829147517681121826e-01
4.948398768901824951e-01
5.082397460937500000e-01
5.303009152412414551e-01
4.927065670490264893e-01
2.275770902633666992e-01
2.276152670383453369e-01
2.926275134086608887e-01
2.142084836959838867e-01
2.321136593818664551e-01
4.039871394634246826e-01
1.403202712535858154e-01
2.212646901607513428e-01
2.500977516174316406e-01
2.497035861015319824e-01
2.251936495304107666e-01
2.539208233356475830e-01
2.594918012619018555e-01
2.242172658443450928e-01
4.317283630371093750e-01
4.975158274173736572e-01
2.516246438026428223e-01
6.597687005996704102e-01
1.812244653701782227e-01
3.201019465923309326e-01
2.346280217170715332e-01
1.620539724826812744e-01
4.199031293392181396e-01
2.105188369750976562e-01
2.101516425609588623e-01
2.731882631778717041e-01
2.562840580940246582e-01
4.848081469535827637e-01
4.820039570331573486e-01
2.446230053901672363e-01
2.582165300846099854e-01
2.321486175060272217e-01
4.521548449993133545e-01
6.584997177124023438e-01
2.695719003677368164e-01
1.475117802619934082e-01
5.372111797332763672e-01
5.014009475708007812e-01
3.619173169136047363e-01
2.523636221885681152e-01
6.796644926071166992e-01
5.209900140762329102e-01
2.256442010402679443e-01
4.142959713935852051e-01
2.060234248638153076e-01
6.978969573974609375e-01
4.257051646709442139e-01
2.590837478637695312e-01
2.435703277587890625e-01
2.773600816726684570e-01
1.864302456378936768e-01
2.387374639511108398e-01
3.576626479625701904e-01
2.262698411941528320e-01
5.682788491249084473e-01
6.979088187217712402e-01
5.476136803627014160e-01
3.236364722251892090e-01
1.783125996589660645e-01
2.347463667392730713e-01
6.615158915519714355e-01
6.412964463233947754e-01
4.101280272006988525e-01
4.064674973487854004e-01
5.628959536552429199e-01
2.243542075157165527e-01
1.586364507675170898e-01
3.918751776218414307e-01
2.860155999660491943e-01
4.056662619113922119e-01
2.668570876121520996e-01
4.070790410041809082e-01
2.429804503917694092e-01
3.597227036952972412e-01
2.511519789695739746e-01
6.834676861763000488e-01
2.342847585678100586e-01
2.795464992523193359e-01
2.754839658737182617e-01
3.781458735466003418e-01
2.596888542175292969e-01
2.574796676635742188e-01
2.505136132240295410e-01
2.572163045406341553e-01
6.687579154968261719e-01
2.501354813575744629e-01
1.928433775901794434e-01
3.074515461921691895e-01
3.494979739189147949e-01
6.875442266464233398e-01
2.577123045921325684e-01
3.300203680992126465e-01
1.719506978988647461e-01
2.473558783531188965e-01
3.006533980369567871e-01
2.584639489650726318e-01
1.629966497421264648e-01
4.314537048339843750e-01
1.868542134761810303e-01
2.296133041381835938e-01
1.877927780151367188e-01
2.569976150989532471e-01
2.809806764125823975e-01
5.348250865936279297e-01
5.740137696266174316e-01
1.591743528842926025e-01
4.504823088645935059e-01
2.144406139850616455e-01
3.241923451423645020e-01
5.262046456336975098e-01
4.049488902091979980e-01
1.755798757076263428e-01
6.782429218292236328e-01
4.934539496898651123e-01
2.856400609016418457e-01
2.576758563518524170e-01
3.830039501190185547e-01
2.106017172336578369e-01
2.498645782470703125e-01
2.373527884483337402e-01
3.280876576900482178e-01
2.437127828598022461e-01
3.952572345733642578e-01
4.996990859508514404e-01
2.901601791381835938e-01
2.231328487396240234e-01
2.559370398521423340e-01
5.332567095756530762e-01
3.286234736442565918e-01
4.586127698421478271e-01
4.902711212635040283e-01
4.454953074455261230e-01
4.544687867164611816e-01
2.551898658275604248e-01
3.517332673072814941e-01
1.313205957412719727e-01
5.049983263015747070e-01
3.960568308830261230e-01
6.942784786224365234e-01
5.668730735778808594e-01
1.870787739753723145e-01
2.404179871082305908e-01
2.758677601814270020e-01
2.987398505210876465e-01
4.598880112171173096e-01
2.585557401180267334e-01
4.474450349807739258e-01
3.530541658401489258e-01
3.137589991092681885e-01
3.919383883476257324e-01
2.551551163196563721e-01
1.901018321514129639e-01
1.928834915161132812e-01
2.180024683475494385e-01
2.547331154346466064e-01
2.482676208019256592e-01
1.903989911079406738e-01
2.196289002895355225e-01
1.732480227947235107e-01
3.630109131336212158e-01
2.457881867885589600e-01
1.709021031856536865e-01
2.095631361007690430e-01
2.101957201957702637e-01
1.367807984352111816e-01
1.574503481388092041e-01
1.357643306255340576e-01
2.189310193061828613e-01
2.133817076683044434e-01
1.756657063961029053e-01
1.936481297016143799e-01
2.039400041103363037e-01
2.961500287055969238e-01
2.046526968479156494e-01
4.920880496501922607e-01
1.806878447532653809e-01
2.659276127815246582e-01
1.947689652442932129e-01
7.225948572158813477e-02
2.126722037792205811e-01
2.526637315750122070e-01
2.089237272739410400e-01
2.247875630855560303e-01
1.423268318176269531e-01
2.306708693504333496e-01
1.083413958549499512e-01
1.735090911388397217e-01
2.475391030311584473e-01
2.516958713531494141e-01
2.086455821990966797e-01
8.695605397224426270e-02
2.149585485458374023e-01
1.907955408096313477e-01
8.126071095466613770e-02
2.059895992279052734e-01
2.105892598628997803e-01
1.560522913932800293e-01
1.383953988552093506e-01
2.520303428173065186e-01
7.877504825592041016e-02
2.605201900005340576e-01
2.844042181968688965e-01
1.860590875148773193e-01
2.101140022277832031e-01
2.477334737777709961e-01
1.815788447856903076e-01
2.398644089698791504e-01
2.263716161251068115e-01
2.017613351345062256e-01
2.328667938709259033e-01
1.988557875156402588e-01
2.511236071586608887e-01
1.547910869121551514e-01
1.203505098819732666e-01
2.030677199363708496e-01
2.109108269214630127e-01
1.931065618991851807e-01
1.321354508399963379e-01
2.086386680603027344e-01
2.344101667404174805e-01
2.090134024620056152e-01
2.101672291755676270e-01
1.325137615203857422e-01
1.808193325996398926e-01
1.040184497833251953e-01
1.607458591461181641e-01
6.748959422111511230e-02
1.274860799312591553e-01
1.554034948348999023e-01
2.486005425453186035e-01
7.278603315353393555e-02
1.196314990520477295e-01
2.502490282058715820e-01
2.557787895202636719e-01
2.066903412342071533e-01
3.530541658401489258e-01
1.661841273307800293e-01
2.017214298248291016e-01
1.711667180061340332e-01
9.717917442321777344e-02
1.859923303127288818e-01
1.989476978778839111e-01
1.516520977020263672e-01
5.145744681358337402e-01
1.683525443077087402e-01
1.664375066757202148e-01
1.979311406612396240e-01
2.073682844638824463e-01
7.898545265197753906e-02
2.542705535888671875e-01
1.988461017608642578e-01
2.105218470096588135e-01
1.210181117057800293e-01
1.505184173583984375e-01
1.876358687877655029e-01
2.253520190715789795e-01
1.402875483036041260e-01
2.574024200439453125e-01
1.459755599498748779e-01
1.847479641437530518e-01
2.693050205707550049e-01
2.034596800804138184e-01
2.446517646312713623e-01
2.841123938560485840e-01
2.510532140731811523e-01
1.974999606609344482e-01
1.749583780765533447e-01
2.077792286872863770e-01
2.543748021125793457e-01
2.469995915889739990e-01
2.042234838008880615e-01
6.249135732650756836e-02
2.543195486068725586e-01
1.539993584156036377e-01
3.099244236946105957e-01
1.539124846458435059e-01
2.169715166091918945e-01
1.003999114036560059e-01
2.540815770626068115e-01
1.639229059219360352e-01
3.473918437957763672e-01
2.530671656131744385e-01
1.722752153873443604e-01
2.200211286544799805e-01
1.458297967910766602e-01
5.497888326644897461e-01
2.440362274646759033e-01
2.549425959587097168e-01
2.220043241977691650e-01
2.471348047256469727e-01
2.460512220859527588e-01
2.569902837276458740e-01
2.818144261837005615e-01
2.496860623359680176e-01
2.065253555774688721e-01
6.098955869674682617e-02
1.592324376106262207e-01
2.543115913867950439e-01
2.030065655708312988e-01
7.533916831016540527e-02
1.558016836643218994e-01
2.544825673103332520e-01
2.247853279113769531e-01
1.143483817577362061e-01
1.878654360771179199e-01
1.637932658195495605e-01
1.413439512252807617e-01
2.543172538280487061e-01
2.127246558666229248e-01
2.165975570678710938e-01
2.659626603126525879e-01
2.496711015701293945e-01
9.717452526092529297e-02
2.227675616741180420e-01
3.562481403350830078e-01
2.891809344291687012e-01
2.227911353111267090e-01
2.041030228137969971e-01
2.183420062065124512e-01
1.558944582939147949e-01
2.908065915107727051e-01
1.415340900421142578e-01
2.172994613647460938e-01
2.045634686946868896e-01
1.716722846031188965e-01
2.366639077663421631e-01
2.212606370449066162e-01
2.375125885009765625e-01
2.778542041778564453e-01
8.435356616973876953e-02
1.711452603340148926e-01
1.971822679042816162e-01
5.093669891357421875e-02
2.240387201309204102e-01
2.543189227581024170e-01
1.893228888511657715e-01
2.661933302879333496e-01
1.876340210437774658e-01
2.543658316135406494e-01
6.864440441131591797e-02
2.543610036373138428e-01
1.159507334232330322e-01
2.019792199134826660e-01
2.053802609443664551e-01
2.034986317157745361e-01
2.542099058628082275e-01
1.631386876106262207e-01
2.487130761146545410e-01
2.543976306915283203e-01
2.226976454257965088e-01
2.833617329597473145e-01
1.725806593894958496e-01
2.100038230419158936e-01
1.965767443180084229e-01
1.498890221118927002e-01
1.578885912895202637e-01
1.592119634151458740e-01
2.629610598087310791e-01
2.065591812133789062e-01
1.608265638351440430e-01
2.454984188079833984e-01
2.277370393276214600e-01
1.886306107044219971e-01
2.016699016094207764e-01
1.492095291614532471e-01
1.906841099262237549e-01
2.401698529720306396e-01
2.542310357093811035e-01
1.616606414318084717e-01
2.543428838253021240e-01
1.358075737953186035e-01
2.010081112384796143e-01
2.112291455268859863e-01
1.242600977420806885e-01
2.236567437648773193e-01
2.908470332622528076e-01
1.893134713172912598e-01
3.530541658401489258e-01
8.835840225219726562e-02
2.601380348205566406e-01
2.542342245578765869e-01
8.259028196334838867e-02
1.967199742794036865e-01
1.179668307304382324e-01
2.056005895137786865e-01
2.560526728630065918e-01
2.544494569301605225e-01
1.532375514507293701e-01
1.653649210929870605e-01
2.224594950675964355e-01
3.386694788932800293e-01
9.039312601089477539e-02
2.545111775398254395e-01
1.906873285770416260e-01
1.510307788848876953e-01
1.733387708663940430e-01
2.193055152893066406e-01
2.542530298233032227e-01
3.250048160552978516e-01
2.444932460784912109e-01
1.017835140228271484e-01
2.127996385097503662e-01
2.144172489643096924e-01
2.508260011672973633e-01
2.069793343544006348e-01
3.670172691345214844e-01
4.364882707595825195e-01
1.715238392353057861e-01
2.000016272068023682e-01
2.065728604793548584e-01
1.560578346252441406e-01
1.203103959560394287e-01
1.881037354469299316e-01
1.437399387359619141e-01
1.684409976005554199e-01
1.673996150493621826e-01
2.727360427379608154e-01
1.801381111145019531e-01
3.049696087837219238e-01
2.137141823768615723e-01
2.181135118007659912e-01
2.543499469757080078e-01
1.202365458011627197e-01
1.608381271362304688e-01
2.116909325122833252e-01
2.074725329875946045e-01
2.543294429779052734e-01
3.142498433589935303e-01
1.114157736301422119e-01
5.617147684097290039e-02
1.645928323268890381e-01
1.555271446704864502e-01
1.827945411205291748e-01
5.419136285781860352e-01
1.898764967918395996e-01
3.655575215816497803e-01
2.790839672088623047e-01
2.543809711933135986e-01
2.134535908699035645e-01
9.994357824325561523e-02
1.820210218429565430e-01
2.763110399246215820e-01
2.313005924224853516e-01
2.293956279754638672e-01
2.519679963588714600e-01
1.930826902389526367e-01
1.269530951976776123e-01
2.857955396175384521e-01
2.161726355552673340e-01
1.454818248748779297e-01
2.417638003826141357e-01
1.020578444004058838e-01
1.993766427040100098e-01
1.177962124347686768e-01
2.087377011775970459e-01
4.651783108711242676e-01
2.338895201683044434e-01
3.718951344490051270e-01
2.542258501052856445e-01
1.672108769416809082e-01
1.971284151077270508e-01
1.266410648822784424e-01
2.530773282051086426e-01
2.043519020080566406e-01
2.030429542064666748e-01
1.942088305950164795e-01
2.382770478725433350e-01
1.347476840019226074e-01
1.611200869083404541e-01
2.160000801086425781e-01
3.217761218547821045e-01
9.116092324256896973e-02
2.143695950508117676e-01
3.094781339168548584e-01
2.550080716609954834e-01
1.342878639698028564e-01
2.543945610523223877e-01
2.894233465194702148e-01
2.141102254390716553e-01
1.600307524204254150e-01
1.946463286876678467e-01
1.543199121952056885e-01
2.014521956443786621e-01
4.399289488792419434e-01
1.313324570655822754e-01
2.159426212310791016e-01
2.543619871139526367e-01
2.555682361125946045e-01
5.628860592842102051e-01
1.936136186122894287e-01
2.353956401348114014e-01
4.614655375480651855e-01
2.087704241275787354e-01
1.026311218738555908e-01
1.187251806259155273e-01
2.155043184757232666e-01
1.935431063175201416e-01
2.746647894382476807e-01
3.491916060447692871e-01
4.211990833282470703e-01
1.964668631553649902e-01
1.983653903007507324e-01
1.551658809185028076e-01
2.506935596466064453e-01
3.397842049598693848e-01
2.604237198829650879e-01
2.024232149124145508e-01
2.541397213935852051e-01
7.633444666862487793e-02
1.960920691490173340e-01
2.245407104492187500e-01
3.216879963874816895e-01
1.965599358081817627e-01
1.995002925395965576e-01
2.395485341548919678e-01
1.964302062988281250e-01
3.022867441177368164e-01
2.069080471992492676e-01
1.649687290191650391e-01
2.280398905277252197e-01
1.159324944019317627e-01
1.997599899768829346e-01
8.409613370895385742e-02
2.166885435581207275e-01
1.921674013137817383e-01
2.406620383262634277e-01
1.470582485198974609e-01
1.883614361286163330e-01
2.542766928672790527e-01
2.011333405971527100e-01
2.105851769447326660e-01
2.206680178642272949e-01
2.182492911815643311e-01
2.280347347259521484e-01
1.922244727611541748e-01
2.617337107658386230e-01
2.021484673023223877e-01
2.107791006565093994e-01
2.381824254989624023e-01
1.154320836067199707e-01
1.890323460102081299e-01
2.061299681663513184e-01
4.060655534267425537e-01
3.118253946304321289e-01
2.399479746818542480e-01
2.590833604335784912e-01
1.974851489067077637e-01
2.004319429397583008e-01
1.264413595199584961e-01
2.548642456531524658e-01
1.684831380844116211e-01
1.499259471893310547e-01
2.087053060531616211e-01
1.980147361755371094e-01
1.970505416393280029e-01
2.298070192337036133e-01
1.671196222305297852e-01
1.749224066734313965e-01
2.543241381645202637e-01
2.134768664836883545e-01
2.261363565921783447e-01
2.343438565731048584e-01
2.314508855342864990e-01
8.025920391082763672e-02
2.350834906101226807e-01
2.148047089576721191e-01
1.362892985343933105e-01
2.543647289276123047e-01
9.727630019187927246e-02
2.094614803791046143e-01
1.295141577720642090e-01
2.544766068458557129e-01
2.197308838367462158e-01
1.979483962059020996e-01
2.544163763523101807e-01
1.033181250095367432e-01
2.858825922012329102e-01
2.542984187602996826e-01
7.360720634460449219e-02
1.592004299163818359e-01
1.899669468402862549e-01
1.118117570877075195e-01
1.977710127830505371e-01
2.280595302581787109e-01
1.965058147907257080e-01
2.380325496196746826e-01
1.976863741874694824e-01
1.607673168182373047e-01
1.473045945167541504e-01
2.029473781585693359e-01
1.260700523853302002e-01
2.396242618560791016e-01
1.998593807220458984e-01
1.824898719787597656e-01
2.495034933090209961e-01
2.097508907318115234e-01
2.542273998260498047e-01
2.520870268344879150e-01
2.371249794960021973e-01
2.126903831958770752e-01
1.248861849308013916e-01
1.750422120094299316e-01
2.092916667461395264e-01
2.289027273654937744e-01
2.528038918972015381e-01
3.298436403274536133e-01
1.832555234432220459e-01
2.613772153854370117e-01
2.613047063350677490e-01
2.542955279350280762e-01
2.515143752098083496e-01
2.192529737949371338e-01
1.657437384128570557e-01
1.220164000988006592e-01
1.868367195129394531e-01
2.557445168495178223e-01
2.140183150768280029e-01
2.632107734680175781e-01
3.663614988327026367e-01
1.328018605709075928e-01
1.014860272407531738e-01
1.782177984714508057e-01
2.232336997985839844e-01
1.951553821563720703e-01
2.035081088542938232e-01
2.271548509597778320e-01
1.733447909355163574e-01
2.152542471885681152e-01
1.479376554489135742e-01
2.401677668094635010e-01
3.488562703132629395e-01
2.024911344051361084e-01
2.226542830467224121e-01
4.389933943748474121e-01
1.460063755512237549e-01
2.121572792530059814e-01
8.401381969451904297e-02
2.459086775779724121e-01
1.895202994346618652e-01
3.342754840850830078e-01
2.450962066650390625e-01
4.008130133152008057e-01
1.872457861900329590e-01
1.559459865093231201e-01
1.558255553245544434e-01
3.244953155517578125e-01
3.332432806491851807e-01
3.530541658401489258e-01
2.294290959835052490e-01
2.455497086048126221e-01
2.542484402656555176e-01
1.653166711330413818e-01
2.721066176891326904e-01
2.048485279083251953e-01
1.549552083015441895e-01
2.263467013835906982e-01
2.116054892539978027e-01
2.197114527225494385e-01
4.721889495849609375e-01
1.959342956542968750e-01
1.513000428676605225e-01
2.518718838691711426e-01
3.190674483776092529e-01
2.646826207637786865e-01
1.473281085491180420e-01
2.470894157886505127e-01
1.823092699050903320e-01
3.480986356735229492e-01
1.675314009189605713e-01
3.096065521240234375e-01
8.326140046119689941e-02
1.435072124004364014e-01
1.664879322052001953e-01
1.372460126876831055e-01
2.104061841964721680e-01
2.945364713668823242e-01
3.023778200149536133e-01
5.075305104255676270e-01
1.619007289409637451e-01
2.171057462692260742e-01
1.353026330471038818e-01
1.901804208755493164e-01
3.201089799404144287e-01
2.424541413784027100e-01
1.205582022666931152e-01
2.172681987285614014e-01
2.190205156803131104e-01
2.390516996383666992e-01
1.288756132125854492e-01
5.189752578735351562e-01
4.287632107734680176e-01
2.572451531887054443e-01
3.191536664962768555e-01
1.950992345809936523e-01
1.383335590362548828e-01
2.083376348018646240e-01
2.513095140457153320e-01
2.063147127628326416e-01
1.191483139991760254e-01
1.958336532115936279e-01
2.594292163848876953e-01
1.644589006900787354e-01
2.604057490825653076e-01
3.526003360748291016e-01
5.240615606307983398e-01
1.926809847354888916e-01
2.543135285377502441e-01
1.351206302642822266e-01
2.269946932792663574e-01
1.248930990695953369e-01
2.052587270736694336e-01
2.544919252395629883e-01
1.172499060630798340e-01
2.141433358192443848e-01
2.571065425872802734e-01
1.981114447116851807e-01
2.526403069496154785e-01
2.024932205677032471e-01
3.513822555541992188e-01
2.455107271671295166e-01
1.223001480102539062e-01
1.944049298763275146e-01
3.475509881973266602e-01
1.633155643939971924e-01
1.492305696010589600e-01
2.005372941493988037e-01
1.625643968582153320e-01
2.052141427993774414e-01
2.109882533550262451e-01
2.542954087257385254e-01
2.156026363372802734e-01
2.148543894290924072e-01
2.410853803157806396e-01
1.096799075603485107e-01
1.746354997158050537e-01
2.300774157047271729e-01
1.199996769428253174e-01
1.978671252727508545e-01
1.131916642189025879e-01
2.433567047119140625e-01
2.442138493061065674e-01
1.662614345550537109e-01
1.337533295154571533e-01
1.907235682010650635e-01
1.939664483070373535e-01
2.685819268226623535e-01
2.309381067752838135e-01
2.404387295246124268e-01
4.587986767292022705e-01
2.600930333137512207e-01
1.504572927951812744e-01
2.541205883026123047e-01
2.437214255332946777e-01
2.278625369071960449e-01
3.211619853973388672e-01
1.630561351776123047e-01
2.574629187583923340e-01
1.008935570716857910e-01
1.134672164916992188e-01
9.949600696563720703e-02
3.677427470684051514e-01
2.018101513385772705e-01
1.902628540992736816e-01
6.357046961784362793e-02
1.546366810798645020e-01
2.442249357700347900e-01
1.588675677776336670e-01
2.396861314773559570e-01
2.542792856693267822e-01
1.610431373119354248e-01
1.544798910617828369e-01
2.543620765209197998e-01
3.530541658401489258e-01
3.277630805969238281e-01
1.977573037147521973e-01
2.544168829917907715e-01
4.886785149574279785e-01
2.590672373771667480e-01
3.039592802524566650e-01
1.925066709518432617e-01
3.831946849822998047e-01
3.384815752506256104e-01
2.022981047630310059e-01
2.920643091201782227e-01
1.784344911575317383e-01
1.136265695095062256e-01
3.112093210220336914e-01
2.076923251152038574e-01
1.184812188148498535e-01
1.988036632537841797e-01
2.544136941432952881e-01
3.294913768768310547e-01
1.508339643478393555e-01
2.165465056896209717e-01
2.488056719303131104e-01
2.165282666683197021e-01
2.504082322120666504e-01
1.230546534061431885e-01
2.387115359306335449e-01
1.614946424961090088e-01
2.068262994289398193e-01
2.106668651103973389e-01
2.036329507827758789e-01
2.543872594833374023e-01
8.798533678054809570e-02
1.635385453701019287e-01
2.543486952781677246e-01
1.380702257156372070e-01
4.289358854293823242e-01
2.212411165237426758e-01
9.136494994163513184e-02
2.542878389358520508e-01
1.471894085407257080e-01
1.071842312812805176e-01
2.593346834182739258e-01
2.058759927749633789e-01
1.634900867938995361e-01
1.556824147701263428e-01
3.418230116367340088e-01
2.148218750953674316e-01
2.617732882499694824e-01
1.914109587669372559e-01
1.319379508495330811e-01
1.535712778568267822e-01
2.543817758560180664e-01
2.266441285610198975e-01
2.099091410636901855e-01
1.552418172359466553e-01
1.206877231597900391e-01
2.941443920135498047e-01
2.555793523788452148e-01
1.827451586723327637e-01
2.106117606163024902e-01
1.953516900539398193e-01
2.272483110427856445e-01
2.515622973442077637e-01
1.486907899379730225e-01
2.594321966171264648e-01
1.421467661857604980e-01
2.607913315296173096e-01
2.529163956642150879e-01
2.130145132541656494e-01
1.727239191532135010e-01
2.385352253913879395e-01
2.099924981594085693e-01
1.991918683052062988e-01
1.571807265281677246e-01
1.889044642448425293e-01
1.895160973072052002e-01
2.528470158576965332e-01
1.519951820373535156e-01
2.590405344963073730e-01
2.180094122886657715e-01
2.507001757621765137e-01
2.036164700984954834e-01
1.586569249629974365e-01
1.293485760688781738e-01
2.543573975563049316e-01
2.543596029281616211e-01
1.783557832241058350e-01
1.904255449771881104e-01
1.525832116603851318e-01
6.079539656639099121e-02
1.804018914699554443e-01
1.846501827239990234e-01
1.182812452316284180e-01
2.026166319847106934e-01
2.056533396244049072e-01
3.088983893394470215e-01
3.666679263114929199e-01
2.542703747749328613e-01
2.001937627792358398e-01
2.309111952781677246e-01
2.544319033622741699e-01
2.519071400165557861e-01
2.024896144866943359e-01
1.621107459068298340e-01
1.871280372142791748e-01
2.064900994300842285e-01
2.063540816307067871e-01
2.566384971141815186e-01
1.873804628849029541e-01
3.290399909019470215e-01
1.863297820091247559e-01
2.112250626087188721e-01
2.408026456832885742e-01
2.587774097919464111e-01
2.022140622138977051e-01
2.071667909622192383e-01
2.501510977745056152e-01
2.049399018287658691e-01
1.858217716217041016e-01
1.286972761154174805e-01
1.949438452720642090e-01
2.043577432632446289e-01
1.581289768218994141e-01
2.184636294841766357e-01
3.123684227466583252e-01
3.145153522491455078e-01
2.153021395206451416e-01
2.022601962089538574e-01
1.816692650318145752e-01
2.006879448890686035e-01
8.345904946327209473e-02
2.358717918395996094e-01
2.429834604263305664e-01
5.338017940521240234e-01
1.559982895851135254e-01
1.160831749439239502e-01
1.267721354961395264e-01
2.032623887062072754e-01
2.525568604469299316e-01
2.390711903572082520e-01
3.530541658401489258e-01
2.513810992240905762e-01
4.580668807029724121e-01
1.966976225376129150e-01
2.342960238456726074e-01
2.988397479057312012e-01
2.542750239372253418e-01
2.001701295375823975e-01
2.036678194999694824e-01
2.462552487850189209e-01
1.126025021076202393e-01
2.341028153896331787e-01
1.995725929737091064e-01
1.967569291591644287e-01
2.280652821063995361e-01
2.007175385951995850e-01
1.996060311794281006e-01
2.201295793056488037e-01
1.524472236633300781e-01
2.445000410079956055e-01
1.634077727794647217e-01
1.932693421840667725e-01
1.002286374568939209e-01
2.604801654815673828e-01
1.021029055118560791e-01
1.458124816417694092e-01
1.781339347362518311e-01
2.563972473144531250e-01
1.781097054481506348e-01
1.526847779750823975e-01
1.977626979351043701e-01
2.561305165290832520e-01
2.221776843070983887e-01
1.632666289806365967e-01
1.474779844284057617e-01
1.044303476810455322e-01
2.181139886379241943e-01
2.341349720954895020e-01
2.155776023864746094e-01
2.193283438682556152e-01
2.542026042938232422e-01
2.302781641483306885e-01
1.083519756793975830e-01
2.477034032344818115e-01
1.725570559501647949e-01
2.532386183738708496e-01
2.247714400291442871e-01
1.906742453575134277e-01
1.167125403881072998e-01
3.932816386222839355e-01
2.574737071990966797e-01
1.590948998928070068e-01
1.720817685127258301e-01
1.510900855064392090e-01
2.142306268215179443e-01
2.429032921791076660e-01
3.372544944286346436e-01
3.409933447837829590e-01
2.544733881950378418e-01
1.752311289310455322e-01
1.569654643535614014e-01
2.543371617794036865e-01
2.569026350975036621e-01
2.494762539863586426e-01
1.691806316375732422e-01
3.006178140640258789e-01
2.305511534214019775e-01
1.293191313743591309e-01
1.859705448150634766e-01
1.745621562004089355e-01
1.689169704914093018e-01
2.122649252414703369e-01
2.542747855186462402e-01
3.530541658401489258e-01
2.456890642642974854e-01
2.153410017490386963e-01
8.580932021141052246e-02
1.511345207691192627e-01
2.321807742118835449e-01
6.346675753593444824e-02
2.431405484676361084e-01
2.080581188201904297e-01
2.545942068099975586e-01
2.703766226768493652e-01
1.994107365608215332e-01
1.005259752273559570e-01
2.921499311923980713e-01
1.594334542751312256e-01
2.175918221473693848e-01
2.544759511947631836e-01
2.944764196872711182e-01
4.013787209987640381e-01
1.497348546981811523e-01
1.196393668651580811e-01
1.350841224193572998e-01
1.685332357883453369e-01
1.843631267547607422e-01
2.543371915817260742e-01
1.752855777740478516e-01
1.967163681983947754e-01
2.018352746963500977e-01
1.750812530517578125e-01
1.991545259952545166e-01
2.544465065002441406e-01
2.869728803634643555e-01
1.915495991706848145e-01
2.607266604900360107e-01
1.533710360527038574e-01
2.620154321193695068e-01
2.308548390865325928e-01
2.120770514011383057e-01
4.750178754329681396e-01
1.951202750205993652e-01
1.900587081909179688e-01
2.744085192680358887e-01
8.495765924453735352e-02
2.234073579311370850e-01
2.112188339233398438e-01
2.261550128459930420e-01
2.078205347061157227e-01
2.077164649963378906e-01
1.126056611537933350e-01
1.369115710258483887e-01
2.555333375930786133e-01
1.728681921958923340e-01
3.530541658401489258e-01
2.080205082893371582e-01
2.078646421432495117e-01
2.126359343528747559e-01
2.219028472900390625e-01
2.486591041088104248e-01
2.577713131904602051e-01
2.543975114822387695e-01
2.080306708812713623e-01
2.576793432235717773e-01
3.161872029304504395e-01
2.621997296810150146e-01
2.542629241943359375e-01
4.429156482219696045e-01
1.554556787014007568e-01
5.197134613990783691e-01
2.543993592262268066e-01
1.146403849124908447e-01
2.579460740089416504e-01
2.505602240562438965e-01
2.295368015766143799e-01
1.962665021419525146e-01
1.744934916496276855e-01
3.527242541313171387e-01
9.668010473251342773e-02
1.919967830181121826e-01
2.543404996395111084e-01
2.514136433601379395e-01
1.571029722690582275e-01
1.280835866928100586e-01
2.987027168273925781e-01
1.969057321548461914e-01
2.119810283184051514e-01
3.530541658401489258e-01
1.897783279418945312e-01
1.893222033977508545e-01
2.166216373443603516e-01
6.091842055320739746e-02
2.080284655094146729e-01
2.133845984935760498e-01
1.496004760265350342e-01
1.318537592887878418e-01
1.647987067699432373e-01
2.402978837490081787e-01
9.395113587379455566e-02
8.457940816879272461e-02
2.543413043022155762e-01
2.133516669273376465e-01
1.987995803356170654e-01
2.028089761734008789e-01
2.563199400901794434e-01
2.208592891693115234e-01
1.814567744731903076e-01
2.351218163967132568e-01
2.271697521209716797e-01
2.017767429351806641e-01
2.265343964099884033e-01
2.222144305706024170e-01
2.944712340831756592e-01
3.530541658401489258e-01
2.902781963348388672e-01
1.513844430446624756e-01
2.233941853046417236e-01
4.771505594253540039e-01
2.551079988479614258e-01
2.048873603343963623e-01
2.520979940891265869e-01
1.811342239379882812e-01
2.447572648525238037e-01
2.044904232025146484e-01
2.682476639747619629e-01
2.126715779304504395e-01
2.211383879184722900e-01
1.803622245788574219e-01
2.831675410270690918e-01
2.145005166530609131e-01
1.139785051345825195e-01
1.437422931194305420e-01
2.185384035110473633e-01
1.910682916641235352e-01
1.874144077301025391e-01
1.362932622432708740e-01
1.815641224384307861e-01
3.838427662849426270e-01
1.540033519268035889e-01
2.288231551647186279e-01
2.165017426013946533e-01
8.553221821784973145e-02
1.334764659404754639e-01
1.523046791553497314e-01
1.543936133384704590e-01
9.963577985763549805e-02
2.644837498664855957e-01
2.330385446548461914e-01
1.197911798954010010e-01
2.036166489124298096e-01
1.514394879341125488e-01
5.083798766136169434e-01
2.379446923732757568e-01
1.723886430263519287e-01
2.543515563011169434e-01
2.542027533054351807e-01
1.642332375049591064e-01
4.611542224884033203e-01
2.037337422370910645e-01
2.209822535514831543e-01
1.589784324169158936e-01
2.375110685825347900e-01
2.578167319297790527e-01
1.407421827316284180e-01
2.364521920680999756e-01
1.166866421699523926e-01
