7.748720645904541016e-01
8.627797365188598633e-01
2.122188210487365723e-01
7.544310092926025391e-01
1.926433145999908447e-01
2.122188210487365723e-01
7.838054895401000977e-01
8.521556258201599121e-01
9.433275461196899414e-01
2.775022089481353760e-01
7.274147272109985352e-01
8.369081020355224609e-01
2.122188210487365723e-01
8.514872193336486816e-01
2.520559430122375488e-01
9.345318078994750977e-01
1.926783323287963867e-01
2.122188210487365723e-01
2.122188210487365723e-01
3.501096963882446289e-01
2.122188210487365723e-01
4.742904305458068848e-01
2.122188210487365723e-01
4.179523587226867676e-01
8.125550746917724609e-01
8.183006048202514648e-01
3.612535893917083740e-01
2.122188210487365723e-01
9.357604384422302246e-01
2.771185040473937988e-01
5.478186607360839844e-01
2.122188210487365723e-01
2.122188210487365723e-01
2.122188210487365723e-01
1.437817513942718506e-01
8.075023293495178223e-01
8.237199783325195312e-01
8.396691083908081055e-01
2.122188210487365723e-01
2.122188210487365723e-01
5.132531523704528809e-01
2.122188210487365723e-01
8.518232703208923340e-01
9.050595760345458984e-01
2.560453414916992188e-01
8.356080651283264160e-01
9.468176960945129395e-01
9.626886248588562012e-01
3.017756044864654541e-01
8.347144722938537598e-01
7.800832986831665039e-01
9.410337805747985840e-01
2.122188210487365723e-01
2.122188210487365723e-01
2.122188210487365723e-01
9.586833119392395020e-01
2.122188210487365723e-01
9.107602238655090332e-01
4.159589409828186035e-01
9.298118352890014648e-01
8.476337194442749023e-01
9.600702524185180664e-01
4.301986098289489746e-01
2.483336925506591797e-01
8.517872691154479980e-01
1.880552172660827637e-01
2.122188210487365723e-01
2.122188210487365723e-01
2.122188210487365723e-01
8.840706348419189453e-01
8.997013568878173828e-01
8.429448604583740234e-01
3.867624700069427490e-01
3.822118937969207764e-01
8.754955530166625977e-01
2.687913179397583008e-01
9.029434323310852051e-01
1.883709430694580078e-01
2.122188210487365723e-01
8.726503849029541016e-01
2.122188210487365723e-01
6.505746841430664062e-01
8.611975908279418945e-01
2.122188210487365723e-01
7.937167882919311523e-01
8.369778394699096680e-01
5.049982070922851562e-01
1.895037591457366943e-01
2.104408442974090576e-01
3.056896328926086426e-01
2.122188210487365723e-01
3.500505089759826660e-01
8.518471121788024902e-01
2.122188210487365723e-01
7.549250721931457520e-01
2.122188210487365723e-01
9.414281845092773438e-01
2.122188210487365723e-01
8.412979841232299805e-01
2.122188210487365723e-01
5.077361464500427246e-01
1.592323482036590576e-01
9.617269039154052734e-01
9.526466131210327148e-01
6.753456592559814453e-01
2.122188210487365723e-01
2.362611889839172363e-01
4.022131264209747314e-01
2.122188210487365723e-01
2.122188210487365723e-01
2.122188210487365723e-01
2.122188210487365723e-01
9.583649635314941406e-01
2.122188210487365723e-01
8.503928184509277344e-01
6.241794824600219727e-01
2.122188210487365723e-01
2.122188210487365723e-01
2.122188210487365723e-01
2.122188210487365723e-01
9.358175992965698242e-01
2.122188210487365723e-01
9.013988971710205078e-01
9.557205438613891602e-01
7.830355167388916016e-01
2.122188210487365723e-01
2.122188210487365723e-01
2.122188210487365723e-01
8.319888114929199219e-01
7.814097404479980469e-01
7.589089870452880859e-01
8.950581550598144531e-01
1.887220144271850586e-01
9.472090601921081543e-01
2.122188210487365723e-01
9.638307094573974609e-01
2.122188210487365723e-01
2.088037729263305664e-01
2.122188210487365723e-01
2.122188210487365723e-01
8.275229930877685547e-01
2.122188210487365723e-01
3.619400560855865479e-01
7.733966112136840820e-01
2.122188210487365723e-01
7.484024167060852051e-01
2.473553717136383057e-01
2.122188210487365723e-01
3.051722049713134766e-01
5.551574826240539551e-01
8.625019788742065430e-01
3.451779186725616455e-01
8.985744714736938477e-01
4.389717876911163330e-01
2.122188210487365723e-01
2.122188210487365723e-01
8.904058933258056641e-01
2.122188210487365723e-01
8.374989032745361328e-01
2.873786091804504395e-01
4.161301553249359131e-01
2.122188210487365723e-01
2.122188210487365723e-01
8.945906162261962891e-01
8.580017685890197754e-01
9.484506845474243164e-01
8.546985387802124023e-01
2.122188210487365723e-01
2.122188210487365723e-01
8.380622267723083496e-01
9.024862647056579590e-01
3.777433037757873535e-01
2.122188210487365723e-01
8.900715112686157227e-01
2.122188210487365723e-01
2.122188210487365723e-01
2.122188210487365723e-01
2.782761454582214355e-01
9.126235246658325195e-01
1.947676837444305420e-01
9.318209886550903320e-01
8.710746765136718750e-01
8.701605796813964844e-01
1.879857182502746582e-01
2.122188210487365723e-01
8.805965781211853027e-01
9.341757297515869141e-01
9.574445486068725586e-01
2.122188210487365723e-01
9.723010063171386719e-01
7.043256163597106934e-01
8.094302415847778320e-01
7.575455904006958008e-01
9.089335799217224121e-01
8.209757804870605469e-01
3.553485274314880371e-01
2.122188210487365723e-01
2.803722620010375977e-01
9.517788887023925781e-01
2.122188210487365723e-01
2.122188210487365723e-01
1.890036165714263916e-01
2.122188210487365723e-01
2.122188210487365723e-01
2.122188210487365723e-01
2.122188210487365723e-01
2.122188210487365723e-01
2.122188210487365723e-01
2.122188210487365723e-01
2.470939159393310547e-01
2.122188210487365723e-01
2.122188210487365723e-01
2.122188210487365723e-01
1.520900130271911621e-01
1.880117952823638916e-01
2.122188210487365723e-01
1.968617737293243408e-01
2.122188210487365723e-01
2.122188210487365723e-01
2.122188210487365723e-01
1.924721002578735352e-01
2.122188210487365723e-01
1.770662665367126465e-01
1.948929727077484131e-01
2.122188210487365723e-01
2.821055054664611816e-01
2.122188210487365723e-01
2.213909327983856201e-01
2.122188210487365723e-01
2.122188210487365723e-01
2.603939175605773926e-01
2.122188210487365723e-01
2.122188210487365723e-01
1.663949191570281982e-01
2.122188210487365723e-01
2.122188210487365723e-01
2.122188210487365723e-01
2.122188210487365723e-01
2.122188210487365723e-01
2.122188210487365723e-01
2.122188210487365723e-01
2.122188210487365723e-01
1.938462555408477783e-01
1.955090463161468506e-01
1.424593925476074219e-01
2.122188210487365723e-01
5.318235158920288086e-01
2.508626580238342285e-01
2.122188210487365723e-01
1.382111907005310059e-01
2.480296492576599121e-01
2.122188210487365723e-01
2.122188210487365723e-01
1.942732930183410645e-01
2.122188210487365723e-01
2.122188210487365723e-01
2.122188210487365723e-01
2.122188210487365723e-01
3.255030214786529541e-01
2.122188210487365723e-01
2.122188210487365723e-01
1.656295955181121826e-01
2.122188210487365723e-01
2.122188210487365723e-01
2.122188210487365723e-01
2.122188210487365723e-01
2.427069842815399170e-01
2.122188210487365723e-01
2.122188210487365723e-01
1.374691724777221680e-01
2.122188210487365723e-01
2.462390661239624023e-01
3.548649549484252930e-01
2.122188210487365723e-01
2.122188210487365723e-01
2.684870958328247070e-01
1.960456967353820801e-01
2.122188210487365723e-01
2.473260462284088135e-01
2.122188210487365723e-01
2.314295172691345215e-01
1.737712323665618896e-01
2.122188210487365723e-01
2.122188210487365723e-01
2.122188210487365723e-01
2.122188210487365723e-01
2.122188210487365723e-01
2.122188210487365723e-01
2.122188210487365723e-01
2.122188210487365723e-01
2.122188210487365723e-01
2.122188210487365723e-01
3.734179139137268066e-01
1.942024230957031250e-01
2.122188210487365723e-01
2.122188210487365723e-01
1.653226017951965332e-01
2.571380734443664551e-01
1.938112676143646240e-01
2.122188210487365723e-01
2.122188210487365723e-01
2.122188210487365723e-01
1.127202212810516357e-01
2.122188210487365723e-01
2.122188210487365723e-01
2.122188210487365723e-01
3.162773251533508301e-01
2.122188210487365723e-01
1.881969869136810303e-01
2.122188210487365723e-01
1.830222010612487793e-01
2.122188210487365723e-01
2.122188210487365723e-01
2.467214465141296387e-01
2.122188210487365723e-01
2.122188210487365723e-01
2.152802944183349609e-01
2.122188210487365723e-01
2.122188210487365723e-01
1.461132466793060303e-01
2.122188210487365723e-01
2.122188210487365723e-01
2.122188210487365723e-01
1.943383216857910156e-01
2.526160776615142822e-01
2.122188210487365723e-01
2.122188210487365723e-01
1.296176314353942871e-01
2.122188210487365723e-01
1.716170608997344971e-01
1.850448846817016602e-01
1.848872601985931396e-01
2.122188210487365723e-01
2.122188210487365723e-01
2.122188210487365723e-01
1.932299137115478516e-01
2.934516370296478271e-01
2.122188210487365723e-01
1.960302889347076416e-01
2.122188210487365723e-01
2.122188210487365723e-01
2.122188210487365723e-01
2.967042624950408936e-01
1.961443126201629639e-01
2.122188210487365723e-01
1.953736543655395508e-01
2.524125576019287109e-01
2.122188210487365723e-01
3.048738539218902588e-01
2.122188210487365723e-01
2.122188210487365723e-01
2.122188210487365723e-01
2.122188210487365723e-01
2.122188210487365723e-01
2.122188210487365723e-01
2.472920119762420654e-01
2.621983885765075684e-01
2.122188210487365723e-01
2.122188210487365723e-01
2.122188210487365723e-01
3.149448037147521973e-01
2.122188210487365723e-01
2.122188210487365723e-01
2.453308403491973877e-01
2.122188210487365723e-01
2.122188210487365723e-01
2.122188210487365723e-01
2.122188210487365723e-01
1.436311006546020508e-01
2.122188210487365723e-01
1.607896983623504639e-01
2.122188210487365723e-01
2.122188210487365723e-01
2.122188210487365723e-01
2.122188210487365723e-01
2.122188210487365723e-01
2.122188210487365723e-01
2.122188210487365723e-01
2.122188210487365723e-01
1.947248876094818115e-01
2.122188210487365723e-01
2.667051553726196289e-01
2.122188210487365723e-01
1.888580322265625000e-01
2.122188210487365723e-01
2.122188210487365723e-01
2.122188210487365723e-01
2.122188210487365723e-01
2.122188210487365723e-01
2.122188210487365723e-01
2.122188210487365723e-01
2.122188210487365723e-01
2.304832339286804199e-01
2.122188210487365723e-01
2.122188210487365723e-01
2.122188210487365723e-01
1.668818295001983643e-01
2.122188210487365723e-01
2.122188210487365723e-01
2.122188210487365723e-01
2.122188210487365723e-01
2.122188210487365723e-01
2.122188210487365723e-01
2.122188210487365723e-01
2.122188210487365723e-01
2.122188210487365723e-01
1.954288184642791748e-01
1.650337874889373779e-01
1.943740844726562500e-01
2.122188210487365723e-01
1.148435771465301514e-01
3.543687164783477783e-01
3.200122117996215820e-01
2.122188210487365723e-01
2.122188210487365723e-01
2.122188210487365723e-01
2.122188210487365723e-01
2.122188210487365723e-01
2.122188210487365723e-01
2.122188210487365723e-01
2.122188210487365723e-01
2.122188210487365723e-01
1.636866927146911621e-01
2.122188210487365723e-01
2.122188210487365723e-01
1.790108978748321533e-01
2.122188210487365723e-01
1.929547786712646484e-01
2.122188210487365723e-01
2.122188210487365723e-01
2.122188210487365723e-01
2.058507502079010010e-01
2.122188210487365723e-01
1.554903686046600342e-01
2.122188210487365723e-01
2.122188210487365723e-01
2.122188210487365723e-01
2.122188210487365723e-01
2.122188210487365723e-01
2.122188210487365723e-01
2.122188210487365723e-01
1.542526781558990479e-01
2.122188210487365723e-01
2.122188210487365723e-01
3.693369030952453613e-01
2.122188210487365723e-01
1.938490569591522217e-01
2.122188210487365723e-01
2.122188210487365723e-01
2.323907911777496338e-01
2.122188210487365723e-01
2.441646754741668701e-01
2.122188210487365723e-01
2.122188210487365723e-01
1.645447313785552979e-01
2.122188210487365723e-01
2.050513625144958496e-01
1.892620325088500977e-01
2.122188210487365723e-01
1.596362292766571045e-01
2.122188210487365723e-01
1.176663339138031006e-01
2.122188210487365723e-01
1.793586611747741699e-01
2.122188210487365723e-01
1.842198669910430908e-01
2.122188210487365723e-01
2.122188210487365723e-01
2.122188210487365723e-01
1.770246922969818115e-01
2.122188210487365723e-01
2.122188210487365723e-01
1.472568809986114502e-01
2.122188210487365723e-01
1.950583159923553467e-01
2.122188210487365723e-01
2.122188210487365723e-01
2.122188210487365723e-01
2.122188210487365723e-01
2.122188210487365723e-01
2.122188210487365723e-01
1.946458816528320312e-01
2.122188210487365723e-01
2.122188210487365723e-01
1.565031707286834717e-01
2.122188210487365723e-01
1.645066440105438232e-01
2.122188210487365723e-01
2.897911071777343750e-01
1.535264551639556885e-01
1.951148808002471924e-01
1.707182228565216064e-01
2.122188210487365723e-01
2.122188210487365723e-01
2.894040942192077637e-01
2.122188210487365723e-01
2.122188210487365723e-01
2.122188210487365723e-01
2.122188210487365723e-01
2.122188210487365723e-01
2.122188210487365723e-01
2.122188210487365723e-01
2.122188210487365723e-01
2.122188210487365723e-01
2.122188210487365723e-01
2.122188210487365723e-01
1.700233221054077148e-01
2.436551153659820557e-01
2.122188210487365723e-01
2.122188210487365723e-01
2.122188210487365723e-01
2.122188210487365723e-01
2.122188210487365723e-01
1.903379261493682861e-01
2.122188210487365723e-01
2.122188210487365723e-01
2.122188210487365723e-01
2.122188210487365723e-01
2.122188210487365723e-01
2.122188210487365723e-01
2.122188210487365723e-01
2.122188210487365723e-01
2.122188210487365723e-01
1.563687622547149658e-01
1.943669617176055908e-01
1.454348862171173096e-01
2.122188210487365723e-01
2.122188210487365723e-01
2.472574412822723389e-01
2.339936792850494385e-01
2.122188210487365723e-01
2.122188210487365723e-01
2.122188210487365723e-01
2.122188210487365723e-01
2.122188210487365723e-01
2.122188210487365723e-01
2.122188210487365723e-01
2.378689348697662354e-01
2.122188210487365723e-01
2.158597707748413086e-01
2.122188210487365723e-01
2.122188210487365723e-01
2.122188210487365723e-01
2.122188210487365723e-01
2.122188210487365723e-01
2.122188210487365723e-01
2.122188210487365723e-01
2.122188210487365723e-01
2.122188210487365723e-01
2.122188210487365723e-01
2.122188210487365723e-01
2.122188210487365723e-01
2.122188210487365723e-01
2.122188210487365723e-01
2.122188210487365723e-01
2.122188210487365723e-01
2.122188210487365723e-01
2.122188210487365723e-01
1.945410072803497314e-01
3.141366541385650635e-01
3.223265409469604492e-01
2.122188210487365723e-01
2.122188210487365723e-01
2.122188210487365723e-01
2.147442102432250977e-01
2.122188210487365723e-01
2.474162280559539795e-01
2.122188210487365723e-01
2.122188210487365723e-01
2.122188210487365723e-01
2.017344236373901367e-01
2.122188210487365723e-01
2.122188210487365723e-01
2.122188210487365723e-01
1.698413193225860596e-01
2.122188210487365723e-01
2.122188210487365723e-01
2.122188210487365723e-01
2.122188210487365723e-01
2.122188210487365723e-01
2.122188210487365723e-01
2.122188210487365723e-01
2.122188210487365723e-01
2.122188210487365723e-01
2.122188210487365723e-01
2.122188210487365723e-01
2.122188210487365723e-01
2.122188210487365723e-01
2.122188210487365723e-01
2.122188210487365723e-01
2.122188210487365723e-01
1.738675832748413086e-01
2.122188210487365723e-01
2.122188210487365723e-01
2.122188210487365723e-01
2.122188210487365723e-01
3.293646275997161865e-01
1.987104415893554688e-01
1.222389638423919678e-01
2.122188210487365723e-01
2.122188210487365723e-01
2.122188210487365723e-01
1.938563883304595947e-01
2.122188210487365723e-01
2.122188210487365723e-01
2.122188210487365723e-01
2.122188210487365723e-01
2.122188210487365723e-01
2.122188210487365723e-01
2.122188210487365723e-01
2.122188210487365723e-01
2.122188210487365723e-01
1.936474740505218506e-01
2.122188210487365723e-01
2.122188210487365723e-01
2.122188210487365723e-01
2.122188210487365723e-01
2.122188210487365723e-01
3.285492658615112305e-01
2.122188210487365723e-01
2.122188210487365723e-01
2.122188210487365723e-01
2.122188210487365723e-01
2.122188210487365723e-01
2.122188210487365723e-01
2.122188210487365723e-01
2.122188210487365723e-01
2.122188210487365723e-01
2.058894932270050049e-01
2.122188210487365723e-01
2.122188210487365723e-01
1.953477561473846436e-01
2.122188210487365723e-01
1.711683571338653564e-01
2.122188210487365723e-01
2.122188210487365723e-01
2.474478483200073242e-01
2.122188210487365723e-01
2.122188210487365723e-01
2.122188210487365723e-01
2.122188210487365723e-01
1.734940111637115479e-01
2.122188210487365723e-01
1.420452594757080078e-01
2.122188210487365723e-01
2.122188210487365723e-01
2.122188210487365723e-01
2.122188210487365723e-01
2.122188210487365723e-01
1.920755505561828613e-01
2.484641969203948975e-01
2.122188210487365723e-01
3.382337689399719238e-01
2.122188210487365723e-01
2.122188210487365723e-01
2.442289292812347412e-01
2.500636875629425049e-01
2.122188210487365723e-01
2.000254392623901367e-01
2.122188210487365723e-01
2.122188210487365723e-01
2.122188210487365723e-01
2.122188210487365723e-01
2.122188210487365723e-01
2.122188210487365723e-01
2.780632674694061279e-01
1.957147121429443359e-01
3.602809011936187744e-01
2.122188210487365723e-01
2.475335001945495605e-01
1.571370959281921387e-01
2.122188210487365723e-01
1.993456184864044189e-01
2.122188210487365723e-01
3.951088786125183105e-01
2.122188210487365723e-01
2.122188210487365723e-01
1.955173015594482422e-01
2.501964271068572998e-01
2.122188210487365723e-01
2.122188210487365723e-01
2.122188210487365723e-01
3.128128051757812500e-01
1.747190058231353760e-01
2.122188210487365723e-01
2.122188210487365723e-01
2.122188210487365723e-01
2.122188210487365723e-01
2.122188210487365723e-01
2.122188210487365723e-01
2.122188210487365723e-01
2.122188210487365723e-01
2.122188210487365723e-01
2.604221999645233154e-01
1.865809559822082520e-01
2.122188210487365723e-01
2.122188210487365723e-01
2.122188210487365723e-01
1.611546576023101807e-01
2.680122852325439453e-01
2.122188210487365723e-01
1.551107466220855713e-01
2.122188210487365723e-01
2.122188210487365723e-01
1.410132348537445068e-01
2.122188210487365723e-01
2.441458702087402344e-01
2.122188210487365723e-01
2.122188210487365723e-01
1.962396800518035889e-01
2.474607527256011963e-01
2.455018460750579834e-01
2.122188210487365723e-01
2.122188210487365723e-01
2.438921034336090088e-01
2.122188210487365723e-01
1.936140656471252441e-01
2.122188210487365723e-01
2.122188210487365723e-01
1.952227652072906494e-01
2.122188210487365723e-01
1.332194805145263672e-01
2.122188210487365723e-01
2.176888287067413330e-01
2.122188210487365723e-01
2.122188210487365723e-01
2.453364729881286621e-01
2.122188210487365723e-01
2.122188210487365723e-01
1.680858135223388672e-01
2.122188210487365723e-01
2.122188210487365723e-01
2.122188210487365723e-01
2.122188210487365723e-01
2.122188210487365723e-01
8.953624963760375977e-02
2.442686557769775391e-01
2.122188210487365723e-01
2.122188210487365723e-01
1.947220861911773682e-01
1.488262712955474854e-01
2.122188210487365723e-01
2.122188210487365723e-01
1.940446794033050537e-01
2.122188210487365723e-01
2.353322803974151611e-01
2.122188210487365723e-01
2.122188210487365723e-01
2.122188210487365723e-01
2.122188210487365723e-01
3.948264122009277344e-01
2.122188210487365723e-01
2.512390315532684326e-01
2.122188210487365723e-01
2.671017050743103027e-01
3.163055777549743652e-01
2.122188210487365723e-01
2.122188210487365723e-01
2.122188210487365723e-01
2.122188210487365723e-01
2.122188210487365723e-01
2.122188210487365723e-01
2.122188210487365723e-01
2.122188210487365723e-01
2.122188210487365723e-01
2.122188210487365723e-01
2.122188210487365723e-01
2.122188210487365723e-01
2.122188210487365723e-01
2.122188210487365723e-01
2.122188210487365723e-01
2.122188210487365723e-01
2.122188210487365723e-01
2.122188210487365723e-01
2.122188210487365723e-01
2.423980832099914551e-01
2.122188210487365723e-01
1.627351641654968262e-01
1.696778237819671631e-01
2.122188210487365723e-01
2.122188210487365723e-01
1.738864779472351074e-01
1.744705736637115479e-01
2.122188210487365723e-01
1.755887269973754883e-01
2.122188210487365723e-01
1.275197267532348633e-01
2.122188210487365723e-01
2.122188210487365723e-01
2.122188210487365723e-01
2.122188210487365723e-01
2.463766932487487793e-01
1.861079633235931396e-01
1.941951513290405273e-01
1.884981691837310791e-01
1.583854556083679199e-01
2.985693812370300293e-01
2.122188210487365723e-01
2.122188210487365723e-01
2.122188210487365723e-01
2.122188210487365723e-01
2.122188210487365723e-01
2.462363243103027344e-01
2.122188210487365723e-01
2.122188210487365723e-01
2.122188210487365723e-01
2.122188210487365723e-01
2.122188210487365723e-01
2.122188210487365723e-01
2.122188210487365723e-01
2.122188210487365723e-01
2.122188210487365723e-01
2.122188210487365723e-01
2.482589185237884521e-01
2.122188210487365723e-01
1.948065459728240967e-01
2.122188210487365723e-01
2.122188210487365723e-01
2.122188210487365723e-01
2.122188210487365723e-01
2.122188210487365723e-01
2.122188210487365723e-01
2.122188210487365723e-01
2.122188210487365723e-01
2.122188210487365723e-01
2.122188210487365723e-01
2.149955630302429199e-01
1.989403665065765381e-01
2.674120664596557617e-01
2.122188210487365723e-01
2.122188210487365723e-01
2.122188210487365723e-01
2.122188210487365723e-01
2.122188210487365723e-01
2.122188210487365723e-01
1.269688308238983154e-01
1.707830429077148438e-01
2.122188210487365723e-01
2.122188210487365723e-01
2.122188210487365723e-01
2.122188210487365723e-01
1.760542094707489014e-01
2.122188210487365723e-01
2.122188210487365723e-01
2.122188210487365723e-01
2.122188210487365723e-01
2.122188210487365723e-01
2.122188210487365723e-01
2.122188210487365723e-01
2.122188210487365723e-01
2.122188210487365723e-01
1.878112852573394775e-01
1.950916647911071777e-01
2.122188210487365723e-01
1.955844163894653320e-01
2.122188210487365723e-01
2.122188210487365723e-01
1.662792265415191650e-01
2.122188210487365723e-01
2.122188210487365723e-01
1.804126799106597900e-01
2.122188210487365723e-01
2.122188210487365723e-01
1.372990608215332031e-01
2.891338765621185303e-01
2.122188210487365723e-01
2.122188210487365723e-01
2.122188210487365723e-01
2.122188210487365723e-01
2.625932693481445312e-01
2.122188210487365723e-01
2.122188210487365723e-01
2.122188210487365723e-01
2.543285191059112549e-01
2.122188210487365723e-01
1.933530271053314209e-01
2.122188210487365723e-01
3.306158185005187988e-01
1.382817924022674561e-01
3.222322463989257812e-01
2.470058798789978027e-01
2.595789432525634766e-01
1.018297374248504639e-01
1.526416838169097900e-01
2.122188210487365723e-01
2.122188210487365723e-01
1.940545439720153809e-01
2.122188210487365723e-01
2.122188210487365723e-01
2.451628744602203369e-01
1.880646646022796631e-01
2.122188210487365723e-01
2.122188210487365723e-01
1.875635981559753418e-01
2.122188210487365723e-01
2.122188210487365723e-01
2.122188210487365723e-01
2.122188210487365723e-01
1.956058442592620850e-01
2.122188210487365723e-01
2.122188210487365723e-01
1.947641372680664062e-01
2.122188210487365723e-01
2.122188210487365723e-01
2.122188210487365723e-01
2.460926473140716553e-01
2.122188210487365723e-01
2.122188210487365723e-01
2.122188210487365723e-01
2.122188210487365723e-01
2.479224503040313721e-01
1.877892911434173584e-01
2.449020147323608398e-01
2.122188210487365723e-01
2.122188210487365723e-01
2.122188210487365723e-01
1.459333300590515137e-01
2.122188210487365723e-01
2.122188210487365723e-01
2.137175798416137695e-01
2.122188210487365723e-01
2.122188210487365723e-01
2.122188210487365723e-01
2.122188210487365723e-01
2.122188210487365723e-01
2.122188210487365723e-01
2.122188210487365723e-01
1.338158547878265381e-01
3.658810853958129883e-01
2.122188210487365723e-01
2.122188210487365723e-01
1.857225596904754639e-01
2.122188210487365723e-01
1.528000235557556152e-01
2.122188210487365723e-01
3.621186912059783936e-01
2.122188210487365723e-01
2.122188210487365723e-01
2.122188210487365723e-01
2.122188210487365723e-01
2.122188210487365723e-01
2.122188210487365723e-01
2.947426438331604004e-01
2.122188210487365723e-01
2.122188210487365723e-01
2.122188210487365723e-01
1.897392272949218750e-01
1.946159005165100098e-01
2.530546784400939941e-01
2.122188210487365723e-01
2.122188210487365723e-01
3.754382431507110596e-01
2.122188210487365723e-01
2.122188210487365723e-01
1.842426955699920654e-01
2.122188210487365723e-01
2.334135174751281738e-01
2.474212348461151123e-01
2.122188210487365723e-01
1.781874597072601318e-01
2.122188210487365723e-01
2.122188210487365723e-01
2.122188210487365723e-01
2.122188210487365723e-01
6.431070566177368164e-01
3.245836496353149414e-01
2.122188210487365723e-01
1.884583532810211182e-01
2.122188210487365723e-01
2.122188210487365723e-01
1.944977045059204102e-01
2.122188210487365723e-01
2.329322695732116699e-01
2.122188210487365723e-01
2.122188210487365723e-01
2.122188210487365723e-01
2.122188210487365723e-01
2.122188210487365723e-01
2.122188210487365723e-01
2.122188210487365723e-01
2.510926723480224609e-01
2.122188210487365723e-01
1.883086860179901123e-01
1.396273374557495117e-01
2.122188210487365723e-01
2.122188210487365723e-01
2.122188210487365723e-01
2.454775571823120117e-01
2.122188210487365723e-01
1.947440803050994873e-01
1.802005171775817871e-01
2.005406320095062256e-01
2.122188210487365723e-01
2.122188210487365723e-01
2.122188210487365723e-01
2.122188210487365723e-01
2.122188210487365723e-01
2.122188210487365723e-01
2.122188210487365723e-01
1.562409996986389160e-01
2.122188210487365723e-01
2.492042481899261475e-01
2.122188210487365723e-01
2.122188210487365723e-01
2.479883134365081787e-01
2.122188210487365723e-01
2.122188210487365723e-01
2.122188210487365723e-01
2.122188210487365723e-01
2.122188210487365723e-01
2.122188210487365723e-01
2.122188210487365723e-01
2.122188210487365723e-01
2.122188210487365723e-01
2.122188210487365723e-01
1.728774607181549072e-01
2.122188210487365723e-01
2.122188210487365723e-01
1.950535476207733154e-01
2.122188210487365723e-01
2.122188210487365723e-01
2.122188210487365723e-01
1.954837143421173096e-01
2.440083324909210205e-01
2.122188210487365723e-01
2.851967215538024902e-01
2.122188210487365723e-01
2.122188210487365723e-01
2.122188210487365723e-01
2.122188210487365723e-01
2.122188210487365723e-01
2.122188210487365723e-01
2.122188210487365723e-01
1.374842226505279541e-01
1.672846972942352295e-01
2.122188210487365723e-01
2.122188210487365723e-01
1.505278050899505615e-01
1.879749298095703125e-01
1.296147108078002930e-01
2.122188210487365723e-01
2.342760562896728516e-01
1.602569520473480225e-01
2.122188210487365723e-01
2.122188210487365723e-01
2.122188210487365723e-01
2.122188210487365723e-01
2.122188210487365723e-01
2.122188210487365723e-01
2.122188210487365723e-01
2.121606767177581787e-01
2.122188210487365723e-01
2.122188210487365723e-01
2.122188210487365723e-01
2.122188210487365723e-01
2.122188210487365723e-01
2.421125769615173340e-01
2.122188210487365723e-01
2.122188210487365723e-01
1.881642639636993408e-01
2.480169236660003662e-01
2.122188210487365723e-01
2.122188210487365723e-01
2.122188210487365723e-01
2.122188210487365723e-01
2.511144876480102539e-01
2.122188210487365723e-01
2.122188210487365723e-01
3.265395760536193848e-01
2.122188210487365723e-01
3.024294376373291016e-01
2.122188210487365723e-01
1.251967251300811768e-01
2.122188210487365723e-01
2.122188210487365723e-01
2.122188210487365723e-01
2.122188210487365723e-01
2.122188210487365723e-01
2.122188210487365723e-01
2.122188210487365723e-01
3.867281377315521240e-01
3.017826080322265625e-01
2.122188210487365723e-01
2.122188210487365723e-01
2.003520131111145020e-01
2.122188210487365723e-01
2.122188210487365723e-01
1.437972187995910645e-01
2.122188210487365723e-01
2.122188210487365723e-01
2.122188210487365723e-01
2.122188210487365723e-01
2.122188210487365723e-01
2.453618347644805908e-01
2.122188210487365723e-01
2.122188210487365723e-01
2.122188210487365723e-01
2.122188210487365723e-01
2.122188210487365723e-01
2.122188210487365723e-01
2.122188210487365723e-01
2.122188210487365723e-01
2.430169284343719482e-01
2.122188210487365723e-01
2.122188210487365723e-01
2.122188210487365723e-01
2.122188210487365723e-01
2.122188210487365723e-01
2.433061599731445312e-01
2.603092789649963379e-01
2.534415125846862793e-01
1.950072348117828369e-01
1.883613765239715576e-01
2.475816011428833008e-01
2.122188210487365723e-01
2.122188210487365723e-01
2.122188210487365723e-01
1.960885226726531982e-01
2.122188210487365723e-01
2.122188210487365723e-01
2.122188210487365723e-01
3.129794597625732422e-01
2.122188210487365723e-01
2.122188210487365723e-01
2.122188210487365723e-01
2.122188210487365723e-01
2.122188210487365723e-01
2.530764341354370117e-01
4.196799397468566895e-01
1.395843327045440674e-01
1.567917168140411377e-01
2.122188210487365723e-01
2.122188210487365723e-01
1.951091289520263672e-01
2.122188210487365723e-01
2.122188210487365723e-01
2.122188210487365723e-01
3.064996600151062012e-01
1.880618333816528320e-01
2.122188210487365723e-01
2.122188210487365723e-01
2.122188210487365723e-01
2.122188210487365723e-01
2.122188210487365723e-01
2.122188210487365723e-01
2.122188210487365723e-01
2.601658999919891357e-01
2.122188210487365723e-01
1.880148649215698242e-01
2.122188210487365723e-01
2.122188210487365723e-01
1.900901198387145996e-01
2.122188210487365723e-01
2.122188210487365723e-01
2.122188210487365723e-01
2.122188210487365723e-01
2.122188210487365723e-01
2.122188210487365723e-01
2.122188210487365723e-01
2.122188210487365723e-01
2.122188210487365723e-01
2.122188210487365723e-01
2.122188210487365723e-01
2.122188210487365723e-01
1.935551464557647705e-01
2.122188210487365723e-01
2.510239779949188232e-01
1.567546427249908447e-01
2.122188210487365723e-01
2.122188210487365723e-01
2.122188210487365723e-01
2.122188210487365723e-01
2.122188210487365723e-01
2.122188210487365723e-01
2.958370447158813477e-01
2.122188210487365723e-01
2.122188210487365723e-01
2.122188210487365723e-01
1.938480436801910400e-01
2.122188210487365723e-01
1.877544224262237549e-01
2.122188210487365723e-01
2.437615990638732910e-01
1.427811384201049805e-01
1.576033532619476318e-01
2.122188210487365723e-01
2.122188210487365723e-01
2.122188210487365723e-01
2.122188210487365723e-01
2.122188210487365723e-01
2.122188210487365723e-01
2.122188210487365723e-01
2.122188210487365723e-01
1.485708951950073242e-01
2.122188210487365723e-01
2.122188210487365723e-01
2.122188210487365723e-01
2.122188210487365723e-01
2.122188210487365723e-01
1.343447268009185791e-01
