9.117340445518493652e-01
8.767510652542114258e-01
1.906577646732330322e-01
7.872383594512939453e-01
1.740777194499969482e-01
1.906577646732330322e-01
8.831160068511962891e-01
9.329113960266113281e-01
9.562909603118896484e-01
2.652001082897186279e-01
6.280851364135742188e-01
9.166954755783081055e-01
1.906577646732330322e-01
9.278632402420043945e-01
1.870889067649841309e-01
9.487036466598510742e-01
1.724340617656707764e-01
1.906577646732330322e-01
1.906577646732330322e-01
2.689611315727233887e-01
1.906577646732330322e-01
5.023817420005798340e-01
1.906577646732330322e-01
2.880283296108245850e-01
8.499516248703002930e-01
7.575155496597290039e-01
2.644931375980377197e-01
1.906577646732330322e-01
9.479396343231201172e-01
2.119685113430023193e-01
5.885704159736633301e-01
1.906577646732330322e-01
1.906577646732330322e-01
1.906577646732330322e-01
1.403527557849884033e-01
8.965822458267211914e-01
9.169768095016479492e-01
8.831045031547546387e-01
1.906577646732330322e-01
1.906577646732330322e-01
5.493816137313842773e-01
1.906577646732330322e-01
9.408926367759704590e-01
9.413082003593444824e-01
1.875171363353729248e-01
6.785530447959899902e-01
9.211457371711730957e-01
9.602128267288208008e-01
2.584793269634246826e-01
9.251044988632202148e-01
8.876113891601562500e-01
9.505199193954467773e-01
1.906577646732330322e-01
1.906577646732330322e-01
1.906577646732330322e-01
9.654124975204467773e-01
1.906577646732330322e-01
9.399266242980957031e-01
2.516865432262420654e-01
9.359869956970214844e-01
9.136115312576293945e-01
9.485322237014770508e-01
2.508494257926940918e-01
1.871750056743621826e-01
9.196653962135314941e-01
1.641063094139099121e-01
1.906577646732330322e-01
1.906577646732330322e-01
1.906577646732330322e-01
9.385689496994018555e-01
9.363591670989990234e-01
9.211548566818237305e-01
3.133631348609924316e-01
2.491469383239746094e-01
9.242759943008422852e-01
1.971788704395294189e-01
9.391404986381530762e-01
1.581174731254577637e-01
1.906577646732330322e-01
8.973616361618041992e-01
1.906577646732330322e-01
4.808252751827239990e-01
9.243713617324829102e-01
1.906577646732330322e-01
9.157737493515014648e-01
9.157053232192993164e-01
3.560123741626739502e-01
1.577745676040649414e-01
1.524731814861297607e-01
1.741361021995544434e-01
1.906577646732330322e-01
2.130047678947448730e-01
8.736066818237304688e-01
1.906577646732330322e-01
7.794519662857055664e-01
1.906577646732330322e-01
9.630851149559020996e-01
1.906577646732330322e-01
9.150315523147583008e-01
1.906577646732330322e-01
3.284870386123657227e-01
1.355791389942169189e-01
9.577993154525756836e-01
9.469495415687561035e-01
9.127986431121826172e-01
1.906577646732330322e-01
1.579377949237823486e-01
2.496010661125183105e-01
1.906577646732330322e-01
1.906577646732330322e-01
1.906577646732330322e-01
1.906577646732330322e-01
9.496235847473144531e-01
1.906577646732330322e-01
9.261325597763061523e-01
4.842365384101867676e-01
1.906577646732330322e-01
1.906577646732330322e-01
1.906577646732330322e-01
1.906577646732330322e-01
9.359910488128662109e-01
1.906577646732330322e-01
9.360677003860473633e-01
9.560024738311767578e-01
9.163410663604736328e-01
1.906577646732330322e-01
1.906577646732330322e-01
1.906577646732330322e-01
8.132874965667724609e-01
9.241750240325927734e-01
8.553866744041442871e-01
9.346892833709716797e-01
1.587095856666564941e-01
9.337999820709228516e-01
1.906577646732330322e-01
9.457693099975585938e-01
1.906577646732330322e-01
1.606541275978088379e-01
1.906577646732330322e-01
1.906577646732330322e-01
9.094632863998413086e-01
1.906577646732330322e-01
2.720792889595031738e-01
9.196368455886840820e-01
1.906577646732330322e-01
6.149857044219970703e-01
2.278591096401214600e-01
1.906577646732330322e-01
2.524812221527099609e-01
4.978675544261932373e-01
9.104748964309692383e-01
2.915099561214447021e-01
9.101241827011108398e-01
3.260180950164794922e-01
1.906577646732330322e-01
1.906577646732330322e-01
9.443907141685485840e-01
1.906577646732330322e-01
9.117140769958496094e-01
2.605817317962646484e-01
2.500787377357482910e-01
1.906577646732330322e-01
1.906577646732330322e-01
7.998412847518920898e-01
8.931952118873596191e-01
9.470230340957641602e-01
9.529675245285034180e-01
1.906577646732330322e-01
1.906577646732330322e-01
9.314761757850646973e-01
9.297412633895874023e-01
3.602187931537628174e-01
1.906577646732330322e-01
8.023962974548339844e-01
1.906577646732330322e-01
1.906577646732330322e-01
1.906577646732330322e-01
1.871846914291381836e-01
9.344655871391296387e-01
1.723218560218811035e-01
9.498234987258911133e-01
9.123384356498718262e-01
9.178671836853027344e-01
1.583938598632812500e-01
1.906577646732330322e-01
9.067142009735107422e-01
9.391555786132812500e-01
9.533717632293701172e-01
1.906577646732330322e-01
9.687587022781372070e-01
8.668431043624877930e-01
9.047532081604003906e-01
8.969277143478393555e-01
9.119919538497924805e-01
9.082785248756408691e-01
4.961210787296295166e-01
1.906577646732330322e-01
1.874832212924957275e-01
9.414327144622802734e-01
1.906577646732330322e-01
1.906577646732330322e-01
1.584210395812988281e-01
1.906577646732330322e-01
1.906577646732330322e-01
1.906577646732330322e-01
1.906577646732330322e-01
1.906577646732330322e-01
1.906577646732330322e-01
1.906577646732330322e-01
1.871283054351806641e-01
1.906577646732330322e-01
1.906577646732330322e-01
1.906577646732330322e-01
1.402871310710906982e-01
1.635349988937377930e-01
1.906577646732330322e-01
1.668021678924560547e-01
1.906577646732330322e-01
1.906577646732330322e-01
1.906577646732330322e-01
2.556141912937164307e-01
1.906577646732330322e-01
1.585075855255126953e-01
1.724716126918792725e-01
1.906577646732330322e-01
1.717698574066162109e-01
1.906577646732330322e-01
2.237615883350372314e-01
1.906577646732330322e-01
1.906577646732330322e-01
1.718329787254333496e-01
1.906577646732330322e-01
1.906577646732330322e-01
1.578252911567687988e-01
1.906577646732330322e-01
1.906577646732330322e-01
1.906577646732330322e-01
1.906577646732330322e-01
1.906577646732330322e-01
1.906577646732330322e-01
1.906577646732330322e-01
1.906577646732330322e-01
1.740401089191436768e-01
1.668409705162048340e-01
1.557598412036895752e-01
1.906577646732330322e-01
3.669313192367553711e-01
1.589068770408630371e-01
1.906577646732330322e-01
1.439063251018524170e-01
1.724049746990203857e-01
1.906577646732330322e-01
1.906577646732330322e-01
1.724640429019927979e-01
1.906577646732330322e-01
1.906577646732330322e-01
1.906577646732330322e-01
1.906577646732330322e-01
2.298695147037506104e-01
1.906577646732330322e-01
1.906577646732330322e-01
1.362908184528350830e-01
1.906577646732330322e-01
1.906577646732330322e-01
1.906577646732330322e-01
1.906577646732330322e-01
1.872068345546722412e-01
1.906577646732330322e-01
1.906577646732330322e-01
1.453300416469573975e-01
1.906577646732330322e-01
1.870934367179870605e-01
3.660918474197387695e-01
1.906577646732330322e-01
1.906577646732330322e-01
1.714338660240173340e-01
1.669049263000488281e-01
1.906577646732330322e-01
1.590585708618164062e-01
1.906577646732330322e-01
2.029992043972015381e-01
1.688200235366821289e-01
1.906577646732330322e-01
1.906577646732330322e-01
1.906577646732330322e-01
1.906577646732330322e-01
1.906577646732330322e-01
1.906577646732330322e-01
1.906577646732330322e-01
1.906577646732330322e-01
1.906577646732330322e-01
1.906577646732330322e-01
2.069760859012603760e-01
1.730809807777404785e-01
1.906577646732330322e-01
1.906577646732330322e-01
1.477892994880676270e-01
1.628575325012207031e-01
1.739021837711334229e-01
1.906577646732330322e-01
1.906577646732330322e-01
1.906577646732330322e-01
1.802276670932769775e-01
1.906577646732330322e-01
1.906577646732330322e-01
1.906577646732330322e-01
2.490388154983520508e-01
1.906577646732330322e-01
1.635846793651580811e-01
1.906577646732330322e-01
1.596784591674804688e-01
1.906577646732330322e-01
1.906577646732330322e-01
1.724259555339813232e-01
1.906577646732330322e-01
1.906577646732330322e-01
2.364326119422912598e-01
1.906577646732330322e-01
1.906577646732330322e-01
1.350797116756439209e-01
1.906577646732330322e-01
1.906577646732330322e-01
1.906577646732330322e-01
1.724743843078613281e-01
1.871155798435211182e-01
1.906577646732330322e-01
1.906577646732330322e-01
1.337180137634277344e-01
1.906577646732330322e-01
1.465929150581359863e-01
1.490422487258911133e-01
1.947656571865081787e-01
1.906577646732330322e-01
1.906577646732330322e-01
1.906577646732330322e-01
1.739994883537292480e-01
2.117256522178649902e-01
1.906577646732330322e-01
1.740711331367492676e-01
1.906577646732330322e-01
1.906577646732330322e-01
1.906577646732330322e-01
2.517693638801574707e-01
1.676111221313476562e-01
1.906577646732330322e-01
1.670275926589965820e-01
1.712297797203063965e-01
1.906577646732330322e-01
2.157250940799713135e-01
1.906577646732330322e-01
1.906577646732330322e-01
1.906577646732330322e-01
1.906577646732330322e-01
1.906577646732330322e-01
1.906577646732330322e-01
1.724815964698791504e-01
2.101861238479614258e-01
1.906577646732330322e-01
1.906577646732330322e-01
1.906577646732330322e-01
2.754789292812347412e-01
1.906577646732330322e-01
1.906577646732330322e-01
1.628158390522003174e-01
1.906577646732330322e-01
1.906577646732330322e-01
1.906577646732330322e-01
1.906577646732330322e-01
1.439217031002044678e-01
1.906577646732330322e-01
1.474774181842803955e-01
1.906577646732330322e-01
1.906577646732330322e-01
1.906577646732330322e-01
1.906577646732330322e-01
1.906577646732330322e-01
1.906577646732330322e-01
1.906577646732330322e-01
1.906577646732330322e-01
1.740179061889648438e-01
1.906577646732330322e-01
1.964945495128631592e-01
1.906577646732330322e-01
1.595927476882934570e-01
1.906577646732330322e-01
1.906577646732330322e-01
1.906577646732330322e-01
1.906577646732330322e-01
1.906577646732330322e-01
1.906577646732330322e-01
1.906577646732330322e-01
1.906577646732330322e-01
2.259358763694763184e-01
1.906577646732330322e-01
1.906577646732330322e-01
1.906577646732330322e-01
1.571621000766754150e-01
1.906577646732330322e-01
1.906577646732330322e-01
1.906577646732330322e-01
1.906577646732330322e-01
1.906577646732330322e-01
1.906577646732330322e-01
1.906577646732330322e-01
1.906577646732330322e-01
1.906577646732330322e-01
1.725836098194122314e-01
1.353543698787689209e-01
1.739875078201293945e-01
1.906577646732330322e-01
1.797741651535034180e-01
2.863544225692749023e-01
2.179699540138244629e-01
1.906577646732330322e-01
1.906577646732330322e-01
1.906577646732330322e-01
1.906577646732330322e-01
1.906577646732330322e-01
1.906577646732330322e-01
1.906577646732330322e-01
1.906577646732330322e-01
1.906577646732330322e-01
1.919849812984466553e-01
1.906577646732330322e-01
1.906577646732330322e-01
1.798788011074066162e-01
1.906577646732330322e-01
1.428406536579132080e-01
1.906577646732330322e-01
1.906577646732330322e-01
1.906577646732330322e-01
1.747609376907348633e-01
1.906577646732330322e-01
1.428952217102050781e-01
1.906577646732330322e-01
1.906577646732330322e-01
1.906577646732330322e-01
1.906577646732330322e-01
1.906577646732330322e-01
1.906577646732330322e-01
1.906577646732330322e-01
1.553567647933959961e-01
1.906577646732330322e-01
1.906577646732330322e-01
1.971878707408905029e-01
1.906577646732330322e-01
1.725512742996215820e-01
1.906577646732330322e-01
1.906577646732330322e-01
1.848579049110412598e-01
1.906577646732330322e-01
1.871057450771331787e-01
1.906577646732330322e-01
1.906577646732330322e-01
1.584301292896270752e-01
1.906577646732330322e-01
1.485974192619323730e-01
2.548115849494934082e-01
1.906577646732330322e-01
2.336667180061340332e-01
1.906577646732330322e-01
1.870857179164886475e-01
1.906577646732330322e-01
1.589204668998718262e-01
1.906577646732330322e-01
1.890390217304229736e-01
1.906577646732330322e-01
1.906577646732330322e-01
1.906577646732330322e-01
1.479117870330810547e-01
1.906577646732330322e-01
1.906577646732330322e-01
1.561087369918823242e-01
1.906577646732330322e-01
1.723167300224304199e-01
1.906577646732330322e-01
1.906577646732330322e-01
1.906577646732330322e-01
1.906577646732330322e-01
1.906577646732330322e-01
1.906577646732330322e-01
1.740541458129882812e-01
1.906577646732330322e-01
1.906577646732330322e-01
1.583759486675262451e-01
1.906577646732330322e-01
1.790837049484252930e-01
1.906577646732330322e-01
2.019858658313751221e-01
1.560340523719787598e-01
1.741159558296203613e-01
1.443984806537628174e-01
1.906577646732330322e-01
1.906577646732330322e-01
2.479044198989868164e-01
1.906577646732330322e-01
1.906577646732330322e-01
1.906577646732330322e-01
1.906577646732330322e-01
1.906577646732330322e-01
1.906577646732330322e-01
1.906577646732330322e-01
1.906577646732330322e-01
1.906577646732330322e-01
1.906577646732330322e-01
1.906577646732330322e-01
1.484308540821075439e-01
1.712675392627716064e-01
1.906577646732330322e-01
1.906577646732330322e-01
1.906577646732330322e-01
1.906577646732330322e-01
1.906577646732330322e-01
1.602326333522796631e-01
1.906577646732330322e-01
1.906577646732330322e-01
1.906577646732330322e-01
1.906577646732330322e-01
1.906577646732330322e-01
1.906577646732330322e-01
1.906577646732330322e-01
1.906577646732330322e-01
1.906577646732330322e-01
1.870405375957489014e-01
1.739136576652526855e-01
1.447432339191436768e-01
1.906577646732330322e-01
1.906577646732330322e-01
1.657524108886718750e-01
1.872068643569946289e-01
1.906577646732330322e-01
1.906577646732330322e-01
1.906577646732330322e-01
1.906577646732330322e-01
1.906577646732330322e-01
1.906577646732330322e-01
1.906577646732330322e-01
1.872250437736511230e-01
1.906577646732330322e-01
1.825100779533386230e-01
1.906577646732330322e-01
1.906577646732330322e-01
1.906577646732330322e-01
1.906577646732330322e-01
1.906577646732330322e-01
1.906577646732330322e-01
1.906577646732330322e-01
1.906577646732330322e-01
1.906577646732330322e-01
1.906577646732330322e-01
1.906577646732330322e-01
1.906577646732330322e-01
1.906577646732330322e-01
1.906577646732330322e-01
1.906577646732330322e-01
1.906577646732330322e-01
1.906577646732330322e-01
1.906577646732330322e-01
1.724230647087097168e-01
2.061681151390075684e-01
2.094102203845977783e-01
1.906577646732330322e-01
1.906577646732330322e-01
1.906577646732330322e-01
1.818376183509826660e-01
1.906577646732330322e-01
1.526525318622589111e-01
1.906577646732330322e-01
1.906577646732330322e-01
1.906577646732330322e-01
1.617450416088104248e-01
1.906577646732330322e-01
1.906577646732330322e-01
1.906577646732330322e-01
1.709247827529907227e-01
1.906577646732330322e-01
1.906577646732330322e-01
1.906577646732330322e-01
1.906577646732330322e-01
1.906577646732330322e-01
1.906577646732330322e-01
1.906577646732330322e-01
1.906577646732330322e-01
1.906577646732330322e-01
1.906577646732330322e-01
1.906577646732330322e-01
1.906577646732330322e-01
1.906577646732330322e-01
1.906577646732330322e-01
1.906577646732330322e-01
1.906577646732330322e-01
1.935483813285827637e-01
1.906577646732330322e-01
1.906577646732330322e-01
1.906577646732330322e-01
1.906577646732330322e-01
3.083096444606781006e-01
2.185081541538238525e-01
1.328766345977783203e-01
1.906577646732330322e-01
1.906577646732330322e-01
1.906577646732330322e-01
1.739632785320281982e-01
1.906577646732330322e-01
1.906577646732330322e-01
1.906577646732330322e-01
1.906577646732330322e-01
1.906577646732330322e-01
1.906577646732330322e-01
1.906577646732330322e-01
1.906577646732330322e-01
1.906577646732330322e-01
1.597452759742736816e-01
1.906577646732330322e-01
1.906577646732330322e-01
1.906577646732330322e-01
1.906577646732330322e-01
1.906577646732330322e-01
2.125350236892700195e-01
1.906577646732330322e-01
1.906577646732330322e-01
1.906577646732330322e-01
1.906577646732330322e-01
1.906577646732330322e-01
1.906577646732330322e-01
1.906577646732330322e-01
1.906577646732330322e-01
1.906577646732330322e-01
1.958890259265899658e-01
1.906577646732330322e-01
1.906577646732330322e-01
1.723484694957733154e-01
1.906577646732330322e-01
1.466097831726074219e-01
1.906577646732330322e-01
1.906577646732330322e-01
1.870048344135284424e-01
1.906577646732330322e-01
1.906577646732330322e-01
1.906577646732330322e-01
1.906577646732330322e-01
1.486238241195678711e-01
1.906577646732330322e-01
1.559008955955505371e-01
1.906577646732330322e-01
1.906577646732330322e-01
1.906577646732330322e-01
1.906577646732330322e-01
1.906577646732330322e-01
1.601991355419158936e-01
1.658850908279418945e-01
1.906577646732330322e-01
2.567327618598937988e-01
1.906577646732330322e-01
1.906577646732330322e-01
1.870890855789184570e-01
1.712668240070343018e-01
1.906577646732330322e-01
1.773028671741485596e-01
1.906577646732330322e-01
1.906577646732330322e-01
1.906577646732330322e-01
1.906577646732330322e-01
1.906577646732330322e-01
1.906577646732330322e-01
1.727127432823181152e-01
1.740699410438537598e-01
2.028097808361053467e-01
1.906577646732330322e-01
2.900688648223876953e-01
1.565049290657043457e-01
1.906577646732330322e-01
1.610794663429260254e-01
1.906577646732330322e-01
2.043516933917999268e-01
1.906577646732330322e-01
1.906577646732330322e-01
1.725277900695800781e-01
1.659766733646392822e-01
1.906577646732330322e-01
1.906577646732330322e-01
1.906577646732330322e-01
1.773133575916290283e-01
1.571023166179656982e-01
1.906577646732330322e-01
1.906577646732330322e-01
1.906577646732330322e-01
1.906577646732330322e-01
1.906577646732330322e-01
1.906577646732330322e-01
1.906577646732330322e-01
1.906577646732330322e-01
1.906577646732330322e-01
2.069462537765502930e-01
1.535767614841461182e-01
1.906577646732330322e-01
1.906577646732330322e-01
1.906577646732330322e-01
1.342086791992187500e-01
1.601906418800354004e-01
1.906577646732330322e-01
1.572313606739044189e-01
1.906577646732330322e-01
1.906577646732330322e-01
1.555081307888031006e-01
1.906577646732330322e-01
1.870813369750976562e-01
1.906577646732330322e-01
1.906577646732330322e-01
1.505332887172698975e-01
1.658196449279785156e-01
1.590494811534881592e-01
1.906577646732330322e-01
1.906577646732330322e-01
1.725665926933288574e-01
1.906577646732330322e-01
1.738978028297424316e-01
1.906577646732330322e-01
1.906577646732330322e-01
1.723815798759460449e-01
1.906577646732330322e-01
1.339706778526306152e-01
1.906577646732330322e-01
1.968958377838134766e-01
1.906577646732330322e-01
1.906577646732330322e-01
1.725052595138549805e-01
1.906577646732330322e-01
1.906577646732330322e-01
1.443919837474822998e-01
1.906577646732330322e-01
1.906577646732330322e-01
1.906577646732330322e-01
1.906577646732330322e-01
1.906577646732330322e-01
1.415184438228607178e-01
1.530295014381408691e-01
1.906577646732330322e-01
1.906577646732330322e-01
1.741986572742462158e-01
1.351786851882934570e-01
1.906577646732330322e-01
1.906577646732330322e-01
1.739984452724456787e-01
1.906577646732330322e-01
2.181026935577392578e-01
1.906577646732330322e-01
1.906577646732330322e-01
1.906577646732330322e-01
1.906577646732330322e-01
3.982025980949401855e-01
1.906577646732330322e-01
1.727513074874877930e-01
1.906577646732330322e-01
1.630843579769134521e-01
2.538817822933197021e-01
1.906577646732330322e-01
1.906577646732330322e-01
1.906577646732330322e-01
1.906577646732330322e-01
1.906577646732330322e-01
1.906577646732330322e-01
1.906577646732330322e-01
1.906577646732330322e-01
1.906577646732330322e-01
1.906577646732330322e-01
1.906577646732330322e-01
1.906577646732330322e-01
1.906577646732330322e-01
1.906577646732330322e-01
1.906577646732330322e-01
1.906577646732330322e-01
1.906577646732330322e-01
1.906577646732330322e-01
1.906577646732330322e-01
1.536704599857330322e-01
1.906577646732330322e-01
1.465823948383331299e-01
1.580385863780975342e-01
1.906577646732330322e-01
1.906577646732330322e-01
1.489799618721008301e-01
1.582483649253845215e-01
1.906577646732330322e-01
1.799383163452148438e-01
1.906577646732330322e-01
1.281423270702362061e-01
1.906577646732330322e-01
1.906577646732330322e-01
1.906577646732330322e-01
1.906577646732330322e-01
1.527248919010162354e-01
1.533996760845184326e-01
1.739087998867034912e-01
1.610462963581085205e-01
1.566853523254394531e-01
2.145552933216094971e-01
1.906577646732330322e-01
1.906577646732330322e-01
1.906577646732330322e-01
1.906577646732330322e-01
1.906577646732330322e-01
1.713180541992187500e-01
1.906577646732330322e-01
1.906577646732330322e-01
1.906577646732330322e-01
1.906577646732330322e-01
1.906577646732330322e-01
1.906577646732330322e-01
1.906577646732330322e-01
1.906577646732330322e-01
1.906577646732330322e-01
1.906577646732330322e-01
1.871196925640106201e-01
1.906577646732330322e-01
1.671667397022247314e-01
1.906577646732330322e-01
1.906577646732330322e-01
1.906577646732330322e-01
1.906577646732330322e-01
1.906577646732330322e-01
1.906577646732330322e-01
1.906577646732330322e-01
1.906577646732330322e-01
1.906577646732330322e-01
1.906577646732330322e-01
2.535109519958496094e-01
1.726381778717041016e-01
2.322966456413269043e-01
1.906577646732330322e-01
1.906577646732330322e-01
1.906577646732330322e-01
1.906577646732330322e-01
1.906577646732330322e-01
1.906577646732330322e-01
1.443136632442474365e-01
1.954165697097778320e-01
1.906577646732330322e-01
1.906577646732330322e-01
1.906577646732330322e-01
1.906577646732330322e-01
1.461758315563201904e-01
1.906577646732330322e-01
1.906577646732330322e-01
1.906577646732330322e-01
1.906577646732330322e-01
1.906577646732330322e-01
1.906577646732330322e-01
1.906577646732330322e-01
1.906577646732330322e-01
1.906577646732330322e-01
1.584299802780151367e-01
1.724392771720886230e-01
1.906577646732330322e-01
1.669509112834930420e-01
1.906577646732330322e-01
1.906577646732330322e-01
1.576980650424957275e-01
1.906577646732330322e-01
1.906577646732330322e-01
2.132965922355651855e-01
1.906577646732330322e-01
1.906577646732330322e-01
1.546563506126403809e-01
1.947587430477142334e-01
1.906577646732330322e-01
1.906577646732330322e-01
1.906577646732330322e-01
1.906577646732330322e-01
1.840797066688537598e-01
1.906577646732330322e-01
1.906577646732330322e-01
1.906577646732330322e-01
1.715512275695800781e-01
1.906577646732330322e-01
1.738109588623046875e-01
1.906577646732330322e-01
2.113313078880310059e-01
1.541374325752258301e-01
2.118640244007110596e-01
1.574924886226654053e-01
1.871112883090972900e-01
1.438486278057098389e-01
1.583318710327148438e-01
1.906577646732330322e-01
1.906577646732330322e-01
1.724804341793060303e-01
1.906577646732330322e-01
1.906577646732330322e-01
1.627305448055267334e-01
1.584127843379974365e-01
1.906577646732330322e-01
1.906577646732330322e-01
1.588754355907440186e-01
1.906577646732330322e-01
1.906577646732330322e-01
1.906577646732330322e-01
1.906577646732330322e-01
1.740234196186065674e-01
1.906577646732330322e-01
1.906577646732330322e-01
1.740277111530303955e-01
1.906577646732330322e-01
1.906577646732330322e-01
1.906577646732330322e-01
2.296654880046844482e-01
1.906577646732330322e-01
1.906577646732330322e-01
1.906577646732330322e-01
1.906577646732330322e-01
1.526545882225036621e-01
1.636187732219696045e-01
1.723743081092834473e-01
1.906577646732330322e-01
1.906577646732330322e-01
1.906577646732330322e-01
1.403425037860870361e-01
1.906577646732330322e-01
1.906577646732330322e-01
1.428818404674530029e-01
1.906577646732330322e-01
1.906577646732330322e-01
1.906577646732330322e-01
1.906577646732330322e-01
1.906577646732330322e-01
1.906577646732330322e-01
1.906577646732330322e-01
1.845321655273437500e-01
2.702307403087615967e-01
1.906577646732330322e-01
1.906577646732330322e-01
1.488997638225555420e-01
1.906577646732330322e-01
1.688362061977386475e-01
1.906577646732330322e-01
1.814768910408020020e-01
1.906577646732330322e-01
1.906577646732330322e-01
1.906577646732330322e-01
1.906577646732330322e-01
1.906577646732330322e-01
1.906577646732330322e-01
2.265733182430267334e-01
1.906577646732330322e-01
1.906577646732330322e-01
1.906577646732330322e-01
2.012924551963806152e-01
1.725251376628875732e-01
1.870731115341186523e-01
1.906577646732330322e-01
1.906577646732330322e-01
2.358366847038269043e-01
1.906577646732330322e-01
1.906577646732330322e-01
1.587449908256530762e-01
1.906577646732330322e-01
2.039409279823303223e-01
1.724676191806793213e-01
1.906577646732330322e-01
1.426634490489959717e-01
1.906577646732330322e-01
1.906577646732330322e-01
1.906577646732330322e-01
1.906577646732330322e-01
2.936731874942779541e-01
2.496496140956878662e-01
1.906577646732330322e-01
1.640776991844177246e-01
1.906577646732330322e-01
1.906577646732330322e-01
1.742881238460540771e-01
1.906577646732330322e-01
2.265673577785491943e-01
1.906577646732330322e-01
1.906577646732330322e-01
1.906577646732330322e-01
1.906577646732330322e-01
1.906577646732330322e-01
1.906577646732330322e-01
1.906577646732330322e-01
1.716881990432739258e-01
1.906577646732330322e-01
1.583989858627319336e-01
1.561682224273681641e-01
1.906577646732330322e-01
1.906577646732330322e-01
1.906577646732330322e-01
1.726377606391906738e-01
1.906577646732330322e-01
1.723858714103698730e-01
1.588520407676696777e-01
2.216545939445495605e-01
1.906577646732330322e-01
1.906577646732330322e-01
1.906577646732330322e-01
1.906577646732330322e-01
1.906577646732330322e-01
1.906577646732330322e-01
1.906577646732330322e-01
2.190946042537689209e-01
1.906577646732330322e-01
1.871236860752105713e-01
1.906577646732330322e-01
1.906577646732330322e-01
1.714123189449310303e-01
1.906577646732330322e-01
1.906577646732330322e-01
1.906577646732330322e-01
1.906577646732330322e-01
1.906577646732330322e-01
1.906577646732330322e-01
1.906577646732330322e-01
1.906577646732330322e-01
1.906577646732330322e-01
1.906577646732330322e-01
1.318062841892242432e-01
1.906577646732330322e-01
1.906577646732330322e-01
1.739487051963806152e-01
1.906577646732330322e-01
1.906577646732330322e-01
1.906577646732330322e-01
1.743061542510986328e-01
1.726163029670715332e-01
1.906577646732330322e-01
2.123975157737731934e-01
1.906577646732330322e-01
1.906577646732330322e-01
1.906577646732330322e-01
1.906577646732330322e-01
1.906577646732330322e-01
1.906577646732330322e-01
1.906577646732330322e-01
1.344113349914550781e-01
1.574711203575134277e-01
1.906577646732330322e-01
1.906577646732330322e-01
1.406359076499938965e-01
2.044772505760192871e-01
1.433194577693939209e-01
1.906577646732330322e-01
2.271311581134796143e-01
1.570940613746643066e-01
1.906577646732330322e-01
1.906577646732330322e-01
1.906577646732330322e-01
1.906577646732330322e-01
1.906577646732330322e-01
1.906577646732330322e-01
1.906577646732330322e-01
2.194125652313232422e-01
1.906577646732330322e-01
1.906577646732330322e-01
1.906577646732330322e-01
1.906577646732330322e-01
1.906577646732330322e-01
1.723301708698272705e-01
1.906577646732330322e-01
1.906577646732330322e-01
1.585023105144500732e-01
1.870374679565429688e-01
1.906577646732330322e-01
1.906577646732330322e-01
1.906577646732330322e-01
1.906577646732330322e-01
1.655982732772827148e-01
1.906577646732330322e-01
1.906577646732330322e-01
2.282214760780334473e-01
1.906577646732330322e-01
2.022000253200531006e-01
1.906577646732330322e-01
1.436692178249359131e-01
1.906577646732330322e-01
1.906577646732330322e-01
1.906577646732330322e-01
1.906577646732330322e-01
1.906577646732330322e-01
1.906577646732330322e-01
1.906577646732330322e-01
2.180312573909759521e-01
2.488737702369689941e-01
1.906577646732330322e-01
1.906577646732330322e-01
1.725123226642608643e-01
1.906577646732330322e-01
1.906577646732330322e-01
1.455720961093902588e-01
1.906577646732330322e-01
1.906577646732330322e-01
1.906577646732330322e-01
1.906577646732330322e-01
1.906577646732330322e-01
1.870198845863342285e-01
1.906577646732330322e-01
1.906577646732330322e-01
1.906577646732330322e-01
1.906577646732330322e-01
1.906577646732330322e-01
1.906577646732330322e-01
1.906577646732330322e-01
1.906577646732330322e-01
1.724326312541961670e-01
1.906577646732330322e-01
1.906577646732330322e-01
1.906577646732330322e-01
1.906577646732330322e-01
1.906577646732330322e-01
1.714136302471160889e-01
2.061872184276580811e-01
1.590666472911834717e-01
1.670330762863159180e-01
1.590336859226226807e-01
1.727962493896484375e-01
1.906577646732330322e-01
1.906577646732330322e-01
1.906577646732330322e-01
1.680102348327636719e-01
1.906577646732330322e-01
1.906577646732330322e-01
1.906577646732330322e-01
2.520056962966918945e-01
1.906577646732330322e-01
1.906577646732330322e-01
1.906577646732330322e-01
1.906577646732330322e-01
1.906577646732330322e-01
1.871433854103088379e-01
2.327569127082824707e-01
1.399402916431427002e-01
1.304364204406738281e-01
1.906577646732330322e-01
1.906577646732330322e-01
1.723732054233551025e-01
1.906577646732330322e-01
1.906577646732330322e-01
1.906577646732330322e-01
1.806489825248718262e-01
1.602193713188171387e-01
1.906577646732330322e-01
1.906577646732330322e-01
1.906577646732330322e-01
1.906577646732330322e-01
1.906577646732330322e-01
1.906577646732330322e-01
1.906577646732330322e-01
2.059545218944549561e-01
1.906577646732330322e-01
1.585444211959838867e-01
1.906577646732330322e-01
1.906577646732330322e-01
1.644981205463409424e-01
1.906577646732330322e-01
1.906577646732330322e-01
1.906577646732330322e-01
1.906577646732330322e-01
1.906577646732330322e-01
1.906577646732330322e-01
1.906577646732330322e-01
1.906577646732330322e-01
1.906577646732330322e-01
1.906577646732330322e-01
1.906577646732330322e-01
1.906577646732330322e-01
1.737832427024841309e-01
1.906577646732330322e-01
2.310309410095214844e-01
1.681669354438781738e-01
1.906577646732330322e-01
1.906577646732330322e-01
1.906577646732330322e-01
1.906577646732330322e-01
1.906577646732330322e-01
1.906577646732330322e-01
2.249158322811126709e-01
1.906577646732330322e-01
1.906577646732330322e-01
1.906577646732330322e-01
1.738904416561126709e-01
1.906577646732330322e-01
1.584784090518951416e-01
1.906577646732330322e-01
1.526606380939483643e-01
1.451025605201721191e-01
1.571186482906341553e-01
1.906577646732330322e-01
1.906577646732330322e-01
1.906577646732330322e-01
1.906577646732330322e-01
1.906577646732330322e-01
1.906577646732330322e-01
1.906577646732330322e-01
1.906577646732330322e-01
1.347807943820953369e-01
1.906577646732330322e-01
1.906577646732330322e-01
1.906577646732330322e-01
1.906577646732330322e-01
1.906577646732330322e-01
1.343682408332824707e-01
