4.432153105735778809e-01
4.423638582229614258e-01
4.570941925048828125e-01
4.488797485828399658e-01
4.869007468223571777e-01
4.579693973064422607e-01
4.758329987525939941e-01
4.705889225006103516e-01
4.799608886241912842e-01
4.642782807350158691e-01
4.641711413860321045e-01
4.561116993427276611e-01
4.729533195495605469e-01
4.431792199611663818e-01
4.670898616313934326e-01
3.895783424377441406e-01
4.522074162960052490e-01
4.786742329597473145e-01
4.744893312454223633e-01
4.736960530281066895e-01
4.749540090560913086e-01
4.659928083419799805e-01
4.293087720870971680e-01
4.470766186714172363e-01
4.641003012657165527e-01
4.856425523757934570e-01
4.462047517299652100e-01
4.491481781005859375e-01
5.056005120277404785e-01
4.786591231822967529e-01
4.842799007892608643e-01
4.721812605857849121e-01
4.578739702701568604e-01
4.887117445468902588e-01
4.448271393775939941e-01
4.567029178142547607e-01
4.756006300449371338e-01
4.670536518096923828e-01
4.977475702762603760e-01
4.625397920608520508e-01
4.800487160682678223e-01
4.780158400535583496e-01
4.572867453098297119e-01
4.463333189487457275e-01
4.556547403335571289e-01
4.519258141517639160e-01
4.663871526718139648e-01
4.872673749923706055e-01
4.675342440605163574e-01
4.181995093822479248e-01
4.487401545047760010e-01
4.588136672973632812e-01
4.789331555366516113e-01
4.672490358352661133e-01
4.481879770755767822e-01
4.699569344520568848e-01
4.659872055053710938e-01
4.396807551383972168e-01
4.364784955978393555e-01
3.913839459419250488e-01
4.469354748725891113e-01
4.742720425128936768e-01
4.462975263595581055e-01
3.603364527225494385e-01
4.651881158351898193e-01
4.655863046646118164e-01
4.825372397899627686e-01
4.844065308570861816e-01
4.738716781139373779e-01
4.350534677505493164e-01
4.479224979877471924e-01
4.770413041114807129e-01
4.794183075428009033e-01
4.632087945938110352e-01
4.660414159297943115e-01
3.572039306163787842e-01
4.808747172355651855e-01
4.748320877552032471e-01
4.746852815151214600e-01
4.387851655483245850e-01
4.386257529258728027e-01
4.598511159420013428e-01
4.367207586765289307e-01
4.721615016460418701e-01
4.400932788848876953e-01
4.575113356113433838e-01
4.978713095188140869e-01
4.741698503494262695e-01
4.523638784885406494e-01
4.485691785812377930e-01
4.808680713176727295e-01
4.915648102760314941e-01
4.504187107086181641e-01
4.586087167263031006e-01
4.581377506256103516e-01
4.744939804077148438e-01
4.479335248470306396e-01
4.611244797706604004e-01
4.459861814975738525e-01
4.764105379581451416e-01
4.872202277183532715e-01
3.729584515094757080e-01
4.756388068199157715e-01
4.471411705017089844e-01
4.894373118877410889e-01
4.754986166954040527e-01
4.787597358226776123e-01
4.382046759128570557e-01
4.434142410755157471e-01
4.501290619373321533e-01
4.734131097793579102e-01
4.759025275707244873e-01
4.499156475067138672e-01
4.554634988307952881e-01
4.913466572761535645e-01
4.495898187160491943e-01
4.712636172771453857e-01
4.541343450546264648e-01
4.186746180057525635e-01
4.586284458637237549e-01
4.970209896564483643e-01
4.556434154510498047e-01
4.398869872093200684e-01
4.506480097770690918e-01
4.316828250885009766e-01
4.719995856285095215e-01
4.570319950580596924e-01
4.354541003704071045e-01
4.654426872730255127e-01
4.831105470657348633e-01
3.802527487277984619e-01
4.473233819007873535e-01
4.308401942253112793e-01
4.530244767665863037e-01
4.728771746158599854e-01
4.725537896156311035e-01
4.530621767044067383e-01
4.949209988117218018e-01
4.546460807323455811e-01
4.738556146621704102e-01
4.425356984138488770e-01
4.669650197029113770e-01
4.696162939071655273e-01
4.536963701248168945e-01
4.585932195186614990e-01
4.503002762794494629e-01
4.709250032901763916e-01
4.565729200839996338e-01
4.001760482788085938e-01
4.644397497177124023e-01
4.441785812377929688e-01
4.549072980880737305e-01
4.953029155731201172e-01
4.909623563289642334e-01
4.903021156787872314e-01
4.658480882644653320e-01
4.841236174106597900e-01
4.903890490531921387e-01
4.493708014488220215e-01
4.595578610897064209e-01
4.570986628532409668e-01
4.709250032901763916e-01
4.786286652088165283e-01
4.661112427711486816e-01
4.565128982067108154e-01
4.447588324546813965e-01
4.771029353141784668e-01
4.668571352958679199e-01
4.801865220069885254e-01
4.579039216041564941e-01
3.836962580680847168e-01
3.976821601390838623e-01
4.611019194126129150e-01
4.759975075721740723e-01
5.106775164604187012e-01
4.566285610198974609e-01
4.449178576469421387e-01
4.817746579647064209e-01
4.434112310409545898e-01
4.848660230636596680e-01
4.723954796791076660e-01
4.721186161041259766e-01
4.668167531490325928e-01
4.384501874446868896e-01
4.554679691791534424e-01
4.725799262523651123e-01
4.840161800384521484e-01
3.758720755577087402e-01
4.736540019512176514e-01
5.141790509223937988e-01
4.690731465816497803e-01
4.365540742874145508e-01
3.674451410770416260e-01
4.133656620979309082e-01
4.627318084239959717e-01
4.419029653072357178e-01
4.582871496677398682e-01
4.869007468223571777e-01
4.652284085750579834e-01
4.512831270694732666e-01
4.485634565353393555e-01
4.500893056392669678e-01
4.587289094924926758e-01
4.568857252597808838e-01
4.732851684093475342e-01
4.532877802848815918e-01
5.139719843864440918e-01
4.472034871578216553e-01
4.591588675975799561e-01
4.640554785728454590e-01
4.521162211894989014e-01
4.590285420417785645e-01
4.284425377845764160e-01
4.600278139114379883e-01
4.514751136302947998e-01
4.647177755832672119e-01
4.360454976558685303e-01
4.712163507938385010e-01
4.430888891220092773e-01
4.830927550792694092e-01
4.467015862464904785e-01
4.776434302330017090e-01
4.717984795570373535e-01
4.698019921779632568e-01
4.943183362483978271e-01
4.642840623855590820e-01
4.454495012760162354e-01
4.769324660301208496e-01
4.372026026248931885e-01
4.483572840690612793e-01
4.626112282276153564e-01
4.589177370071411133e-01
4.631758034229278564e-01
4.591749310493469238e-01
3.665775060653686523e-01
4.501570463180541992e-01
4.726507961750030518e-01
4.491958618164062500e-01
4.654841721057891846e-01
4.677242040634155273e-01
4.571596980094909668e-01
4.699866771697998047e-01
4.489747881889343262e-01
4.643705785274505615e-01
4.522608518600463867e-01
4.711371362209320068e-01
4.621736109256744385e-01
4.386214613914489746e-01
4.441879391670227051e-01
4.488172829151153564e-01
4.675623476505279541e-01
4.196356236934661865e-01
4.841667413711547852e-01
4.716607332229614258e-01
3.897397220134735107e-01
3.865489363670349121e-01
4.681362509727478027e-01
4.648644924163818359e-01
4.771251082420349121e-01
4.364716708660125732e-01
4.527076184749603271e-01
4.540292024612426758e-01
5.065989494323730469e-01
4.678299129009246826e-01
4.484642148017883301e-01
4.628906548023223877e-01
4.404347836971282959e-01
4.727935492992401123e-01
4.431865811347961426e-01
4.613047838211059570e-01
4.398745298385620117e-01
4.361858367919921875e-01
4.614991545677185059e-01
4.543631374835968018e-01
4.829578995704650879e-01
4.662934541702270508e-01
4.359681904315948486e-01
4.622267484664916992e-01
4.717319011688232422e-01
4.285641312599182129e-01
4.623311161994934082e-01
4.815226495265960693e-01
4.608595073223114014e-01
4.442829191684722900e-01
4.725115299224853516e-01
4.869007468223571777e-01
4.516010284423828125e-01
4.673907756805419922e-01
4.601475596427917480e-01
4.293629527091979980e-01
5.044189095497131348e-01
4.314413964748382568e-01
4.710049331188201904e-01
4.556564986705780029e-01
4.501933157444000244e-01
4.669171571731567383e-01
4.651650488376617432e-01
4.540489614009857178e-01
4.477721750736236572e-01
4.387884140014648438e-01
4.505782723426818848e-01
4.724212288856506348e-01
4.305445551872253418e-01
4.675536751747131348e-01
4.652115404605865479e-01
3.586102128028869629e-01
4.487316608428955078e-01
4.555636048316955566e-01
4.466868937015533447e-01
4.766647219657897949e-01
4.737998247146606445e-01
4.479768574237823486e-01
4.371197223663330078e-01
4.770322442054748535e-01
4.750445187091827393e-01
4.651942849159240723e-01
4.686710238456726074e-01
4.544037878513336182e-01
4.407051801681518555e-01
4.416837096214294434e-01
4.500378072261810303e-01
4.456688761711120605e-01
4.399108886718750000e-01
4.591299295425415039e-01
4.688765704631805420e-01
4.757250845432281494e-01
4.569012522697448730e-01
4.640752673149108887e-01
4.691171944141387939e-01
4.806205332279205322e-01
4.526712298393249512e-01
4.653709530830383301e-01
4.582169651985168457e-01
4.702823460102081299e-01
4.619407653808593750e-01
4.919687509536743164e-01
4.697870016098022461e-01
4.403379261493682861e-01
4.609544873237609863e-01
4.558159112930297852e-01
4.389968812465667725e-01
4.457581341266632080e-01
4.569062590599060059e-01
4.545541107654571533e-01
4.609310030937194824e-01
4.601222574710845947e-01
4.680635929107666016e-01
3.798868656158447266e-01
4.675735831260681152e-01
4.567901492118835449e-01
4.616007506847381592e-01
4.450428485870361328e-01
4.658679664134979248e-01
4.725819826126098633e-01
4.699045419692993164e-01
4.660825729370117188e-01
4.437845945358276367e-01
4.399395883083343506e-01
4.650850296020507812e-01
4.774284362792968750e-01
4.616615176200866699e-01
4.620697498321533203e-01
4.413979649543762207e-01
4.637229740619659424e-01
4.754809737205505371e-01
3.821310997009277344e-01
4.725126326084136963e-01
4.467123150825500488e-01
4.680255949497222900e-01
4.703350365161895752e-01
4.757437109947204590e-01
4.602121412754058838e-01
4.669684469699859619e-01
4.730423688888549805e-01
4.563222527503967285e-01
4.437621235847473145e-01
4.754217267036437988e-01
4.295983910560607910e-01
4.446951746940612793e-01
4.539739489555358887e-01
4.046110510826110840e-01
4.224005937576293945e-01
4.154776334762573242e-01
4.611714184284210205e-01
4.397358894348144531e-01
4.882385432720184326e-01
4.614101350307464600e-01
4.578511714935302734e-01
4.413221478462219238e-01
4.549559652805328369e-01
4.413046836853027344e-01
4.528185427188873291e-01
4.538117647171020508e-01
4.765353202819824219e-01
4.427629411220550537e-01
4.377302229404449463e-01
4.641921818256378174e-01
4.564684927463531494e-01
4.420152604579925537e-01
4.618017077445983887e-01
4.608856439590454102e-01
4.624578952789306641e-01
4.572155475616455078e-01
4.502347707748413086e-01
4.819393754005432129e-01
4.530648589134216309e-01
4.715424180030822754e-01
4.639062285423278809e-01
4.564949274063110352e-01
4.638232886791229248e-01
4.622832536697387695e-01
4.492510557174682617e-01
4.412732422351837158e-01
4.528127312660217285e-01
4.706700444221496582e-01
4.638955295085906982e-01
4.546621739864349365e-01
4.381193220615386963e-01
4.740031659603118896e-01
4.407155513763427734e-01
4.774771630764007568e-01
4.671518802642822266e-01
4.611516892910003662e-01
4.611145853996276855e-01
4.619989395141601562e-01
4.818609952926635742e-01
4.418879747390747070e-01
4.869007468223571777e-01
4.535930454730987549e-01
4.542649686336517334e-01
4.381057620048522949e-01
4.586447179317474365e-01
4.517990648746490479e-01
4.590861499309539795e-01
4.682718217372894287e-01
4.570798873901367188e-01
4.442492127418518066e-01
4.760941565036773682e-01
4.585496783256530762e-01
4.497221708297729492e-01
4.456024765968322754e-01
4.455364346504211426e-01
4.467318058013916016e-01
4.586211144924163818e-01
4.767918288707733154e-01
4.611023664474487305e-01
4.474804997444152832e-01
4.386085867881774902e-01
4.818935990333557129e-01
4.556418061256408691e-01
4.307085275650024414e-01
4.419476687908172607e-01
4.763467311859130859e-01
4.583584070205688477e-01
4.597254395484924316e-01
4.705110490322113037e-01
3.840425610542297363e-01
4.527696371078491211e-01
3.715856075286865234e-01
4.536363482475280762e-01
4.678336381912231445e-01
4.308978915214538574e-01
4.550011754035949707e-01
4.504750072956085205e-01
4.530582427978515625e-01
4.264694750308990479e-01
4.517343640327453613e-01
4.633594751358032227e-01
4.576551914215087891e-01
4.696610867977142334e-01
4.575979113578796387e-01
4.404828548431396484e-01
4.789328575134277344e-01
4.574099183082580566e-01
4.662139117717742920e-01
4.535256922245025635e-01
4.399045705795288086e-01
4.510170221328735352e-01
4.621325135231018066e-01
4.385684132575988770e-01
4.720490872859954834e-01
4.697096645832061768e-01
4.561991691589355469e-01
4.875935316085815430e-01
4.539351761341094971e-01
4.487741589546203613e-01
4.315830469131469727e-01
4.419271349906921387e-01
4.555370211601257324e-01
4.593509733676910400e-01
4.563808441162109375e-01
4.623569846153259277e-01
3.630523681640625000e-01
4.756459593772888184e-01
4.665188789367675781e-01
4.651211500167846680e-01
4.667585492134094238e-01
4.476876258850097656e-01
4.597193598747253418e-01
4.586722254753112793e-01
4.369605779647827148e-01
4.367311596870422363e-01
4.526570439338684082e-01
4.494545161724090576e-01
4.522589743137359619e-01
4.470784962177276611e-01
3.973574340343475342e-01
4.624061286449432373e-01
4.376712143421173096e-01
4.615798890590667725e-01
4.561224877834320068e-01
4.385605156421661377e-01
4.631733298301696777e-01
4.754885137081146240e-01
4.716064929962158203e-01
4.332939982414245605e-01
4.469158053398132324e-01
4.719613492488861084e-01
4.789130687713623047e-01
4.371751546859741211e-01
4.500508010387420654e-01
4.527788460254669189e-01
4.831278622150421143e-01
4.678460061550140381e-01
4.653919041156768799e-01
4.696474075317382812e-01
4.429010748863220215e-01
4.463641941547393799e-01
4.478691816329956055e-01
4.739856123924255371e-01
4.934406578540802002e-01
4.576272368431091309e-01
4.654650092124938965e-01
4.699107408523559570e-01
4.653356671333312988e-01
4.393394589424133301e-01
4.416633248329162598e-01
4.491876363754272461e-01
4.738965630531311035e-01
4.537952542304992676e-01
4.385945200920104980e-01
4.809586703777313232e-01
4.537781178951263428e-01
4.604820609092712402e-01
4.637839496135711670e-01
4.449108242988586426e-01
4.429093599319458008e-01
4.573823809623718262e-01
4.680153727531433105e-01
4.656961858272552490e-01
4.517787396907806396e-01
4.588301479816436768e-01
4.758039116859436035e-01
4.453203678131103516e-01
4.756476581096649170e-01
4.562244415283203125e-01
4.405083954334259033e-01
4.359813332557678223e-01
4.416145384311676025e-01
4.737699627876281738e-01
4.590754508972167969e-01
4.383730888366699219e-01
4.574916958808898926e-01
4.767481982707977295e-01
4.367815256118774414e-01
4.784707427024841309e-01
4.827295243740081787e-01
4.687236845493316650e-01
4.635824263095855713e-01
4.766059219837188721e-01
4.609088897705078125e-01
4.688306748867034912e-01
4.097013771533966064e-01
4.649527966976165771e-01
4.610918462276458740e-01
4.546621143817901611e-01
4.783993363380432129e-01
4.648249745368957520e-01
4.391874670982360840e-01
4.673032760620117188e-01
4.655748009681701660e-01
4.622093439102172852e-01
4.579617083072662354e-01
4.575337469577789307e-01
4.562878608703613281e-01
4.365452229976654053e-01
4.710696041584014893e-01
4.644582271575927734e-01
3.633623719215393066e-01
4.419371187686920166e-01
4.487850666046142578e-01
4.654546082019805908e-01
4.700752496719360352e-01
3.379831314086914062e-01
4.462349712848663330e-01
4.491125643253326416e-01
3.869439363479614258e-01
4.486072659492492676e-01
4.537080228328704834e-01
4.452123641967773438e-01
4.732913970947265625e-01
4.788763523101806641e-01
4.459509551525115967e-01
4.556804895401000977e-01
4.496065080165863037e-01
4.645857214927673340e-01
4.636671245098114014e-01
4.806088507175445557e-01
4.399300515651702881e-01
4.693230688571929932e-01
3.728079497814178467e-01
4.349427521228790283e-01
4.548867046833038330e-01
4.350569546222686768e-01
4.383482336997985840e-01
4.697766900062561035e-01
4.638732671737670898e-01
4.411864280700683594e-01
4.637376666069030762e-01
4.614000618457794189e-01
4.719536304473876953e-01
4.448865652084350586e-01
4.671040475368499756e-01
4.490278661251068115e-01
4.431443810462951660e-01
4.318414330482482910e-01
4.526696801185607910e-01
4.394222497940063477e-01
4.330886006355285645e-01
4.887569844722747803e-01
5.290044546127319336e-01
4.414592385292053223e-01
4.686082005500793457e-01
4.493263661861419678e-01
4.539973139762878418e-01
5.188275575637817383e-01
4.524582028388977051e-01
4.686010777950286865e-01
4.572517871856689453e-01
4.793291687965393066e-01
4.599580168724060059e-01
4.937584996223449707e-01
4.504213035106658936e-01
4.489694237709045410e-01
4.630919694900512695e-01
4.661170542240142822e-01
4.377196729183197021e-01
4.649302065372467041e-01
3.703715205192565918e-01
4.706870615482330322e-01
4.521064162254333496e-01
4.551319479942321777e-01
4.485962390899658203e-01
4.585857987403869629e-01
4.511515498161315918e-01
3.626189231872558594e-01
4.439974725246429443e-01
4.832445383071899414e-01
4.339058995246887207e-01
4.396764636039733887e-01
4.516288042068481445e-01
4.750809669494628906e-01
4.306882619857788086e-01
4.262269139289855957e-01
5.023782253265380859e-01
4.505375921726226807e-01
4.670678973197937012e-01
4.587145149707794189e-01
4.697374105453491211e-01
4.680695831775665283e-01
4.605004787445068359e-01
4.645170569419860840e-01
4.709918200969696045e-01
4.436513483524322510e-01
4.613812565803527832e-01
4.572687447071075439e-01
4.624397456645965576e-01
3.755798637866973877e-01
4.475868940353393555e-01
4.382065832614898682e-01
4.570094645023345947e-01
4.724882245063781738e-01
4.641650915145874023e-01
4.142397642135620117e-01
4.585099220275878906e-01
4.672805070877075195e-01
4.413274228572845459e-01
4.393733143806457520e-01
3.909085690975189209e-01
4.832272827625274658e-01
4.490072727203369141e-01
4.406833648681640625e-01
4.434159398078918457e-01
4.618591964244842529e-01
4.714066088199615479e-01
3.711763322353363037e-01
4.573383629322052002e-01
4.869007468223571777e-01
3.652828335762023926e-01
4.745801985263824463e-01
4.384133517742156982e-01
4.798883795738220215e-01
4.464081227779388428e-01
4.655158519744873047e-01
4.703193604946136475e-01
4.437260627746582031e-01
4.671327769756317139e-01
4.626308977603912354e-01
4.633644819259643555e-01
4.453104138374328613e-01
4.553551077842712402e-01
4.548253417015075684e-01
4.819224178791046143e-01
4.667879045009613037e-01
4.353042840957641602e-01
4.492320120334625244e-01
4.380396604537963867e-01
4.427560269832611084e-01
4.236201643943786621e-01
4.680163860321044922e-01
4.307311475276947021e-01
4.657437205314636230e-01
4.637375473976135254e-01
4.772546589374542236e-01
4.706092178821563721e-01
3.955706954002380371e-01
4.957866668701171875e-01
5.118452310562133789e-01
4.645208418369293213e-01
4.479961693286895752e-01
4.510000348091125488e-01
5.024548172950744629e-01
3.869065642356872559e-01
4.355370104312896729e-01
4.639160037040710449e-01
4.224249422550201416e-01
4.704973399639129639e-01
3.922359049320220947e-01
4.643201828002929688e-01
4.553851783275604248e-01
4.649014472961425781e-01
4.525386989116668701e-01
4.765721559524536133e-01
4.383342564105987549e-01
4.828082025051116943e-01
4.727473556995391846e-01
4.753452837467193604e-01
4.448940455913543701e-01
4.609321951866149902e-01
4.652504920959472656e-01
4.352539181709289551e-01
4.598737359046936035e-01
4.594051539897918701e-01
4.452231228351593018e-01
4.922175407409667969e-01
4.431298673152923584e-01
4.395306706428527832e-01
4.558828175067901611e-01
4.850492179393768311e-01
4.495665431022644043e-01
4.708735048770904541e-01
4.455616474151611328e-01
4.502686262130737305e-01
4.683862328529357910e-01
4.650742113590240479e-01
4.792029261589050293e-01
4.656773805618286133e-01
4.341245293617248535e-01
4.436638057231903076e-01
4.508388340473175049e-01
4.231694340705871582e-01
4.466594457626342773e-01
4.544639885425567627e-01
4.613663554191589355e-01
4.709113538265228271e-01
4.599421322345733643e-01
4.793244600296020508e-01
4.729465544223785400e-01
4.577389657497406006e-01
4.388843774795532227e-01
4.428298771381378174e-01
4.463450610637664795e-01
4.743635952472686768e-01
4.405374825000762939e-01
4.734303355216979980e-01
4.739647507667541504e-01
4.558794796466827393e-01
4.541413486003875732e-01
4.397419095039367676e-01
4.733365476131439209e-01
3.772853314876556396e-01
4.527375400066375732e-01
4.534581899642944336e-01
4.424884021282196045e-01
4.449645280838012695e-01
4.726100564002990723e-01
4.653098881244659424e-01
4.702576100826263428e-01
4.820866882801055908e-01
4.654160737991333008e-01
4.753193259239196777e-01
4.630718231201171875e-01
4.419966340065002441e-01
4.566967785358428955e-01
4.807720780372619629e-01
4.662405252456665039e-01
4.386767148971557617e-01
4.313156902790069580e-01
4.461743831634521484e-01
4.391487836837768555e-01
4.634857773780822754e-01
4.556540548801422119e-01
4.574477672576904297e-01
4.321192800998687744e-01
4.650350809097290039e-01
4.400667548179626465e-01
4.641233086585998535e-01
4.419526457786560059e-01
4.389656484127044678e-01
4.530442655086517334e-01
4.666913449764251709e-01
4.410703480243682861e-01
4.869007468223571777e-01
4.647133052349090576e-01
4.462066292762756348e-01
4.434028863906860352e-01
4.929904043674468994e-01
4.712836444377899170e-01
4.611561298370361328e-01
4.482024013996124268e-01
4.676780104637145996e-01
4.558155536651611328e-01
4.448684155941009521e-01
4.874453246593475342e-01
4.599922895431518555e-01
4.557375311851501465e-01
4.553686082363128662e-01
4.905550777912139893e-01
4.354477524757385254e-01
4.482649266719818115e-01
4.428981542587280273e-01
3.736128211021423340e-01
4.801855981349945068e-01
4.605647325515747070e-01
4.519715309143066406e-01
4.730012118816375732e-01
4.380948543548583984e-01
4.614206552505493164e-01
4.354686141014099121e-01
4.581213891506195068e-01
3.655785918235778809e-01
4.545867145061492920e-01
4.587142765522003174e-01
4.414285123348236084e-01
4.417425990104675293e-01
4.607140421867370605e-01
4.409204125404357910e-01
4.737327992916107178e-01
4.613975882530212402e-01
4.418252408504486084e-01
4.452836215496063232e-01
4.391193389892578125e-01
4.887223243713378906e-01
4.608360528945922852e-01
4.687352776527404785e-01
4.510200321674346924e-01
4.515305757522583008e-01
4.618638157844543457e-01
4.419369399547576904e-01
4.510214328765869141e-01
4.410778284072875977e-01
4.603946506977081299e-01
4.721484184265136719e-01
4.743208587169647217e-01
4.669765233993530273e-01
4.635477066040039062e-01
4.631739258766174316e-01
4.729689657688140869e-01
4.564824700355529785e-01
4.516971707344055176e-01
4.377065598964691162e-01
4.583208858966827393e-01
4.631364941596984863e-01
4.675420224666595459e-01
4.668559134006500244e-01
4.532898366451263428e-01
4.618041217327117920e-01
4.685222506523132324e-01
4.711124300956726074e-01
4.708110988140106201e-01
4.676050841808319092e-01
4.704524278640747070e-01
4.567390680313110352e-01
4.527288973331451416e-01
4.606086909770965576e-01
4.423809349536895752e-01
4.822402596473693848e-01
4.451790452003479004e-01
4.394789338111877441e-01
4.692912697792053223e-01
4.529580771923065186e-01
4.485780298709869385e-01
4.432966709136962891e-01
4.642762839794158936e-01
4.676370620727539062e-01
4.656330943107604980e-01
4.690589904785156250e-01
4.406950175762176514e-01
4.411553740501403809e-01
4.660542309284210205e-01
4.542270898818969727e-01
4.490048289299011230e-01
4.275147914886474609e-01
4.629248082637786865e-01
4.583424627780914307e-01
4.206276834011077881e-01
4.752370417118072510e-01
4.587113261222839355e-01
3.799275159835815430e-01
4.529126584529876709e-01
4.385336637496948242e-01
4.537217020988464355e-01
4.641311466693878174e-01
4.432589709758758545e-01
4.530406594276428223e-01
4.608551263809204102e-01
4.591487050056457520e-01
4.700789749622344971e-01
4.668890833854675293e-01
4.756658375263214111e-01
4.506870508193969727e-01
4.754332602024078369e-01
4.549739360809326172e-01
4.698349237442016602e-01
4.700118303298950195e-01
4.522873461246490479e-01
4.588590860366821289e-01
4.569495618343353271e-01
4.442485570907592773e-01
3.593710958957672119e-01
4.750139117240905762e-01
4.545688629150390625e-01
4.247081279754638672e-01
4.512879848480224609e-01
4.492383897304534912e-01
4.593466222286224365e-01
4.720048308372497559e-01
4.415659904479980469e-01
4.497680664062500000e-01
4.692311584949493408e-01
4.635282754898071289e-01
4.565875530242919922e-01
4.604225158691406250e-01
4.486504197120666504e-01
4.404723048210144043e-01
4.559222459793090820e-01
4.757967889308929443e-01
4.777120649814605713e-01
4.511620998382568359e-01
4.586321711540222168e-01
4.537039399147033691e-01
4.520444571971893311e-01
3.912694454193115234e-01
4.869007468223571777e-01
3.700460791587829590e-01
4.682398140430450439e-01
4.636428356170654297e-01
4.381804764270782471e-01
4.622496664524078369e-01
4.387778341770172119e-01
4.572646319866180420e-01
4.745520651340484619e-01
4.782713949680328369e-01
4.621872603893280029e-01
4.552588462829589844e-01
4.527949988842010498e-01
4.410327076911926270e-01
3.690537214279174805e-01
4.500810801982879639e-01
4.471231102943420410e-01
4.599161446094512939e-01
4.767654836177825928e-01
4.359295666217803955e-01
4.650885164737701416e-01
4.528244435787200928e-01
4.477316141128540039e-01
3.725964426994323730e-01
4.583672881126403809e-01
4.548401832580566406e-01
4.456010162830352783e-01
4.831494688987731934e-01
4.700769484043121338e-01
4.717849791049957275e-01
4.628214836120605469e-01
4.521309137344360352e-01
4.522051215171813965e-01
4.632310271263122559e-01
4.826332330703735352e-01
4.752340018749237061e-01
4.724858701229095459e-01
4.548488557338714600e-01
4.481949210166931152e-01
4.685116410255432129e-01
4.371609091758728027e-01
4.666703343391418457e-01
4.793661534786224365e-01
4.691649377346038818e-01
4.719837605953216553e-01
4.354241788387298584e-01
4.502519667148590088e-01
4.620448648929595947e-01
4.487003684043884277e-01
4.296161234378814697e-01
4.482823908329010010e-01
4.693389534950256348e-01
4.701320827007293701e-01
4.761197566986083984e-01
4.448711872100830078e-01
4.315863549709320068e-01
4.511552453041076660e-01
4.575326442718505859e-01
4.447146058082580566e-01
4.630951881408691406e-01
4.583771228790283203e-01
4.410800337791442871e-01
4.517365396022796631e-01
4.514018893241882324e-01
4.419565498828887939e-01
3.655880689620971680e-01
3.666374087333679199e-01
4.641785919666290283e-01
4.651980102062225342e-01
4.539620876312255859e-01
4.792298376560211182e-01
4.752319157123565674e-01
4.388293623924255371e-01
4.869007468223571777e-01
4.751725494861602783e-01
4.690805375576019287e-01
4.555537402629852295e-01
4.827441573143005371e-01
4.159671068191528320e-01
4.612685441970825195e-01
3.725922107696533203e-01
4.704770445823669434e-01
4.501603841781616211e-01
4.731474518775939941e-01
4.533697366714477539e-01
4.715582728385925293e-01
4.540217518806457520e-01
4.645405411720275879e-01
4.635814130306243896e-01
4.512929916381835938e-01
3.803509473800659180e-01
4.482314884662628174e-01
4.751961827278137207e-01
4.462311267852783203e-01
4.374059140682220459e-01
4.558295011520385742e-01
4.504225552082061768e-01
4.403802156448364258e-01
4.208779335021972656e-01
4.441550374031066895e-01
4.849800467491149902e-01
4.688122570514678955e-01
4.502355456352233887e-01
4.439104795455932617e-01
4.741768240928649902e-01
4.565548300743103027e-01
4.647799134254455566e-01
4.762077033519744873e-01
3.726890385150909424e-01
4.184907972812652588e-01
4.248978495597839355e-01
4.722380042076110840e-01
4.752253293991088867e-01
4.413153529167175293e-01
3.661091029644012451e-01
4.637359976768493652e-01
4.593511819839477539e-01
4.703021347522735596e-01
4.646223783493041992e-01
4.588009715080261230e-01
4.661229848861694336e-01
4.801761806011199951e-01
4.676664769649505615e-01
4.661365747451782227e-01
4.565238654613494873e-01
4.869007468223571777e-01
4.788815975189208984e-01
4.487828910350799561e-01
4.610387682914733887e-01
4.644940197467803955e-01
4.545570611953735352e-01
4.424440562725067139e-01
4.421635866165161133e-01
4.648368060588836670e-01
4.525228142738342285e-01
4.825582206249237061e-01
4.393863081932067871e-01
4.383330941200256348e-01
4.600200653076171875e-01
4.731706380844116211e-01
4.835822582244873047e-01
4.423305988311767578e-01
4.631028473377227783e-01
4.397696256637573242e-01
4.143987298011779785e-01
4.431551694869995117e-01
4.584667086601257324e-01
4.621832668781280518e-01
4.525731801986694336e-01
4.219120740890502930e-01
4.520751535892486572e-01
4.405056238174438477e-01
4.635112285614013672e-01
4.672672152519226074e-01
4.261080026626586914e-01
3.795451819896697998e-01
4.716966152191162109e-01
4.396392405033111572e-01
4.869007468223571777e-01
4.524415731430053711e-01
4.694924652576446533e-01
4.576249122619628906e-01
4.377202391624450684e-01
4.644961357116699219e-01
4.427895545959472656e-01
4.774559736251831055e-01
4.563154578208923340e-01
4.492418169975280762e-01
3.684278726577758789e-01
4.397882819175720215e-01
4.535306692123413086e-01
4.401368498802185059e-01
4.588840007781982422e-01
4.564194083213806152e-01
4.657208025455474854e-01
4.563271701335906982e-01
4.613950252532958984e-01
4.576911926269531250e-01
4.700267314910888672e-01
3.643949627876281738e-01
4.434841871261596680e-01
3.635354638099670410e-01
4.751186370849609375e-01
4.525463879108428955e-01
4.869007468223571777e-01
4.263500869274139404e-01
4.688784778118133545e-01
4.609267115592956543e-01
4.721553623676300049e-01
4.657783210277557373e-01
4.639534354209899902e-01
4.642026424407958984e-01
4.711205959320068359e-01
4.542060196399688721e-01
4.504729509353637695e-01
4.700321257114410400e-01
3.965588808059692383e-01
4.911212921142578125e-01
4.670458137989044189e-01
4.528747498989105225e-01
4.373088479042053223e-01
4.592708051204681396e-01
4.612965285778045654e-01
4.431093931198120117e-01
3.611011505126953125e-01
4.518439471721649170e-01
4.515285193920135498e-01
4.482914805412292480e-01
4.896205365657806396e-01
4.955058097839355469e-01
4.618228971958160400e-01
4.468041062355041504e-01
4.204457402229309082e-01
4.608376026153564453e-01
4.179937541484832764e-01
4.650976657867431641e-01
4.714828133583068848e-01
4.678205847740173340e-01
4.592033326625823975e-01
4.519185125827789307e-01
4.591622650623321533e-01
4.592286050319671631e-01
4.724764823913574219e-01
3.651458323001861572e-01
4.470438063144683838e-01
4.408083260059356689e-01
4.373950958251953125e-01
4.665359258651733398e-01
4.840033352375030518e-01
4.397760033607482910e-01
4.776287972927093506e-01
4.699466824531555176e-01
4.543208181858062744e-01
4.667083919048309326e-01
4.527031183242797852e-01
3.970098793506622314e-01
4.282496571540832520e-01
