2.569155395030975342e-01
4.443210959434509277e-01
2.891661524772644043e-01
3.989557027816772461e-01
4.107830822467803955e-01
5.759670138359069824e-01
3.945064842700958252e-01
3.694888353347778320e-01
5.375765562057495117e-01
1.968265473842620850e-01
4.873934388160705566e-01
3.275406360626220703e-01
7.945560216903686523e-01
4.369117617607116699e-01
5.403469204902648926e-01
5.101054906845092773e-01
3.715992271900177002e-01
7.630814313888549805e-01
3.705587983131408691e-01
6.892966032028198242e-01
7.404782772064208984e-01
2.906253039836883545e-01
3.846150934696197510e-01
2.637183666229248047e-01
1.774150133132934570e-01
4.987221062183380127e-01
5.340472459793090820e-01
3.376269936561584473e-01
3.212187886238098145e-01
5.233780741691589355e-01
5.199835896492004395e-01
3.905011713504791260e-01
6.334329247474670410e-01
7.656066417694091797e-01
2.764735817909240723e-01
4.188077151775360107e-01
4.745740592479705811e-01
2.874797880649566650e-01
7.652303576469421387e-01
4.651647508144378662e-01
4.214349389076232910e-01
7.352426052093505859e-01
3.992455601692199707e-01
4.634734988212585449e-01
5.281863212585449219e-01
7.116011381149291992e-01
5.480710268020629883e-01
5.821788311004638672e-01
6.927771568298339844e-01
6.496566534042358398e-01
2.675062716007232666e-01
2.293772697448730469e-01
5.681845545768737793e-01
2.019826769828796387e-01
3.784229457378387451e-01
5.547679662704467773e-01
3.257306516170501709e-01
3.786354660987854004e-01
2.304104268550872803e-01
4.383284151554107666e-01
2.631358504295349121e-01
2.865905463695526123e-01
4.145346283912658691e-01
3.305111825466156006e-01
4.982634484767913818e-01
6.474518179893493652e-01
3.830944299697875977e-01
7.434771060943603516e-01
2.739610075950622559e-01
4.332092404365539551e-01
4.277997612953186035e-01
1.945966184139251709e-01
5.054276585578918457e-01
2.081240117549896240e-01
1.901835203170776367e-01
5.231234431266784668e-01
4.019576907157897949e-01
7.256264090538024902e-01
6.319935917854309082e-01
3.966175019741058350e-01
3.152011632919311523e-01
2.766351103782653809e-01
6.060562729835510254e-01
7.592438459396362305e-01
3.663308620452880859e-01
1.960221230983734131e-01
6.797198653221130371e-01
6.487004756927490234e-01
5.567344427108764648e-01
2.952823638916015625e-01
7.810633182525634766e-01
5.535601973533630371e-01
4.237076342105865479e-01
6.329014897346496582e-01
1.723288893699645996e-01
8.038134574890136719e-01
5.464102625846862793e-01
3.362939655780792236e-01
4.553380012512207031e-01
3.916847109794616699e-01
3.864991366863250732e-01
4.546296894550323486e-01
4.356031417846679688e-01
3.745749592781066895e-01
6.019598245620727539e-01
7.808613777160644531e-01
6.830090880393981934e-01
4.147876501083374023e-01
2.452306747436523438e-01
4.733096361160278320e-01
7.671109437942504883e-01
7.116370797157287598e-01
4.877879023551940918e-01
5.633550286293029785e-01
6.519118547439575195e-01
3.679376542568206787e-01
2.989834845066070557e-01
6.148473024368286133e-01
3.265835642814636230e-01
5.751578807830810547e-01
4.309412240982055664e-01
5.559806227684020996e-01
4.328702688217163086e-01
4.935409426689147949e-01
4.820246398448944092e-01
7.963851094245910645e-01
2.943013310432434082e-01
2.695308029651641846e-01
4.860047101974487305e-01
5.180327296257019043e-01
5.930148959159851074e-01
3.630653023719787598e-01
3.393361568450927734e-01
3.430507779121398926e-01
7.841171026229858398e-01
2.987245321273803711e-01
3.081014156341552734e-01
5.498509407043457031e-01
4.244863390922546387e-01
7.613322734832763672e-01
4.314032793045043945e-01
4.161787927150726318e-01
3.192331492900848389e-01
3.279148340225219727e-01
3.850076198577880859e-01
2.993185818195343018e-01
2.377014756202697754e-01
6.585105061531066895e-01
3.085014820098876953e-01
5.167921781539916992e-01
1.736423969268798828e-01
2.885233163833618164e-01
4.753108322620391846e-01
6.568244695663452148e-01
7.124987840652465820e-01
3.106327652931213379e-01
5.015901923179626465e-01
2.551956176757812500e-01
4.598587155342102051e-01
6.705714464187622070e-01
5.739341974258422852e-01
3.566368222236633301e-01
7.580138444900512695e-01
5.124181509017944336e-01
4.721187651157379150e-01
5.010309815406799316e-01
4.521091282367706299e-01
1.681913137435913086e-01
5.001971125602722168e-01
3.171857595443725586e-01
3.609760403633117676e-01
3.101563751697540283e-01
5.054627656936645508e-01
5.541489720344543457e-01
5.905731916427612305e-01
1.893202364444732666e-01
2.791905105113983154e-01
6.584250926971435547e-01
5.440674424171447754e-01
5.228451490402221680e-01
4.873683452606201172e-01
5.474042296409606934e-01
5.663496851921081543e-01
2.662976384162902832e-01
5.211743116378784180e-01
1.705738604068756104e-01
5.688377022743225098e-01
4.565694332122802734e-01
7.883145809173583984e-01
7.006650567054748535e-01
4.012389183044433594e-01
3.872922658920288086e-01
3.789866566658020020e-01
4.753459990024566650e-01
4.956438541412353516e-01
2.549651563167572021e-01
5.998905897140502930e-01
4.107830822467803955e-01
4.339727759361267090e-01
6.044565439224243164e-01
2.997996509075164795e-01
3.471167087554931641e-01
4.151811003684997559e-01
2.357751429080963135e-01
3.066626191139221191e-01
2.241546809673309326e-01
2.735557556152343750e-01
3.723954558372497559e-01
2.439607977867126465e-01
3.584050834178924561e-01
2.212068438529968262e-01
2.184805274009704590e-01
4.374885857105255127e-01
1.777345836162567139e-01
3.565654158592224121e-01
1.643643081188201904e-01
3.088517785072326660e-01
2.618688046932220459e-01
3.083953261375427246e-01
2.974088788032531738e-01
3.694272637367248535e-01
3.123601675033569336e-01
4.188876748085021973e-01
1.717516481876373291e-01
4.757759869098663330e-01
2.370827496051788330e-01
3.164614439010620117e-01
3.087520003318786621e-01
2.002635002136230469e-01
3.501130044460296631e-01
4.428977966308593750e-01
2.715033888816833496e-01
3.280590772628784180e-01
3.389183878898620605e-01
3.501304090023040771e-01
3.183271288871765137e-01
2.601740956306457520e-01
2.432997822761535645e-01
2.210242748260498047e-01
1.738056540489196777e-01
2.996098399162292480e-01
3.261231780052185059e-01
1.901225745677947998e-01
2.696930468082427979e-01
3.047728538513183594e-01
1.731047034263610840e-01
1.494281589984893799e-01
2.555492520332336426e-01
2.868106961250305176e-01
2.448637187480926514e-01
3.380721211433410645e-01
4.500374495983123779e-01
2.433905899524688721e-01
1.872887015342712402e-01
2.736157178878784180e-01
2.596073150634765625e-01
3.713553547859191895e-01
2.443827986717224121e-01
1.562392413616180420e-01
3.779956698417663574e-01
3.397068381309509277e-01
3.080014586448669434e-01
2.521725296974182129e-01
2.972975969314575195e-01
2.402622401714324951e-01
1.811088919639587402e-01
1.831835508346557617e-01
1.916466355323791504e-01
2.844607532024383545e-01
2.831582427024841309e-01
3.678182363510131836e-01
3.664826750755310059e-01
1.397843956947326660e-01
2.107566893100738525e-01
2.790067791938781738e-01
1.729199290275573730e-01
2.376106083393096924e-01
1.639163792133331299e-01
1.474387943744659424e-01
4.301270842552185059e-01
2.815135419368743896e-01
3.126560151576995850e-01
2.170079052448272705e-01
3.742055892944335938e-01
1.723782718181610107e-01
4.107830822467803955e-01
2.377837002277374268e-01
1.619552671909332275e-01
2.377029061317443848e-01
2.747849225997924805e-01
3.909684419631958008e-01
2.151505947113037109e-01
2.656767964363098145e-01
5.835867524147033691e-01
2.007415294647216797e-01
2.390584647655487061e-01
1.990349590778350830e-01
2.425605356693267822e-01
2.348356842994689941e-01
2.538908123970031738e-01
2.585417628288269043e-01
1.884576082229614258e-01
3.920282721519470215e-01
2.405156195163726807e-01
4.152316451072692871e-01
3.269642591476440430e-01
3.326504230499267578e-01
3.499108254909515381e-01
2.693426609039306641e-01
2.420392930507659912e-01
4.048179388046264648e-01
2.395955622196197510e-01
2.883045077323913574e-01
4.195069670677185059e-01
2.277475595474243164e-01
1.566551625728607178e-01
3.756799101829528809e-01
3.270884752273559570e-01
2.552674710750579834e-01
4.033601582050323486e-01
2.501565814018249512e-01
2.342821359634399414e-01
2.547639608383178711e-01
1.588667333126068115e-01
5.063013434410095215e-01
1.614806354045867920e-01
1.748769283294677734e-01
3.101288080215454102e-01
3.384333848953247070e-01
1.760973632335662842e-01
3.963426947593688965e-01
3.902672827243804932e-01
1.922478675842285156e-01
2.050580978393554688e-01
2.132313251495361328e-01
6.511100530624389648e-01
2.166293561458587646e-01
2.904717326164245605e-01
2.236928939819335938e-01
2.152231037616729736e-01
2.094297111034393311e-01
3.089408874511718750e-01
3.411412239074707031e-01
2.751249670982360840e-01
1.659643352031707764e-01
1.919631958007812500e-01
2.262085378170013428e-01
5.155789852142333984e-01
1.695301532745361328e-01
2.060601115226745605e-01
1.924500167369842529e-01
2.581076622009277344e-01
4.167058467864990234e-01
2.919549942016601562e-01
2.554422020912170410e-01
1.985477805137634277e-01
3.752017021179199219e-01
2.547885179519653320e-01
1.698674261569976807e-01
2.008404731750488281e-01
4.092090427875518799e-01
2.735211849212646484e-01
3.424490094184875488e-01
2.511019110679626465e-01
4.594669342041015625e-01
5.189608931541442871e-01
2.234061360359191895e-01
2.946712374687194824e-01
3.455387055873870850e-01
1.546089649200439453e-01
3.941220343112945557e-01
2.119466960430145264e-01
2.036736905574798584e-01
3.125453889369964600e-01
2.453088164329528809e-01
1.921813189983367920e-01
3.370792269706726074e-01
1.929213106632232666e-01
3.264127671718597412e-01
3.505318760871887207e-01
2.760342955589294434e-01
2.721440792083740234e-01
1.688522398471832275e-01
3.492114543914794922e-01
2.545987069606781006e-01
2.940285205841064453e-01
4.660646021366119385e-01
3.309560418128967285e-01
2.556725442409515381e-01
2.067257761955261230e-01
2.556586563587188721e-01
3.142607212066650391e-01
3.786776959896087646e-01
1.801897585391998291e-01
2.884102463722229004e-01
2.531166672706604004e-01
2.236924171447753906e-01
3.113977611064910889e-01
2.561305165290832520e-01
2.683572769165039062e-01
5.139654278755187988e-01
2.826113104820251465e-01
1.756692230701446533e-01
2.259339392185211182e-01
1.386872529983520508e-01
1.550318896770477295e-01
1.728983819484710693e-01
4.539742171764373779e-01
3.728358745574951172e-01
1.587465107440948486e-01
3.781660795211791992e-01
2.595365643501281738e-01
1.755223274230957031e-01
2.886160016059875488e-01
3.593752682209014893e-01
3.459794521331787109e-01
3.127658367156982422e-01
2.534042000770568848e-01
1.922104060649871826e-01
2.552801966667175293e-01
3.023664057254791260e-01
2.658218145370483398e-01
1.777697503566741943e-01
1.393378376960754395e-01
2.693241536617279053e-01
3.995070457458496094e-01
1.749833524227142334e-01
4.107830822467803955e-01
2.845500707626342773e-01
2.686204910278320312e-01
2.533825933933258057e-01
2.517681419849395752e-01
2.279508709907531738e-01
3.914749324321746826e-01
1.765402555465698242e-01
3.018728196620941162e-01
2.576107382774353027e-01
1.415597498416900635e-01
2.088929116725921631e-01
2.670339941978454590e-01
3.313213884830474854e-01
2.757909595966339111e-01
2.591098845005035400e-01
1.819738447666168213e-01
1.549832820892333984e-01
2.779439091682434082e-01
3.350223302841186523e-01
2.537826895713806152e-01
4.193886220455169678e-01
2.244037091732025146e-01
3.088299930095672607e-01
3.085299134254455566e-01
3.241158127784729004e-01
2.886530160903930664e-01
1.832739710807800293e-01
4.776734411716461182e-01
5.275202989578247070e-01
3.848156332969665527e-01
2.696897089481353760e-01
2.998040318489074707e-01
2.715482115745544434e-01
2.965263724327087402e-01
2.071513235569000244e-01
4.005991816520690918e-01
2.230285108089447021e-01
3.216305971145629883e-01
3.467353582382202148e-01
2.311722338199615479e-01
3.221495151519775391e-01
2.145943343639373779e-01
4.000743031501770020e-01
2.551461458206176758e-01
3.334713578224182129e-01
2.242323756217956543e-01
1.784029603004455566e-01
2.299147546291351318e-01
2.547152340412139893e-01
2.809738218784332275e-01
1.896059215068817139e-01
1.965898871421813965e-01
2.514410018920898438e-01
1.589468419551849365e-01
2.382397949695587158e-01
6.947314739227294922e-01
1.916148662567138672e-01
2.893577516078948975e-01
3.441407680511474609e-01
2.560638785362243652e-01
3.322056531906127930e-01
2.095144987106323242e-01
2.166513502597808838e-01
4.019759893417358398e-01
3.565382659435272217e-01
4.137022197246551514e-01
2.581031322479248047e-01
1.476371586322784424e-01
1.589283943176269531e-01
2.163432836532592773e-01
2.030362486839294434e-01
1.753702759742736816e-01
2.010918259620666504e-01
3.107584714889526367e-01
2.438161075115203857e-01
3.086569905281066895e-01
3.107096254825592041e-01
6.930139660835266113e-01
3.515928685665130615e-01
5.923213362693786621e-01
2.530227899551391602e-01
2.103916406631469727e-01
2.322696745395660400e-01
2.493213117122650146e-01
3.480040132999420166e-01
1.804200410842895508e-01
1.659705638885498047e-01
3.420430421829223633e-01
1.891155540943145752e-01
2.079016864299774170e-01
2.423392534255981445e-01
2.630600035190582275e-01
3.734411001205444336e-01
3.361964225769042969e-01
2.239919006824493408e-01
5.761648416519165039e-01
3.323082923889160156e-01
3.380361795425415039e-01
2.567075490951538086e-01
4.122207760810852051e-01
3.265230655670166016e-01
1.869070827960968018e-01
3.057824373245239258e-01
1.449300646781921387e-01
2.591758668422698975e-01
4.379482567310333252e-01
2.452992498874664307e-01
2.713531851768493652e-01
2.558884322643280029e-01
3.929603397846221924e-01
6.528633832931518555e-01
2.787678241729736328e-01
4.362417161464691162e-01
4.703345298767089844e-01
3.009540438652038574e-01
3.056125938892364502e-01
2.450985908508300781e-01
3.283609747886657715e-01
1.913539767265319824e-01
3.748591840267181396e-01
4.477444589138031006e-01
6.018398404121398926e-01
2.449004054069519043e-01
4.103187620639801025e-01
1.551843583583831787e-01
2.211128473281860352e-01
3.975874781608581543e-01
4.115306735038757324e-01
3.690584599971771240e-01
2.518244981765747070e-01
2.778089642524719238e-01
3.966363966464996338e-01
2.018157541751861572e-01
3.964157998561859131e-01
2.458256483078002930e-01
3.173007369041442871e-01
2.484842538833618164e-01
2.317159175872802734e-01
3.835448026657104492e-01
1.680093109607696533e-01
1.679613292217254639e-01
4.023127555847167969e-01
3.080076873302459717e-01
1.587708592414855957e-01
2.483857572078704834e-01
3.097315132617950439e-01
3.500893115997314453e-01
2.796224951744079590e-01
3.014689683914184570e-01
3.657982945442199707e-01
2.542418837547302246e-01
1.556772291660308838e-01
2.066262364387512207e-01
2.019785940647125244e-01
2.065334320068359375e-01
2.579482197761535645e-01
2.110109925270080566e-01
4.589184522628784180e-01
1.657618880271911621e-01
2.163234353065490723e-01
3.667258024215698242e-01
3.093417286872863770e-01
2.365832030773162842e-01
1.968947052955627441e-01
5.648922324180603027e-01
4.216480255126953125e-01
1.928916275501251221e-01
3.871527314186096191e-01
2.610536217689514160e-01
2.440061867237091064e-01
3.542450964450836182e-01
3.170505166053771973e-01
3.010169863700866699e-01
1.409028768539428711e-01
2.940149009227752686e-01
2.206326425075531006e-01
2.075165808200836182e-01
2.644928097724914551e-01
2.771853208541870117e-01
2.238442003726959229e-01
2.547626495361328125e-01
1.962900161743164062e-01
3.379747867584228516e-01
3.397745490074157715e-01
3.410125076770782471e-01
2.868418097496032715e-01
2.372729480266571045e-01
2.128191888332366943e-01
1.795200705528259277e-01
2.555873394012451172e-01
1.583366692066192627e-01
2.314583659172058105e-01
2.418859899044036865e-01
2.580394148826599121e-01
2.110298275947570801e-01
2.686376571655273438e-01
2.568681240081787109e-01
2.707889676094055176e-01
3.882504701614379883e-01
2.543829083442687988e-01
2.262294590473175049e-01
1.808219552040100098e-01
3.545454144477844238e-01
3.039816915988922119e-01
1.586455702781677246e-01
4.636152386665344238e-01
2.279247939586639404e-01
2.288129925727844238e-01
2.189652323722839355e-01
2.847303152084350586e-01
2.768235206604003906e-01
3.992038369178771973e-01
3.491467237472534180e-01
4.434671401977539062e-01
2.623371779918670654e-01
2.394238710403442383e-01
2.179029583930969238e-01
1.780262291431427002e-01
2.530608773231506348e-01
2.838332653045654297e-01
3.673130571842193604e-01
1.822717785835266113e-01
2.473407983779907227e-01
2.153853774070739746e-01
2.774556279182434082e-01
2.324352264404296875e-01
3.487486243247985840e-01
4.855727553367614746e-01
3.602325022220611572e-01
4.310155808925628662e-01
5.545177459716796875e-01
2.546166777610778809e-01
4.154151380062103271e-01
2.689028978347778320e-01
2.623596787452697754e-01
3.726277351379394531e-01
3.552103042602539062e-01
2.997934818267822266e-01
1.936211585998535156e-01
2.701007723808288574e-01
4.638209939002990723e-01
1.749831140041351318e-01
3.040749430656433105e-01
2.242707610130310059e-01
3.314014077186584473e-01
2.133340537548065186e-01
3.182002305984497070e-01
2.312748432159423828e-01
3.689699470996856689e-01
2.943314313888549805e-01
3.341090679168701172e-01
2.997292876243591309e-01
5.387436151504516602e-01
1.701125800609588623e-01
2.166782319545745850e-01
4.680691659450531006e-01
3.514290153980255127e-01
1.979372501373291016e-01
2.307211160659790039e-01
1.990550756454467773e-01
3.055244684219360352e-01
4.786200225353240967e-01
2.855777740478515625e-01
5.091497898101806641e-01
1.805536448955535889e-01
3.252890706062316895e-01
1.658907234668731689e-01
3.607190847396850586e-01
4.204550981521606445e-01
4.107830822467803955e-01
2.883832454681396484e-01
2.791940569877624512e-01
2.536181807518005371e-01
3.508771955966949463e-01
4.484535455703735352e-01
1.698522567749023438e-01
3.255183100700378418e-01
3.063965439796447754e-01
1.857846379280090332e-01
3.915964961051940918e-01
5.090408921241760254e-01
4.126002192497253418e-01
3.830907344818115234e-01
4.126203358173370361e-01
4.873233139514923096e-01
4.792866706848144531e-01
3.142639398574829102e-01
3.268275856971740723e-01
2.499844133853912354e-01
5.361292958259582520e-01
2.866712510585784912e-01
5.753421187400817871e-01
2.232624590396881104e-01
3.923299610614776611e-01
2.232220470905303955e-01
2.872774302959442139e-01
1.809369623661041260e-01
3.198949694633483887e-01
5.604972243309020996e-01
5.427470803260803223e-01
1.725811362266540527e-01
2.699212431907653809e-01
1.367784738540649414e-01
1.425646841526031494e-01
3.900168836116790771e-01
1.967695653438568115e-01
1.858378946781158447e-01
3.567153215408325195e-01
4.012643992900848389e-01
5.049790143966674805e-01
1.613096594810485840e-01
6.685920357704162598e-01
5.556899905204772949e-01
3.856559097766876221e-01
4.126288592815399170e-01
2.141576409339904785e-01
2.315895855426788330e-01
1.721802353858947754e-01
3.820746541023254395e-01
2.530337572097778320e-01
2.672803997993469238e-01
3.058201074600219727e-01
2.611368894577026367e-01
1.601171195507049561e-01
2.744958102703094482e-01
4.241400361061096191e-01
6.245664358139038086e-01
1.901640594005584717e-01
2.544265389442443848e-01
1.643913984298706055e-01
3.982623219490051270e-01
3.184737563133239746e-01
1.655957996845245361e-01
2.584129571914672852e-01
2.759698033332824707e-01
2.061654031276702881e-01
4.009307026863098145e-01
2.434794902801513672e-01
2.481863200664520264e-01
3.121554851531982422e-01
3.764884769916534424e-01
2.272690832614898682e-01
3.823071718215942383e-01
2.237700819969177246e-01
4.356137216091156006e-01
2.130343914031982422e-01
2.379871010780334473e-01
5.091119408607482910e-01
2.585501074790954590e-01
1.725902855396270752e-01
2.846547365188598633e-01
2.538948059082031250e-01
2.460841834545135498e-01
2.851749062538146973e-01
3.712736964225769043e-01
3.158482611179351807e-01
3.563627600669860840e-01
2.799001932144165039e-01
3.573213219642639160e-01
2.202558219432830811e-01
3.578209877014160156e-01
3.540605604648590088e-01
3.944901525974273682e-01
1.709077954292297363e-01
3.011232316493988037e-01
2.018155157566070557e-01
1.981512308120727539e-01
4.203566908836364746e-01
2.147507071495056152e-01
3.883116841316223145e-01
5.363816022872924805e-01
4.029706716537475586e-01
1.457405090332031250e-01
2.800515294075012207e-01
2.063232064247131348e-01
2.514969110488891602e-01
4.744709432125091553e-01
1.843189299106597900e-01
3.384910225868225098e-01
3.249738216400146484e-01
3.031351864337921143e-01
1.926681399345397949e-01
6.185203194618225098e-01
2.708197236061096191e-01
2.129956185817718506e-01
2.117907702922821045e-01
1.636569201946258545e-01
2.132854461669921875e-01
1.856413185596466064e-01
3.448395431041717529e-01
2.540252506732940674e-01
1.881677508354187012e-01
1.521368920803070068e-01
2.555136680603027344e-01
4.107830822467803955e-01
3.619865179061889648e-01
2.267535924911499023e-01
2.570420503616333008e-01
5.261543989181518555e-01
3.901308476924896240e-01
4.084735810756683350e-01
1.943587064743041992e-01
5.598596930503845215e-01
4.869209825992584229e-01
2.749279439449310303e-01
4.456953704357147217e-01
3.400174975395202637e-01
3.064726591110229492e-01
4.082462787628173828e-01
3.990203142166137695e-01
3.172377645969390869e-01
2.316849827766418457e-01
2.567049264907836914e-01
3.640425205230712891e-01
1.417491137981414795e-01
3.353171348571777344e-01
2.033520638942718506e-01
1.879131197929382324e-01
2.105163931846618652e-01
1.753109395503997803e-01
1.960557103157043457e-01
1.721004545688629150e-01
3.717243075370788574e-01
3.362199068069458008e-01
2.843122780323028564e-01
2.557597756385803223e-01
2.348299324512481689e-01
1.962977051734924316e-01
2.554109692573547363e-01
2.527253031730651855e-01
7.130485773086547852e-01
3.037415146827697754e-01
3.120039701461791992e-01
2.541381716728210449e-01
1.321844458580017090e-01
3.060539364814758301e-01
4.995943307876586914e-01
5.032752752304077148e-01
1.654954254627227783e-01
1.570334434509277344e-01
4.128191173076629639e-01
2.722793519496917725e-01
5.103898048400878906e-01
2.124036550521850586e-01
1.947433054447174072e-01
1.579590439796447754e-01
3.064436614513397217e-01
2.632155716419219971e-01
2.598406076431274414e-01
1.979185044765472412e-01
3.245380520820617676e-01
4.498131275177001953e-01
2.716605365276336670e-01
2.114267051219940186e-01
1.936636269092559814e-01
1.573215126991271973e-01
4.228150248527526855e-01
2.543547153472900391e-01
4.036889374256134033e-01
3.316739201545715332e-01
2.218481898307800293e-01
4.014620482921600342e-01
3.036991953849792480e-01
1.814025938510894775e-01
3.646521568298339844e-01
2.911229133605957031e-01
1.857348382472991943e-01
3.159880638122558594e-01
4.065256416797637939e-01
2.880857586860656738e-01
1.881273984909057617e-01
3.339762091636657715e-01
2.132662534713745117e-01
2.345298528671264648e-01
3.518925309181213379e-01
3.988353610038757324e-01
1.690846383571624756e-01
1.724554896354675293e-01
1.924911439418792725e-01
2.552815377712249756e-01
2.555642724037170410e-01
2.673623263835906982e-01
3.371239602565765381e-01
2.400052547454833984e-01
1.957708895206451416e-01
2.425404489040374756e-01
2.588989138603210449e-01
3.427746295928955078e-01
2.891719043254852295e-01
3.711635470390319824e-01
3.851795196533203125e-01
4.596599638462066650e-01
2.536589503288269043e-01
2.629830837249755859e-01
3.242160081863403320e-01
2.569470405578613281e-01
2.890509963035583496e-01
1.650126874446868896e-01
1.785055100917816162e-01
3.328530490398406982e-01
4.684382975101470947e-01
1.715792119503021240e-01
2.404724955558776855e-01
4.270778000354766846e-01
4.664520025253295898e-01
2.372063994407653809e-01
1.699153482913970947e-01
2.399674654006958008e-01
2.810636460781097412e-01
2.816742062568664551e-01
2.923981249332427979e-01
3.922753334045410156e-01
2.814931869506835938e-01
2.479157149791717529e-01
2.659921348094940186e-01
4.000190198421478271e-01
2.396885156631469727e-01
1.518179476261138916e-01
2.136920094490051270e-01
4.476802647113800049e-01
4.205062985420227051e-01
1.872235536575317383e-01
1.609301269054412842e-01
3.268487751483917236e-01
2.474534213542938232e-01
2.280323207378387451e-01
4.878125786781311035e-01
3.401535749435424805e-01
6.070393919944763184e-01
1.594470143318176270e-01
1.751920878887176514e-01
1.765955984592437744e-01
2.760723233222961426e-01
2.370519042015075684e-01
4.965921044349670410e-01
4.107830822467803955e-01
4.231979250907897949e-01
4.443764686584472656e-01
2.164155542850494385e-01
3.378542661666870117e-01
3.442806601524353027e-01
2.538659572601318359e-01
3.036187887191772461e-01
1.712906956672668457e-01
3.462060689926147461e-01
2.386180162429809570e-01
2.784543037414550781e-01
2.518658936023712158e-01
2.016871273517608643e-01
3.426383435726165771e-01
2.061011493206024170e-01
2.426576018333435059e-01
2.312901616096496582e-01
1.573238074779510498e-01
4.492128193378448486e-01
2.308550775051116943e-01
2.088249921798706055e-01
2.570344805717468262e-01
3.856073915958404541e-01
3.083011209964752197e-01
3.419135212898254395e-01
3.128060698509216309e-01
4.150204360485076904e-01
2.650162577629089355e-01
1.587943434715270996e-01
2.380969524383544922e-01
2.824395000934600830e-01
3.086265027523040771e-01
1.993587017059326172e-01
1.341171860694885254e-01
2.402378022670745850e-01
3.459592461585998535e-01
1.915492117404937744e-01
2.907092571258544922e-01
2.070932388305664062e-01
2.526450753211975098e-01
2.641283869743347168e-01
3.237988948822021484e-01
3.855905830860137939e-01
3.976165950298309326e-01
2.107305824756622314e-01
2.936064600944519043e-01
2.497108578681945801e-01
3.429259359836578369e-01
4.167870283126831055e-01
3.895559310913085938e-01
1.727502644062042236e-01
2.146072089672088623e-01
1.494656801223754883e-01
2.563979327678680420e-01
2.010898888111114502e-01
4.392411112785339355e-01
4.511089324951171875e-01
2.579236030578613281e-01
2.413054108619689941e-01
1.566447913646697998e-01
2.555084228515625000e-01
3.520438373088836670e-01
2.611963152885437012e-01
2.541441917419433594e-01
3.793223202228546143e-01
3.744367361068725586e-01
2.877016961574554443e-01
4.548137784004211426e-01
2.794589996337890625e-01
1.989477276802062988e-01
2.941279411315917969e-01
2.539143562316894531e-01
4.107830822467803955e-01
3.556631803512573242e-01
2.008401751518249512e-01
2.802079319953918457e-01
1.466918289661407471e-01
3.875000476837158203e-01
2.110353112220764160e-01
3.899663686752319336e-01
1.950879395008087158e-01
2.621352076530456543e-01
3.703824877738952637e-01
2.402205765247344971e-01
1.694501936435699463e-01
4.885286390781402588e-01
1.742241084575653076e-01
2.237853705883026123e-01
3.412601947784423828e-01
4.699445068836212158e-01
5.392538309097290039e-01
1.800015568733215332e-01
2.110432982444763184e-01
3.790857493877410889e-01
2.686614394187927246e-01
2.250198423862457275e-01
2.550709843635559082e-01
3.747794926166534424e-01
2.086068689823150635e-01
3.021138906478881836e-01
1.990951001644134521e-01
3.109948635101318359e-01
2.573813796043395996e-01
4.041974544525146484e-01
2.833960652351379395e-01
4.265404641628265381e-01
1.551479101181030273e-01
5.516011714935302734e-01
3.955599069595336914e-01
2.241945266723632812e-01
7.042902112007141113e-01
2.301331162452697754e-01
1.925557553768157959e-01
5.675698518753051758e-01
1.976562738418579102e-01
2.473405599594116211e-01
2.625601291656494141e-01
3.992130458354949951e-01
1.845982968807220459e-01
1.720159649848937988e-01
3.810644447803497314e-01
2.163977622985839844e-01
2.662659585475921631e-01
3.515871167182922363e-01
4.107830822467803955e-01
2.286931276321411133e-01
2.457842528820037842e-01
4.119617938995361328e-01
2.055842578411102295e-01
2.451930344104766846e-01
2.602871656417846680e-01
2.562236189842224121e-01
1.760073006153106689e-01
3.505246341228485107e-01
3.744848668575286865e-01
5.139147639274597168e-01
2.535023987293243408e-01
5.856051445007324219e-01
1.692484617233276367e-01
4.749983549118041992e-01
2.563312053680419922e-01
1.377860605716705322e-01
3.569943308830261230e-01
3.266844153404235840e-01
4.506971538066864014e-01
4.243228435516357422e-01
2.232266366481781006e-01
4.645153284072875977e-01
2.423985004425048828e-01
2.687262892723083496e-01
2.551498115062713623e-01
2.255018651485443115e-01
1.747275590896606445e-01
2.004681229591369629e-01
4.437425732612609863e-01
2.258934080600738525e-01
3.911083042621612549e-01
4.107830822467803955e-01
3.841138780117034912e-01
3.325158953666687012e-01
2.816664874553680420e-01
2.046759724617004395e-01
1.955009400844573975e-01
2.720510065555572510e-01
1.428511738777160645e-01
2.502582967281341553e-01
2.604168355464935303e-01
3.718980550765991211e-01
2.636225223541259766e-01
2.778828442096710205e-01
2.548848986625671387e-01
1.774136126041412354e-01
3.418431878089904785e-01
2.622106671333312988e-01
3.100004792213439941e-01
2.250872552394866943e-01
2.732400298118591309e-01
2.495720386505126953e-01
3.379350304603576660e-01
2.570664286613464355e-01
3.377211093902587891e-01
3.349025249481201172e-01
4.279872179031372070e-01
4.107830822467803955e-01
4.413170218467712402e-01
1.502042412757873535e-01
2.102122604846954346e-01
7.057120203971862793e-01
2.564151585102081299e-01
2.084967494010925293e-01
2.833454906940460205e-01
2.781714200973510742e-01
2.108059823513031006e-01
3.056285381317138672e-01
3.912729918956756592e-01
3.061924278736114502e-01
4.163110852241516113e-01
2.467294037342071533e-01
3.929721415042877197e-01
2.634537816047668457e-01
3.361191749572753906e-01
2.555670738220214844e-01
4.092546105384826660e-01
2.421386241912841797e-01
1.837673783302307129e-01
1.606004536151885986e-01
1.659543514251708984e-01
5.641530752182006836e-01
1.515365540981292725e-01
3.826486766338348389e-01
2.921335101127624512e-01
1.745332777500152588e-01
1.571162641048431396e-01
2.622861862182617188e-01
1.528878211975097656e-01
3.412482142448425293e-01
3.401853442192077637e-01
2.216167747974395752e-01
2.634121179580688477e-01
3.740611076354980469e-01
3.633633255958557129e-01
6.329913139343261719e-01
3.674260377883911133e-01
3.819692134857177734e-01
2.553438544273376465e-01
2.528422772884368896e-01
1.934668719768524170e-01
5.448136329650878906e-01
2.299986481666564941e-01
3.649852275848388672e-01
1.713105738162994385e-01
4.111275970935821533e-01
3.992552757263183594e-01
4.109768271446228027e-01
4.422872066497802734e-01
2.971705198287963867e-01
