9.633644819259643555e-01
9.506038427352905273e-01
2.519948482513427734e-01
9.280353784561157227e-01
2.987886071205139160e-01
2.519948482513427734e-01
9.592250585556030273e-01
9.672743082046508789e-01
9.620349407196044922e-01
4.735884666442871094e-01
8.866255879402160645e-01
9.621256589889526367e-01
2.519948482513427734e-01
9.662790298461914062e-01
3.040010035037994385e-01
9.508976936340332031e-01
2.773117423057556152e-01
2.519948482513427734e-01
2.519948482513427734e-01
7.324082851409912109e-01
2.519948482513427734e-01
7.802336812019348145e-01
2.519948482513427734e-01
5.103458166122436523e-01
9.496387243270874023e-01
9.344859719276428223e-01
7.004337310791015625e-01
2.519948482513427734e-01
9.612169265747070312e-01
3.547628521919250488e-01
8.479130268096923828e-01
2.519948482513427734e-01
2.519948482513427734e-01
2.519948482513427734e-01
1.956323087215423584e-01
9.539162516593933105e-01
8.915472626686096191e-01
8.739209175109863281e-01
2.519948482513427734e-01
2.519948482513427734e-01
8.343487381935119629e-01
2.519948482513427734e-01
9.609701037406921387e-01
9.044686555862426758e-01
3.123052120208740234e-01
9.477384090423583984e-01
9.623975753784179688e-01
9.592432975769042969e-01
6.798107624053955078e-01
9.633728265762329102e-01
9.483985304832458496e-01
9.667325615882873535e-01
2.519948482513427734e-01
2.519948482513427734e-01
2.519948482513427734e-01
9.659846425056457520e-01
2.519948482513427734e-01
9.645475149154663086e-01
4.905403852462768555e-01
9.428611993789672852e-01
9.609115123748779297e-01
9.628956317901611328e-01
4.967754781246185303e-01
3.013395071029663086e-01
9.088527560234069824e-01
2.582219243049621582e-01
2.519948482513427734e-01
2.519948482513427734e-01
2.519948482513427734e-01
9.568772315979003906e-01
9.475191831588745117e-01
9.634022712707519531e-01
5.362768769264221191e-01
4.767498970031738281e-01
9.619615077972412109e-01
4.030624032020568848e-01
9.630779027938842773e-01
2.657206952571868896e-01
2.519948482513427734e-01
9.612483978271484375e-01
2.519948482513427734e-01
8.429857492446899414e-01
9.355254769325256348e-01
2.519948482513427734e-01
9.019702672958374023e-01
9.171786904335021973e-01
6.525943279266357422e-01
2.894828021526336670e-01
2.577126324176788330e-01
3.117649555206298828e-01
2.519948482513427734e-01
3.059685230255126953e-01
9.568806886672973633e-01
2.519948482513427734e-01
9.537879228591918945e-01
2.519948482513427734e-01
9.660003185272216797e-01
2.519948482513427734e-01
9.616202116012573242e-01
2.519948482513427734e-01
5.919003486633300781e-01
2.100413739681243896e-01
9.636557698249816895e-01
9.633616209030151367e-01
9.548878669738769531e-01
2.519948482513427734e-01
2.299039065837860107e-01
4.827598035335540771e-01
2.519948482513427734e-01
2.519948482513427734e-01
2.519948482513427734e-01
2.519948482513427734e-01
9.709582328796386719e-01
2.519948482513427734e-01
9.549303650856018066e-01
8.545088768005371094e-01
2.519948482513427734e-01
2.519948482513427734e-01
2.519948482513427734e-01
2.519948482513427734e-01
9.596905112266540527e-01
2.519948482513427734e-01
9.637737274169921875e-01
9.666059017181396484e-01
9.657756090164184570e-01
2.519948482513427734e-01
2.519948482513427734e-01
2.519948482513427734e-01
9.165835380554199219e-01
9.668135643005371094e-01
9.045131206512451172e-01
9.634910821914672852e-01
2.602969408035278320e-01
9.643748998641967773e-01
2.519948482513427734e-01
9.661314487457275391e-01
2.519948482513427734e-01
2.549045085906982422e-01
2.519948482513427734e-01
2.519948482513427734e-01
9.614703059196472168e-01
2.519948482513427734e-01
5.259912610054016113e-01
9.659569859504699707e-01
2.519948482513427734e-01
8.817271590232849121e-01
3.837887346744537354e-01
2.519948482513427734e-01
4.385472536087036133e-01
6.314018964767456055e-01
9.524353742599487305e-01
5.114102959632873535e-01
9.427025318145751953e-01
6.001523733139038086e-01
2.519948482513427734e-01
2.519948482513427734e-01
9.656955003738403320e-01
2.519948482513427734e-01
9.620300531387329102e-01
6.908144354820251465e-01
4.902221858501434326e-01
2.519948482513427734e-01
2.519948482513427734e-01
9.415550827980041504e-01
9.103593230247497559e-01
9.630933403968811035e-01
9.634685516357421875e-01
2.519948482513427734e-01
2.519948482513427734e-01
9.614794254302978516e-01
9.573879241943359375e-01
6.371315717697143555e-01
2.519948482513427734e-01
9.316029548645019531e-01
2.519948482513427734e-01
2.519948482513427734e-01
2.519948482513427734e-01
3.085694313049316406e-01
9.388347864151000977e-01
2.818435728549957275e-01
9.457831978797912598e-01
9.538565278053283691e-01
9.474186301231384277e-01
2.631607055664062500e-01
2.519948482513427734e-01
9.579433202743530273e-01
9.428408741950988770e-01
9.650663733482360840e-01
2.519948482513427734e-01
9.637362957000732422e-01
8.697352409362792969e-01
9.602252244949340820e-01
9.546108841896057129e-01
9.604973793029785156e-01
9.610962271690368652e-01
8.539775609970092773e-01
2.519948482513427734e-01
3.192588090896606445e-01
9.620081186294555664e-01
2.519948482513427734e-01
2.519948482513427734e-01
2.621038854122161865e-01
2.519948482513427734e-01
2.519948482513427734e-01
2.519948482513427734e-01
2.519948482513427734e-01
2.519948482513427734e-01
2.519948482513427734e-01
2.519948482513427734e-01
3.010494112968444824e-01
2.519948482513427734e-01
2.519948482513427734e-01
2.519948482513427734e-01
2.307444810867309570e-01
2.469515800476074219e-01
2.519948482513427734e-01
2.887418270111083984e-01
2.519948482513427734e-01
2.519948482513427734e-01
2.519948482513427734e-01
6.232346892356872559e-01
2.519948482513427734e-01
2.447292506694793701e-01
2.787260413169860840e-01
2.519948482513427734e-01
2.656880021095275879e-01
2.519948482513427734e-01
5.918737649917602539e-01
2.519948482513427734e-01
2.519948482513427734e-01
3.886924386024475098e-01
2.519948482513427734e-01
2.519948482513427734e-01
2.496220469474792480e-01
2.519948482513427734e-01
2.519948482513427734e-01
2.519948482513427734e-01
2.519948482513427734e-01
2.519948482513427734e-01
2.519948482513427734e-01
2.519948482513427734e-01
2.519948482513427734e-01
2.818397879600524902e-01
2.890759408473968506e-01
2.456718981266021729e-01
2.519948482513427734e-01
6.178149580955505371e-01
2.411409020423889160e-01
2.519948482513427734e-01
2.054208219051361084e-01
2.627737820148468018e-01
2.519948482513427734e-01
2.519948482513427734e-01
2.762622237205505371e-01
2.519948482513427734e-01
2.519948482513427734e-01
2.519948482513427734e-01
2.519948482513427734e-01
5.892675518989562988e-01
2.519948482513427734e-01
2.519948482513427734e-01
2.208457887172698975e-01
2.519948482513427734e-01
2.519948482513427734e-01
2.519948482513427734e-01
2.519948482513427734e-01
3.021963238716125488e-01
2.519948482513427734e-01
2.519948482513427734e-01
2.147523164749145508e-01
2.519948482513427734e-01
3.011069595813751221e-01
6.187846660614013672e-01
2.519948482513427734e-01
2.519948482513427734e-01
2.584286034107208252e-01
2.883662283420562744e-01
2.519948482513427734e-01
2.405462861061096191e-01
2.519948482513427734e-01
3.514864444732666016e-01
2.395494878292083740e-01
2.519948482513427734e-01
2.519948482513427734e-01
2.519948482513427734e-01
2.519948482513427734e-01
2.519948482513427734e-01
2.519948482513427734e-01
2.519948482513427734e-01
2.519948482513427734e-01
2.519948482513427734e-01
2.519948482513427734e-01
2.864289283752441406e-01
2.878302931785583496e-01
2.519948482513427734e-01
2.519948482513427734e-01
2.383523285388946533e-01
2.282002270221710205e-01
2.858334183692932129e-01
2.519948482513427734e-01
2.519948482513427734e-01
2.519948482513427734e-01
3.212197422981262207e-01
2.519948482513427734e-01
2.519948482513427734e-01
2.519948482513427734e-01
4.411713480949401855e-01
2.519948482513427734e-01
2.450265586376190186e-01
2.519948482513427734e-01
2.511954605579376221e-01
2.519948482513427734e-01
2.519948482513427734e-01
2.643954157829284668e-01
2.519948482513427734e-01
2.519948482513427734e-01
4.737342596054077148e-01
2.519948482513427734e-01
2.519948482513427734e-01
2.090272307395935059e-01
2.519948482513427734e-01
2.519948482513427734e-01
2.519948482513427734e-01
2.775543332099914551e-01
3.038873970508575439e-01
2.519948482513427734e-01
2.519948482513427734e-01
1.979994177818298340e-01
2.519948482513427734e-01
2.298080027103424072e-01
2.484766840934753418e-01
4.152436554431915283e-01
2.519948482513427734e-01
2.519948482513427734e-01
2.519948482513427734e-01
2.883707880973815918e-01
3.697550296783447266e-01
2.519948482513427734e-01
2.888053357601165771e-01
2.519948482513427734e-01
2.519948482513427734e-01
2.519948482513427734e-01
4.355703890323638916e-01
2.806790471076965332e-01
2.519948482513427734e-01
2.927793860435485840e-01
2.555048465728759766e-01
2.519948482513427734e-01
3.632159829139709473e-01
2.519948482513427734e-01
2.519948482513427734e-01
2.519948482513427734e-01
2.519948482513427734e-01
2.519948482513427734e-01
2.519948482513427734e-01
2.628811597824096680e-01
3.457823693752288818e-01
2.519948482513427734e-01
2.519948482513427734e-01
2.519948482513427734e-01
4.592378139495849609e-01
2.519948482513427734e-01
2.519948482513427734e-01
2.250259518623352051e-01
2.519948482513427734e-01
2.519948482513427734e-01
2.519948482513427734e-01
2.519948482513427734e-01
2.050492763519287109e-01
2.519948482513427734e-01
2.304431498050689697e-01
2.519948482513427734e-01
2.519948482513427734e-01
2.519948482513427734e-01
2.519948482513427734e-01
2.519948482513427734e-01
2.519948482513427734e-01
2.519948482513427734e-01
2.519948482513427734e-01
2.859717905521392822e-01
2.519948482513427734e-01
3.768335878849029541e-01
2.519948482513427734e-01
2.478279173374176025e-01
2.519948482513427734e-01
2.519948482513427734e-01
2.519948482513427734e-01
2.519948482513427734e-01
2.519948482513427734e-01
2.519948482513427734e-01
2.519948482513427734e-01
2.519948482513427734e-01
4.913797378540039062e-01
2.519948482513427734e-01
2.519948482513427734e-01
2.519948482513427734e-01
2.496468424797058105e-01
2.519948482513427734e-01
2.519948482513427734e-01
2.519948482513427734e-01
2.519948482513427734e-01
2.519948482513427734e-01
2.519948482513427734e-01
2.519948482513427734e-01
2.519948482513427734e-01
2.519948482513427734e-01
2.787902653217315674e-01
2.198174297809600830e-01
2.851564288139343262e-01
2.519948482513427734e-01
2.768532037734985352e-01
5.541637539863586426e-01
4.124066531658172607e-01
2.519948482513427734e-01
2.519948482513427734e-01
2.519948482513427734e-01
2.519948482513427734e-01
2.519948482513427734e-01
2.519948482513427734e-01
2.519948482513427734e-01
2.519948482513427734e-01
2.519948482513427734e-01
2.896685004234313965e-01
2.519948482513427734e-01
2.519948482513427734e-01
3.423187732696533203e-01
2.519948482513427734e-01
2.349974811077117920e-01
2.519948482513427734e-01
2.519948482513427734e-01
2.519948482513427734e-01
2.747925817966461182e-01
2.519948482513427734e-01
2.300380468368530273e-01
2.519948482513427734e-01
2.519948482513427734e-01
2.519948482513427734e-01
2.519948482513427734e-01
2.519948482513427734e-01
2.519948482513427734e-01
2.519948482513427734e-01
2.401443421840667725e-01
2.519948482513427734e-01
2.519948482513427734e-01
3.859997391700744629e-01
2.519948482513427734e-01
2.800592184066772461e-01
2.519948482513427734e-01
2.519948482513427734e-01
3.470545411109924316e-01
2.519948482513427734e-01
3.019209504127502441e-01
2.519948482513427734e-01
2.519948482513427734e-01
2.511557340621948242e-01
2.519948482513427734e-01
2.335534095764160156e-01
3.416588604450225830e-01
2.519948482513427734e-01
6.000873446464538574e-01
2.519948482513427734e-01
2.779357433319091797e-01
2.519948482513427734e-01
2.479931712150573730e-01
2.519948482513427734e-01
2.963666319847106934e-01
2.519948482513427734e-01
2.519948482513427734e-01
2.519948482513427734e-01
2.382060885429382324e-01
2.519948482513427734e-01
2.519948482513427734e-01
2.382732629776000977e-01
2.519948482513427734e-01
2.806544601917266846e-01
2.519948482513427734e-01
2.519948482513427734e-01
2.519948482513427734e-01
2.519948482513427734e-01
2.519948482513427734e-01
2.519948482513427734e-01
2.868918180465698242e-01
2.519948482513427734e-01
2.519948482513427734e-01
2.475369572639465332e-01
2.519948482513427734e-01
3.999778032302856445e-01
2.519948482513427734e-01
3.679056465625762939e-01
2.382591664791107178e-01
2.878328561782836914e-01
2.460346221923828125e-01
2.519948482513427734e-01
2.519948482513427734e-01
4.277839958667755127e-01
2.519948482513427734e-01
2.519948482513427734e-01
2.519948482513427734e-01
2.519948482513427734e-01
2.519948482513427734e-01
2.519948482513427734e-01
2.519948482513427734e-01
2.519948482513427734e-01
2.519948482513427734e-01
2.519948482513427734e-01
2.519948482513427734e-01
2.472991049289703369e-01
2.532340586185455322e-01
2.519948482513427734e-01
2.519948482513427734e-01
2.519948482513427734e-01
2.519948482513427734e-01
2.519948482513427734e-01
2.632743120193481445e-01
2.519948482513427734e-01
2.519948482513427734e-01
2.519948482513427734e-01
2.519948482513427734e-01
2.519948482513427734e-01
2.519948482513427734e-01
2.519948482513427734e-01
2.519948482513427734e-01
2.519948482513427734e-01
2.860625386238098145e-01
2.856717109680175781e-01
2.111675441265106201e-01
2.519948482513427734e-01
2.519948482513427734e-01
2.646374106407165527e-01
2.999198138713836670e-01
2.519948482513427734e-01
2.519948482513427734e-01
2.519948482513427734e-01
2.519948482513427734e-01
2.519948482513427734e-01
2.519948482513427734e-01
2.519948482513427734e-01
3.027675151824951172e-01
2.519948482513427734e-01
3.583777546882629395e-01
2.519948482513427734e-01
2.519948482513427734e-01
2.519948482513427734e-01
2.519948482513427734e-01
2.519948482513427734e-01
2.519948482513427734e-01
2.519948482513427734e-01
2.519948482513427734e-01
2.519948482513427734e-01
2.519948482513427734e-01
2.519948482513427734e-01
2.519948482513427734e-01
2.519948482513427734e-01
2.519948482513427734e-01
2.519948482513427734e-01
2.519948482513427734e-01
2.519948482513427734e-01
2.519948482513427734e-01
2.751851677894592285e-01
3.568423390388488770e-01
2.949284315109252930e-01
2.519948482513427734e-01
2.519948482513427734e-01
2.519948482513427734e-01
3.669264316558837891e-01
2.519948482513427734e-01
2.242474257946014404e-01
2.519948482513427734e-01
2.519948482513427734e-01
2.519948482513427734e-01
2.603692412376403809e-01
2.519948482513427734e-01
2.519948482513427734e-01
2.519948482513427734e-01
2.541346549987792969e-01
2.519948482513427734e-01
2.519948482513427734e-01
2.519948482513427734e-01
2.519948482513427734e-01
2.519948482513427734e-01
2.519948482513427734e-01
2.519948482513427734e-01
2.519948482513427734e-01
2.519948482513427734e-01
2.519948482513427734e-01
2.519948482513427734e-01
2.519948482513427734e-01
2.519948482513427734e-01
2.519948482513427734e-01
2.519948482513427734e-01
2.519948482513427734e-01
2.829976677894592285e-01
2.519948482513427734e-01
2.519948482513427734e-01
2.519948482513427734e-01
2.519948482513427734e-01
5.445230603218078613e-01
3.645811676979064941e-01
1.951852738857269287e-01
2.519948482513427734e-01
2.519948482513427734e-01
2.519948482513427734e-01
2.880174517631530762e-01
2.519948482513427734e-01
2.519948482513427734e-01
2.519948482513427734e-01
2.519948482513427734e-01
2.519948482513427734e-01
2.519948482513427734e-01
2.519948482513427734e-01
2.519948482513427734e-01
2.519948482513427734e-01
2.588346600532531738e-01
2.519948482513427734e-01
2.519948482513427734e-01
2.519948482513427734e-01
2.519948482513427734e-01
2.519948482513427734e-01
2.828624248504638672e-01
2.519948482513427734e-01
2.519948482513427734e-01
2.519948482513427734e-01
2.519948482513427734e-01
2.519948482513427734e-01
2.519948482513427734e-01
2.519948482513427734e-01
2.519948482513427734e-01
2.519948482513427734e-01
3.143001794815063477e-01
2.519948482513427734e-01
2.519948482513427734e-01
2.775468826293945312e-01
2.519948482513427734e-01
2.280635237693786621e-01
2.519948482513427734e-01
2.519948482513427734e-01
3.004402518272399902e-01
2.519948482513427734e-01
2.519948482513427734e-01
2.519948482513427734e-01
2.519948482513427734e-01
2.390267550945281982e-01
2.519948482513427734e-01
2.377079427242279053e-01
2.519948482513427734e-01
2.519948482513427734e-01
2.519948482513427734e-01
2.519948482513427734e-01
2.519948482513427734e-01
2.575783729553222656e-01
2.649042606353759766e-01
2.519948482513427734e-01
4.510978162288665771e-01
2.519948482513427734e-01
2.519948482513427734e-01
2.989150881767272949e-01
2.570211291313171387e-01
2.519948482513427734e-01
4.363842606544494629e-01
2.519948482513427734e-01
2.519948482513427734e-01
2.519948482513427734e-01
2.519948482513427734e-01
2.519948482513427734e-01
2.519948482513427734e-01
2.689561247825622559e-01
2.866437137126922607e-01
3.364272713661193848e-01
2.519948482513427734e-01
6.179354190826416016e-01
2.414181232452392578e-01
2.519948482513427734e-01
2.567198276519775391e-01
2.519948482513427734e-01
3.374276161193847656e-01
2.519948482513427734e-01
2.519948482513427734e-01
2.749648988246917725e-01
2.639633417129516602e-01
2.519948482513427734e-01
2.519948482513427734e-01
2.519948482513427734e-01
2.990570962429046631e-01
2.435120642185211182e-01
2.519948482513427734e-01
2.519948482513427734e-01
2.519948482513427734e-01
2.519948482513427734e-01
2.519948482513427734e-01
2.519948482513427734e-01
2.519948482513427734e-01
2.519948482513427734e-01
2.519948482513427734e-01
3.159196972846984863e-01
2.439067959785461426e-01
2.519948482513427734e-01
2.519948482513427734e-01
2.519948482513427734e-01
2.106129229068756104e-01
2.416164577007293701e-01
2.519948482513427734e-01
2.473837733268737793e-01
2.519948482513427734e-01
2.519948482513427734e-01
2.368142604827880859e-01
2.519948482513427734e-01
3.004264235496520996e-01
2.519948482513427734e-01
2.519948482513427734e-01
2.595707178115844727e-01
2.567366957664489746e-01
2.356676459312438965e-01
2.519948482513427734e-01
2.519948482513427734e-01
2.605243027210235596e-01
2.519948482513427734e-01
2.868254184722900391e-01
2.519948482513427734e-01
2.519948482513427734e-01
2.833923697471618652e-01
2.519948482513427734e-01
1.982942819595336914e-01
2.519948482513427734e-01
3.912915587425231934e-01
2.519948482513427734e-01
2.519948482513427734e-01
2.642703652381896973e-01
2.519948482513427734e-01
2.519948482513427734e-01
2.140419781208038330e-01
2.519948482513427734e-01
2.519948482513427734e-01
2.519948482513427734e-01
2.519948482513427734e-01
2.519948482513427734e-01
1.911386549472808838e-01
2.156352698802947998e-01
2.519948482513427734e-01
2.519948482513427734e-01
2.878451347351074219e-01
2.082921266555786133e-01
2.519948482513427734e-01
2.519948482513427734e-01
2.845727205276489258e-01
2.519948482513427734e-01
3.761948347091674805e-01
2.519948482513427734e-01
2.519948482513427734e-01
2.519948482513427734e-01
2.519948482513427734e-01
6.844055056571960449e-01
2.519948482513427734e-01
2.684204578399658203e-01
2.519948482513427734e-01
2.281090915203094482e-01
4.438250064849853516e-01
2.519948482513427734e-01
2.519948482513427734e-01
2.519948482513427734e-01
2.519948482513427734e-01
2.519948482513427734e-01
2.519948482513427734e-01
2.519948482513427734e-01
2.519948482513427734e-01
2.519948482513427734e-01
2.519948482513427734e-01
2.519948482513427734e-01
2.519948482513427734e-01
2.519948482513427734e-01
2.519948482513427734e-01
2.519948482513427734e-01
2.519948482513427734e-01
2.519948482513427734e-01
2.519948482513427734e-01
2.519948482513427734e-01
2.158544957637786865e-01
2.519948482513427734e-01
2.353977262973785400e-01
2.469278573989868164e-01
2.519948482513427734e-01
2.519948482513427734e-01
2.486920356750488281e-01
2.466567456722259521e-01
2.519948482513427734e-01
3.450745046138763428e-01
2.519948482513427734e-01
1.856015026569366455e-01
2.519948482513427734e-01
2.519948482513427734e-01
2.519948482513427734e-01
2.519948482513427734e-01
2.142671048641204834e-01
2.291239500045776367e-01
2.882699966430664062e-01
2.711745500564575195e-01
2.421959340572357178e-01
3.755426406860351562e-01
2.519948482513427734e-01
2.519948482513427734e-01
2.519948482513427734e-01
2.519948482513427734e-01
2.519948482513427734e-01
2.558068037033081055e-01
2.519948482513427734e-01
2.519948482513427734e-01
2.519948482513427734e-01
2.519948482513427734e-01
2.519948482513427734e-01
2.519948482513427734e-01
2.519948482513427734e-01
2.519948482513427734e-01
2.519948482513427734e-01
2.519948482513427734e-01
3.029052019119262695e-01
2.519948482513427734e-01
2.878861725330352783e-01
2.519948482513427734e-01
2.519948482513427734e-01
2.519948482513427734e-01
2.519948482513427734e-01
2.519948482513427734e-01
2.519948482513427734e-01
2.519948482513427734e-01
2.519948482513427734e-01
2.519948482513427734e-01
2.519948482513427734e-01
6.485599279403686523e-01
4.557990431785583496e-01
4.889428317546844482e-01
2.519948482513427734e-01
2.519948482513427734e-01
2.519948482513427734e-01
2.519948482513427734e-01
2.519948482513427734e-01
2.519948482513427734e-01
2.097615897655487061e-01
3.310942649841308594e-01
2.519948482513427734e-01
2.519948482513427734e-01
2.519948482513427734e-01
2.519948482513427734e-01
2.256522476673126221e-01
2.519948482513427734e-01
2.519948482513427734e-01
2.519948482513427734e-01
2.519948482513427734e-01
2.519948482513427734e-01
2.519948482513427734e-01
2.519948482513427734e-01
2.519948482513427734e-01
2.519948482513427734e-01
2.387818992137908936e-01
2.775055170059204102e-01
2.519948482513427734e-01
2.883287966251373291e-01
2.519948482513427734e-01
2.519948482513427734e-01
2.485427856445312500e-01
2.519948482513427734e-01
2.519948482513427734e-01
3.502070307731628418e-01
2.519948482513427734e-01
2.519948482513427734e-01
2.372137010097503662e-01
3.251410126686096191e-01
2.519948482513427734e-01
2.519948482513427734e-01
2.519948482513427734e-01
2.519948482513427734e-01
3.388301730155944824e-01
2.519948482513427734e-01
2.519948482513427734e-01
2.519948482513427734e-01
2.551953792572021484e-01
2.519948482513427734e-01
2.892192304134368896e-01
2.519948482513427734e-01
3.055814504623413086e-01
2.369778752326965332e-01
3.017851412296295166e-01
2.335981130599975586e-01
3.029219210147857666e-01
2.495410740375518799e-01
2.533473670482635498e-01
2.519948482513427734e-01
2.519948482513427734e-01
2.783582210540771484e-01
2.519948482513427734e-01
2.519948482513427734e-01
2.236236333847045898e-01
2.501574158668518066e-01
2.519948482513427734e-01
2.519948482513427734e-01
2.539051175117492676e-01
2.519948482513427734e-01
2.519948482513427734e-01
2.519948482513427734e-01
2.519948482513427734e-01
2.870463132858276367e-01
2.519948482513427734e-01
2.519948482513427734e-01
2.890223264694213867e-01
2.519948482513427734e-01
2.519948482513427734e-01
2.519948482513427734e-01
3.649278283119201660e-01
2.519948482513427734e-01
2.519948482513427734e-01
2.519948482513427734e-01
2.519948482513427734e-01
2.190456986427307129e-01
2.459997832775115967e-01
2.624597549438476562e-01
2.519948482513427734e-01
2.519948482513427734e-01
2.519948482513427734e-01
2.284008860588073730e-01
2.519948482513427734e-01
2.519948482513427734e-01
3.045822978019714355e-01
2.519948482513427734e-01
2.519948482513427734e-01
2.519948482513427734e-01
2.519948482513427734e-01
2.519948482513427734e-01
2.519948482513427734e-01
2.519948482513427734e-01
2.679672837257385254e-01
6.352456212043762207e-01
2.519948482513427734e-01
2.519948482513427734e-01
2.421425580978393555e-01
2.519948482513427734e-01
2.319760918617248535e-01
2.519948482513427734e-01
3.357614576816558838e-01
2.519948482513427734e-01
2.519948482513427734e-01
2.519948482513427734e-01
2.519948482513427734e-01
2.519948482513427734e-01
2.519948482513427734e-01
4.031758308410644531e-01
2.519948482513427734e-01
2.519948482513427734e-01
2.519948482513427734e-01
3.557326495647430420e-01
2.785068154335021973e-01
3.000318408012390137e-01
2.519948482513427734e-01
2.519948482513427734e-01
4.725829958915710449e-01
2.519948482513427734e-01
2.519948482513427734e-01
2.532810568809509277e-01
2.519948482513427734e-01
4.239441454410552979e-01
2.630197405815124512e-01
2.519948482513427734e-01
2.401459813117980957e-01
2.519948482513427734e-01
2.519948482513427734e-01
2.519948482513427734e-01
2.519948482513427734e-01
5.100265741348266602e-01
4.438974559307098389e-01
2.519948482513427734e-01
2.474115788936614990e-01
2.519948482513427734e-01
2.519948482513427734e-01
2.879965901374816895e-01
2.519948482513427734e-01
4.789906144142150879e-01
2.519948482513427734e-01
2.519948482513427734e-01
2.519948482513427734e-01
2.519948482513427734e-01
2.519948482513427734e-01
2.519948482513427734e-01
2.519948482513427734e-01
2.543177008628845215e-01
2.519948482513427734e-01
2.608729600906372070e-01
2.365203201770782471e-01
2.519948482513427734e-01
2.519948482513427734e-01
2.519948482513427734e-01
2.653013169765472412e-01
2.519948482513427734e-01
2.804644405841827393e-01
2.480221092700958252e-01
3.491577506065368652e-01
2.519948482513427734e-01
2.519948482513427734e-01
2.519948482513427734e-01
2.519948482513427734e-01
2.519948482513427734e-01
2.519948482513427734e-01
2.519948482513427734e-01
3.931916058063507080e-01
2.519948482513427734e-01
3.024140596389770508e-01
2.519948482513427734e-01
2.519948482513427734e-01
2.554213404655456543e-01
2.519948482513427734e-01
2.519948482513427734e-01
2.519948482513427734e-01
2.519948482513427734e-01
2.519948482513427734e-01
2.519948482513427734e-01
2.519948482513427734e-01
2.519948482513427734e-01
2.519948482513427734e-01
2.519948482513427734e-01
2.944254875183105469e-01
2.519948482513427734e-01
2.519948482513427734e-01
2.805020809173583984e-01
2.519948482513427734e-01
2.519948482513427734e-01
2.519948482513427734e-01
2.875470519065856934e-01
2.591668665409088135e-01
2.519948482513427734e-01
3.806317746639251709e-01
2.519948482513427734e-01
2.519948482513427734e-01
2.519948482513427734e-01
2.519948482513427734e-01
2.519948482513427734e-01
2.519948482513427734e-01
2.519948482513427734e-01
1.962498426437377930e-01
2.489222884178161621e-01
2.519948482513427734e-01
2.519948482513427734e-01
2.319117784500122070e-01
4.629143178462982178e-01
1.983039677143096924e-01
2.519948482513427734e-01
5.925349593162536621e-01
2.451786398887634277e-01
2.519948482513427734e-01
2.519948482513427734e-01
2.519948482513427734e-01
2.519948482513427734e-01
2.519948482513427734e-01
2.519948482513427734e-01
2.519948482513427734e-01
3.609751462936401367e-01
2.519948482513427734e-01
2.519948482513427734e-01
2.519948482513427734e-01
2.519948482513427734e-01
2.519948482513427734e-01
2.602851986885070801e-01
2.519948482513427734e-01
2.519948482513427734e-01
2.521096169948577881e-01
2.991088330745697021e-01
2.519948482513427734e-01
2.519948482513427734e-01
2.519948482513427734e-01
2.519948482513427734e-01
2.748036384582519531e-01
2.519948482513427734e-01
2.519948482513427734e-01
3.871876895427703857e-01
2.519948482513427734e-01
3.799222409725189209e-01
2.519948482513427734e-01
1.968970298767089844e-01
2.519948482513427734e-01
2.519948482513427734e-01
2.519948482513427734e-01
2.519948482513427734e-01
2.519948482513427734e-01
2.519948482513427734e-01
2.519948482513427734e-01
4.326393008232116699e-01
4.369667768478393555e-01
2.519948482513427734e-01
2.519948482513427734e-01
3.982727229595184326e-01
2.519948482513427734e-01
2.519948482513427734e-01
2.199382483959197998e-01
2.519948482513427734e-01
2.519948482513427734e-01
2.519948482513427734e-01
2.519948482513427734e-01
2.519948482513427734e-01
3.003544211387634277e-01
2.519948482513427734e-01
2.519948482513427734e-01
2.519948482513427734e-01
2.519948482513427734e-01
2.519948482513427734e-01
2.519948482513427734e-01
2.519948482513427734e-01
2.519948482513427734e-01
2.615053355693817139e-01
2.519948482513427734e-01
2.519948482513427734e-01
2.519948482513427734e-01
2.519948482513427734e-01
2.519948482513427734e-01
2.580644488334655762e-01
3.003941178321838379e-01
2.373575568199157715e-01
2.891937792301177979e-01
2.521181106567382812e-01
2.643670141696929932e-01
2.519948482513427734e-01
2.519948482513427734e-01
2.519948482513427734e-01
2.855729162693023682e-01
2.519948482513427734e-01
2.519948482513427734e-01
2.519948482513427734e-01
4.308545291423797607e-01
2.519948482513427734e-01
2.519948482513427734e-01
2.519948482513427734e-01
2.519948482513427734e-01
2.519948482513427734e-01
3.037284314632415771e-01
5.375127196311950684e-01
2.204085588455200195e-01
2.314726710319519043e-01
2.519948482513427734e-01
2.519948482513427734e-01
2.764132618904113770e-01
2.519948482513427734e-01
2.519948482513427734e-01
2.519948482513427734e-01
3.457873463630676270e-01
2.540104389190673828e-01
2.519948482513427734e-01
2.519948482513427734e-01
2.519948482513427734e-01
2.519948482513427734e-01
2.519948482513427734e-01
2.519948482513427734e-01
2.519948482513427734e-01
3.060084879398345947e-01
2.519948482513427734e-01
2.583573460578918457e-01
2.519948482513427734e-01
2.519948482513427734e-01
2.433084547519683838e-01
2.519948482513427734e-01
2.519948482513427734e-01
2.519948482513427734e-01
2.519948482513427734e-01
2.519948482513427734e-01
2.519948482513427734e-01
2.519948482513427734e-01
2.519948482513427734e-01
2.519948482513427734e-01
2.519948482513427734e-01
2.519948482513427734e-01
2.519948482513427734e-01
2.867502272129058838e-01
2.519948482513427734e-01
5.712988972663879395e-01
1.909976601600646973e-01
2.519948482513427734e-01
2.519948482513427734e-01
2.519948482513427734e-01
2.519948482513427734e-01
2.519948482513427734e-01
2.519948482513427734e-01
4.985171258449554443e-01
2.519948482513427734e-01
2.519948482513427734e-01
2.519948482513427734e-01
2.838130891323089600e-01
2.519948482513427734e-01
2.528739869594573975e-01
2.519948482513427734e-01
2.133497893810272217e-01
2.179732322692871094e-01
2.464377582073211670e-01
2.519948482513427734e-01
2.519948482513427734e-01
2.519948482513427734e-01
2.519948482513427734e-01
2.519948482513427734e-01
2.519948482513427734e-01
2.519948482513427734e-01
2.519948482513427734e-01
2.074040770530700684e-01
2.519948482513427734e-01
2.519948482513427734e-01
2.519948482513427734e-01
2.519948482513427734e-01
2.519948482513427734e-01
1.794233620166778564e-01
