2.352094054222106934e-01
1.559224128723144531e-01
2.764438092708587646e-01
2.769179940223693848e-01
3.939752876758575439e-01
3.699188232421875000e-01
1.314195096492767334e-01
3.359004259109497070e-01
4.226067960262298584e-01
1.350671052932739258e-01
5.315425395965576172e-01
2.668876051902770996e-01
3.873691558837890625e-01
3.322158455848693848e-01
3.747938275337219238e-01
4.217174053192138672e-01
2.977328598499298096e-01
4.556457400321960449e-01
2.148733139038085938e-01
4.143118858337402344e-03
5.993505120277404785e-01
1.340247392654418945e-01
2.716719806194305420e-01
2.322319447994232178e-01
1.894769966602325439e-01
1.716985702514648438e-01
3.599822521209716797e-04
2.112885117530822754e-01
2.035810649394989014e-01
5.521496534347534180e-01
3.553907275199890137e-01
3.929849863052368164e-01
4.268651306629180908e-01
4.593591392040252686e-01
2.518207728862762451e-01
2.360467016696929932e-01
4.349685907363891602e-01
1.651209890842437744e-01
4.021603465080261230e-01
2.293972969055175781e-01
2.807653248310089111e-01
4.464123249053955078e-01
2.244832515716552734e-01
4.385663270950317383e-01
1.721220314502716064e-01
5.303823351860046387e-01
4.023112058639526367e-01
5.726506710052490234e-01
2.828806638717651367e-03
7.247323393821716309e-01
1.246452331542968750e-01
1.406816244125366211e-01
2.426561713218688965e-01
1.292346715927124023e-01
1.727080643177032471e-01
5.914663076400756836e-01
2.719550132751464844e-01
4.268565177917480469e-01
2.869649529457092285e-01
1.527243852615356445e-01
1.799474060535430908e-01
1.790206134319305420e-01
3.408013582229614258e-01
2.268832325935363770e-01
4.185646772384643555e-01
3.103107213973999023e-03
2.462081015110015869e-01
7.750763893127441406e-01
6.904962658882141113e-02
3.730465471744537354e-01
1.195113658905029297e-01
1.411381065845489502e-01
3.539433479309082031e-01
1.934171020984649658e-01
1.462080478668212891e-01
3.298687338829040527e-01
1.811561286449432373e-01
9.196928739547729492e-01
5.333105921745300293e-01
1.057508587837219238e-01
3.888856768608093262e-01
3.304239213466644287e-01
3.624166250228881836e-01
3.748527169227600098e-01
2.289665341377258301e-01
1.757308542728424072e-01
6.432138085365295410e-01
5.514318346977233887e-01
3.459857702255249023e-01
1.807820796966552734e-01
5.368468165397644043e-01
4.121133387088775635e-01
4.771665632724761963e-01
5.187699794769287109e-01
1.255055665969848633e-01
5.814966559410095215e-01
3.794375061988830566e-01
2.982939183712005615e-01
2.745870649814605713e-01
1.382609307765960693e-01
2.775852084159851074e-01
2.394358515739440918e-01
4.218911528587341309e-01
2.593904435634613037e-01
4.969994425773620605e-01
3.567434549331665039e-01
4.291493892669677734e-01
4.353880286216735840e-01
1.407905220985412598e-01
5.440678596496582031e-01
4.707937538623809814e-01
5.207281708717346191e-01
2.399026453495025635e-01
2.830519676208496094e-01
6.052605509757995605e-01
1.880829632282257080e-01
1.117662787437438965e-01
4.889296293258666992e-01
2.174736559391021729e-01
3.492082357406616211e-01
5.558663606643676758e-01
2.933689057826995850e-01
6.666873097419738770e-01
4.216900765895843506e-01
3.532994091510772705e-01
7.734354734420776367e-01
2.420371174812316895e-01
1.626557409763336182e-01
2.545194625854492188e-01
1.169302165508270264e-01
4.100967645645141602e-01
2.205378413200378418e-01
2.016459703445434570e-01
2.903617024421691895e-01
7.225909829139709473e-01
1.676436960697174072e-01
1.285028159618377686e-01
5.613116025924682617e-01
3.436371088027954102e-01
6.269914507865905762e-01
2.475979626178741455e-01
3.298126459121704102e-01
2.355656027793884277e-01
3.169225454330444336e-01
4.623718261718750000e-01
2.177823483943939209e-01
5.063605308532714844e-02
4.955989122390747070e-01
2.603152394294738770e-01
1.927929520606994629e-01
9.856742620468139648e-02
4.991564750671386719e-01
1.501445174217224121e-01
2.784080505371093750e-01
4.678470194339752197e-01
1.425225436687469482e-01
4.248045086860656738e-01
2.137796282768249512e-01
2.255145609378814697e-01
1.827895641326904297e-03
4.559240639209747314e-01
1.261087357997894287e-01
5.151669979095458984e-01
2.323378622531890869e-01
3.008446991443634033e-01
8.069476485252380371e-02
3.509380221366882324e-01
5.926784873008728027e-02
9.357571601867675781e-02
4.457978904247283936e-01
2.627914547920227051e-01
1.410245895385742188e-03
3.017833828926086426e-01
5.573467612266540527e-01
2.917510867118835449e-01
3.310943841934204102e-01
2.134633064270019531e-01
2.812845706939697266e-01
2.318460941314697266e-01
8.128675818443298340e-02
4.069266915321350098e-01
5.114657282829284668e-01
3.720083832740783691e-01
3.041924238204956055e-01
3.922672569751739502e-01
9.228947758674621582e-02
4.483697116374969482e-01
4.041195511817932129e-01
6.143409013748168945e-01
5.739949941635131836e-01
3.206560015678405762e-02
1.752205789089202881e-01
1.762832999229431152e-01
2.233796417713165283e-01
4.007095694541931152e-01
4.034996032714843750e-01
2.414126396179199219e-01
3.939752876758575439e-01
2.732369899749755859e-01
3.272444605827331543e-01
2.632095217704772949e-01
2.102675139904022217e-01
1.830240190029144287e-01
1.753734648227691650e-01
1.576625108718872070e-01
1.492462158203125000e-01
9.509828686714172363e-02
2.027716934680938721e-01
1.823757290840148926e-01
4.002862572669982910e-01
1.623778343200683594e-01
5.964687466621398926e-02
3.719834983348846436e-01
2.057599723339080811e-01
2.549092769622802734e-01
3.967729210853576660e-02
1.356186866760253906e-01
6.988018751144409180e-02
2.770147323608398438e-01
1.177784800529479980e-01
1.317325830459594727e-01
3.303244709968566895e-01
3.327556252479553223e-01
1.465977728366851807e-01
3.683598637580871582e-01
1.120954453945159912e-01
1.222980022430419922e-02
3.611714541912078857e-01
1.414754986763000488e-01
1.460903286933898926e-01
3.300927579402923584e-01
3.083015680313110352e-01
2.460401654243469238e-01
2.190383374691009521e-01
2.741340994834899902e-01
1.752364635467529297e-01
4.383650422096252441e-02
1.889174580574035645e-01
1.948726177215576172e-01
1.101262569427490234e-01
1.547963321208953857e-01
1.376390457153320312e-01
6.715211272239685059e-02
9.539404511451721191e-02
9.985238313674926758e-02
5.618250370025634766e-02
2.466496825218200684e-02
2.012570500373840332e-01
2.779879570007324219e-01
9.229466319084167480e-02
1.169870495796203613e-01
3.450541496276855469e-01
5.903753638267517090e-02
1.584654748439788818e-01
3.050878047943115234e-01
1.818228662014007568e-01
3.622932434082031250e-01
2.139487266540527344e-01
8.816772699356079102e-02
3.247885107994079590e-01
1.307655572891235352e-01
2.067438364028930664e-01
2.065485119819641113e-01
1.212310791015625000e-01
6.530317664146423340e-02
9.024128317832946777e-02
1.165135204792022705e-01
7.046046853065490723e-02
3.239285349845886230e-01
1.579772233963012695e-01
2.024253904819488525e-01
5.556601285934448242e-01
1.511574685573577881e-01
1.358926892280578613e-01
1.825741529464721680e-01
4.434406757354736328e-02
1.490048766136169434e-01
3.018538951873779297e-01
5.289751291275024414e-02
1.981297135353088379e-01
1.860407590866088867e-01
1.606321036815643311e-01
1.562782227993011475e-01
2.707465887069702148e-01
4.173910617828369141e-02
3.939752876758575439e-01
5.460014939308166504e-02
9.136012196540832520e-02
5.167806148529052734e-02
2.041088640689849854e-01
9.406602382659912109e-02
2.272179126739501953e-01
1.332620382308959961e-01
1.895157098770141602e-01
5.546060204505920410e-02
4.926592111587524414e-02
8.485716581344604492e-02
1.456140279769897461e-01
1.200145781040191650e-01
2.388668656349182129e-01
9.017238020896911621e-02
8.863669633865356445e-02
1.763980090618133545e-01
1.997334361076354980e-01
2.227688431739807129e-01
2.005772590637207031e-01
2.033786177635192871e-01
2.284866869449615479e-01
2.727243304252624512e-01
1.101809144020080566e-01
3.226763308048248291e-01
3.273335099220275879e-01
4.554264843463897705e-01
2.324256598949432373e-01
1.640530824661254883e-01
9.037283062934875488e-02
2.566685080528259277e-01
1.665833592414855957e-01
2.358248233795166016e-01
3.392467498779296875e-01
1.594179868698120117e-01
7.789102196693420410e-02
2.376490235328674316e-01
6.162229180335998535e-02
2.326416373252868652e-01
4.192507266998291016e-02
1.043773293495178223e-01
1.604048609733581543e-01
3.105328679084777832e-01
6.211093068122863770e-02
4.650319218635559082e-01
1.535433232784271240e-01
2.249848842620849609e-02
1.543796062469482422e-01
1.829475164413452148e-01
2.574234008789062500e-01
1.329970955848693848e-01
3.015908002853393555e-01
2.249833047389984131e-01
1.770055890083312988e-01
2.425431013107299805e-01
2.832852303981781006e-01
3.371697962284088135e-01
1.745367944240570068e-01
1.552738547325134277e-01
9.865596890449523926e-02
1.189485490322113037e-01
4.792173504829406738e-01
1.719603240489959717e-01
1.613000035285949707e-01
2.424473464488983154e-01
2.334653139114379883e-01
2.885836958885192871e-01
2.197830379009246826e-01
2.023304998874664307e-01
7.295885682106018066e-02
2.030685544013977051e-01
2.377549707889556885e-01
8.470129966735839844e-02
1.148463785648345947e-01
3.477778434753417969e-01
2.240367233753204346e-01
1.153995990753173828e-01
2.049033045768737793e-01
3.348956704139709473e-01
1.338840126991271973e-01
1.794964373111724854e-01
2.800143659114837646e-01
3.505474328994750977e-01
4.320514202117919922e-02
3.334229886531829834e-01
6.335103511810302734e-02
1.568005084991455078e-01
2.442185580730438232e-01
4.880374670028686523e-02
5.472376942634582520e-02
8.016338944435119629e-02
1.739111244678497314e-01
2.353340983390808105e-01
9.551796317100524902e-02
1.176568567752838135e-01
3.672801256179809570e-01
9.950459003448486328e-02
2.816409468650817871e-01
2.375524342060089111e-01
9.361451864242553711e-02
2.291462719440460205e-01
3.010304570198059082e-01
2.365066111087799072e-01
1.045739948749542236e-01
2.366817593574523926e-01
1.820231080055236816e-01
2.161621153354644775e-01
5.534604191780090332e-02
5.942246317863464355e-02
2.405182719230651855e-01
2.183406949043273926e-01
2.783775627613067627e-01
2.355772554874420166e-01
1.708712577819824219e-01
1.453774571418762207e-01
4.915142059326171875e-02
1.884496510028839111e-01
1.425334811210632324e-01
2.212697267532348633e-02
2.025938034057617188e-02
4.484733939170837402e-02
2.281683087348937988e-01
2.102203369140625000e-01
4.131048917770385742e-02
4.997290372848510742e-01
3.336331844329833984e-01
9.293955564498901367e-02
1.537466943264007568e-01
1.770049929618835449e-01
1.648545265197753906e-01
1.633722186088562012e-01
2.399643361568450928e-01
1.713609695434570312e-02
2.371188104152679443e-01
2.291669547557830811e-01
2.522504627704620361e-01
1.564207375049591064e-01
1.430026888847351074e-01
2.929260432720184326e-01
3.829077780246734619e-01
8.592015504837036133e-02
3.939752876758575439e-01
8.274269104003906250e-02
3.520118594169616699e-01
2.398337423801422119e-01
1.393241286277770996e-01
1.347114145755767822e-01
1.614716649055480957e-01
1.493704617023468018e-01
1.766879856586456299e-01
2.344934344291687012e-01
7.199391722679138184e-02
6.201410293579101562e-02
5.337727069854736328e-02
3.086865544319152832e-01
2.328172326087951660e-01
2.326227426528930664e-01
5.054229497909545898e-02
4.135170578956604004e-02
6.603372097015380859e-02
2.165969312191009521e-01
2.394325435161590576e-01
4.902399778366088867e-01
1.585550308227539062e-01
2.046968638896942139e-01
1.394447386264801025e-01
1.613976359367370605e-01
1.185276210308074951e-01
1.585924625396728516e-01
1.797293126583099365e-01
3.062884211540222168e-01
2.200833261013031006e-01
2.951879501342773438e-01
1.814028024673461914e-01
1.279942095279693604e-01
2.433133125305175781e-01
1.093252599239349365e-01
1.584814786911010742e-01
3.352084755897521973e-02
2.117159962654113770e-01
2.473635077476501465e-01
1.556277871131896973e-01
2.747274637222290039e-01
6.475391983985900879e-02
1.775802969932556152e-01
2.367519140243530273e-01
1.599214673042297363e-01
1.052884757518768311e-01
1.359195709228515625e-01
1.245912313461303711e-01
2.372325360774993896e-01
3.785270750522613525e-01
3.837583363056182861e-01
4.501527547836303711e-02
2.097831666469573975e-01
4.309830069541931152e-02
7.386890053749084473e-02
7.980284690856933594e-01
1.119916737079620361e-01
4.358923733234405518e-01
2.147119343280792236e-01
2.361840605735778809e-01
2.773873209953308105e-01
3.020201623439788818e-01
7.189151644706726074e-02
1.372517347335815430e-01
2.444380521774291992e-01
1.948414742946624756e-01
1.610265374183654785e-01
1.399475634098052979e-01
8.805838227272033691e-02
6.588712334632873535e-02
2.627817988395690918e-01
5.653214454650878906e-02
2.244091331958770752e-01
2.412224709987640381e-01
1.078321933746337891e-01
1.640705764293670654e-01
2.740899920463562012e-01
5.042787790298461914e-01
1.891059279441833496e-01
4.564724564552307129e-01
2.398577928543090820e-01
7.224139571189880371e-02
1.429281532764434814e-01
1.449971795082092285e-01
3.673826456069946289e-01
2.222575545310974121e-01
1.279242932796478271e-01
2.112485468387603760e-01
6.251338124275207520e-02
1.320703923702239990e-01
1.021543145179748535e-01
2.711501717567443848e-01
3.594167232513427734e-01
1.758137047290802002e-01
6.403088569641113281e-03
1.936807632446289062e-01
2.301333248615264893e-01
2.702974081039428711e-01
2.360610365867614746e-01
2.237546145915985107e-01
1.712139248847961426e-01
1.411500573158264160e-02
1.746186614036560059e-02
6.607198715209960938e-02
9.763231873512268066e-02
5.104507207870483398e-01
3.398901820182800293e-01
2.231004238128662109e-01
2.367870807647705078e-01
2.494786977767944336e-01
2.382238805294036865e-01
7.358661293983459473e-02
1.738147437572479248e-01
3.502036631107330322e-01
1.081408858299255371e-01
1.034541130065917969e-01
1.417624354362487793e-01
2.186356782913208008e-01
9.225139021873474121e-02
3.308226466178894043e-01
2.437465190887451172e-01
5.689284205436706543e-01
1.822797954082489014e-01
2.264181673526763916e-01
2.369093894958496094e-02
2.745429873466491699e-01
1.500804722309112549e-01
3.591421842575073242e-01
5.224677920341491699e-01
2.419695556163787842e-01
1.697770357131958008e-01
2.348721027374267578e-01
2.017843127250671387e-01
4.771050512790679932e-01
1.019703149795532227e-01
3.103989362716674805e-01
1.999122798442840576e-01
4.364749789237976074e-02
3.502752780914306641e-01
8.606559038162231445e-02
5.492258071899414062e-02
3.034289479255676270e-01
1.896231770515441895e-01
1.280016303062438965e-01
2.126888334751129150e-01
2.551674544811248779e-01
2.732822299003601074e-01
2.547924220561981201e-01
3.848421573638916016e-01
1.454392671585083008e-01
2.388843297958374023e-01
7.818719744682312012e-02
1.002567708492279053e-01
1.403999626636505127e-01
1.992314755916595459e-01
3.163659572601318359e-01
1.481024920940399170e-01
4.333628714084625244e-01
8.733236789703369141e-02
1.831171214580535889e-01
2.579909265041351318e-01
1.427322924137115479e-01
1.340326368808746338e-01
2.913565933704376221e-01
8.634574413299560547e-01
6.468227505683898926e-02
7.424795627593994141e-02
2.578055858612060547e-01
1.562144160270690918e-01
2.444283366203308105e-01
1.838674843311309814e-01
2.716569900512695312e-01
2.352573275566101074e-01
1.816761493682861328e-02
7.600027322769165039e-02
1.233176887035369873e-01
1.932257115840911865e-01
4.103025496006011963e-01
7.229343056678771973e-02
1.583687663078308105e-01
2.374730110168457031e-01
2.235649228096008301e-01
3.426922559738159180e-01
9.608846902847290039e-02
3.343092203140258789e-01
1.397088766098022461e-01
2.488313019275665283e-01
1.665908992290496826e-01
3.585768640041351318e-01
2.364910840988159180e-01
1.864567101001739502e-01
1.734326481819152832e-01
8.591985702514648438e-02
2.336530983448028564e-01
1.766386032104492188e-01
1.870985925197601318e-01
2.353321015834808350e-01
1.542162299156188965e-01
3.677904605865478516e-01
2.381781339645385742e-01
1.706645190715789795e-01
5.072712898254394531e-02
1.220618486404418945e-01
2.643572092056274414e-01
1.441962718963623047e-01
2.602860927581787109e-01
1.393852531909942627e-01
3.274142742156982422e-03
1.276839375495910645e-01
1.263612806797027588e-01
3.111505210399627686e-01
3.160316646099090576e-01
1.566621661186218262e-01
1.178134083747863770e-01
2.436118423938751221e-01
1.477425694465637207e-01
1.868019998073577881e-01
2.078086137771606445e-01
2.398337423801422119e-01
2.441952228546142578e-01
2.689310908317565918e-01
1.710251271724700928e-01
1.894694864749908447e-01
1.095723509788513184e-01
1.475145220756530762e-01
3.220485448837280273e-01
2.328304946422576904e-01
2.376852333545684814e-01
1.594288349151611328e-01
4.931740164756774902e-01
4.233120381832122803e-01
2.384426295757293701e-01
3.099578320980072021e-01
2.476958930492401123e-01
3.039118647575378418e-01
1.777803003787994385e-01
1.933937370777130127e-01
2.191084921360015869e-01
1.435343623161315918e-01
3.636153340339660645e-01
3.252228498458862305e-01
9.163168072700500488e-02
1.872573792934417725e-01
2.379775047302246094e-02
2.339268624782562256e-01
1.895821690559387207e-01
1.250536739826202393e-01
2.329127788543701172e-01
1.796483993530273438e-01
1.006013751029968262e-01
3.435626029968261719e-01
3.894635438919067383e-01
2.112678885459899902e-01
1.777761280536651611e-01
1.056354939937591553e-01
1.373935937881469727e-01
1.601208448410034180e-01
2.053486406803131104e-01
2.074640095233917236e-01
1.173720061779022217e-01
3.674490451812744141e-01
5.142425894737243652e-01
1.715781092643737793e-01
3.061800599098205566e-01
1.520500481128692627e-01
2.118824124336242676e-01
1.679420471191406250e-02
3.047130703926086426e-01
3.633582592010498047e-01
3.939752876758575439e-01
1.425261795520782471e-01
1.174420416355133057e-01
2.394861876964569092e-01
2.012598216533660889e-01
3.085439801216125488e-01
1.384178996086120605e-01
2.214672267436981201e-01
2.714817523956298828e-01
1.736931204795837402e-01
1.257364451885223389e-01
6.220619678497314453e-01
2.163025438785552979e-01
1.672319471836090088e-01
1.960952281951904297e-01
4.496268630027770996e-01
2.797546982765197754e-01
2.994908690452575684e-01
4.345713257789611816e-01
9.255939722061157227e-02
3.634443879127502441e-01
3.470717668533325195e-01
2.089231908321380615e-01
1.880300641059875488e-01
2.232432067394256592e-01
4.498571157455444336e-02
2.110655307769775391e-01
1.525493264198303223e-01
9.293061494827270508e-02
2.615281343460083008e-01
2.655830979347229004e-01
4.187637567520141602e-02
9.095716476440429688e-02
1.253105401992797852e-01
6.427744030952453613e-02
4.122907221317291260e-01
1.373474001884460449e-01
1.854735612869262695e-01
2.691804766654968262e-01
1.810950934886932373e-01
3.792052865028381348e-01
1.147139072418212891e-01
5.008406639099121094e-01
3.160572648048400879e-01
2.748256921768188477e-01
4.302020668983459473e-01
1.924720704555511475e-01
3.036738038063049316e-01
1.619283854961395264e-01
2.657661437988281250e-01
2.146462500095367432e-01
1.815089881420135498e-01
1.980336904525756836e-01
1.597183644771575928e-01
1.562494039535522461e-02
3.544631600379943848e-01
3.597106635570526123e-01
5.117660164833068848e-01
1.850535273551940918e-01
2.376319169998168945e-01
2.264204323291778564e-01
2.337093651294708252e-01
1.931056976318359375e-01
1.295074820518493652e-01
2.331869006156921387e-01
2.089560031890869141e-01
1.248188018798828125e-01
1.832847595214843750e-01
2.300529778003692627e-01
2.131213545799255371e-01
2.037216424942016602e-01
3.099703192710876465e-01
1.713396608829498291e-01
2.008296847343444824e-01
2.178645431995391846e-01
4.938243031501770020e-01
9.112104773521423340e-02
5.059471726417541504e-02
2.737325429916381836e-02
2.070176601409912109e-02
7.921725511550903320e-02
4.221661090850830078e-01
2.379024028778076172e-01
2.129023075103759766e-01
2.329463660717010498e-01
1.610319614410400391e-01
1.026148498058319092e-01
3.333389759063720703e-01
2.059445083141326904e-01
1.788155734539031982e-01
1.250195503234863281e-01
1.177007257938385010e-01
1.273450851440429688e-01
2.669849395751953125e-01
8.085706830024719238e-02
1.681372523307800293e-01
2.159571349620819092e-01
1.358888447284698486e-01
2.421926259994506836e-01
1.229928433895111084e-01
1.624619066715240479e-01
3.017091155052185059e-01
2.363745570182800293e-01
3.097733855247497559e-02
2.203224599361419678e-01
1.448445320129394531e-01
2.384178936481475830e-01
3.622309267520904541e-01
3.300699591636657715e-02
3.608862161636352539e-01
2.164237201213836670e-01
1.899150013923645020e-01
1.393475532531738281e-01
9.441712498664855957e-02
1.248839199542999268e-01
1.210559606552124023e-01
1.084132790565490723e-01
5.452638864517211914e-02
1.822631359100341797e-01
8.171364665031433105e-02
1.050164997577667236e-01
2.386390864849090576e-01
1.659609079360961914e-01
4.421111941337585449e-02
2.365415692329406738e-01
3.939752876758575439e-01
3.855913281440734863e-01
1.307485401630401611e-01
2.354172170162200928e-01
3.492462635040283203e-01
3.630778491497039795e-01
2.951807379722595215e-01
1.224716305732727051e-01
3.808351457118988037e-01
5.504724383354187012e-02
3.199375271797180176e-01
1.606469452381134033e-01
1.301261484622955322e-01
1.149417757987976074e-01
3.490634262561798096e-01
2.113024294376373291e-01
1.803700029850006104e-01
2.256853282451629639e-01
2.353321015834808350e-01
2.460869550704956055e-01
2.513691782951354980e-02
1.772094070911407471e-01
1.300091147422790527e-01
7.753363251686096191e-02
1.546998322010040283e-01
1.151468455791473389e-01
1.127189397811889648e-01
4.322627186775207520e-02
1.274903416633605957e-01
1.593401432037353516e-01
1.428995132446289062e-01
2.357174456119537354e-01
1.394223272800445557e-01
5.614307522773742676e-02
2.369842827320098877e-01
2.545154392719268799e-01
4.802858531475067139e-01
2.691493928432464600e-01
1.275500059127807617e-01
2.384003996849060059e-01
3.223943710327148438e-02
1.714661419391632080e-01
2.474750280380249023e-01
3.191559910774230957e-01
3.898730874061584473e-02
5.051374435424804688e-02
4.170832037925720215e-01
9.094524383544921875e-02
8.008140325546264648e-02
1.044006645679473877e-01
9.513792395591735840e-02
5.214124917984008789e-02
2.212617695331573486e-01
2.236676216125488281e-01
3.943629264831542969e-01
1.910499930381774902e-01
2.331769466400146484e-01
1.889782249927520752e-01
2.315280437469482422e-01
2.552482485771179199e-02
2.096551656723022461e-01
7.537156343460083008e-02
3.255257010459899902e-01
1.943978667259216309e-01
1.794339120388031006e-01
3.130876123905181885e-01
1.952748596668243408e-01
2.519721984863281250e-01
4.169148802757263184e-01
1.078259348869323730e-01
3.361176848411560059e-01
1.680051088333129883e-01
2.549052834510803223e-01
3.794303834438323975e-01
1.983824968338012695e-01
1.596402823925018311e-01
2.442901432514190674e-01
1.458729207515716553e-01
1.468943953514099121e-01
1.724584400653839111e-01
2.930313348770141602e-01
3.493691682815551758e-01
7.429376244544982910e-02
4.261076450347900391e-02
1.607012450695037842e-01
2.365589737892150879e-01
2.366731762886047363e-01
6.329917907714843750e-02
1.018443107604980469e-01
2.688336372375488281e-01
1.925997138023376465e-01
1.151002049446105957e-01
1.606852412223815918e-01
7.847577333450317383e-02
1.101261675357818604e-01
3.332009911537170410e-01
2.810253500938415527e-01
3.458684086799621582e-01
2.386904060840606689e-01
1.570628285408020020e-01
2.083330452442169189e-01
2.347727715969085693e-01
2.539822757244110107e-01
7.700064778327941895e-02
3.629547357559204102e-02
1.789360046386718750e-01
3.530052006244659424e-01
4.776605963706970215e-02
1.616898477077484131e-01
1.606103479862213135e-01
2.838252782821655273e-01
1.048162877559661865e-01
7.458305358886718750e-02
8.635506033897399902e-02
2.660249769687652588e-01
1.754892170429229736e-01
3.271265029907226562e-01
2.616733908653259277e-01
7.756382226943969727e-02
5.213478207588195801e-02
3.195642232894897461e-01
1.409664154052734375e-01
1.388365924358367920e-01
4.615837335586547852e-02
1.377723217010498047e-01
4.516690671443939209e-01
4.262632727622985840e-01
1.796630620956420898e-01
9.185829758644104004e-02
2.490091919898986816e-01
1.519094407558441162e-01
1.177049577236175537e-01
2.476965785026550293e-01
1.600094735622406006e-01
6.062395572662353516e-01
6.520229578018188477e-02
7.545092701911926270e-02
4.243239164352416992e-01
1.065547466278076172e-01
1.738313734531402588e-01
2.551459670066833496e-01
3.939752876758575439e-01
2.127224802970886230e-01
4.364160895347595215e-01
9.166747331619262695e-02
1.645374596118927002e-01
3.093409538269042969e-01
2.386792898178100586e-01
3.390476107597351074e-02
1.527477800846099854e-01
2.533690035343170166e-01
2.833846807479858398e-01
3.642086982727050781e-01
1.353650689125061035e-01
2.057299017906188965e-01
2.459840774536132812e-01
1.434340178966522217e-01
2.870464920997619629e-01
1.640171110630035400e-01
1.844081282615661621e-02
3.577439188957214355e-01
1.241451799869537354e-01
8.195436000823974609e-02
6.634655594825744629e-02
2.481879591941833496e-01
2.214366793632507324e-01
2.601364254951477051e-01
1.898781061172485352e-01
2.094643414020538330e-01
4.652142524719238281e-02
2.975735068321228027e-02
6.175041198730468750e-02
1.906542479991912842e-01
1.479942500591278076e-01
4.931709170341491699e-02
5.057159066200256348e-02
1.101287305355072021e-01
3.462519645690917969e-01
5.376926064491271973e-02
1.337953805923461914e-01
9.992423653602600098e-02
2.404060661792755127e-01
1.979181468486785889e-01
2.317422628402709961e-01
1.217500567436218262e-01
1.753424406051635742e-01
3.292442560195922852e-01
2.470008730888366699e-01
6.369772553443908691e-02
1.205913722515106201e-01
3.362402319908142090e-01
2.935290336608886719e-01
8.017897605895996094e-03
6.830412149429321289e-02
6.057077646255493164e-02
8.309751749038696289e-02
1.548565030097961426e-01
5.539406538009643555e-01
3.110374212265014648e-01
2.337484061717987061e-01
1.745221018791198730e-02
4.988431930541992188e-02
2.374730110168457031e-01
3.201534152030944824e-01
1.508184671401977539e-01
5.743336677551269531e-02
2.123134732246398926e-01
2.861164510250091553e-01
1.427291631698608398e-01
2.360976338386535645e-01
1.145592331886291504e-02
5.086067318916320801e-02
1.832476854324340820e-01
2.387251853942871094e-01
3.939752876758575439e-01
1.108264327049255371e-01
1.595791280269622803e-01
1.331286728382110596e-01
1.410090923309326172e-02
1.588688194751739502e-01
1.992251276969909668e-01
2.609585523605346680e-01
1.375085711479187012e-01
2.301887571811676025e-01
3.344497382640838623e-01
1.812633574008941650e-01
1.689765453338623047e-01
3.493439853191375732e-01
3.847166895866394043e-02
1.630771458148956299e-01
1.898269951343536377e-01
2.491708397865295410e-01
5.603832602500915527e-01
6.404343247413635254e-02
1.433074772357940674e-01
2.050764560699462891e-01
1.874857544898986816e-01
1.671506464481353760e-01
2.371921539306640625e-01
7.129481434822082520e-02
3.014080524444580078e-01
1.640868186950683594e-01
2.163007855415344238e-02
1.186231970787048340e-01
2.344763278961181641e-01
2.837981581687927246e-01
6.841620802879333496e-02
2.253748774528503418e-01
1.889407634735107422e-02
5.497919321060180664e-01
2.729595601558685303e-01
1.453216075897216797e-01
7.012616991996765137e-01
2.060640156269073486e-01
7.854318618774414062e-02
2.115352153778076172e-01
3.741666674613952637e-02
3.016221523284912109e-01
4.318006038665771484e-01
3.038313388824462891e-01
2.369094789028167725e-01
9.612405300140380859e-02
2.117345631122589111e-01
1.699641048908233643e-01
2.135898470878601074e-01
2.929859459400177002e-01
3.939752876758575439e-01
6.243535876274108887e-02
1.668782830238342285e-01
1.966069340705871582e-01
2.020417451858520508e-01
1.773114204406738281e-01
2.079568803310394287e-01
2.356469929218292236e-01
1.119327843189239502e-01
2.532350420951843262e-01
1.528203189373016357e-01
3.457817435264587402e-01
2.388491332530975342e-01
4.130707383155822754e-01
3.074917197227478027e-02
5.008715391159057617e-02
2.356469929218292236e-01
2.636975646018981934e-01
3.191877007484436035e-01
7.287785410881042480e-02
4.489037394523620605e-01
2.251751124858856201e-01
8.958333730697631836e-02
2.787275910377502441e-01
2.241081297397613525e-01
1.266696453094482422e-01
2.371214032173156738e-01
1.104173660278320312e-01
2.800595760345458984e-02
2.473437488079071045e-01
2.195143997669219971e-01
2.223452627658843994e-01
1.077703833580017090e-01
3.939752876758575439e-01
1.581339538097381592e-01
2.840727865695953369e-01
2.126449644565582275e-01
6.047904491424560547e-02
1.042792797088623047e-01
2.851313352584838867e-01
2.003490924835205078e-02
2.746109366416931152e-01
6.268101930618286133e-01
2.749091088771820068e-01
2.850520610809326172e-01
1.471295654773712158e-01
2.368922233581542969e-01
1.043391525745391846e-01
2.688049674034118652e-01
1.820189058780670166e-01
2.604407072067260742e-01
1.531466245651245117e-01
4.949668049812316895e-02
2.287651896476745605e-01
2.540576457977294922e-01
2.767156362533569336e-01
2.422264218330383301e-01
4.017023444175720215e-01
2.767103910446166992e-01
3.939752876758575439e-01
3.921325504779815674e-01
4.948452115058898926e-02
2.181504070758819580e-01
7.516597509384155273e-01
2.116514444351196289e-01
1.026403307914733887e-01
1.713741719722747803e-01
2.653741240501403809e-01
1.410019993782043457e-01
1.808828115463256836e-01
6.446660757064819336e-01
1.458972990512847900e-01
3.315533995628356934e-01
1.683258712291717529e-01
3.516185283660888672e-01
2.476041615009307861e-01
1.896108388900756836e-01
1.005898118019104004e-01
2.869130373001098633e-01
1.345440447330474854e-01
1.162562072277069092e-01
8.782753348350524902e-02
8.035156130790710449e-02
4.963572621345520020e-01
1.085120439529418945e-02
1.392028927803039551e-01
4.102905392646789551e-01
1.166180968284606934e-01
1.132012307643890381e-01
2.064674794673919678e-01
2.336776256561279297e-02
2.159973978996276855e-01
3.436229228973388672e-01
1.438952088356018066e-01
9.542757272720336914e-02
3.774504959583282471e-01
2.625703215599060059e-01
6.845066547393798828e-01
2.493888139724731445e-01
1.809731125831604004e-01
2.368311882019042969e-01
2.405675351619720459e-01
2.847027778625488281e-02
3.534893989562988281e-01
2.572863996028900146e-01
3.893615901470184326e-01
4.721790552139282227e-02
2.064937949180603027e-01
2.207431197166442871e-01
2.072135508060455322e-01
3.129520714282989502e-01
1.812850236892700195e-01
