1.241822317403086934e-01
1.286505505638685931e-01
1.219080563019368790e-01
1.172769641521016482e-01
1.286505505638685931e-01
1.286505505638685931e-01
1.530505974050325457e-01
1.286505505638685931e-01
1.608122554287994832e-01
1.121276273026226705e-01
1.286505505638685931e-01
2.196305807478232119e-01
1.286505505638685931e-01
1.028377751420332942e-01
1.286505505638685931e-01
1.286505505638685931e-01
1.286505505638685931e-01
1.286505505638685931e-01
2.973922075230998607e-01
1.589092240978713655e-01
1.286505505638685931e-01
1.286505505638685931e-01
9.092306815448608637e-02
1.286505505638685931e-01
1.394578868136981953e-01
1.388645600336257391e-01
6.909989730008821163e-02
1.532462533102999513e-01
1.286505505638685931e-01
1.617006134083315561e-01
1.325378832448088351e-01
1.190533729780370031e-01
1.286505505638685931e-01
1.128738073081163168e-01
1.281888321818596965e-01
1.610698985703876152e-01
1.286505505638685931e-01
3.720503635269342135e-01
1.286505505638685931e-01
9.164008929264141901e-02
1.286505505638685931e-01
1.310483300945612106e-01
1.211992087791224221e-01
1.239157750163285554e-01
2.774969115745581916e-01
1.561366162290777626e-01
1.584976985021421814e-01
1.172735624221134115e-01
1.551127008092380022e-01
1.286505505638685931e-01
1.159609948831816922e-01
1.591585862658852213e-01
1.286505505638685931e-01
1.143113847819241941e-01
6.373967079069890740e-02
1.286505505638685931e-01
9.823176144031035839e-02
1.064227468339518090e-01
1.286505505638685931e-01
1.474821631972744462e-01
1.619026682335562572e-01
1.286505505638685931e-01
1.112660238892785591e-01
1.286505505638685931e-01
1.133907676752584220e-01
2.790533623549250053e-01
1.286505505638685931e-01
1.286505505638685931e-01
1.286505505638685931e-01
1.286505505638685931e-01
1.286505505638685931e-01
9.653049002641454768e-02
1.139152415850668565e-01
1.286505505638685931e-01
1.544375688655690027e-01
9.497188362674405249e-02
1.577557240635583669e-01
1.588534060943366799e-01
1.015550598653849751e-01
1.578160739060025519e-01
1.286505505638685931e-01
1.286505505638685931e-01
1.598808865858557249e-01
1.286505505638685931e-01
1.286505505638685931e-01
1.588132621029224867e-01
1.286505505638685931e-01
1.591673373977335326e-01
1.119588099293476469e-01
1.286505505638685931e-01
1.094864977736716427e-01
1.458315814670784749e-01
1.606745997666631787e-01
1.286505505638685931e-01
1.286505505638685931e-01
1.286505505638685931e-01
1.286505505638685931e-01
1.286505505638685931e-01
1.286505505638685931e-01
9.350735711451901855e-02
9.620301819998211545e-02
1.286505505638685931e-01
1.642204142963893387e-01
1.524080994868953209e-01
1.286505505638685931e-01
1.593252012860158218e-01
1.603273122843417997e-01
1.286505505638685931e-01
1.845629563236461379e-01
1.286505505638685931e-01
1.608577791454050554e-01
1.634055286333949975e-01
1.539651552638942877e-01
1.585586811958641651e-01
1.177624121651262151e-01
1.286505505638685931e-01
1.286505505638685931e-01
1.286505505638685931e-01
1.286505505638685931e-01
9.930166624499468797e-02
1.196148056757566080e-01
1.286505505638685931e-01
8.432843700221209771e-02
1.286505505638685931e-01
9.334241177163869752e-02
1.043662006776505113e-01
8.241591378515020216e-02
1.594093147135453858e-01
1.593155609709347442e-01
1.147247935606455632e-01
3.466101196938896067e-01
1.286505505638685931e-01
1.286505505638685931e-01
1.536977455028492312e-01
3.841119905152932668e-01
1.540374348498766977e-01
1.568417332270245768e-01
2.865161595658892169e-01
1.604029000397727278e-01
1.286505505638685931e-01
1.286505505638685931e-01
1.286505505638685931e-01
1.602539376181359443e-01
1.286505505638685931e-01
1.573471714915560538e-01
1.579120456128799699e-01
1.286505505638685931e-01
1.057720535537640255e-01
1.286505505638685931e-01
1.286505505638685931e-01
1.286505505638685931e-01
1.592312385617513926e-01
1.286505505638685931e-01
1.286505505638685931e-01
1.210751341596158076e-01
1.679636254387406047e-01
1.286505505638685931e-01
1.165318945434284936e-01
1.286505505638685931e-01
8.387665211670804200e-02
1.476564851027418468e-01
1.258406016164925478e-01
1.156767544428577155e-01
7.801535270123707844e-02
1.634910134040018226e-01
1.286505505638685931e-01
1.128370026280963168e-01
1.150360076004094956e-01
1.286505505638685931e-01
1.286505505638685931e-01
1.627124385247329386e-01
1.746396955748883428e-01
1.140183195342523992e-01
1.533029095432807687e-01
1.884880239159787696e-01
1.109727412565317123e-01
1.286505505638685931e-01
1.286505505638685931e-01
1.291107272282040475e-01
1.286505505638685931e-01
1.605653929841894256e-01
1.281549531386701746e-01
1.064496313245395787e-01
1.162971984711013429e-01
1.543942198978578151e-01
1.286505505638685931e-01
5.323171811664868525e-01
1.421307313323983690e-01
1.605680610038406064e-01
1.286505505638685931e-01
1.286505505638685931e-01
1.286505505638685931e-01
9.256260944215520536e-02
1.623922181687304789e-01
1.286505505638685931e-01
1.286505505638685931e-01
2.554519102524111518e-01
1.606502398639642615e-01
1.509779217776850146e-01
2.916623715672126971e-01
1.129291619697510712e-01
1.162202103704255279e-01
1.286505505638685931e-01
1.275348092378550680e-01
1.544745233154236619e-01
1.111351956359748760e-01
1.286505505638685931e-01
1.596611111394757865e-01
1.069619692459437277e-01
2.004000845485821303e-01
1.145804823391990135e-01
1.286505505638685931e-01
1.604112739531105836e-01
9.406070448179489063e-02
1.130394956875456769e-01
1.142811776339113100e-01
1.286505505638685931e-01
1.077483417480232381e-01
1.286505505638685931e-01
1.286505505638685931e-01
1.600948411572951091e-01
1.612374544517397590e-01
1.589291112481500678e-01
1.124605961703002283e-01
1.124244262991128118e-01
9.328986706108202687e-02
1.286505505638685931e-01
1.598102544204455799e-01
1.601392057161984128e-01
1.591893918369093330e-01
1.155939909952304612e-01
1.134454511701928348e-01
1.141380127042760095e-01
1.592176939051028195e-01
1.611497361210159074e-01
1.592268587446061534e-01
1.462136422569600136e-01
1.708902929590297992e-01
1.573598871941543909e-01
9.031310403693468269e-02
7.287881003554053105e-02
1.125769264966243188e-01
1.612799983332061926e-01
1.555675614173728516e-01
1.286505505638685931e-01
8.939967741410395630e-02
1.534424173021745330e-01
1.104117070701748082e-01
1.286505505638685931e-01
1.136703477695254066e-01
9.784873982282230043e-02
9.766521328612931541e-02
1.136200808061018225e-01
1.589721668697275658e-01
9.128585399257764521e-02
1.596937201483310254e-01
1.075228896456972283e-01
1.286505505638685931e-01
1.286505505638685931e-01
1.286505505638685931e-01
1.076305546959130527e-01
9.148592224533451389e-02
1.625990400902966593e-01
1.286505505638685931e-01
1.253682371649092187e-01
1.537366343589519901e-01
1.587713019315723784e-01
1.036958697834277077e-01
1.601997067333852109e-01
1.612267046795060055e-01
9.640535661329531492e-02
1.148316134180589615e-01
1.286505505638685931e-01
1.168652491316487657e-01
1.527021663954039044e-01
1.286505505638685931e-01
1.613136887496473548e-01
1.536991124205686621e-01
1.591272478260100931e-01
9.635761220114276437e-02
1.254256785937724328e-01
1.286505505638685931e-01
1.335732940920595635e-01
1.598394206230452363e-01
1.602487055369311575e-01
1.599986906821989352e-01
1.161521649502901821e-01
1.286505505638685931e-01
1.125945989231823124e-01
3.610092699500713764e-01
1.008886679054003255e-01
1.592865477951007080e-01
1.286505505638685931e-01
1.063151226903828322e-01
1.046689469037033055e-01
1.048364490355298134e-01
8.596328943812731049e-02
1.286505505638685931e-01
1.142369132519681779e-01
7.016283555205679590e-02
1.789267921379087689e-01
9.452783730720744348e-02
1.286505505638685931e-01
1.058544562052587124e-01
1.084817826799401447e-01
1.120880099516818745e-01
9.999998916503398672e-01
1.585068348620114476e-01
9.190936102877202141e-02
9.205538488998446511e-02
1.073835510116316200e-01
1.178423594071846686e-01
1.607461414756146678e-01
1.598798220681834636e-01
8.811752021643180777e-02
1.561728165780772726e-01
1.286505505638685931e-01
1.087493602652030017e-01
1.166968874288144553e-01
1.132016538509997283e-01
1.160610133006612088e-01
1.150152553538238420e-01
1.096467276696741489e-01
9.695760617943530169e-02
1.621286167939651746e-01
1.286505505638685931e-01
9.773253862183825524e-02
1.159571730229676662e-01
1.596064681584400402e-01
1.524771689323586310e-01
1.286505505638685931e-01
1.088798887194265680e-01
1.286505505638685931e-01
9.025843732041209655e-02
1.159263652189715388e-01
1.132676150457968406e-01
1.154873635763711687e-01
1.109588218639664531e-01
1.170013768110542002e-01
9.604226664171321148e-02
1.286505505638685931e-01
1.223595322590090712e-01
1.286505505638685931e-01
9.998216172857359030e-02
1.286505505638685931e-01
1.135713319394219822e-01
1.657930937138845928e-01
9.632196332382272908e-02
1.286505505638685931e-01
1.271340207970501346e-01
1.286505505638685931e-01
1.616945416039107519e-01
1.129156901518784673e-01
1.596627473810526554e-01
1.137231690233181242e-01
1.216719973545875577e-01
1.178451116026939388e-01
1.588553115420742179e-01
1.286505505638685931e-01
1.168800018581319933e-01
1.563807248139400530e-01
1.199673531177994773e-01
1.007664323054169864e-01
1.576899527691720260e-01
1.159332118327837807e-01
1.627690801541555321e-01
1.091202868654346375e-01
1.124330339523161443e-01
1.113556204830300767e-01
9.275363111027462582e-02
1.128179371325060132e-01
1.286505505638685931e-01
1.585805880309595073e-01
1.386005944319120553e-01
1.059093194797075532e-01
1.146563321593310203e-01
1.153452891318319240e-01
1.121402224108011547e-01
1.286505505638685931e-01
1.157215301445313621e-01
1.092134506184921777e-01
1.286505505638685931e-01
1.575977344577852990e-01
1.601442645419294541e-01
1.597828678662198132e-01
5.145607605183773192e-02
9.770376683403414475e-02
1.610537932241857262e-01
1.162377713622361475e-01
1.286505505638685931e-01
1.141098840506919593e-01
1.119195380301866993e-01
1.286505505638685931e-01
1.602955577807660403e-01
8.959067808385279275e-02
1.114190739312184014e-01
9.090421760091746406e-02
7.336245865136671596e-02
1.229380529722553655e-01
1.581509246525844292e-01
1.153606280633455022e-01
1.093019748409319175e-01
1.286505505638685931e-01
1.568567382489138573e-01
1.081996862262663145e-01
1.286505505638685931e-01
1.286505505638685931e-01
1.162643483337133521e-01
1.603956323559733721e-01
1.286505505638685931e-01
1.106245115041849525e-01
1.124380591863696072e-01
1.582914768662293803e-01
9.423493524610257466e-02
1.604061046639902732e-01
1.157283434437990782e-01
1.144192362492200687e-01
1.120452539895545607e-01
1.105257613326237620e-01
1.606564633695896915e-01
1.286505505638685931e-01
1.286505505638685931e-01
1.098817979891230368e-01
9.193171168267991189e-02
1.126051524361453143e-01
1.576645463564201322e-01
1.592795170393055404e-01
1.585122064273332132e-01
1.128447912944616632e-01
1.462065570798346259e-01
1.600691591116213397e-01
8.045051413532340601e-02
1.286505505638685931e-01
1.170920648541376868e-01
1.190476774048491032e-01
1.328570528019916985e-01
1.768143599635223495e-01
1.551817750137311491e-01
1.129999950157089400e-01
1.617127631563073653e-01
1.286505505638685931e-01
1.136046653209723672e-01
1.286505505638685931e-01
1.091705845787414447e-01
1.286505505638685931e-01
1.179036471638204436e-01
1.590759497643517706e-01
1.557238732913006352e-01
9.246639881372314962e-02
1.587719207129455468e-01
1.286505505638685931e-01
1.591232315883945037e-01
1.618594550439967916e-01
9.567121539878443992e-02
1.537623595456118208e-01
1.286505505638685931e-01
1.561235875864346312e-01
1.183421540428356289e-01
1.595175351389216123e-01
1.592605682898509123e-01
9.478706892466554068e-02
8.164781440398742596e-02
1.286505505638685931e-01
1.286505505638685931e-01
1.599788304087577107e-01
9.174849611601197663e-02
1.126107449620073753e-01
1.165176128558325641e-01
1.086730258933860382e-01
1.172804177034070805e-01
1.589026159772256308e-01
1.591376462816068427e-01
1.612729853884562192e-01
1.127455664658847528e-01
1.211556757407829948e-01
1.286505505638685931e-01
1.286505505638685931e-01
1.286505505638685931e-01
1.061114153778196789e-01
9.155228158977264663e-02
1.157579291299410534e-01
1.219094277604678006e-01
1.677448015463350317e-01
1.135917255289432687e-01
1.286505505638685931e-01
1.219206755374187962e-01
1.602018048690410368e-01
9.358306857448531191e-02
1.016939190884502686e-01
1.209879723224280140e-01
1.286505505638685931e-01
1.164443162834289530e-01
1.006848326976127750e-01
1.286505505638685931e-01
1.601261865958518993e-01
1.171757762041550216e-01
1.286505505638685931e-01
1.613560018614842162e-01
1.594102502921231901e-01
9.720498908463630350e-02
1.175553031897409312e-01
1.184590216526261175e-01
1.126469583040605738e-01
1.043342130501682397e-01
1.128241773475944232e-01
9.957476358188410703e-02
1.599695601796861377e-01
1.607023975552855644e-01
1.159525795629408329e-01
1.002536697068805716e-01
1.135003143335943654e-01
1.101751786102878605e-01
1.174643556469187056e-01
1.585123313836662162e-01
1.162334814860683796e-01
1.080016977922818727e-01
1.140345483897416134e-01
1.606994869018004701e-01
1.111789491549129705e-01
1.159088500664241933e-01
9.130412283630262582e-02
1.229365444845525596e-01
1.158647336048871934e-01
9.745519226381009481e-02
1.597871521685907958e-01
3.080309408642470936e-01
8.074032700994313028e-02
9.494249054452164049e-02
1.141432689978138793e-01
1.286505505638685931e-01
9.002742241994332595e-02
7.449156234368836671e-02
1.286505505638685931e-01
1.118210877972891232e-01
1.534309855085315977e-01
1.110550756112419490e-01
9.683844866293071785e-02
1.592943072409871708e-01
1.173655914715441284e-01
1.286505505638685931e-01
1.151500018420767990e-01
1.286505505638685931e-01
1.286505505638685931e-01
1.032944478424054902e-01
1.281586710227470838e-01
1.605652132099115170e-01
1.123757661435812183e-01
1.166305275268919722e-01
1.103805238779829584e-01
1.131411408646754019e-01
9.263997900703954680e-02
9.725041043889945391e-02
1.142895714805146901e-01
1.147303052667354717e-01
1.079388699495694437e-01
1.083775732879967146e-01
1.142035194257365327e-01
1.088974672349848211e-01
1.126282952499677720e-01
5.877835310947548964e-02
1.286505505638685931e-01
1.286505505638685931e-01
1.210304256165765507e-01
1.603085823059018644e-01
1.021988527992858109e-01
1.098886056389811322e-01
1.590272679939976064e-01
1.169846839464576682e-01
1.255673962316965764e-01
1.286505505638685931e-01
1.604532421536850606e-01
1.034447565738794567e-01
3.555094683671585765e-01
1.108672664074194375e-01
1.533881917315330357e-01
1.158590259845878878e-01
1.593641162231693997e-01
1.094533123154513288e-01
1.158560658585403302e-01
1.536976296421522503e-01
1.098974664710921784e-01
9.455051291641193567e-02
1.137485646637571152e-01
1.175571072683321006e-01
1.163045863821489251e-01
8.682325930614467890e-02
8.911415690624520380e-02
1.156401831457115476e-01
1.286505505638685931e-01
1.129116582047890310e-01
1.123318939345171880e-01
1.594810362405173487e-01
1.598806291893221654e-01
1.445368597607993855e-01
1.286505505638685931e-01
1.595099403938963767e-01
9.464406264971990390e-02
1.553309578527795609e-01
8.870284768714983836e-02
3.576648973405596732e-01
1.586859862117642184e-01
1.602166980100319382e-01
1.140316216557707568e-01
1.537570107443144707e-01
8.135623234265365600e-02
1.021160272743980024e-01
1.172114201826821023e-01
1.286505505638685931e-01
1.286505505638685931e-01
1.599482846170170169e-01
1.286505505638685931e-01
1.129955472150156182e-01
1.286505505638685931e-01
1.576628128299334686e-01
1.169937840801120316e-01
1.579002147891558905e-01
1.601640438813015932e-01
1.120117498285225638e-01
1.556472725881705155e-01
1.606810541256426250e-01
8.163749391023175650e-02
9.840778119507498367e-02
7.630543064807297771e-02
1.160459852826193489e-01
6.403397880130735909e-02
1.132292033189336300e-01
1.074599169055022729e-01
1.121560498381548310e-01
5.965146314228492869e-02
1.286505505638685931e-01
8.444562889202535116e-02
1.152823289649580335e-01
1.135699235829859405e-01
1.286505505638685931e-01
1.154746003855994102e-01
1.595314762180129187e-01
1.137328079132281788e-01
3.205865096848548035e-01
1.531091264353760806e-01
1.590862159126708308e-01
1.084347484688373275e-01
1.286505505638685931e-01
1.625334994082408557e-01
1.496621693030637801e-01
1.599741632112854361e-01
1.108804944297023254e-01
2.055329454735340400e-01
1.164391245890439297e-01
1.450129037593244630e-01
1.286505505638685931e-01
1.184973665852818020e-01
1.197747631356721465e-01
9.380506947624370206e-02
1.588636589088853746e-01
1.584686416136731613e-01
1.752694976730206633e-01
8.289088637520750091e-02
1.609571615557393587e-01
1.241524399964040598e-01
1.599175398555079675e-01
1.116049950187898293e-01
1.143857630407742187e-01
1.400556503907853523e-01
1.574265637339366530e-01
1.612955385487605253e-01
1.553820072675506647e-01
1.286505505638685931e-01
1.154704823054255453e-01
1.286505505638685931e-01
1.286505505638685931e-01
1.125630817267691541e-01
1.286505505638685931e-01
1.286505505638685931e-01
1.286505505638685931e-01
1.180794871859447565e-01
8.724444552380344886e-02
1.600624483262700903e-01
1.127205099399606475e-01
1.286505505638685931e-01
1.734603247142410265e-01
1.595786240400865474e-01
8.487625543178707599e-02
1.593748379097201517e-01
1.162082278895589238e-01
1.124970493332757560e-01
1.184445390566431638e-01
1.581356718710625053e-01
1.286505505638685931e-01
1.286505505638685931e-01
3.400467044570154584e-01
9.849792989486293171e-02
1.004452132399539649e-01
7.021936514635557236e-02
1.216478920332804275e-01
9.209417549639328793e-02
1.155557862932600349e-01
1.598261746722767496e-01
1.141766958433466234e-01
3.994485847662039568e-02
7.982496114107330565e-02
1.590837233748211843e-01
1.223274423362991636e-01
1.163364871619927132e-01
1.602744076887836766e-01
1.602053116453718284e-01
1.286505505638685931e-01
1.547875705234145471e-01
1.610578129304190975e-01
1.594292446468623947e-01
1.286505505638685931e-01
1.138195236922042441e-01
1.247755835327695878e-01
1.041411009331480453e-01
1.598061756471768347e-01
1.230885313990385116e-01
1.191575556417390352e-01
1.163366937860478012e-01
1.286505505638685931e-01
1.124510706830131740e-01
9.345131829185604477e-02
1.286505505638685931e-01
1.061577613911102447e-01
1.542633899155403943e-01
1.597133786751049056e-01
1.170195185775652763e-01
1.286505505638685931e-01
1.623029013313893876e-01
1.606372310518048574e-01
9.856160772919098090e-02
1.153219093523379785e-01
1.855011381112879054e-01
1.286505505638685931e-01
1.184377706083261511e-01
1.155758748433997202e-01
8.204751475023379370e-02
1.144497059434642638e-01
1.163715272263270983e-01
1.286505505638685931e-01
1.557779232209225151e-01
1.286505505638685931e-01
1.286505505638685931e-01
1.597700472887503276e-01
1.593105308593546210e-01
9.626327767013806436e-02
1.056291689758893509e-01
1.286505505638685931e-01
1.157975995734130403e-01
1.601300646570904818e-01
1.194616410257749312e-01
6.623461755625151270e-02
1.177438945336796577e-01
7.357709077175507428e-02
1.286505505638685931e-01
1.142851842496411668e-01
6.073901250531835855e-02
9.335674383094676176e-02
1.286505505638685931e-01
1.277470005134609954e-01
1.286505505638685931e-01
1.286505505638685931e-01
1.162818331923594767e-01
1.141475770411681939e-01
1.144133369286678414e-01
1.596857455074692234e-01
9.498450728297416767e-02
1.161472033762730310e-01
1.100502057301873671e-01
9.356630409994790010e-02
1.559150138101715044e-01
9.364303573766720457e-02
1.607204844554794287e-01
1.099817049781813966e-01
1.286505505638685931e-01
1.588540780072924263e-01
1.125885286625219056e-01
1.094987213375959861e-01
2.589722475111176925e-01
1.182454413750819444e-01
1.145489437648737341e-01
1.105427434477500859e-01
1.608517588426199296e-01
9.248606561956662642e-02
1.616175646940268273e-01
1.286505505638685931e-01
1.095495785164426888e-01
1.286505505638685931e-01
1.286505505638685931e-01
1.596447163925604207e-01
1.182640452303845291e-01
1.162171142207160945e-01
1.195488601957559460e-01
1.160290372072275283e-01
1.597366446059775846e-01
1.178246757957640140e-01
1.648614457156026003e-01
1.159275007494075110e-01
1.157603818248833794e-01
1.077117618761944118e-01
1.286505505638685931e-01
1.163298628888754377e-01
1.642685144542787024e-01
1.585948089645153880e-01
1.257420739185480529e-01
8.474934706660768036e-02
1.112004214029109483e-01
1.576214106584671593e-01
1.150626674404195693e-01
1.286505505638685931e-01
1.286505505638685931e-01
8.302103080417609637e-02
1.259574570935905191e-01
1.286505505638685931e-01
1.143879756784517143e-01
1.110396740047070868e-01
1.203420536128289448e-01
1.163773611438692485e-01
1.620704821420253516e-01
1.125781316977563368e-01
1.160787542300214525e-01
9.516563642451432437e-02
1.253289984326433348e-01
1.195711263803773822e-01
1.463084447959929757e-01
1.286505505638685931e-01
1.607563494178441132e-01
1.147767614892623300e-01
1.525373396897378164e-01
1.036814017648376163e-01
1.110959567999294240e-01
1.596836720254807274e-01
1.286505505638685931e-01
1.286505505638685931e-01
1.600349865227363721e-01
1.286505505638685931e-01
2.086123529234998886e-01
1.538348477426172145e-01
8.139954667826447554e-02
1.075293175376239724e-01
8.201316055063592736e-02
1.576816919000822159e-01
1.111549066718672679e-01
1.592701831924111244e-01
1.144332611842412417e-01
1.045166661061530389e-01
1.587579321405741262e-01
1.140447062492434271e-01
1.088630636132918300e-01
9.331607364804465898e-02
1.210413224665451148e-01
1.592374472954835030e-01
1.138942277693940769e-01
1.598750214985728557e-01
1.054300851587824106e-01
1.108424349094329076e-01
1.040713005238009942e-01
1.572540870520932887e-01
8.160744461074437295e-02
1.587527065636838708e-01
1.058693223215549373e-01
1.286505505638685931e-01
9.907553266617906418e-02
1.114646406414744190e-01
1.030031435755115882e-01
1.603270796256556774e-01
1.286505505638685931e-01
1.600674566884463246e-01
1.231027703198138701e-01
1.634714722478029514e-01
1.577734339740771707e-01
1.575398011507839480e-01
1.286505505638685931e-01
1.286505505638685931e-01
1.131813832747560339e-01
1.157928034392012306e-01
1.141782961522884166e-01
1.103158503518434363e-01
8.689510504675093672e-02
1.098630258967452228e-01
1.286505505638685931e-01
1.099731849186636884e-01
1.143377870520450312e-01
1.087393250390903815e-01
1.590469352740563058e-01
1.513883054957042285e-01
2.015729927641261576e-01
1.599947429889715944e-01
8.648099273319469205e-02
1.132115856809313842e-01
1.056409867639609007e-01
1.286505505638685931e-01
1.594658980480876398e-01
1.173080965677384402e-01
1.549363408002770170e-01
1.286505505638685931e-01
1.087210762253148499e-01
1.380127182619857729e-01
1.286505505638685931e-01
1.110472840797826211e-01
1.143447204669109513e-01
1.286505505638685931e-01
1.286505505638685931e-01
1.206158632950397464e-01
9.356904626396550517e-02
1.124571074070830345e-01
1.089107165357106610e-01
9.595061718268783901e-02
1.156111384628803335e-01
1.286505505638685931e-01
1.160666687528068008e-01
8.754137757359610472e-02
1.286505505638685931e-01
1.351760107104263142e-01
8.842084390345944511e-02
1.168128098082528848e-01
1.146628941426169335e-01
1.539867741679357138e-01
1.123622703849953552e-01
1.152713246004825054e-01
1.286505505638685931e-01
1.102294926201739522e-01
9.128727445075582314e-02
1.601261865958518993e-01
1.286505505638685931e-01
1.166540275831667167e-01
1.616041281276588970e-01
1.187669209859115588e-01
1.616850577941441880e-01
1.286505505638685931e-01
9.108973055990762790e-02
1.286505505638685931e-01
1.286505505638685931e-01
1.241959909999652278e-01
1.109856635916297296e-01
1.131516054623288442e-01
1.109029855101547196e-01
9.257670366607095858e-02
1.595794965129838650e-01
1.286505505638685931e-01
1.286505505638685931e-01
1.617709690630539932e-01
1.188587891843779776e-01
1.044290394388560916e-01
9.348590054298795693e-02
1.598898221888188087e-01
6.272077684501806139e-02
1.062371521208443775e-01
1.084860052649043727e-01
1.036868592186847432e-01
1.139403663930253635e-01
1.601870244255231834e-01
1.306678684085238462e-01
1.176896855196220143e-01
1.286505505638685931e-01
1.172874265529674637e-01
1.286505505638685931e-01
4.068500228797063828e-02
1.602214561506419555e-01
1.453938826296821973e-01
1.335560354134003036e-01
1.601836629903903853e-01
8.013383106538735090e-02
1.151601749519246681e-01
1.591403860400598114e-01
1.286505505638685931e-01
2.839540032173399897e-01
1.220924477568016558e-01
1.286505505638685931e-01
1.011970445862817591e-01
1.286505505638685931e-01
1.220100245764076524e-01
1.089156444822960146e-01
1.129763873466606144e-01
1.286505505638685931e-01
1.286505505638685931e-01
1.286505505638685931e-01
1.167912353106596857e-01
1.101220587133004691e-01
1.603490005448942324e-01
1.423641093212482112e-01
8.697685390030705788e-02
9.585339852858243415e-02
1.170999975891688777e-01
1.173588413780910084e-01
8.626554529372026936e-02
9.741902276469868727e-02
1.286505505638685931e-01
1.286505505638685931e-01
1.141958798620987120e-01
1.094479982951782338e-01
1.166628906412712080e-01
1.563739483453746304e-01
9.215538930161819298e-02
1.103730657110875146e-01
1.206153262339494658e-01
1.590859583623831786e-01
1.571305000032135191e-01
1.286505505638685931e-01
1.225671756973937404e-01
9.635962439027065396e-02
1.603473589840905544e-01
1.118551181633726244e-01
1.551339068909701469e-01
1.646574118606081993e-01
8.508314949839858310e-02
1.167902832328566315e-01
1.211246951604249555e-01
1.286505505638685931e-01
1.194106021139781787e-01
3.436705604742783526e-01
1.583560193614761136e-01
1.286505505638685931e-01
1.127931079079156212e-01
1.082452688456150697e-01
1.286505505638685931e-01
1.306978393523307580e-01
1.187229489747193556e-01
1.162567555431161942e-01
1.045464639386967792e-01
1.163372660437260175e-01
1.602604517855307775e-01
1.610636904409924186e-01
1.286505505638685931e-01
1.119684586671931964e-01
1.286505505638685931e-01
1.607324732737084594e-01
1.604850472853260601e-01
9.699482229279708656e-02
1.154516925925466453e-01
1.528771815934397704e-01
1.614284204041228077e-01
1.286505505638685931e-01
1.114597851316137811e-01
1.286505505638685931e-01
1.594989629266544695e-01
1.112773419757532994e-01
7.460534169169061314e-02
1.607523717173565680e-01
7.821031975613061682e-02
1.068903903669403133e-01
1.124345006635258798e-01
1.180032593886163883e-01
1.148126610166945727e-01
9.877445952883831537e-02
1.369300158430193648e-01
1.610636904409924186e-01
1.094989955809453352e-01
1.286505505638685931e-01
1.852759751996874704e-01
1.098306278756975146e-01
1.286505505638685931e-01
1.613318845864490370e-01
1.109532947226284927e-01
1.146502105346099004e-01
1.584398907334363393e-01
1.622323542609278302e-01
9.815138074274959434e-02
9.688753510326884866e-02
1.604869125749187053e-01
1.216148112739769971e-01
1.611265918231362115e-01
9.928709197307342138e-02
1.551229238294187518e-01
1.286505505638685931e-01
9.329898993429525111e-02
1.617079341643790358e-01
1.602555818706483670e-01
9.921199998598442815e-02
1.286505505638685931e-01
1.598379019704731507e-01
1.598854181193115898e-01
1.286505505638685931e-01
1.595036211869647336e-01
1.605033113281684187e-01
1.140146400790151560e-01
1.286505505638685931e-01
8.863175574042335414e-02
1.286505505638685931e-01
1.595980335939042594e-01
1.164061258817626759e-01
1.286505505638685931e-01
1.556414272152714939e-01
1.145547858569929550e-01
1.215642494872615914e-01
1.553920178499017535e-01
9.581217100519941188e-02
9.156210486807074556e-02
1.149309043466017755e-01
7.053003425782890246e-02
1.168965519531427605e-01
1.156338485644834296e-01
1.183208096297979073e-01
1.153365889350635165e-01
1.603956323559733721e-01
1.166758436251715964e-01
1.547336562917607516e-01
7.443817080989030555e-02
9.437524248165461704e-02
1.144029343530174464e-01
1.127127043680697938e-01
1.132791448105462673e-01
9.201512819380945618e-02
1.157790992408750108e-01
9.862755507230575036e-02
7.818446842004807273e-02
1.160194570900865141e-01
8.433502425391251056e-02
1.593265622432941675e-01
1.286505505638685931e-01
1.594392236572313992e-01
9.621671652774031747e-02
1.605539643137474659e-01
1.169843671575910016e-01
1.192203588854195834e-01
1.573342270423662148e-01
1.100551367042988671e-01
1.286505505638685931e-01
1.083458759699691687e-01
1.233294856156163105e-01
9.191096729658325415e-02
1.121400854706777334e-01
1.286505505638685931e-01
1.161726778815522915e-01
9.229380233519590693e-02
1.024572394725879326e-01
1.067327444647982737e-01
1.193407915012197479e-01
9.971774016004943120e-02
1.036831608185311560e-01
1.286505505638685931e-01
1.133526699936328458e-01
3.847957358098055836e-02
8.552377882396337838e-02
1.607037054306869606e-01
1.085014844252693011e-01
1.658757561061059982e-01
8.289679402808926290e-02
9.422749372808118806e-02
1.016193962245737076e-01
1.580055980194720600e-01
7.394480653698401462e-02
1.131635581680037472e-01
1.606481722456882810e-01
1.593533308706685803e-01
1.157005083166693787e-01
1.592830542502663149e-01
1.286505505638685931e-01
1.178045302843236664e-01
1.286505505638685931e-01
1.286505505638685931e-01
1.286505505638685931e-01
8.582201991262873586e-02
1.075149435375235968e-01
1.065228829902260393e-01
1.174645702487278898e-01
1.179487883033872725e-01
1.216216146919817109e-01
1.286505505638685931e-01
1.181309492840649511e-01
5.130216441494912794e-02
1.112312571597287164e-01
1.286505505638685931e-01
1.109790668306973871e-01
1.440049129640540992e-01
1.286505505638685931e-01
1.286505505638685931e-01
1.595165901604914671e-01
1.178053866030716462e-01
1.124013810144612324e-01
1.152943136024657950e-01
1.286505505638685931e-01
1.577894882209203153e-01
1.591465602762979492e-01
1.065357859593809853e-01
1.286505505638685931e-01
1.159195183525651984e-01
1.171036776878866953e-01
1.170149832924020916e-01
1.604913916205905899e-01
1.029901724840262545e-01
1.330963912658864601e-01
1.557131753846102695e-01
1.611711158453455195e-01
9.099616978544486368e-02
1.532296306055267177e-01
1.604807238796522040e-01
1.132489923678054317e-01
1.167801117619533674e-01
1.167067553161942606e-01
1.108207610603954008e-01
1.155744459801936880e-01
1.565762742614444369e-01
1.595884134821845268e-01
1.076360060616446679e-01
1.286505505638685931e-01
1.601752029349319262e-01
1.286505505638685931e-01
1.510915095990572610e-01
1.066108734397038099e-01
1.608620219759318570e-01
1.156739953252536313e-01
