1.278625708073377609e-02
6.856427788734436035e-01
2.926814183592796326e-02
8.706303196959197521e-04
1.850311160087585449e-01
2.675885856151580811e-01
4.277302883565425873e-03
5.255937948822975159e-02
1.138652786612510681e-01
3.336853906512260437e-02
9.882532060146331787e-02
7.070744037628173828e-01
9.952379465103149414e-01
3.441036343574523926e-01
1.668392121791839600e-02
3.569189608097076416e-01
1.548374295234680176e-01
8.253096342086791992e-01
4.690807312726974487e-02
9.962892532348632812e-01
9.479358196258544922e-01
1.365851238369941711e-02
1.017516944557428360e-02
1.021480783820152283e-01
3.801993429660797119e-01
2.507985532283782959e-01
9.961624145507812500e-01
2.172303572297096252e-02
4.883788153529167175e-02
9.208203554153442383e-01
7.057120203971862793e-01
8.466764092445373535e-01
6.563504338264465332e-01
9.933568835258483887e-01
2.080689966678619385e-01
1.737693995237350464e-01
4.205856472253799438e-02
1.362069509923458099e-02
9.832159876823425293e-01
1.978730708360671997e-01
9.715782105922698975e-02
9.062739014625549316e-01
1.082795858383178711e-02
4.336762800812721252e-02
6.777352094650268555e-02
3.956003189086914062e-01
1.085098832845687866e-01
9.939231276512145996e-01
9.780210852622985840e-01
8.432029485702514648e-01
2.544709667563438416e-02
3.072258271276950836e-02
1.921480447053909302e-01
2.821648307144641876e-02
2.394062653183937073e-02
7.343689203262329102e-01
2.183538861572742462e-02
2.205680012702941895e-01
1.270763482898473740e-02
6.794760823249816895e-01
3.530910015106201172e-01
3.163161873817443848e-02
3.009226024150848389e-01
2.592597529292106628e-02
2.551268041133880615e-01
9.919203519821166992e-01
1.368927769362926483e-02
9.463985562324523926e-01
1.536772469989955425e-03
2.728467881679534912e-01
2.494463622570037842e-01
3.875902621075510979e-03
5.094252228736877441e-01
6.734551396220922470e-03
3.047133795917034149e-03
7.971681654453277588e-02
9.286009520292282104e-02
9.107112884521484375e-01
3.211510777473449707e-01
3.092932403087615967e-01
3.277026712894439697e-01
1.017288565635681152e-01
9.506080150604248047e-01
9.225879907608032227e-01
3.213489195331931114e-03
1.234721392393112183e-02
9.792319536209106445e-01
8.956511020660400391e-01
8.471831083297729492e-01
2.135270461440086365e-02
9.647506475448608398e-01
7.016595602035522461e-01
1.133523136377334595e-01
5.152323842048645020e-01
2.327252030372619629e-01
9.700973033905029297e-01
2.855532765388488770e-01
1.330597791820764542e-02
2.801798284053802490e-01
3.834454342722892761e-02
5.076461937278509140e-03
1.650878787040710449e-01
2.115888893604278564e-01
7.588386535644531250e-03
5.662806630134582520e-01
9.984115362167358398e-01
9.582909941673278809e-01
1.463526636362075806e-01
1.536849420517683029e-02
3.025710582733154297e-01
9.440144896507263184e-01
9.876925349235534668e-01
5.499275922775268555e-01
6.132736206054687500e-01
9.042635560035705566e-01
8.403441309928894043e-02
1.558559294790029526e-02
8.083860278129577637e-01
2.498602122068405151e-01
7.340165972709655762e-01
1.751845479011535645e-01
6.813268661499023438e-01
5.221580862998962402e-01
5.905428528785705566e-01
2.312797158956527710e-01
8.025052547454833984e-01
9.197840690612792969e-01
1.326207630336284637e-02
1.951004415750503540e-01
1.841183602809906006e-01
6.176516041159629822e-02
6.235567480325698853e-02
3.480497049167752266e-03
1.655292809009552002e-01
9.629536271095275879e-01
3.575432347133755684e-03
4.005217924714088440e-02
1.552750766277313232e-01
1.471866816282272339e-01
8.351024985313415527e-01
1.315668374300003052e-01
2.732558250427246094e-01
8.563252165913581848e-03
4.893464744091033936e-01
8.631362766027450562e-02
5.567599833011627197e-02
2.922546118497848511e-02
9.728946685791015625e-01
9.355654474347829819e-04
3.697111085057258606e-02
2.242372743785381317e-02
3.360730707645416260e-01
2.052056603133678436e-03
7.144078612327575684e-01
8.837861418724060059e-01
8.857056964188814163e-04
9.102942347526550293e-01
9.715888500213623047e-01
2.777554988861083984e-01
9.323438405990600586e-01
1.676853746175765991e-01
2.917542867362499237e-02
9.538648724555969238e-01
7.150920629501342773e-01
3.539620041847229004e-01
1.109979152679443359e-01
5.466236472129821777e-01
1.578057855367660522e-01
8.047900795936584473e-01
6.399032473564147949e-02
8.236711472272872925e-02
1.861299872398376465e-01
5.294144898653030396e-02
4.478884339332580566e-01
6.068660020828247070e-01
2.201459370553493500e-02
7.857821136713027954e-02
5.063747763633728027e-01
6.369549632072448730e-01
1.734915673732757568e-01
2.700505852699279785e-01
3.720160722732543945e-01
9.686357975006103516e-01
1.486650705337524414e-01
7.539611309766769409e-02
4.242954030632972717e-02
9.955337047576904297e-01
9.529818892478942871e-01
6.574631333351135254e-01
8.545454740524291992e-01
2.728012856096029282e-03
4.551490768790245056e-02
1.378724575042724609e-01
3.273755013942718506e-01
5.505197644233703613e-01
2.066501043736934662e-02
4.998286366462707520e-01
1.850311160087585449e-01
2.334591597318649292e-01
6.035237908363342285e-01
4.620662890374660492e-03
7.559263706207275391e-02
1.093919482082128525e-02
2.932172715663909912e-01
1.968229413032531738e-01
7.578041404485702515e-03
1.194899342954158783e-02
1.299024373292922974e-01
1.610404113307595253e-03
1.767433881759643555e-01
1.853979425504803658e-03
5.264796316623687744e-03
1.681942492723464966e-02
1.453475933521986008e-02
5.854982417076826096e-03
3.262450627516955137e-04
3.792976262047886848e-03
3.669111756607890129e-03
2.587074646726250648e-03
1.117858141660690308e-01
4.525726661086082458e-02
1.767141744494438171e-03
6.811504717916250229e-03
4.749444313347339630e-03
3.685020208358764648e-01
1.285807462409138680e-03
1.226766966283321381e-02
4.126872122287750244e-02
1.095803803764283657e-03
8.919697999954223633e-02
6.815530359745025635e-02
7.197760045528411865e-03
1.373272668570280075e-02
1.122195855714380741e-03
1.232205424457788467e-02
3.309270832687616348e-03
1.806932687759399414e-02
3.550654947757720947e-01
6.621264666318893433e-02
4.345778841525316238e-03
7.082205265760421753e-04
3.907882492057979107e-04
2.192747546359896660e-03
7.105206605046987534e-04
3.931059967726469040e-03
5.728964880108833313e-02
2.076833916362375021e-04
6.819618865847587585e-03
5.246731638908386230e-02
1.156463637016713619e-03
1.424875576049089432e-02
1.141251772642135620e-01
1.350955455563962460e-03
3.747691400349140167e-03
2.308044396340847015e-02
1.010786159895360470e-03
1.979718916118144989e-02
7.149213925004005432e-03
1.294880639761686325e-02
2.777479402720928192e-02
1.350651495158672333e-02
1.687887459993362427e-01
1.769732567481696606e-03
6.536967307329177856e-02
2.424223348498344421e-03
8.850256353616714478e-02
9.410113096237182617e-03
2.559768909122794867e-04
2.932025818154215813e-03
8.807674050331115723e-03
1.595717482268810272e-02
9.107734262943267822e-02
8.006875403225421906e-03
7.511008065193891525e-03
1.115329796448349953e-03
2.703283389564603567e-04
4.362069303169846535e-04
1.216661743819713593e-02
1.117828302085399628e-03
6.987981796264648438e-01
4.653607960790395737e-03
3.906819038093090057e-04
1.977103389799594879e-02
4.440897107124328613e-01
4.410882014781236649e-03
1.850311160087585449e-01
4.151151049882173538e-03
3.435358812566846609e-04
6.606718152761459351e-02
2.081487560644745827e-03
9.453540667891502380e-03
2.995692193508148193e-02
6.216466426849365234e-04
6.360787749290466309e-01
1.349310274235904217e-03
2.312765922397375107e-03
1.192975905723869801e-03
2.246874943375587463e-02
8.314822334796190262e-04
4.571743309497833252e-02
5.342363845556974411e-03
2.154169371351599693e-03
6.094854790717363358e-03
2.630980685353279114e-03
8.606775663793087006e-03
2.592597529292106628e-02
4.537119716405868530e-02
1.884147375822067261e-01
7.880672346800565720e-04
6.920623593032360077e-03
7.896746508777141571e-03
1.210606307722628117e-03
1.460773404687643051e-02
5.286746844649314880e-02
6.026420276612043381e-03
3.978264052420854568e-03
8.412539958953857422e-03
1.336827315390110016e-02
1.313012279570102692e-02
1.246577408164739609e-02
1.153140980750322342e-02
3.185867099091410637e-04
8.262090384960174561e-03
1.460180064896121621e-04
7.632102817296981812e-02
2.215124666690826416e-03
1.415371894836425781e-03
4.521515686064958572e-03
5.712077394127845764e-02
1.698008272796869278e-04
8.166704326868057251e-02
7.172439713031053543e-03
2.041243016719818115e-03
3.166889771819114685e-02
3.660110814962536097e-04
8.147310614585876465e-01
3.159127198159694672e-03
5.377786234021186829e-02
2.555056475102901459e-02
3.923477604985237122e-03
9.612698107957839966e-03
1.943781077861785889e-01
2.291874261572957039e-03
1.124548818916082382e-02
2.034927485510706902e-03
4.760429263114929199e-03
3.873844072222709656e-02
1.394467055797576904e-02
8.194417692720890045e-03
2.841767622157931328e-03
2.487465273588895798e-03
1.994212903082370758e-02
4.648284986615180969e-02
1.661343150772154331e-03
1.601390424184501171e-03
2.319092396646738052e-03
2.052387222647666931e-02
8.262090384960174561e-03
3.689800156280398369e-03
8.762042038142681122e-03
5.472495406866073608e-02
2.704373933374881744e-02
2.700136043131351471e-03
7.319721393287181854e-03
5.209590867161750793e-02
2.093101665377616882e-02
1.969901658594608307e-02
6.467615719884634018e-03
2.052958123385906219e-03
1.846921280957758427e-03
3.173032775521278381e-02
2.214997075498104095e-03
4.436919465661048889e-03
6.851505488157272339e-03
1.984952483326196671e-03
2.668834757059812546e-03
6.368117034435272217e-02
1.699552386999130249e-01
2.261487096548080444e-01
2.329634444322437048e-04
3.519108286127448082e-03
1.200373321771621704e-01
1.959100598469376564e-03
2.176099689677357674e-03
8.262090384960174561e-03
3.269007429480552673e-03
7.268057465553283691e-01
5.226485896855592728e-03
8.262090384960174561e-03
1.447878166800364852e-04
8.262090384960174561e-03
1.343942247331142426e-03
8.065711706876754761e-02
7.130688754841685295e-04
2.976138591766357422e-01
2.828480601310729980e-01
3.886266378685832024e-03
2.011356316506862640e-02
1.463814359158277512e-02
3.563414216041564941e-01
2.690470777451992035e-02
7.496673613786697388e-02
3.077626461163163185e-03
1.621790602803230286e-02
8.622741443105041981e-04
3.471140749752521515e-03
6.271955789998173714e-04
8.161245286464691162e-02
7.440378423780202866e-03
4.028743132948875427e-03
1.157289929687976837e-02
6.053056195378303528e-02
4.819082678295671940e-04
6.702044047415256500e-03
6.215053726918995380e-04
2.384924329817295074e-02
2.473042160272598267e-02
2.271420359611511230e-01
9.181743371300399303e-04
8.262090384960174561e-03
1.098927482962608337e-02
2.618031576275825500e-02
2.363093569874763489e-02
5.853486247360706329e-03
5.585709586739540100e-03
5.052540302276611328e-01
6.412378698587417603e-02
1.850311160087585449e-01
4.476129543036222458e-04
4.280061274766921997e-02
2.397839725017547607e-01
4.771542735397815704e-04
7.266750093549489975e-03
1.769736059941351414e-03
1.652938546612858772e-03
3.130657365545630455e-03
1.278625708073377609e-02
2.490798244252800941e-03
5.971653386950492859e-02
9.531826712191104889e-03
1.805984973907470703e-01
1.010070322081446648e-03
3.204458951950073242e-02
1.202341285534203053e-03
3.101613256148993969e-04
9.305734187364578247e-02
1.546445302665233612e-02
4.571743309497833252e-02
4.589448496699333191e-02
5.596767645329236984e-03
3.180677595082670450e-04
1.515571475028991699e-01
1.190949231386184692e-03
1.897605694830417633e-02
1.210918370634317398e-02
8.406398296356201172e-01
2.061446905136108398e-01
1.525013893842697144e-02
6.186285056173801422e-03
3.287054598331451416e-03
9.790339972823858261e-04
6.819125264883041382e-04
2.625218592584133148e-03
7.934514433145523071e-03
5.258140736259520054e-04
1.091084093786776066e-03
4.990470036864280701e-02
2.250881167128682137e-03
1.315269386395812035e-03
2.554066479206085205e-02
1.855539716780185699e-02
8.262090384960174561e-03
1.113632693886756897e-03
1.722806715406477451e-03
1.533885300159454346e-01
2.257158746942877769e-03
8.262090384960174561e-03
9.121980518102645874e-02
1.765987137332558632e-03
1.134495687438175082e-04
2.411151770502328873e-03
2.305265079485252500e-04
5.578277166932821274e-03
9.730883240699768066e-01
1.927295001223683357e-03
1.946870982646942139e-02
1.425132807344198227e-02
9.020121768116950989e-03
3.919131681323051453e-02
5.918771028518676758e-03
3.075413638725876808e-03
1.146762911230325699e-02
2.208461053669452667e-02
5.915436744689941406e-01
2.327433414757251740e-02
4.901509382762014866e-04
1.968998258234933019e-04
8.414151147007942200e-03
2.872819826006889343e-02
1.331821986241266131e-04
5.297242198139429092e-03
6.060058367438614368e-04
2.233909070491790771e-02
8.006262942217290401e-04
2.513777650892734528e-02
9.879282116889953613e-01
1.711179385893046856e-03
1.234037205576896667e-01
2.397839725017547607e-01
1.621074770810082555e-04
7.180054672062397003e-04
8.872691541910171509e-04
4.225387237966060638e-03
5.026715341955423355e-03
2.408106345683336258e-03
6.739369593560695648e-03
6.460474338382482529e-03
2.709273016080260277e-03
8.673452585935592651e-02
1.733213663101196289e-02
1.427881121635437012e-01
5.366340628825128078e-04
1.653315499424934387e-03
9.774340689182281494e-02
4.676323849707841873e-03
8.043495472520589828e-04
1.313012279570102692e-02
3.045968012884259224e-03
1.230491790920495987e-02
3.011866647284477949e-04
1.716632395982742310e-01
2.968076441902667284e-04
4.018296673893928528e-02
3.154474869370460510e-02
2.119902521371841431e-03
5.025721155107021332e-03
8.262090384960174561e-03
3.352946043014526367e-01
8.248502016067504883e-01
1.688954653218388557e-03
3.926018252968788147e-02
3.578349649906158447e-01
1.996573992073535919e-03
5.091041093692183495e-04
4.592004232108592987e-03
9.063634276390075684e-02
2.932525821961462498e-04
1.251147012226283550e-03
3.949868306517601013e-02
1.488555520772933960e-01
6.618683692067861557e-03
1.518463436514139175e-02
2.106270403601229191e-04
4.553653299808502197e-03
1.991230696439743042e-01
1.805965416133403778e-02
9.130765795707702637e-01
1.328419595956802368e-01
2.111236535711213946e-04
4.207047168165445328e-03
6.278881430625915527e-02
6.766145117580890656e-03
1.738540158839896321e-04
1.324437186121940613e-02
5.558525770902633667e-02
2.929635904729366302e-02
2.238491177558898926e-02
1.283270493149757385e-02
1.038189860992133617e-03
3.872628137469291687e-02
1.914781518280506134e-03
4.078607598785310984e-04
2.337425976293161511e-04
3.262241836637258530e-03
1.314149517565965652e-02
1.714071333408355713e-01
8.345322683453559875e-03
3.418442094698548317e-03
4.571743309497833252e-02
9.484540787525475025e-04
8.741482347249984741e-02
5.377566441893577576e-02
2.547946944832801819e-02
1.096857897937297821e-02
3.023567143827676773e-03
2.492281422019004822e-02
3.692284808494150639e-04
1.996612874791026115e-03
1.194780133664608002e-02
4.360914230346679688e-03
4.687987640500068665e-02
7.091820240020751953e-03
5.242980718612670898e-01
3.013857007026672363e-01
3.869765670970082283e-03
1.881691068410873413e-02
4.744217172265052795e-02
7.820075377821922302e-03
3.170728916302323341e-03
1.301395297050476074e-01
1.232882961630821228e-02
4.238007240928709507e-04
2.232556929811835289e-03
1.331687788479030132e-03
2.698195166885852814e-03
3.275807015597820282e-03
2.668453846126794815e-03
6.708655506372451782e-02
8.262090384960174561e-03
6.269774865359067917e-03
1.303387433290481567e-02
1.143929548561573029e-03
2.679800093173980713e-01
4.515470936894416809e-04
3.018332645297050476e-03
4.656155128031969070e-03
3.708453476428985596e-02
8.262090384960174561e-03
1.181193045340478420e-03
4.130374267697334290e-02
1.714735844871029258e-04
1.994212903082370758e-02
8.628183603286743164e-02
2.729813801124691963e-03
1.463814359158277512e-02
7.228098111227154732e-04
3.180961608886718750e-01
8.262090384960174561e-03
1.639094203710556030e-03
1.204671920277178288e-03
8.227327466011047363e-02
1.618425885681062937e-04
1.194782927632331848e-02
6.679915636777877808e-02
5.230588465929031372e-02
6.473817396908998489e-03
3.628681646659970284e-03
7.833758369088172913e-03
3.071216307580471039e-02
8.521022275090217590e-03
2.994267735630273819e-03
1.385104563087224960e-02
2.255932986736297607e-02
7.194255013018846512e-03
2.665317442733794451e-04
3.827249631285667419e-03
2.397839725017547607e-01
1.354013383388519287e-02
2.608130918815732002e-03
1.361400727182626724e-02
1.673980616033077240e-02
5.482838023453950882e-03
3.638484701514244080e-02
1.384782046079635620e-01
9.999742358922958374e-02
2.324595674872398376e-02
9.749491000548005104e-04
2.484216913580894470e-02
7.165960669517517090e-01
1.190096791833639145e-02
1.223225742578506470e-01
5.287711322307586670e-02
2.886360976845026016e-03
4.933030158281326294e-02
2.250446192920207977e-02
4.228029251098632812e-01
1.848036190494894981e-03
3.789919018745422363e-01
1.558590978384017944e-01
4.771228879690170288e-03
1.032984117045998573e-03
7.879305630922317505e-04
2.501711063086986542e-02
1.450416748411953449e-03
2.282042056322097778e-03
9.008799679577350616e-03
1.042352290824055672e-03
3.104750532656908035e-03
3.983775619417428970e-03
2.986272983253002167e-02
5.084080696105957031e-01
1.342752482742071152e-03
4.839852917939424515e-03
1.448245197534561157e-01
1.301368232816457748e-03
1.541744172573089600e-02
2.771861618384718895e-03
5.975406384095549583e-04
5.295214708894491196e-03
3.563441336154937744e-02
5.180160049349069595e-03
1.545781083405017853e-02
7.726814132183790207e-03
3.031942993402481079e-03
9.870968759059906006e-03
1.968036592006683350e-02
9.902054071426391602e-02
1.850311160087585449e-01
1.191746443510055542e-01
6.476480048149824142e-03
4.571743309497833252e-02
2.061545103788375854e-02
3.340638056397438049e-02
1.984326168894767761e-02
6.437989883124828339e-03
2.866615951061248779e-01
1.040452346205711365e-02
3.631680971011519432e-03
1.898247562348842621e-02
7.550388574600219727e-03
3.161716973409056664e-03
4.502883180975914001e-03
1.917622610926628113e-02
1.248089298605918884e-01
2.125609433278441429e-03
2.492500841617584229e-02
2.429443746805191040e-01
4.847924411296844482e-01
1.580359064973890781e-03
1.642091386020183563e-02
8.338299812749028206e-04
4.498974594753235579e-04
1.923263422213494778e-03
1.989578129723668098e-03
4.074938222765922546e-02
3.058968111872673035e-03
5.168488025665283203e-01
1.751023828983306885e-01
1.118913991376757622e-03
2.462703548371791840e-02
1.992763765156269073e-02
7.344983168877661228e-04
4.390033334493637085e-02
1.092666178010404110e-03
2.120742201805114746e-02
8.675104007124900818e-03
6.822701077908277512e-03
1.153250876814126968e-02
4.312480159569531679e-04
8.784455657005310059e-01
4.535686969757080078e-01
1.739254221320152283e-02
2.065747277811169624e-03
3.194705932401120663e-04
1.851757289841771126e-03
5.213550757616758347e-03
6.723438948392868042e-02
2.358395420014858246e-02
9.071053355000913143e-04
2.813189290463924408e-02
5.670939385890960693e-02
2.674652822315692902e-02
3.430071473121643066e-02
1.654570363461971283e-02
5.059643387794494629e-01
2.426786534488201141e-02
8.262090384960174561e-03
2.576909959316253662e-02
1.328859757632017136e-02
2.798846550285816193e-02
5.545247811824083328e-03
1.994212903082370758e-02
5.492385942488908768e-03
2.174084819853305817e-02
3.444259613752365112e-02
2.311699651181697845e-02
4.205263685435056686e-03
3.035604581236839294e-02
5.968754738569259644e-02
2.125413157045841217e-03
5.266853794455528259e-02
2.686313528101891279e-04
2.717267572879791260e-01
4.278257023543119431e-03
5.854363087564706802e-03
7.337322086095809937e-02
1.606379449367523193e-02
1.483641564846038818e-02
4.650510475039482117e-02
8.262090384960174561e-03
6.840330082923173904e-03
2.094944566488265991e-01
6.168143451213836670e-02
5.362405907362699509e-03
1.254816949367523193e-01
3.648477047681808472e-02
3.361231414601206779e-03
1.788767520338296890e-03
1.233077142387628555e-03
1.087503693997859955e-02
1.320177782326936722e-02
4.800063616130501032e-04
1.721086096949875355e-03
5.198388174176216125e-02
3.641875460743904114e-03
5.274839326739311218e-02
4.157061874866485596e-02
1.027510315179824829e-02
8.701435327529907227e-01
1.567924320697784424e-01
1.697537256404757500e-03
1.389645189046859741e-01
3.709516488015651703e-03
3.018852090463042259e-03
2.099930346012115479e-01
7.420721231028437614e-04
5.528699755668640137e-01
2.685921790543943644e-04
2.427467145025730133e-03
2.203369699418544769e-02
1.514878422021865845e-01
4.245429765433073044e-03
9.080587187781929970e-04
3.130949102342128754e-03
1.788432942703366280e-03
5.352914799004793167e-03
1.214838307350873947e-02
2.993229627609252930e-01
1.509036310017108917e-02
6.965326145291328430e-03
1.366716023767367005e-04
8.262090384960174561e-03
1.850311160087585449e-01
1.263690833002328873e-02
5.947839934378862381e-03
1.463814359158277512e-02
7.485011816024780273e-01
1.088076503947377205e-03
2.627550810575485229e-02
3.146293340250849724e-03
4.323258996009826660e-02
2.456498444080352783e-01
1.066407887265086174e-03
2.256998419761657715e-02
3.895406424999237061e-02
4.361011087894439697e-03
6.441412959247827530e-03
2.589453011751174927e-03
1.986394636332988739e-03
3.957886993885040283e-02
1.463814359158277512e-02
3.737520053982734680e-02
5.443191039375960827e-04
1.908988133072853088e-02
1.067176554352045059e-02
3.534896532073616982e-03
3.830519504845142365e-03
2.664933446794748306e-03
4.204907268285751343e-02
3.974551509600132704e-04
8.443425758741796017e-04
6.964412052184343338e-03
3.560695052146911621e-02
3.060266934335231781e-02
3.694071783684194088e-04
1.696966937743127346e-03
8.262090384960174561e-03
2.868917770683765411e-03
3.929176926612854004e-01
2.639966458082199097e-02
1.246697647729888558e-04
1.190096791833639145e-02
3.351144725456833839e-03
3.979522734880447388e-03
6.771232001483440399e-03
5.210535973310470581e-02
2.256692387163639069e-04
8.784139645285904408e-04
7.469483185559511185e-03
2.776565961539745331e-03
4.734373986721038818e-01
6.768245366401970387e-04
2.059345279121771455e-04
1.861062715761363506e-03
1.884445175528526306e-02
3.088378719985485077e-02
3.160651028156280518e-02
9.612070769071578979e-02
5.383607465773820877e-03
1.683552749454975128e-02
4.283655900508165359e-03
1.368365436792373657e-01
7.957477355375885963e-04
3.785119624808430672e-03
8.540650829672813416e-03
1.638987809419631958e-01
1.314596179872751236e-02
8.941305428743362427e-02
1.242206618189811707e-02
1.732747629284858704e-02
1.183929154649376869e-03
2.509168582037091255e-03
9.816275909543037415e-03
4.651580750942230225e-02
8.402974344789981842e-04
5.490622948855161667e-03
1.956083113327622414e-03
9.738752618432044983e-03
1.287533552385866642e-03
1.538731716573238373e-02
4.428400716278702021e-04
1.105526112951338291e-03
8.202470839023590088e-02
3.926203250885009766e-01
7.471113000065088272e-03
4.953921306878328323e-04
9.306200779974460602e-03
8.262090384960174561e-03
8.262090384960174561e-03
1.013480243273079395e-03
2.885102666914463043e-02
6.388567271642386913e-04
3.460391308180987835e-04
1.395613304339349270e-03
7.488816976547241211e-03
8.687947993166744709e-04
9.797859936952590942e-03
2.371097542345523834e-02
1.923598162829875946e-02
3.259012699127197266e-01
1.509036310017108917e-02
1.475624041631817818e-03
5.484005063772201538e-02
1.278625708073377609e-02
7.647661492228507996e-03
1.315216720104217529e-02
1.668937038630247116e-03
1.637504668906331062e-03
2.575040049850940704e-02
2.625542227178812027e-03
1.254411693662405014e-02
7.725432049483060837e-03
1.067519467324018478e-02
1.515058334916830063e-03
1.448220427846536040e-04
7.440675981342792511e-04
2.625133842229843140e-02
1.670060865581035614e-02
4.777439311146736145e-02
9.092329069972038269e-03
4.799601621925830841e-03
2.618796527385711670e-01
4.330924246460199356e-03
2.759469114243984222e-02
1.502451486885547638e-03
3.152119461447000504e-03
5.006494000554084778e-03
6.284567713737487793e-02
2.025910653173923492e-02
5.516719538718461990e-03
6.640216335654258728e-03
7.682000752538442612e-03
9.982901625335216522e-03
2.482463140040636063e-03
2.184080891311168671e-02
3.392921760678291321e-02
1.818586587905883789e-01
1.359305903315544128e-02
1.013017390505410731e-04
1.633724756538867950e-02
4.141139332205057144e-03
1.391840400174260139e-03
1.759235709905624390e-01
1.850311160087585449e-01
2.619126997888088226e-02
5.805393457412719727e-01
1.070229616016149521e-02
2.080520093441009521e-01
6.595055107027292252e-03
1.509036310017108917e-02
2.044578827917575836e-02
1.031087338924407959e-01
4.751247819513082504e-03
1.308458624407649040e-03
8.183961734175682068e-03
3.017108142375946045e-02
3.195974975824356079e-03
5.404777359217405319e-03
6.625369191169738770e-02
4.911496490240097046e-02
5.814556963741779327e-03
4.861066117882728577e-04
5.594366788864135742e-01
2.031624084338545799e-03
7.995142950676381588e-04
9.992510080337524414e-03
2.409573942422866821e-01
1.903990516439080238e-03
2.284422982484102249e-03
1.189375761896371841e-03
7.865007035434246063e-03
1.326534710824489594e-02
5.044942721724510193e-03
1.098145148716866970e-03
9.072159416973590851e-03
4.656141623854637146e-02
3.008876927196979523e-03
5.443553905934095383e-03
1.467962749302387238e-02
8.168586529791355133e-03
1.594936847686767578e-01
9.694613516330718994e-03
2.850231155753135681e-02
2.828480601310729980e-01
8.012622594833374023e-02
4.609296564012765884e-03
1.463136356323957443e-02
2.988618053495883942e-02
4.300701990723609924e-02
2.129183709621429443e-02
4.441964440047740936e-03
1.523030269891023636e-02
1.625425927340984344e-02
2.010500282049179077e-01
5.086067249067127705e-04
1.353454142808914185e-01
2.426436170935630798e-03
2.833490027114748955e-03
1.105924719013273716e-03
2.357561327517032623e-02
5.969582498073577881e-02
1.994212903082370758e-02
4.243611823767423630e-03
1.180343795567750931e-03
8.262090384960174561e-03
8.318610489368438721e-02
5.176941864192485809e-03
1.266392529942095280e-03
6.101186946034431458e-02
1.103021856397390366e-02
2.910164417698979378e-03
2.781395241618156433e-02
5.272156093269586563e-03
7.548429421149194241e-04
1.463976805098354816e-03
1.509036310017108917e-02
1.850311160087585449e-01
1.045799814164638519e-03
4.132662434130907059e-04
1.181402476504445076e-04
1.516253396403044462e-04
8.354881405830383301e-02
8.106692694127559662e-04
6.134538445621728897e-03
9.005675092339515686e-03
2.161286212503910065e-02
8.492744527757167816e-03
5.808452144265174866e-03
1.740751788020133972e-02
3.813960775732994080e-02
5.706101655960083008e-04
2.556642983108758926e-03
1.954161934554576874e-02
4.614946432411670685e-03
6.584737300872802734e-01
6.096380762755870819e-03
1.097365980967879295e-03
3.121518238913267851e-04
2.397680655121803284e-03
3.557942062616348267e-02
8.262090384960174561e-03
2.960453275591135025e-03
1.099138287827372551e-03
1.821301062591373920e-03
3.986743744462728500e-03
3.519133431836962700e-03
1.278625708073377609e-02
1.828594319522380829e-02
3.937701135873794556e-02
9.285971522331237793e-02
1.465019211173057556e-02
7.990155220031738281e-01
7.843456231057643890e-03
6.657431274652481079e-02
4.190191328525543213e-01
3.820915473625063896e-03
1.569024519994854927e-03
4.933527484536170959e-02
1.694344333373010159e-03
3.748111892491579056e-03
7.021979093551635742e-01
2.861478133127093315e-03
1.852092891931533813e-02
3.813432296738028526e-03
5.740589927881956100e-03
3.088002093136310577e-03
1.479098666459321976e-02
4.226270131766796112e-03
1.850311160087585449e-01
1.851069740951061249e-03
1.835867762565612793e-02
4.725490696728229523e-03
5.381978582590818405e-03
1.503505650907754898e-02
3.451300412416458130e-02
1.463814359158277512e-02
2.083919243887066841e-04
1.016161963343620300e-01
8.058072626590728760e-02
4.184890389442443848e-01
4.571743309497833252e-02
5.241169929504394531e-01
3.085956443101167679e-03
2.601740360260009766e-01
1.463814359158277512e-02
2.510887803509831429e-03
7.866048812866210938e-01
2.037766575813293457e-02
4.119245707988739014e-01
4.170212522149085999e-02
1.887980033643543720e-03
1.859873719513416290e-02
1.948714780155569315e-04
4.647171124815940857e-02
8.262090384960174561e-03
2.303908765316009521e-02
2.250054618343710899e-03
3.425781324040144682e-04
1.408391515724360943e-03
2.642639214172959328e-03
1.979927765205502510e-03
1.850311160087585449e-01
9.829598711803555489e-04
1.680675195530056953e-03
1.291020424105226994e-03
3.471504896879196167e-04
6.874592509120702744e-04
2.990687033161520958e-03
8.579161949455738068e-04
6.662001833319664001e-04
1.461025327444076538e-01
2.608130918815732002e-03
4.785380791872739792e-03
5.050580366514623165e-04
8.262090384960174561e-03
4.431387409567832947e-03
3.135623410344123840e-02
7.567057386040687561e-03
2.479279786348342896e-02
1.811109185218811035e-01
2.880071522668004036e-03
2.922055870294570923e-02
2.456093952059745789e-02
2.498595276847481728e-03
1.751171424984931946e-02
9.153918363153934479e-03
4.353005439043045044e-02
1.850311160087585449e-01
6.279835700988769531e-01
4.469029139727354050e-03
1.419868599623441696e-02
5.279661417007446289e-01
1.760044880211353302e-02
3.370584221556782722e-03
8.852387964725494385e-02
3.375561442226171494e-03
7.396597415208816528e-03
1.623575342819094658e-03
1.309868413954973221e-02
9.593736380338668823e-03
3.259963914752006531e-02
2.420510537922382355e-02
1.499275267124176025e-01
3.290648385882377625e-02
3.185136476531624794e-03
6.035921614966355264e-05
1.106917858123779297e-01
9.104734659194946289e-02
5.197839927859604359e-04
1.147479750216007233e-03
3.623858501669019461e-04
1.566031426191329956e-01
3.385695861652493477e-03
6.093719229102134705e-02
1.665829680860042572e-02
2.666153199970722198e-02
1.177210142486728728e-04
3.183858934789896011e-03
1.097774831578135490e-03
1.178976846858859062e-03
3.166594542562961578e-03
7.630746811628341675e-02
2.415504306554794312e-02
1.215443387627601624e-02
3.519861772656440735e-02
1.114007458090782166e-01
2.608130918815732002e-03
1.391762495040893555e-02
8.262090384960174561e-03
2.828480601310729980e-01
1.013392931781709194e-03
8.341391384601593018e-02
8.378337137401103973e-03
3.069839812815189362e-02
3.750529722310602665e-04
3.160326555371284485e-02
5.343391373753547668e-02
1.071880850940942764e-02
6.288528442382812500e-03
1.279263640753924847e-03
